[rosmaster.main][INFO] 2023-04-05 12:26:56,987: initialization complete, waiting for shutdown
[rosmaster.main][INFO] 2023-04-05 12:26:56,987: Starting ROS Master Node
[xmlrpc][INFO] 2023-04-05 12:26:56,988: XML-RPC server binding to 0.0.0.0:11311
[xmlrpc][INFO] 2023-04-05 12:26:56,989: Started XML-RPC server [http://aneesh-Swift:11311/]
[xmlrpc][INFO] 2023-04-05 12:26:56,989: xml rpc node: starting XML-RPC server
[rosmaster.master][INFO] 2023-04-05 12:26:56,989: Master initialized: port[11311], uri[http://aneesh-Swift:11311/]
[rosmaster.master][INFO] 2023-04-05 12:26:57,008: +PARAM [/run_id] by /roslaunch
[rosmaster.master][INFO] 2023-04-05 12:26:57,009: +PARAM [/roslaunch/uris/host_aneesh_swift__39319] by /roslaunch
[rosmaster.master][INFO] 2023-04-05 12:26:57,052: +PARAM [/rosversion] by /roslaunch
[rosmaster.master][INFO] 2023-04-05 12:26:57,052: +PARAM [/rosdistro] by /roslaunch
[rosmaster.master][INFO] 2023-04-05 12:26:57,063: +SERVICE [/rosout/get_loggers] /rosout http://aneesh-Swift:36879/
[rosmaster.master][INFO] 2023-04-05 12:26:57,064: +SERVICE [/rosout/set_logger_level] /rosout http://aneesh-Swift:36879/
[rosmaster.master][INFO] 2023-04-05 12:26:57,066: +PUB [/rosout_agg] /rosout http://aneesh-Swift:36879/
[rosmaster.master][INFO] 2023-04-05 12:26:57,071: +SUB [/rosout] /rosout http://aneesh-Swift:36879/
[rosmaster.master][INFO] 2023-04-05 12:26:57,083: +PUB [/rosout] /actual_system/simluator http://aneesh-Swift:45207/
[rosmaster.master][INFO] 2023-04-05 12:26:57,084: +SERVICE [/actual_system/simluator/get_loggers] /actual_system/simluator http://aneesh-Swift:45207/
[rosmaster.master][INFO] 2023-04-05 12:26:57,084: +SERVICE [/actual_system/simluator/set_logger_level] /actual_system/simluator http://aneesh-Swift:45207/
[rosmaster.master][INFO] 2023-04-05 12:26:57,086: +SUB [/actual_system/force] /actual_system/simluator http://aneesh-Swift:45207/
[rosmaster.master][INFO] 2023-04-05 12:26:57,088: +SUB [/actual_system/reset] /actual_system/simluator http://aneesh-Swift:45207/
[rosmaster.master][INFO] 2023-04-05 12:26:57,089: +PUB [/actual_system/reset] /actual_system/simluator http://aneesh-Swift:45207/
[rosmaster.master][INFO] 2023-04-05 12:26:57,089: +PUB [/actual_system/slopes] /actual_system/simluator http://aneesh-Swift:45207/
[rosmaster.master][INFO] 2023-04-05 12:26:57,090: +PUB [/actual_system/state] /actual_system/simluator http://aneesh-Swift:45207/
[rosmaster.master][INFO] 2023-04-05 12:26:57,090: +PUB [/actual_system/complete_state] /actual_system/simluator http://aneesh-Swift:45207/
[rosmaster.master][INFO] 2023-04-05 12:26:57,091: +PUB [/actual_system/velocity] /actual_system/simluator http://aneesh-Swift:45207/
[rosmaster.master][INFO] 2023-04-05 12:26:57,091: +PUB [/actual_system/complete_pose] /actual_system/simluator http://aneesh-Swift:45207/
[rosmaster.master][INFO] 2023-04-05 12:26:57,095: publisherUpdate[/rosout] -> http://aneesh-Swift:36879/ ['http://aneesh-Swift:45207/']
[rosmaster.master][INFO] 2023-04-05 12:26:57,095: publisherUpdate[/actual_system/reset] -> http://aneesh-Swift:45207/ ['http://aneesh-Swift:45207/']
[rosmaster.master][INFO] 2023-04-05 12:26:57,100: publisherUpdate[/actual_system/reset] -> http://aneesh-Swift:45207/ ['http://aneesh-Swift:45207/']: sec=0.00, result=[1, '', 0]
[rosmaster.master][INFO] 2023-04-05 12:26:57,103: publisherUpdate[/rosout] -> http://aneesh-Swift:36879/ ['http://aneesh-Swift:45207/']: sec=0.01, result=[1, '', 0]
[rosmaster.master][INFO] 2023-04-05 12:26:57,519: +PUB [/rosout] /steady_state_checker_node http://aneesh-Swift:39087/
[rosmaster.master][INFO] 2023-04-05 12:26:57,521: +SERVICE [/steady_state_checker_node/get_loggers] /steady_state_checker_node http://aneesh-Swift:39087/
[rosmaster.master][INFO] 2023-04-05 12:26:57,522: +SERVICE [/steady_state_checker_node/set_logger_level] /steady_state_checker_node http://aneesh-Swift:39087/
[rosmaster.master][INFO] 2023-04-05 12:26:57,523: +PUB [/steady_system/state] /steady_state_checker_node http://aneesh-Swift:39087/
[rosmaster.master][INFO] 2023-04-05 12:26:57,524: +PUB [/steady_system/complete_pose] /steady_state_checker_node http://aneesh-Swift:39087/
[rosmaster.master][INFO] 2023-04-05 12:26:57,524: +PUB [/steady_system/complete_state] /steady_state_checker_node http://aneesh-Swift:39087/
[rosmaster.master][INFO] 2023-04-05 12:26:57,525: +PUB [/actual_system/force] /steady_state_checker_node http://aneesh-Swift:39087/
[rosmaster.master][INFO] 2023-04-05 12:26:57,526: +PUB [/steady_system/velocity] /steady_state_checker_node http://aneesh-Swift:39087/
[rosmaster.master][INFO] 2023-04-05 12:26:57,527: +SUB [/actual_system/state] /steady_state_checker_node http://aneesh-Swift:39087/
[rosmaster.master][INFO] 2023-04-05 12:26:57,529: +SUB [/actual_system/complete_pose] /steady_state_checker_node http://aneesh-Swift:39087/
[rosmaster.master][INFO] 2023-04-05 12:26:57,531: +SUB [/actual_system/complete_state] /steady_state_checker_node http://aneesh-Swift:39087/
[rosmaster.master][INFO] 2023-04-05 12:26:57,538: +SUB [/steady_system/force] /steady_state_checker_node http://aneesh-Swift:39087/
[rosmaster.master][INFO] 2023-04-05 12:26:57,596: publisherUpdate[/rosout] -> http://aneesh-Swift:36879/ ['http://aneesh-Swift:45207/', 'http://aneesh-Swift:39087/']
[rosmaster.master][INFO] 2023-04-05 12:26:57,597: publisherUpdate[/rosout] -> http://aneesh-Swift:36879/ ['http://aneesh-Swift:45207/', 'http://aneesh-Swift:39087/']: sec=0.00, result=[1, '', 0]
[rosmaster.master][INFO] 2023-04-05 12:26:57,597: publisherUpdate[/actual_system/force] -> http://aneesh-Swift:45207/ ['http://aneesh-Swift:39087/']
[rosmaster.master][INFO] 2023-04-05 12:26:57,598: publisherUpdate[/actual_system/force] -> http://aneesh-Swift:45207/ ['http://aneesh-Swift:39087/']: sec=0.00, result=[1, '', 0]
[rosmaster.master][INFO] 2023-04-05 12:26:59,023: +PUB [/rosout] /controller http://aneesh-Swift:46405/
[rosmaster.master][INFO] 2023-04-05 12:26:59,029: +SERVICE [/controller/get_loggers] /controller http://aneesh-Swift:46405/
[rosmaster.master][INFO] 2023-04-05 12:26:59,032: +SERVICE [/controller/set_logger_level] /controller http://aneesh-Swift:46405/
[rosmaster.master][INFO] 2023-04-05 12:26:59,035: +PUB [/steady_system/force] /controller http://aneesh-Swift:46405/
[rosmaster.master][INFO] 2023-04-05 12:26:59,037: +PUB [/actual_system/reset] /controller http://aneesh-Swift:46405/
[rosmaster.master][INFO] 2023-04-05 12:26:59,039: +PUB [/actual_system/target] /controller http://aneesh-Swift:46405/
[rosmaster.master][INFO] 2023-04-05 12:26:59,042: +PUB [/actual_system/radius] /controller http://aneesh-Swift:46405/
[rosmaster.master][INFO] 2023-04-05 12:26:59,046: +SUB [/steady_system/complete_pose] /controller http://aneesh-Swift:46405/
[rosmaster.master][INFO] 2023-04-05 12:26:59,051: +SUB [/steady_system/velocity] /controller http://aneesh-Swift:46405/
[rosmaster.master][INFO] 2023-04-05 12:26:59,101: publisherUpdate[/rosout] -> http://aneesh-Swift:36879/ ['http://aneesh-Swift:45207/', 'http://aneesh-Swift:39087/', 'http://aneesh-Swift:46405/']
[rosmaster.master][INFO] 2023-04-05 12:26:59,102: publisherUpdate[/rosout] -> http://aneesh-Swift:36879/ ['http://aneesh-Swift:45207/', 'http://aneesh-Swift:39087/', 'http://aneesh-Swift:46405/']: sec=0.00, result=[1, '', 0]
[rosmaster.master][INFO] 2023-04-05 12:26:59,103: publisherUpdate[/steady_system/force] -> http://aneesh-Swift:39087/ ['http://aneesh-Swift:46405/']
[rosmaster.master][INFO] 2023-04-05 12:26:59,104: publisherUpdate[/actual_system/reset] -> http://aneesh-Swift:45207/ ['http://aneesh-Swift:45207/', 'http://aneesh-Swift:46405/']
[rosmaster.master][INFO] 2023-04-05 12:26:59,106: publisherUpdate[/actual_system/reset] -> http://aneesh-Swift:45207/ ['http://aneesh-Swift:45207/', 'http://aneesh-Swift:46405/']: sec=0.00, result=[1, '', 0]
[rosmaster.master][INFO] 2023-04-05 12:26:59,108: publisherUpdate[/steady_system/force] -> http://aneesh-Swift:39087/ ['http://aneesh-Swift:46405/']: sec=0.00, result=[1, '', 0]
[rosmaster.master][INFO] 2023-04-05 12:27:17,268: -SUB [/steady_system/complete_pose] /controller http://aneesh-Swift:46405/
[rosmaster.master][INFO] 2023-04-05 12:27:17,268: -SUB [/steady_system/velocity] /controller http://aneesh-Swift:46405/
[rosmaster.master][INFO] 2023-04-05 12:27:17,268: -PUB [/rosout] /controller http://aneesh-Swift:46405/
[rosmaster.master][INFO] 2023-04-05 12:27:17,269: -PUB [/steady_system/force] /controller http://aneesh-Swift:46405/
[rosmaster.master][INFO] 2023-04-05 12:27:17,269: -PUB [/actual_system/reset] /controller http://aneesh-Swift:46405/
[rosmaster.master][INFO] 2023-04-05 12:27:17,269: -PUB [/actual_system/target] /controller http://aneesh-Swift:46405/
[rosmaster.master][INFO] 2023-04-05 12:27:17,269: -PUB [/actual_system/radius] /controller http://aneesh-Swift:46405/
[rosmaster.master][INFO] 2023-04-05 12:27:17,269: -SERVICE [/controller/get_loggers] /controller rosrpc://aneesh-Swift:43557
[rosmaster.master][INFO] 2023-04-05 12:27:17,269: -SERVICE [/controller/set_logger_level] /controller rosrpc://aneesh-Swift:43557
[rosmaster.master][INFO] 2023-04-05 12:27:17,334: publisherUpdate[/rosout] -> http://aneesh-Swift:36879/ ['http://aneesh-Swift:45207/', 'http://aneesh-Swift:39087/']
[rosmaster.master][INFO] 2023-04-05 12:27:17,334: publisherUpdate[/steady_system/force] -> http://aneesh-Swift:39087/ []
[rosmaster.master][INFO] 2023-04-05 12:27:17,335: publisherUpdate[/rosout] -> http://aneesh-Swift:36879/ ['http://aneesh-Swift:45207/', 'http://aneesh-Swift:39087/']: sec=0.00, result=[1, '', 0]
[rosmaster.master][INFO] 2023-04-05 12:27:17,335: publisherUpdate[/actual_system/reset] -> http://aneesh-Swift:45207/ ['http://aneesh-Swift:45207/']
[rosmaster.master][INFO] 2023-04-05 12:27:17,336: publisherUpdate[/actual_system/reset] -> http://aneesh-Swift:45207/ ['http://aneesh-Swift:45207/']: sec=0.00, result=[1, '', 0]
[rosmaster.master][INFO] 2023-04-05 12:27:17,336: publisherUpdate[/steady_system/force] -> http://aneesh-Swift:39087/ []: sec=0.00, result=[1, '', 0]
[rosmaster.master][INFO] 2023-04-05 12:28:05,032: -SUB [/actual_system/state] /steady_state_checker_node http://aneesh-Swift:39087/
[rosmaster.master][INFO] 2023-04-05 12:28:05,032: -SUB [/actual_system/complete_pose] /steady_state_checker_node http://aneesh-Swift:39087/
[rosmaster.master][INFO] 2023-04-05 12:28:05,032: -SUB [/actual_system/complete_state] /steady_state_checker_node http://aneesh-Swift:39087/
[rosmaster.master][INFO] 2023-04-05 12:28:05,033: -SUB [/steady_system/force] /steady_state_checker_node http://aneesh-Swift:39087/
[rosmaster.master][INFO] 2023-04-05 12:28:05,033: -PUB [/rosout] /steady_state_checker_node http://aneesh-Swift:39087/
[rosmaster.master][INFO] 2023-04-05 12:28:05,033: -PUB [/steady_system/state] /steady_state_checker_node http://aneesh-Swift:39087/
[rosmaster.master][INFO] 2023-04-05 12:28:05,033: -PUB [/steady_system/complete_pose] /steady_state_checker_node http://aneesh-Swift:39087/
[rosmaster.master][INFO] 2023-04-05 12:28:05,033: -PUB [/steady_system/complete_state] /steady_state_checker_node http://aneesh-Swift:39087/
[rosmaster.master][INFO] 2023-04-05 12:28:05,033: -PUB [/actual_system/force] /steady_state_checker_node http://aneesh-Swift:39087/
[rosmaster.master][INFO] 2023-04-05 12:28:05,033: -PUB [/steady_system/velocity] /steady_state_checker_node http://aneesh-Swift:39087/
[rosmaster.master][INFO] 2023-04-05 12:28:05,033: -SERVICE [/steady_state_checker_node/get_loggers] /steady_state_checker_node rosrpc://aneesh-Swift:44327
[rosmaster.master][INFO] 2023-04-05 12:28:05,033: -SERVICE [/steady_state_checker_node/set_logger_level] /steady_state_checker_node rosrpc://aneesh-Swift:44327
[rosmaster.master][INFO] 2023-04-05 12:28:05,098: -PUB [/rosout] /actual_system/simluator http://aneesh-Swift:45207/
[rosmaster.master][INFO] 2023-04-05 12:28:05,099: -PUB [/actual_system/reset] /actual_system/simluator http://aneesh-Swift:45207/
[rosmaster.master][INFO] 2023-04-05 12:28:05,099: -PUB [/actual_system/slopes] /actual_system/simluator http://aneesh-Swift:45207/
[rosmaster.master][INFO] 2023-04-05 12:28:05,099: publisherUpdate[/rosout] -> http://aneesh-Swift:36879/ ['http://aneesh-Swift:45207/']
[rosmaster.master][INFO] 2023-04-05 12:28:05,099: publisherUpdate[/actual_system/force] -> http://aneesh-Swift:45207/ []
[rosmaster.master][INFO] 2023-04-05 12:28:05,100: -PUB [/actual_system/state] /actual_system/simluator http://aneesh-Swift:45207/
[rosmaster.master][INFO] 2023-04-05 12:28:05,100: publisherUpdate[/rosout] -> http://aneesh-Swift:36879/ ['http://aneesh-Swift:45207/']: sec=0.00, result=[1, '', 0]
[rosmaster.master][INFO] 2023-04-05 12:28:05,101: -PUB [/actual_system/complete_state] /actual_system/simluator http://aneesh-Swift:45207/
[rosmaster.master][INFO] 2023-04-05 12:28:05,101: publisherUpdate[/rosout] -> http://aneesh-Swift:36879/ []
[rosmaster.master][INFO] 2023-04-05 12:28:05,102: -PUB [/actual_system/velocity] /actual_system/simluator http://aneesh-Swift:45207/
[rosmaster.master][INFO] 2023-04-05 12:28:05,102: publisherUpdate[/rosout] -> http://aneesh-Swift:36879/ []: sec=0.00, result=[1, '', 0]
[rosmaster.master][INFO] 2023-04-05 12:28:05,103: -PUB [/actual_system/complete_pose] /actual_system/simluator http://aneesh-Swift:45207/
[rosmaster.master][INFO] 2023-04-05 12:28:05,104: -SUB [/actual_system/force] /actual_system/simluator http://aneesh-Swift:45207/
[rosmaster.master][INFO] 2023-04-05 12:28:05,104: -SUB [/actual_system/reset] /actual_system/simluator http://aneesh-Swift:45207/
[rosmaster.master][INFO] 2023-04-05 12:28:05,105: -SERVICE [/actual_system/simluator/get_loggers] /actual_system/simluator rosrpc://aneesh-Swift:50747
[rosmaster.master][INFO] 2023-04-05 12:28:05,106: -SERVICE [/actual_system/simluator/set_logger_level] /actual_system/simluator rosrpc://aneesh-Swift:50747
[rosmaster.master][INFO] 2023-04-05 12:28:05,108: publisherUpdate[/actual_system/force] -> http://aneesh-Swift:45207/ []: sec=0.01, exception=[Errno 111] Connection refused
[rosmaster.threadpool][ERROR] 2023-04-05 12:28:05,110: Traceback (most recent call last):
  File "/opt/ros/noetic/lib/python3/dist-packages/rosmaster/threadpool.py", line 218, in run
    result = cmd(*args)
  File "/opt/ros/noetic/lib/python3/dist-packages/rosmaster/master_api.py", line 210, in publisher_update_task
    ret = xmlrpcapi(api).publisherUpdate('/master', topic, pub_uris)
  File "/usr/lib/python3.8/xmlrpc/client.py", line 1109, in __call__
    return self.__send(self.__name, args)
  File "/usr/lib/python3.8/xmlrpc/client.py", line 1450, in __request
    response = self.__transport.request(
  File "/usr/lib/python3.8/xmlrpc/client.py", line 1153, in request
    return self.single_request(host, handler, request_body, verbose)
  File "/usr/lib/python3.8/xmlrpc/client.py", line 1165, in single_request
    http_conn = self.send_request(host, handler, request_body, verbose)
  File "/usr/lib/python3.8/xmlrpc/client.py", line 1278, in send_request
    self.send_content(connection, request_body)
  File "/usr/lib/python3.8/xmlrpc/client.py", line 1308, in send_content
    connection.endheaders(request_body)
  File "/usr/lib/python3.8/http/client.py", line 1251, in endheaders
    self._send_output(message_body, encode_chunked=encode_chunked)
  File "/usr/lib/python3.8/http/client.py", line 1011, in _send_output
    self.send(msg)
  File "/usr/lib/python3.8/http/client.py", line 951, in send
    self.connect()
  File "/usr/lib/python3.8/http/client.py", line 922, in connect
    self.sock = self._create_connection(
  File "/usr/lib/python3.8/socket.py", line 808, in create_connection
    raise err
  File "/usr/lib/python3.8/socket.py", line 796, in create_connection
    sock.connect(sa)
ConnectionRefusedError: [Errno 111] Connection refused

[rosmaster.master][INFO] 2023-04-05 12:28:05,110: publisherUpdate[/actual_system/reset] -> http://aneesh-Swift:45207/ []
[rosmaster.master][INFO] 2023-04-05 12:28:05,111: publisherUpdate[/actual_system/reset] -> http://aneesh-Swift:45207/ []: sec=0.00, exception=[Errno 111] Connection refused
[rosmaster.threadpool][ERROR] 2023-04-05 12:28:05,111: Traceback (most recent call last):
  File "/opt/ros/noetic/lib/python3/dist-packages/rosmaster/threadpool.py", line 218, in run
    result = cmd(*args)
  File "/opt/ros/noetic/lib/python3/dist-packages/rosmaster/master_api.py", line 210, in publisher_update_task
    ret = xmlrpcapi(api).publisherUpdate('/master', topic, pub_uris)
  File "/usr/lib/python3.8/xmlrpc/client.py", line 1109, in __call__
    return self.__send(self.__name, args)
  File "/usr/lib/python3.8/xmlrpc/client.py", line 1450, in __request
    response = self.__transport.request(
  File "/usr/lib/python3.8/xmlrpc/client.py", line 1153, in request
    return self.single_request(host, handler, request_body, verbose)
  File "/usr/lib/python3.8/xmlrpc/client.py", line 1165, in single_request
    http_conn = self.send_request(host, handler, request_body, verbose)
  File "/usr/lib/python3.8/xmlrpc/client.py", line 1278, in send_request
    self.send_content(connection, request_body)
  File "/usr/lib/python3.8/xmlrpc/client.py", line 1308, in send_content
    connection.endheaders(request_body)
  File "/usr/lib/python3.8/http/client.py", line 1251, in endheaders
    self._send_output(message_body, encode_chunked=encode_chunked)
  File "/usr/lib/python3.8/http/client.py", line 1011, in _send_output
    self.send(msg)
  File "/usr/lib/python3.8/http/client.py", line 951, in send
    self.connect()
  File "/usr/lib/python3.8/http/client.py", line 922, in connect
    self.sock = self._create_connection(
  File "/usr/lib/python3.8/socket.py", line 808, in create_connection
    raise err
  File "/usr/lib/python3.8/socket.py", line 796, in create_connection
    sock.connect(sa)
ConnectionRefusedError: [Errno 111] Connection refused

[rosmaster.master][INFO] 2023-04-05 12:28:05,904: -PUB [/rosout_agg] /rosout http://aneesh-Swift:36879/
[rosmaster.master][INFO] 2023-04-05 12:28:05,904: -SUB [/rosout] /rosout http://aneesh-Swift:36879/
[rosmaster.master][INFO] 2023-04-05 12:28:05,905: -SERVICE [/rosout/get_loggers] /rosout rosrpc://aneesh-Swift:44605
[rosmaster.master][INFO] 2023-04-05 12:28:05,905: -SERVICE [/rosout/set_logger_level] /rosout rosrpc://aneesh-Swift:44605
[rosmaster.main][INFO] 2023-04-05 12:28:05,938: keyboard interrupt, will exit
[rosmaster.main][INFO] 2023-04-05 12:28:05,938: stopping master...
[rospy.core][INFO] 2023-04-05 12:28:05,938: signal_shutdown [atexit]
