[rospy.client][INFO] 2023-04-05 12:26:57,415: init_node, name[/steady_state_checker_node], pid[29527]
[xmlrpc][INFO] 2023-04-05 12:26:57,415: XML-RPC server binding to 0.0.0.0:0
[xmlrpc][INFO] 2023-04-05 12:26:57,416: Started XML-RPC server [http://aneesh-Swift:39087/]
[rospy.init][INFO] 2023-04-05 12:26:57,416: ROS Slave URI: [http://aneesh-Swift:39087/]
[rospy.impl.masterslave][INFO] 2023-04-05 12:26:57,416: _ready: http://aneesh-Swift:39087/
[rospy.registration][INFO] 2023-04-05 12:26:57,416: Registering with master node http://localhost:11311
[xmlrpc][INFO] 2023-04-05 12:26:57,417: xml rpc node: starting XML-RPC server
[rospy.init][INFO] 2023-04-05 12:26:57,516: registered with master
[rospy.rosout][INFO] 2023-04-05 12:26:57,516: initializing /rosout core topic
[rospy.rosout][INFO] 2023-04-05 12:26:57,519: connected to core topic /rosout
[rospy.simtime][INFO] 2023-04-05 12:26:57,520: /use_sim_time is not set, will not subscribe to simulated time [/clock] topic
[rospy.internal][INFO] 2023-04-05 12:26:57,531: topic[/actual_system/state] adding connection to [http://aneesh-Swift:45207/], count 0
[rospy.internal][INFO] 2023-04-05 12:26:57,534: topic[/actual_system/complete_pose] adding connection to [http://aneesh-Swift:45207/], count 0
[rospy.internal][INFO] 2023-04-05 12:26:57,539: topic[/actual_system/complete_state] adding connection to [http://aneesh-Swift:45207/], count 0
[rospy.internal][INFO] 2023-04-05 12:26:57,799: topic[/rosout] adding connection to [/rosout], count 0
[rospy.internal][INFO] 2023-04-05 12:26:57,800: topic[/actual_system/force] adding connection to [/actual_system/simluator], count 0
[rospy.internal][INFO] 2023-04-05 12:26:59,065: topic[/steady_system/complete_pose] adding connection to [/controller], count 0
[rospy.internal][INFO] 2023-04-05 12:26:59,066: topic[/steady_system/velocity] adding connection to [/controller], count 0
[rospy.internal][INFO] 2023-04-05 12:26:59,112: topic[/steady_system/force] adding connection to [http://aneesh-Swift:46405/], count 0
[rospy.internal][INFO] 2023-04-05 12:27:17,271: topic[/steady_system/force] removing connection to http://aneesh-Swift:46405/
[rospy.internal][INFO] 2023-04-05 12:27:17,615: topic[/steady_system/complete_pose] removing connection to /controller
[rospy.internal][INFO] 2023-04-05 12:27:17,616: topic[/steady_system/velocity] removing connection to /controller
[rospy.core][INFO] 2023-04-05 12:28:05,031: signal_shutdown [signal-2]
[rospy.internal][INFO] 2023-04-05 12:28:05,035: topic[/rosout] removing connection to /rosout
[rospy.internal][INFO] 2023-04-05 12:28:05,035: topic[/actual_system/force] removing connection to /actual_system/simluator
[rospy.internal][INFO] 2023-04-05 12:28:05,035: topic[/actual_system/state] removing connection to http://aneesh-Swift:45207/
[rospy.internal][INFO] 2023-04-05 12:28:05,036: topic[/actual_system/complete_pose] removing connection to http://aneesh-Swift:45207/
[rospy.internal][INFO] 2023-04-05 12:28:05,036: topic[/actual_system/complete_state] removing connection to http://aneesh-Swift:45207/
[rospy.impl.masterslave][INFO] 2023-04-05 12:28:05,037: signal-2
[rospy.core][INFO] 2023-04-05 12:28:05,632: signal_shutdown [atexit]
