[rospy.client][INFO] 2023-04-05 12:31:44,910: init_node, name[/steady_state_checker_node], pid[31217]
[xmlrpc][INFO] 2023-04-05 12:31:44,910: XML-RPC server binding to 0.0.0.0:0
[xmlrpc][INFO] 2023-04-05 12:31:44,910: Started XML-RPC server [http://aneesh-Swift:33269/]
[rospy.init][INFO] 2023-04-05 12:31:44,911: ROS Slave URI: [http://aneesh-Swift:33269/]
[rospy.impl.masterslave][INFO] 2023-04-05 12:31:44,911: _ready: http://aneesh-Swift:33269/
[rospy.registration][INFO] 2023-04-05 12:31:44,911: Registering with master node http://localhost:11311
[xmlrpc][INFO] 2023-04-05 12:31:44,912: xml rpc node: starting XML-RPC server
[rospy.init][INFO] 2023-04-05 12:31:45,011: registered with master
[rospy.rosout][INFO] 2023-04-05 12:31:45,011: initializing /rosout core topic
[rospy.rosout][INFO] 2023-04-05 12:31:45,015: connected to core topic /rosout
[rospy.simtime][INFO] 2023-04-05 12:31:45,016: /use_sim_time is not set, will not subscribe to simulated time [/clock] topic
[rospy.internal][INFO] 2023-04-05 12:31:45,029: topic[/actual_system/state] adding connection to [http://aneesh-Swift:35363/], count 0
[rospy.internal][INFO] 2023-04-05 12:31:45,035: topic[/actual_system/complete_pose] adding connection to [http://aneesh-Swift:35363/], count 0
[rospy.internal][INFO] 2023-04-05 12:31:45,038: topic[/actual_system/complete_state] adding connection to [http://aneesh-Swift:35363/], count 0
[rospy.internal][INFO] 2023-04-05 12:31:45,285: topic[/rosout] adding connection to [/rosout], count 0
[rospy.internal][INFO] 2023-04-05 12:31:45,286: topic[/actual_system/force] adding connection to [/actual_system/simluator], count 0
[rospy.internal][INFO] 2023-04-05 12:31:46,585: topic[/steady_system/velocity] adding connection to [/controller], count 0
[rospy.internal][INFO] 2023-04-05 12:31:46,586: topic[/steady_system/complete_pose] adding connection to [/controller], count 0
[rospy.internal][INFO] 2023-04-05 12:31:46,598: topic[/steady_system/force] adding connection to [http://aneesh-Swift:42017/], count 0
[rospy.internal][INFO] 2023-04-05 12:32:04,797: topic[/steady_system/force] removing connection to http://aneesh-Swift:42017/
[rospy.internal][INFO] 2023-04-05 12:32:05,101: topic[/steady_system/complete_pose] removing connection to /controller
[rospy.internal][INFO] 2023-04-05 12:32:05,101: topic[/steady_system/velocity] removing connection to /controller
[rospy.core][INFO] 2023-04-05 12:41:10,095: signal_shutdown [signal-2]
[rospy.internal][INFO] 2023-04-05 12:41:10,101: topic[/rosout] removing connection to /rosout
[rospy.internal][INFO] 2023-04-05 12:41:10,101: topic[/actual_system/force] removing connection to /actual_system/simluator
[rospy.internal][INFO] 2023-04-05 12:41:10,102: topic[/actual_system/state] removing connection to http://aneesh-Swift:35363/
[rospy.internal][INFO] 2023-04-05 12:41:10,102: topic[/actual_system/complete_pose] removing connection to http://aneesh-Swift:35363/
[rospy.internal][INFO] 2023-04-05 12:41:10,102: topic[/actual_system/complete_state] removing connection to http://aneesh-Swift:35363/
[rospy.impl.masterslave][INFO] 2023-04-05 12:41:10,103: signal-2
[rospy.core][INFO] 2023-04-05 12:41:10,701: signal_shutdown [atexit]
