[rospy.client][INFO] 2023-03-31 02:38:06,647: init_node, name[/controller], pid[12662]
[xmlrpc][INFO] 2023-03-31 02:38:06,648: XML-RPC server binding to 0.0.0.0:0
[xmlrpc][INFO] 2023-03-31 02:38:06,648: Started XML-RPC server [http://aneesh-Swift:39715/]
[rospy.impl.masterslave][INFO] 2023-03-31 02:38:06,648: _ready: http://aneesh-Swift:39715/
[rospy.init][INFO] 2023-03-31 02:38:06,648: ROS Slave URI: [http://aneesh-Swift:39715/]
[rospy.registration][INFO] 2023-03-31 02:38:06,649: Registering with master node http://localhost:11311
[xmlrpc][INFO] 2023-03-31 02:38:06,649: xml rpc node: starting XML-RPC server
[rospy.init][INFO] 2023-03-31 02:38:06,749: registered with master
[rospy.rosout][INFO] 2023-03-31 02:38:06,749: initializing /rosout core topic
[rospy.rosout][INFO] 2023-03-31 02:38:06,754: connected to core topic /rosout
[rospy.simtime][INFO] 2023-03-31 02:38:06,757: /use_sim_time is not set, will not subscribe to simulated time [/clock] topic
[rospy.internal][INFO] 2023-03-31 02:38:06,788: topic[/steady_system/complete_pose] adding connection to [http://aneesh-Swift:36235/], count 0
[rospy.internal][INFO] 2023-03-31 02:38:06,790: topic[/steady_system/velocity] adding connection to [http://aneesh-Swift:36235/], count 0
[rospy.internal][INFO] 2023-03-31 02:38:06,798: topic[/steady_system/force] adding connection to [/steady_state_checker_node], count 0
[rospy.internal][INFO] 2023-03-31 02:38:06,985: topic[/rosout] adding connection to [/rosout], count 0
[rospy.internal][INFO] 2023-03-31 02:38:06,989: topic[/actual_system/reset] adding connection to [/actual_system/simluator], count 0
[rospy.core][INFO] 2023-03-31 02:38:41,747: signal_shutdown [signal-2]
[rospy.internal][INFO] 2023-03-31 02:38:41,755: topic[/rosout] removing connection to /rosout
[rospy.internal][INFO] 2023-03-31 02:38:41,755: topic[/steady_system/force] removing connection to /steady_state_checker_node
[rospy.internal][INFO] 2023-03-31 02:38:41,755: topic[/actual_system/reset] removing connection to /actual_system/simluator
[rospy.internal][INFO] 2023-03-31 02:38:41,755: topic[/steady_system/complete_pose] removing connection to http://aneesh-Swift:36235/
[rospy.internal][INFO] 2023-03-31 02:38:41,757: topic[/steady_system/velocity] removing connection to http://aneesh-Swift:36235/
[rospy.internal][INFO] 2023-03-31 02:38:41,757: topic[/steady_system/velocity] removing connection to http://aneesh-Swift:36235/
[rospy.topics][ERROR] 2023-03-31 02:38:41,757: Traceback (most recent call last):
  File "/opt/ros/noetic/lib/python3/dist-packages/rospy/topics.py", line 326, in close
    c.close()
  File "/opt/ros/noetic/lib/python3/dist-packages/rospy/impl/tcpros_base.py", line 858, in close
    self.socket.close()
AttributeError: 'NoneType' object has no attribute 'close'

[rospy.impl.masterslave][INFO] 2023-03-31 02:38:41,758: signal-2
[rospy.core][INFO] 2023-03-31 02:38:42,349: signal_shutdown [atexit]
