[rospy.client][INFO] 2023-03-31 02:06:28,570: init_node, name[/controller], pid[9165]
[xmlrpc][INFO] 2023-03-31 02:06:28,570: XML-RPC server binding to 0.0.0.0:0
[xmlrpc][INFO] 2023-03-31 02:06:28,570: Started XML-RPC server [http://aneesh-Swift:37285/]
[rospy.init][INFO] 2023-03-31 02:06:28,570: ROS Slave URI: [http://aneesh-Swift:37285/]
[rospy.impl.masterslave][INFO] 2023-03-31 02:06:28,571: _ready: http://aneesh-Swift:37285/
[rospy.registration][INFO] 2023-03-31 02:06:28,571: Registering with master node http://localhost:11311
[xmlrpc][INFO] 2023-03-31 02:06:28,571: xml rpc node: starting XML-RPC server
[rospy.init][INFO] 2023-03-31 02:06:28,671: registered with master
[rospy.rosout][INFO] 2023-03-31 02:06:28,672: initializing /rosout core topic
[rospy.rosout][INFO] 2023-03-31 02:06:28,678: connected to core topic /rosout
[rospy.simtime][INFO] 2023-03-31 02:06:28,680: /use_sim_time is not set, will not subscribe to simulated time [/clock] topic
[rospy.internal][INFO] 2023-03-31 02:06:28,714: topic[/steady_system/complete_pose] adding connection to [http://aneesh-Swift:41291/], count 0
[rospy.internal][INFO] 2023-03-31 02:06:28,716: topic[/steady_system/velocity] adding connection to [http://aneesh-Swift:41291/], count 0
[rospy.internal][INFO] 2023-03-31 02:06:28,761: topic[/steady_system/force] adding connection to [/steady_state_checker_node], count 0
[rospy.internal][INFO] 2023-03-31 02:06:28,953: topic[/rosout] adding connection to [/rosout], count 0
[rospy.internal][INFO] 2023-03-31 02:06:28,956: topic[/actual_system/reset] adding connection to [/actual_system/simluator], count 0
[rospy.core][INFO] 2023-03-31 02:06:39,280: signal_shutdown [signal-2]
[rospy.internal][INFO] 2023-03-31 02:06:39,282: topic[/steady_system/velocity] removing connection to http://aneesh-Swift:41291/
[rospy.internal][INFO] 2023-03-31 02:06:39,284: topic[/rosout] removing connection to /rosout
[rospy.internal][INFO] 2023-03-31 02:06:39,285: topic[/steady_system/complete_pose] removing connection to http://aneesh-Swift:41291/
[rospy.internal][INFO] 2023-03-31 02:06:39,285: topic[/steady_system/force] removing connection to /steady_state_checker_node
[rospy.internal][INFO] 2023-03-31 02:06:39,286: topic[/actual_system/reset] removing connection to /actual_system/simluator
[rospy.impl.masterslave][INFO] 2023-03-31 02:06:39,286: signal-2
[rospy.core][INFO] 2023-03-31 02:06:39,844: signal_shutdown [atexit]
