[rosmaster.main][INFO] 2023-03-31 02:06:25,633: initialization complete, waiting for shutdown
[rosmaster.main][INFO] 2023-03-31 02:06:25,633: Starting ROS Master Node
[xmlrpc][INFO] 2023-03-31 02:06:25,634: XML-RPC server binding to 0.0.0.0:11311
[xmlrpc][INFO] 2023-03-31 02:06:25,634: Started XML-RPC server [http://aneesh-Swift:11311/]
[rosmaster.master][INFO] 2023-03-31 02:06:25,634: Master initialized: port[11311], uri[http://aneesh-Swift:11311/]
[xmlrpc][INFO] 2023-03-31 02:06:25,634: xml rpc node: starting XML-RPC server
[rosmaster.master][INFO] 2023-03-31 02:06:25,665: +PARAM [/run_id] by /roslaunch
[rosmaster.master][INFO] 2023-03-31 02:06:25,668: +PARAM [/roslaunch/uris/host_aneesh_swift__39687] by /roslaunch
[rosmaster.master][INFO] 2023-03-31 02:06:25,758: +PARAM [/rosversion] by /roslaunch
[rosmaster.master][INFO] 2023-03-31 02:06:25,758: +PARAM [/rosdistro] by /roslaunch
[rosmaster.master][INFO] 2023-03-31 02:06:25,772: +SERVICE [/rosout/get_loggers] /rosout http://aneesh-Swift:35145/
[rosmaster.master][INFO] 2023-03-31 02:06:25,772: +SERVICE [/rosout/set_logger_level] /rosout http://aneesh-Swift:35145/
[rosmaster.master][INFO] 2023-03-31 02:06:25,773: +PUB [/rosout_agg] /rosout http://aneesh-Swift:35145/
[rosmaster.master][INFO] 2023-03-31 02:06:25,777: +SUB [/rosout] /rosout http://aneesh-Swift:35145/
[rosmaster.master][INFO] 2023-03-31 02:06:25,792: +PUB [/rosout] /actual_system/simluator http://aneesh-Swift:42979/
[rosmaster.master][INFO] 2023-03-31 02:06:25,792: +SERVICE [/actual_system/simluator/get_loggers] /actual_system/simluator http://aneesh-Swift:42979/
[rosmaster.master][INFO] 2023-03-31 02:06:25,793: +SERVICE [/actual_system/simluator/set_logger_level] /actual_system/simluator http://aneesh-Swift:42979/
[rosmaster.master][INFO] 2023-03-31 02:06:25,796: +SUB [/actual_system/force] /actual_system/simluator http://aneesh-Swift:42979/
[rosmaster.master][INFO] 2023-03-31 02:06:25,798: +SUB [/actual_system/reset] /actual_system/simluator http://aneesh-Swift:42979/
[rosmaster.master][INFO] 2023-03-31 02:06:25,798: +PUB [/actual_system/reset] /actual_system/simluator http://aneesh-Swift:42979/
[rosmaster.master][INFO] 2023-03-31 02:06:25,799: +PUB [/actual_system/slopes] /actual_system/simluator http://aneesh-Swift:42979/
[rosmaster.master][INFO] 2023-03-31 02:06:25,799: +PUB [/actual_system/state] /actual_system/simluator http://aneesh-Swift:42979/
[rosmaster.master][INFO] 2023-03-31 02:06:25,800: +PUB [/actual_system/complete_state] /actual_system/simluator http://aneesh-Swift:42979/
[rosmaster.master][INFO] 2023-03-31 02:06:25,801: +PUB [/actual_system/velocity] /actual_system/simluator http://aneesh-Swift:42979/
[rosmaster.master][INFO] 2023-03-31 02:06:25,804: +PUB [/actual_system/complete_pose] /actual_system/simluator http://aneesh-Swift:42979/
[rosmaster.master][INFO] 2023-03-31 02:06:25,834: publisherUpdate[/rosout] -> http://aneesh-Swift:35145/ ['http://aneesh-Swift:42979/']
[rosmaster.master][INFO] 2023-03-31 02:06:25,834: publisherUpdate[/actual_system/reset] -> http://aneesh-Swift:42979/ ['http://aneesh-Swift:42979/']
[rosmaster.master][INFO] 2023-03-31 02:06:25,838: publisherUpdate[/rosout] -> http://aneesh-Swift:35145/ ['http://aneesh-Swift:42979/']: sec=0.00, result=[1, '', 0]
[rosmaster.master][INFO] 2023-03-31 02:06:25,839: publisherUpdate[/actual_system/reset] -> http://aneesh-Swift:42979/ ['http://aneesh-Swift:42979/']: sec=0.00, result=[1, '', 0]
[rosmaster.master][INFO] 2023-03-31 02:06:26,255: +PUB [/rosout] /steady_state_checker_node http://aneesh-Swift:41291/
[rosmaster.master][INFO] 2023-03-31 02:06:26,257: +SERVICE [/steady_state_checker_node/get_loggers] /steady_state_checker_node http://aneesh-Swift:41291/
[rosmaster.master][INFO] 2023-03-31 02:06:26,258: +SERVICE [/steady_state_checker_node/set_logger_level] /steady_state_checker_node http://aneesh-Swift:41291/
[rosmaster.master][INFO] 2023-03-31 02:06:26,259: +PUB [/steady_system/state] /steady_state_checker_node http://aneesh-Swift:41291/
[rosmaster.master][INFO] 2023-03-31 02:06:26,260: +PUB [/steady_system/complete_pose] /steady_state_checker_node http://aneesh-Swift:41291/
[rosmaster.master][INFO] 2023-03-31 02:06:26,260: +PUB [/steady_system/complete_state] /steady_state_checker_node http://aneesh-Swift:41291/
[rosmaster.master][INFO] 2023-03-31 02:06:26,261: +PUB [/actual_system/force] /steady_state_checker_node http://aneesh-Swift:41291/
[rosmaster.master][INFO] 2023-03-31 02:06:26,262: +PUB [/steady_system/velocity] /steady_state_checker_node http://aneesh-Swift:41291/
[rosmaster.master][INFO] 2023-03-31 02:06:26,263: +SUB [/actual_system/state] /steady_state_checker_node http://aneesh-Swift:41291/
[rosmaster.master][INFO] 2023-03-31 02:06:26,265: +SUB [/actual_system/complete_pose] /steady_state_checker_node http://aneesh-Swift:41291/
[rosmaster.master][INFO] 2023-03-31 02:06:26,267: +SUB [/actual_system/complete_state] /steady_state_checker_node http://aneesh-Swift:41291/
[rosmaster.master][INFO] 2023-03-31 02:06:26,271: +SUB [/steady_system/force] /steady_state_checker_node http://aneesh-Swift:41291/
[rosmaster.master][INFO] 2023-03-31 02:06:26,336: publisherUpdate[/rosout] -> http://aneesh-Swift:35145/ ['http://aneesh-Swift:42979/', 'http://aneesh-Swift:41291/']
[rosmaster.master][INFO] 2023-03-31 02:06:26,337: publisherUpdate[/rosout] -> http://aneesh-Swift:35145/ ['http://aneesh-Swift:42979/', 'http://aneesh-Swift:41291/']: sec=0.00, result=[1, '', 0]
[rosmaster.master][INFO] 2023-03-31 02:06:26,337: publisherUpdate[/actual_system/force] -> http://aneesh-Swift:42979/ ['http://aneesh-Swift:41291/']
[rosmaster.master][INFO] 2023-03-31 02:06:26,338: publisherUpdate[/actual_system/force] -> http://aneesh-Swift:42979/ ['http://aneesh-Swift:41291/']: sec=0.00, result=[1, '', 0]
[rosmaster.master][INFO] 2023-03-31 02:06:28,676: +PUB [/rosout] /controller http://aneesh-Swift:37285/
[rosmaster.master][INFO] 2023-03-31 02:06:28,683: +SERVICE [/controller/get_loggers] /controller http://aneesh-Swift:37285/
[rosmaster.master][INFO] 2023-03-31 02:06:28,686: +SERVICE [/controller/set_logger_level] /controller http://aneesh-Swift:37285/
[rosmaster.master][INFO] 2023-03-31 02:06:28,688: +PUB [/steady_system/force] /controller http://aneesh-Swift:37285/
[rosmaster.master][INFO] 2023-03-31 02:06:28,691: +PUB [/actual_system/reset] /controller http://aneesh-Swift:37285/
[rosmaster.master][INFO] 2023-03-31 02:06:28,694: +PUB [/actual_system/target] /controller http://aneesh-Swift:37285/
[rosmaster.master][INFO] 2023-03-31 02:06:28,697: +PUB [/actual_system/radius] /controller http://aneesh-Swift:37285/
[rosmaster.master][INFO] 2023-03-31 02:06:28,702: +SUB [/steady_system/complete_pose] /controller http://aneesh-Swift:37285/
[rosmaster.master][INFO] 2023-03-31 02:06:28,706: +SUB [/steady_system/velocity] /controller http://aneesh-Swift:37285/
[rosmaster.master][INFO] 2023-03-31 02:06:28,746: publisherUpdate[/rosout] -> http://aneesh-Swift:35145/ ['http://aneesh-Swift:42979/', 'http://aneesh-Swift:41291/', 'http://aneesh-Swift:37285/']
[rosmaster.master][INFO] 2023-03-31 02:06:28,747: publisherUpdate[/steady_system/force] -> http://aneesh-Swift:41291/ ['http://aneesh-Swift:37285/']
[rosmaster.master][INFO] 2023-03-31 02:06:28,747: publisherUpdate[/actual_system/reset] -> http://aneesh-Swift:42979/ ['http://aneesh-Swift:42979/', 'http://aneesh-Swift:37285/']
[rosmaster.master][INFO] 2023-03-31 02:06:28,750: publisherUpdate[/rosout] -> http://aneesh-Swift:35145/ ['http://aneesh-Swift:42979/', 'http://aneesh-Swift:41291/', 'http://aneesh-Swift:37285/']: sec=0.00, result=[1, '', 0]
[rosmaster.master][INFO] 2023-03-31 02:06:28,753: publisherUpdate[/actual_system/reset] -> http://aneesh-Swift:42979/ ['http://aneesh-Swift:42979/', 'http://aneesh-Swift:37285/']: sec=0.00, result=[1, '', 0]
[rosmaster.master][INFO] 2023-03-31 02:06:28,754: publisherUpdate[/steady_system/force] -> http://aneesh-Swift:41291/ ['http://aneesh-Swift:37285/']: sec=0.01, result=[1, '', 0]
[rosmaster.master][INFO] 2023-03-31 02:06:39,278: -SUB [/actual_system/state] /steady_state_checker_node http://aneesh-Swift:41291/
[rosmaster.master][INFO] 2023-03-31 02:06:39,279: -SUB [/actual_system/complete_pose] /steady_state_checker_node http://aneesh-Swift:41291/
[rosmaster.master][INFO] 2023-03-31 02:06:39,279: -SUB [/actual_system/complete_state] /steady_state_checker_node http://aneesh-Swift:41291/
[rosmaster.master][INFO] 2023-03-31 02:06:39,279: -SUB [/steady_system/force] /steady_state_checker_node http://aneesh-Swift:41291/
[rosmaster.master][INFO] 2023-03-31 02:06:39,279: -PUB [/rosout] /steady_state_checker_node http://aneesh-Swift:41291/
[rosmaster.master][INFO] 2023-03-31 02:06:39,279: -PUB [/steady_system/state] /steady_state_checker_node http://aneesh-Swift:41291/
[rosmaster.master][INFO] 2023-03-31 02:06:39,279: -PUB [/steady_system/complete_pose] /steady_state_checker_node http://aneesh-Swift:41291/
[rosmaster.master][INFO] 2023-03-31 02:06:39,279: -PUB [/steady_system/complete_state] /steady_state_checker_node http://aneesh-Swift:41291/
[rosmaster.master][INFO] 2023-03-31 02:06:39,279: -PUB [/actual_system/force] /steady_state_checker_node http://aneesh-Swift:41291/
[rosmaster.master][INFO] 2023-03-31 02:06:39,279: -PUB [/steady_system/velocity] /steady_state_checker_node http://aneesh-Swift:41291/
[rosmaster.master][INFO] 2023-03-31 02:06:39,280: -SERVICE [/steady_state_checker_node/get_loggers] /steady_state_checker_node rosrpc://aneesh-Swift:36361
[rosmaster.master][INFO] 2023-03-31 02:06:39,280: -SERVICE [/steady_state_checker_node/set_logger_level] /steady_state_checker_node rosrpc://aneesh-Swift:36361
[rosmaster.master][INFO] 2023-03-31 02:06:39,282: -SUB [/steady_system/complete_pose] /controller http://aneesh-Swift:37285/
[rosmaster.master][INFO] 2023-03-31 02:06:39,282: -SUB [/steady_system/velocity] /controller http://aneesh-Swift:37285/
[rosmaster.master][INFO] 2023-03-31 02:06:39,282: -PUB [/rosout] /controller http://aneesh-Swift:37285/
[rosmaster.master][INFO] 2023-03-31 02:06:39,282: -PUB [/steady_system/force] /controller http://aneesh-Swift:37285/
[rosmaster.master][INFO] 2023-03-31 02:06:39,282: -PUB [/actual_system/reset] /controller http://aneesh-Swift:37285/
[rosmaster.master][INFO] 2023-03-31 02:06:39,282: -PUB [/actual_system/target] /controller http://aneesh-Swift:37285/
[rosmaster.master][INFO] 2023-03-31 02:06:39,282: -PUB [/actual_system/radius] /controller http://aneesh-Swift:37285/
[rosmaster.master][INFO] 2023-03-31 02:06:39,283: -SERVICE [/controller/get_loggers] /controller rosrpc://aneesh-Swift:42603
[rosmaster.master][INFO] 2023-03-31 02:06:39,283: -SERVICE [/controller/set_logger_level] /controller rosrpc://aneesh-Swift:42603
[rosmaster.master][INFO] 2023-03-31 02:06:39,368: publisherUpdate[/rosout] -> http://aneesh-Swift:35145/ ['http://aneesh-Swift:42979/', 'http://aneesh-Swift:37285/']
[rosmaster.master][INFO] 2023-03-31 02:06:39,368: publisherUpdate[/rosout] -> http://aneesh-Swift:35145/ ['http://aneesh-Swift:42979/', 'http://aneesh-Swift:37285/']: sec=0.00, result=[1, '', 0]
[rosmaster.master][INFO] 2023-03-31 02:06:39,369: publisherUpdate[/steady_system/complete_pose] -> http://aneesh-Swift:37285/ []
[rosmaster.master][INFO] 2023-03-31 02:06:39,369: publisherUpdate[/actual_system/force] -> http://aneesh-Swift:42979/ []
[rosmaster.master][INFO] 2023-03-31 02:06:39,369: -PUB [/rosout] /actual_system/simluator http://aneesh-Swift:42979/
[rosmaster.master][INFO] 2023-03-31 02:06:39,370: publisherUpdate[/rosout] -> http://aneesh-Swift:35145/ ['http://aneesh-Swift:42979/']
[rosmaster.master][INFO] 2023-03-31 02:06:39,370: publisherUpdate[/steady_system/complete_pose] -> http://aneesh-Swift:37285/ []: sec=0.00, exception=[Errno 111] Connection refused
[rosmaster.threadpool][ERROR] 2023-03-31 02:06:39,372: Traceback (most recent call last):
  File "/opt/ros/noetic/lib/python3/dist-packages/rosmaster/threadpool.py", line 218, in run
    result = cmd(*args)
  File "/opt/ros/noetic/lib/python3/dist-packages/rosmaster/master_api.py", line 210, in publisher_update_task
    ret = xmlrpcapi(api).publisherUpdate('/master', topic, pub_uris)
  File "/usr/lib/python3.8/xmlrpc/client.py", line 1109, in __call__
    return self.__send(self.__name, args)
  File "/usr/lib/python3.8/xmlrpc/client.py", line 1450, in __request
    response = self.__transport.request(
  File "/usr/lib/python3.8/xmlrpc/client.py", line 1153, in request
    return self.single_request(host, handler, request_body, verbose)
  File "/usr/lib/python3.8/xmlrpc/client.py", line 1165, in single_request
    http_conn = self.send_request(host, handler, request_body, verbose)
  File "/usr/lib/python3.8/xmlrpc/client.py", line 1278, in send_request
    self.send_content(connection, request_body)
  File "/usr/lib/python3.8/xmlrpc/client.py", line 1308, in send_content
    connection.endheaders(request_body)
  File "/usr/lib/python3.8/http/client.py", line 1251, in endheaders
    self._send_output(message_body, encode_chunked=encode_chunked)
  File "/usr/lib/python3.8/http/client.py", line 1011, in _send_output
    self.send(msg)
  File "/usr/lib/python3.8/http/client.py", line 951, in send
    self.connect()
  File "/usr/lib/python3.8/http/client.py", line 922, in connect
    self.sock = self._create_connection(
  File "/usr/lib/python3.8/socket.py", line 808, in create_connection
    raise err
  File "/usr/lib/python3.8/socket.py", line 796, in create_connection
    sock.connect(sa)
ConnectionRefusedError: [Errno 111] Connection refused

[rosmaster.master][INFO] 2023-03-31 02:06:39,373: publisherUpdate[/steady_system/velocity] -> http://aneesh-Swift:37285/ []
[rosmaster.master][INFO] 2023-03-31 02:06:39,373: publisherUpdate[/rosout] -> http://aneesh-Swift:35145/ ['http://aneesh-Swift:42979/']: sec=0.00, result=[1, '', 0]
[rosmaster.master][INFO] 2023-03-31 02:06:39,374: publisherUpdate[/rosout] -> http://aneesh-Swift:35145/ []
[rosmaster.master][INFO] 2023-03-31 02:06:39,374: publisherUpdate[/rosout] -> http://aneesh-Swift:35145/ []: sec=0.00, result=[1, '', 0]
[rosmaster.master][INFO] 2023-03-31 02:06:39,375: -PUB [/actual_system/reset] /actual_system/simluator http://aneesh-Swift:42979/
[rosmaster.master][INFO] 2023-03-31 02:06:39,375: publisherUpdate[/steady_system/velocity] -> http://aneesh-Swift:37285/ []: sec=0.00, exception=[Errno 111] Connection refused
[rosmaster.threadpool][ERROR] 2023-03-31 02:06:39,375: Traceback (most recent call last):
  File "/opt/ros/noetic/lib/python3/dist-packages/rosmaster/threadpool.py", line 218, in run
    result = cmd(*args)
  File "/opt/ros/noetic/lib/python3/dist-packages/rosmaster/master_api.py", line 210, in publisher_update_task
    ret = xmlrpcapi(api).publisherUpdate('/master', topic, pub_uris)
  File "/usr/lib/python3.8/xmlrpc/client.py", line 1109, in __call__
    return self.__send(self.__name, args)
  File "/usr/lib/python3.8/xmlrpc/client.py", line 1450, in __request
    response = self.__transport.request(
  File "/usr/lib/python3.8/xmlrpc/client.py", line 1153, in request
    return self.single_request(host, handler, request_body, verbose)
  File "/usr/lib/python3.8/xmlrpc/client.py", line 1165, in single_request
    http_conn = self.send_request(host, handler, request_body, verbose)
  File "/usr/lib/python3.8/xmlrpc/client.py", line 1278, in send_request
    self.send_content(connection, request_body)
  File "/usr/lib/python3.8/xmlrpc/client.py", line 1308, in send_content
    connection.endheaders(request_body)
  File "/usr/lib/python3.8/http/client.py", line 1251, in endheaders
    self._send_output(message_body, encode_chunked=encode_chunked)
  File "/usr/lib/python3.8/http/client.py", line 1011, in _send_output
    self.send(msg)
  File "/usr/lib/python3.8/http/client.py", line 951, in send
    self.connect()
  File "/usr/lib/python3.8/http/client.py", line 922, in connect
    self.sock = self._create_connection(
  File "/usr/lib/python3.8/socket.py", line 808, in create_connection
    raise err
  File "/usr/lib/python3.8/socket.py", line 796, in create_connection
    sock.connect(sa)
ConnectionRefusedError: [Errno 111] Connection refused

[rosmaster.master][INFO] 2023-03-31 02:06:39,375: -PUB [/actual_system/slopes] /actual_system/simluator http://aneesh-Swift:42979/
[rosmaster.master][INFO] 2023-03-31 02:06:39,376: -PUB [/actual_system/state] /actual_system/simluator http://aneesh-Swift:42979/
[rosmaster.master][INFO] 2023-03-31 02:06:39,379: -PUB [/actual_system/complete_state] /actual_system/simluator http://aneesh-Swift:42979/
[rosmaster.master][INFO] 2023-03-31 02:06:39,380: -PUB [/actual_system/velocity] /actual_system/simluator http://aneesh-Swift:42979/
[rosmaster.master][INFO] 2023-03-31 02:06:39,380: -PUB [/actual_system/complete_pose] /actual_system/simluator http://aneesh-Swift:42979/
[rosmaster.master][INFO] 2023-03-31 02:06:39,381: -SUB [/actual_system/force] /actual_system/simluator http://aneesh-Swift:42979/
[rosmaster.master][INFO] 2023-03-31 02:06:39,382: -SUB [/actual_system/reset] /actual_system/simluator http://aneesh-Swift:42979/
[rosmaster.master][INFO] 2023-03-31 02:06:39,383: -SERVICE [/actual_system/simluator/get_loggers] /actual_system/simluator rosrpc://aneesh-Swift:45113
[rosmaster.master][INFO] 2023-03-31 02:06:39,383: publisherUpdate[/actual_system/force] -> http://aneesh-Swift:42979/ []: sec=0.01, exception=<Fault -1: 'publisherUpdate: unknown method name'>
[rosmaster.threadpool][ERROR] 2023-03-31 02:06:39,383: Traceback (most recent call last):
  File "/opt/ros/noetic/lib/python3/dist-packages/rosmaster/threadpool.py", line 218, in run
    result = cmd(*args)
  File "/opt/ros/noetic/lib/python3/dist-packages/rosmaster/master_api.py", line 210, in publisher_update_task
    ret = xmlrpcapi(api).publisherUpdate('/master', topic, pub_uris)
  File "/usr/lib/python3.8/xmlrpc/client.py", line 1109, in __call__
    return self.__send(self.__name, args)
  File "/usr/lib/python3.8/xmlrpc/client.py", line 1450, in __request
    response = self.__transport.request(
  File "/usr/lib/python3.8/xmlrpc/client.py", line 1153, in request
    return self.single_request(host, handler, request_body, verbose)
  File "/usr/lib/python3.8/xmlrpc/client.py", line 1169, in single_request
    return self.parse_response(resp)
  File "/usr/lib/python3.8/xmlrpc/client.py", line 1341, in parse_response
    return u.close()
  File "/usr/lib/python3.8/xmlrpc/client.py", line 655, in close
    raise Fault(**self._stack[0])
xmlrpc.client.Fault: <Fault -1: 'publisherUpdate: unknown method name'>

[rosmaster.master][INFO] 2023-03-31 02:06:39,383: publisherUpdate[/actual_system/reset] -> http://aneesh-Swift:42979/ ['http://aneesh-Swift:42979/']
[rosmaster.master][INFO] 2023-03-31 02:06:39,384: publisherUpdate[/actual_system/reset] -> http://aneesh-Swift:42979/ ['http://aneesh-Swift:42979/']: sec=0.00, exception=<Fault -1: 'publisherUpdate: unknown method name'>
[rosmaster.threadpool][ERROR] 2023-03-31 02:06:39,384: Traceback (most recent call last):
  File "/opt/ros/noetic/lib/python3/dist-packages/rosmaster/threadpool.py", line 218, in run
    result = cmd(*args)
  File "/opt/ros/noetic/lib/python3/dist-packages/rosmaster/master_api.py", line 210, in publisher_update_task
    ret = xmlrpcapi(api).publisherUpdate('/master', topic, pub_uris)
  File "/usr/lib/python3.8/xmlrpc/client.py", line 1109, in __call__
    return self.__send(self.__name, args)
  File "/usr/lib/python3.8/xmlrpc/client.py", line 1450, in __request
    response = self.__transport.request(
  File "/usr/lib/python3.8/xmlrpc/client.py", line 1153, in request
    return self.single_request(host, handler, request_body, verbose)
  File "/usr/lib/python3.8/xmlrpc/client.py", line 1169, in single_request
    return self.parse_response(resp)
  File "/usr/lib/python3.8/xmlrpc/client.py", line 1341, in parse_response
    return u.close()
  File "/usr/lib/python3.8/xmlrpc/client.py", line 655, in close
    raise Fault(**self._stack[0])
xmlrpc.client.Fault: <Fault -1: 'publisherUpdate: unknown method name'>

[rosmaster.master][INFO] 2023-03-31 02:06:39,384: publisherUpdate[/actual_system/reset] -> http://aneesh-Swift:42979/ []
[rosmaster.master][INFO] 2023-03-31 02:06:39,385: -SERVICE [/actual_system/simluator/set_logger_level] /actual_system/simluator rosrpc://aneesh-Swift:45113
[rosmaster.master][INFO] 2023-03-31 02:06:39,385: publisherUpdate[/actual_system/reset] -> http://aneesh-Swift:42979/ []: sec=0.00, exception=<Fault -1: 'publisherUpdate: unknown method name'>
[rosmaster.threadpool][ERROR] 2023-03-31 02:06:39,386: Traceback (most recent call last):
  File "/opt/ros/noetic/lib/python3/dist-packages/rosmaster/threadpool.py", line 218, in run
    result = cmd(*args)
  File "/opt/ros/noetic/lib/python3/dist-packages/rosmaster/master_api.py", line 210, in publisher_update_task
    ret = xmlrpcapi(api).publisherUpdate('/master', topic, pub_uris)
  File "/usr/lib/python3.8/xmlrpc/client.py", line 1109, in __call__
    return self.__send(self.__name, args)
  File "/usr/lib/python3.8/xmlrpc/client.py", line 1450, in __request
    response = self.__transport.request(
  File "/usr/lib/python3.8/xmlrpc/client.py", line 1153, in request
    return self.single_request(host, handler, request_body, verbose)
  File "/usr/lib/python3.8/xmlrpc/client.py", line 1169, in single_request
    return self.parse_response(resp)
  File "/usr/lib/python3.8/xmlrpc/client.py", line 1341, in parse_response
    return u.close()
  File "/usr/lib/python3.8/xmlrpc/client.py", line 655, in close
    raise Fault(**self._stack[0])
xmlrpc.client.Fault: <Fault -1: 'publisherUpdate: unknown method name'>

[rosmaster.master][INFO] 2023-03-31 02:06:40,476: -PUB [/rosout_agg] /rosout http://aneesh-Swift:35145/
[rosmaster.master][INFO] 2023-03-31 02:06:40,477: -SUB [/rosout] /rosout http://aneesh-Swift:35145/
[rosmaster.master][INFO] 2023-03-31 02:06:40,477: -SERVICE [/rosout/get_loggers] /rosout rosrpc://aneesh-Swift:49113
[rosmaster.master][INFO] 2023-03-31 02:06:40,477: -SERVICE [/rosout/set_logger_level] /rosout rosrpc://aneesh-Swift:49113
[rosmaster.main][INFO] 2023-03-31 02:06:40,488: keyboard interrupt, will exit
[rosmaster.main][INFO] 2023-03-31 02:06:40,488: stopping master...
[rospy.core][INFO] 2023-03-31 02:06:40,488: signal_shutdown [atexit]
