[rosmaster.main][INFO] 2023-04-05 12:29:23,030: initialization complete, waiting for shutdown
[rosmaster.main][INFO] 2023-04-05 12:29:23,030: Starting ROS Master Node
[xmlrpc][INFO] 2023-04-05 12:29:23,031: XML-RPC server binding to 0.0.0.0:11311
[xmlrpc][INFO] 2023-04-05 12:29:23,031: Started XML-RPC server [http://aneesh-Swift:11311/]
[rosmaster.master][INFO] 2023-04-05 12:29:23,031: Master initialized: port[11311], uri[http://aneesh-Swift:11311/]
[xmlrpc][INFO] 2023-04-05 12:29:23,031: xml rpc node: starting XML-RPC server
[rosmaster.master][INFO] 2023-04-05 12:29:23,055: +PARAM [/run_id] by /roslaunch
[rosmaster.master][INFO] 2023-04-05 12:29:23,057: +PARAM [/roslaunch/uris/host_aneesh_swift__44141] by /roslaunch
[rosmaster.master][INFO] 2023-04-05 12:29:23,100: +PARAM [/rosversion] by /roslaunch
[rosmaster.master][INFO] 2023-04-05 12:29:23,101: +PARAM [/rosdistro] by /roslaunch
[rosmaster.master][INFO] 2023-04-05 12:29:23,114: +SERVICE [/rosout/get_loggers] /rosout http://aneesh-Swift:42419/
[rosmaster.master][INFO] 2023-04-05 12:29:23,115: +SERVICE [/rosout/set_logger_level] /rosout http://aneesh-Swift:42419/
[rosmaster.master][INFO] 2023-04-05 12:29:23,117: +PUB [/rosout_agg] /rosout http://aneesh-Swift:42419/
[rosmaster.master][INFO] 2023-04-05 12:29:23,120: +SUB [/rosout] /rosout http://aneesh-Swift:42419/
[rosmaster.master][INFO] 2023-04-05 12:29:23,138: +PUB [/rosout] /actual_system/simluator http://aneesh-Swift:37553/
[rosmaster.master][INFO] 2023-04-05 12:29:23,138: +SERVICE [/actual_system/simluator/get_loggers] /actual_system/simluator http://aneesh-Swift:37553/
[rosmaster.master][INFO] 2023-04-05 12:29:23,139: +SERVICE [/actual_system/simluator/set_logger_level] /actual_system/simluator http://aneesh-Swift:37553/
[rosmaster.master][INFO] 2023-04-05 12:29:23,142: +SUB [/actual_system/force] /actual_system/simluator http://aneesh-Swift:37553/
[rosmaster.master][INFO] 2023-04-05 12:29:23,146: +SUB [/actual_system/reset] /actual_system/simluator http://aneesh-Swift:37553/
[rosmaster.master][INFO] 2023-04-05 12:29:23,147: +PUB [/actual_system/reset] /actual_system/simluator http://aneesh-Swift:37553/
[rosmaster.master][INFO] 2023-04-05 12:29:23,147: +PUB [/actual_system/slopes] /actual_system/simluator http://aneesh-Swift:37553/
[rosmaster.master][INFO] 2023-04-05 12:29:23,148: +PUB [/actual_system/state] /actual_system/simluator http://aneesh-Swift:37553/
[rosmaster.master][INFO] 2023-04-05 12:29:23,149: +PUB [/actual_system/complete_state] /actual_system/simluator http://aneesh-Swift:37553/
[rosmaster.master][INFO] 2023-04-05 12:29:23,149: +PUB [/actual_system/velocity] /actual_system/simluator http://aneesh-Swift:37553/
[rosmaster.master][INFO] 2023-04-05 12:29:23,150: +PUB [/actual_system/complete_pose] /actual_system/simluator http://aneesh-Swift:37553/
[rosmaster.master][INFO] 2023-04-05 12:29:23,231: publisherUpdate[/rosout] -> http://aneesh-Swift:42419/ ['http://aneesh-Swift:37553/']
[rosmaster.master][INFO] 2023-04-05 12:29:23,235: publisherUpdate[/actual_system/reset] -> http://aneesh-Swift:37553/ ['http://aneesh-Swift:37553/']
[rosmaster.master][INFO] 2023-04-05 12:29:23,236: publisherUpdate[/actual_system/reset] -> http://aneesh-Swift:37553/ ['http://aneesh-Swift:37553/']: sec=0.00, result=[1, '', 0]
[rosmaster.master][INFO] 2023-04-05 12:29:23,237: publisherUpdate[/rosout] -> http://aneesh-Swift:42419/ ['http://aneesh-Swift:37553/']: sec=0.01, result=[1, '', 0]
[rosmaster.master][INFO] 2023-04-05 12:29:23,566: +PUB [/rosout] /steady_state_checker_node http://aneesh-Swift:46575/
[rosmaster.master][INFO] 2023-04-05 12:29:23,568: +SERVICE [/steady_state_checker_node/get_loggers] /steady_state_checker_node http://aneesh-Swift:46575/
[rosmaster.master][INFO] 2023-04-05 12:29:23,569: +SERVICE [/steady_state_checker_node/set_logger_level] /steady_state_checker_node http://aneesh-Swift:46575/
[rosmaster.master][INFO] 2023-04-05 12:29:23,570: +PUB [/steady_system/state] /steady_state_checker_node http://aneesh-Swift:46575/
[rosmaster.master][INFO] 2023-04-05 12:29:23,571: +PUB [/steady_system/complete_pose] /steady_state_checker_node http://aneesh-Swift:46575/
[rosmaster.master][INFO] 2023-04-05 12:29:23,572: +PUB [/steady_system/complete_state] /steady_state_checker_node http://aneesh-Swift:46575/
[rosmaster.master][INFO] 2023-04-05 12:29:23,573: +PUB [/actual_system/force] /steady_state_checker_node http://aneesh-Swift:46575/
[rosmaster.master][INFO] 2023-04-05 12:29:23,573: +PUB [/steady_system/velocity] /steady_state_checker_node http://aneesh-Swift:46575/
[rosmaster.master][INFO] 2023-04-05 12:29:23,575: +SUB [/actual_system/state] /steady_state_checker_node http://aneesh-Swift:46575/
[rosmaster.master][INFO] 2023-04-05 12:29:23,576: +SUB [/actual_system/complete_pose] /steady_state_checker_node http://aneesh-Swift:46575/
[rosmaster.master][INFO] 2023-04-05 12:29:23,579: +SUB [/actual_system/complete_state] /steady_state_checker_node http://aneesh-Swift:46575/
[rosmaster.master][INFO] 2023-04-05 12:29:23,584: +SUB [/steady_system/force] /steady_state_checker_node http://aneesh-Swift:46575/
[rosmaster.master][INFO] 2023-04-05 12:29:23,636: publisherUpdate[/rosout] -> http://aneesh-Swift:42419/ ['http://aneesh-Swift:37553/', 'http://aneesh-Swift:46575/']
[rosmaster.master][INFO] 2023-04-05 12:29:23,637: publisherUpdate[/rosout] -> http://aneesh-Swift:42419/ ['http://aneesh-Swift:37553/', 'http://aneesh-Swift:46575/']: sec=0.00, result=[1, '', 0]
[rosmaster.master][INFO] 2023-04-05 12:29:23,637: publisherUpdate[/actual_system/force] -> http://aneesh-Swift:37553/ ['http://aneesh-Swift:46575/']
[rosmaster.master][INFO] 2023-04-05 12:29:23,639: publisherUpdate[/actual_system/force] -> http://aneesh-Swift:37553/ ['http://aneesh-Swift:46575/']: sec=0.00, result=[1, '', 0]
[rosmaster.master][INFO] 2023-04-05 12:29:25,082: +PUB [/rosout] /controller http://aneesh-Swift:36901/
[rosmaster.master][INFO] 2023-04-05 12:29:25,088: +SERVICE [/controller/get_loggers] /controller http://aneesh-Swift:36901/
[rosmaster.master][INFO] 2023-04-05 12:29:25,090: +SERVICE [/controller/set_logger_level] /controller http://aneesh-Swift:36901/
[rosmaster.master][INFO] 2023-04-05 12:29:25,093: +PUB [/steady_system/force] /controller http://aneesh-Swift:36901/
[rosmaster.master][INFO] 2023-04-05 12:29:25,095: +PUB [/actual_system/reset] /controller http://aneesh-Swift:36901/
[rosmaster.master][INFO] 2023-04-05 12:29:25,097: +PUB [/actual_system/target] /controller http://aneesh-Swift:36901/
[rosmaster.master][INFO] 2023-04-05 12:29:25,100: +PUB [/actual_system/radius] /controller http://aneesh-Swift:36901/
[rosmaster.master][INFO] 2023-04-05 12:29:25,104: +SUB [/steady_system/complete_pose] /controller http://aneesh-Swift:36901/
[rosmaster.master][INFO] 2023-04-05 12:29:25,108: +SUB [/steady_system/velocity] /controller http://aneesh-Swift:36901/
[rosmaster.master][INFO] 2023-04-05 12:29:25,140: publisherUpdate[/rosout] -> http://aneesh-Swift:42419/ ['http://aneesh-Swift:37553/', 'http://aneesh-Swift:46575/', 'http://aneesh-Swift:36901/']
[rosmaster.master][INFO] 2023-04-05 12:29:25,140: publisherUpdate[/steady_system/force] -> http://aneesh-Swift:46575/ ['http://aneesh-Swift:36901/']
[rosmaster.master][INFO] 2023-04-05 12:29:25,142: publisherUpdate[/rosout] -> http://aneesh-Swift:42419/ ['http://aneesh-Swift:37553/', 'http://aneesh-Swift:46575/', 'http://aneesh-Swift:36901/']: sec=0.00, result=[1, '', 0]
[rosmaster.master][INFO] 2023-04-05 12:29:25,142: publisherUpdate[/actual_system/reset] -> http://aneesh-Swift:37553/ ['http://aneesh-Swift:37553/', 'http://aneesh-Swift:36901/']
[rosmaster.master][INFO] 2023-04-05 12:29:25,145: publisherUpdate[/actual_system/reset] -> http://aneesh-Swift:37553/ ['http://aneesh-Swift:37553/', 'http://aneesh-Swift:36901/']: sec=0.00, result=[1, '', 0]
[rosmaster.master][INFO] 2023-04-05 12:29:25,146: publisherUpdate[/steady_system/force] -> http://aneesh-Swift:46575/ ['http://aneesh-Swift:36901/']: sec=0.01, result=[1, '', 0]
[rosmaster.master][INFO] 2023-04-05 12:29:43,287: -SUB [/steady_system/complete_pose] /controller http://aneesh-Swift:36901/
[rosmaster.master][INFO] 2023-04-05 12:29:43,288: -SUB [/steady_system/velocity] /controller http://aneesh-Swift:36901/
[rosmaster.master][INFO] 2023-04-05 12:29:43,288: -PUB [/rosout] /controller http://aneesh-Swift:36901/
[rosmaster.master][INFO] 2023-04-05 12:29:43,288: -PUB [/steady_system/force] /controller http://aneesh-Swift:36901/
[rosmaster.master][INFO] 2023-04-05 12:29:43,288: -PUB [/actual_system/reset] /controller http://aneesh-Swift:36901/
[rosmaster.master][INFO] 2023-04-05 12:29:43,288: -PUB [/actual_system/target] /controller http://aneesh-Swift:36901/
[rosmaster.master][INFO] 2023-04-05 12:29:43,288: -PUB [/actual_system/radius] /controller http://aneesh-Swift:36901/
[rosmaster.master][INFO] 2023-04-05 12:29:43,288: -SERVICE [/controller/get_loggers] /controller rosrpc://aneesh-Swift:34017
[rosmaster.master][INFO] 2023-04-05 12:29:43,288: -SERVICE [/controller/set_logger_level] /controller rosrpc://aneesh-Swift:34017
[rosmaster.master][INFO] 2023-04-05 12:29:43,369: publisherUpdate[/rosout] -> http://aneesh-Swift:42419/ ['http://aneesh-Swift:37553/', 'http://aneesh-Swift:46575/']
[rosmaster.master][INFO] 2023-04-05 12:29:43,370: publisherUpdate[/rosout] -> http://aneesh-Swift:42419/ ['http://aneesh-Swift:37553/', 'http://aneesh-Swift:46575/']: sec=0.00, result=[1, '', 0]
[rosmaster.master][INFO] 2023-04-05 12:29:43,370: publisherUpdate[/steady_system/force] -> http://aneesh-Swift:46575/ []
[rosmaster.master][INFO] 2023-04-05 12:29:43,371: publisherUpdate[/steady_system/force] -> http://aneesh-Swift:46575/ []: sec=0.00, result=[1, '', 0]
[rosmaster.master][INFO] 2023-04-05 12:29:43,372: publisherUpdate[/actual_system/reset] -> http://aneesh-Swift:37553/ ['http://aneesh-Swift:37553/']
[rosmaster.master][INFO] 2023-04-05 12:29:43,372: publisherUpdate[/actual_system/reset] -> http://aneesh-Swift:37553/ ['http://aneesh-Swift:37553/']: sec=0.00, result=[1, '', 0]
[rosmaster.master][INFO] 2023-04-05 12:30:13,346: -SUB [/actual_system/state] /steady_state_checker_node http://aneesh-Swift:46575/
[rosmaster.master][INFO] 2023-04-05 12:30:13,346: -SUB [/actual_system/complete_pose] /steady_state_checker_node http://aneesh-Swift:46575/
[rosmaster.master][INFO] 2023-04-05 12:30:13,346: -SUB [/actual_system/complete_state] /steady_state_checker_node http://aneesh-Swift:46575/
[rosmaster.master][INFO] 2023-04-05 12:30:13,346: -SUB [/steady_system/force] /steady_state_checker_node http://aneesh-Swift:46575/
[rosmaster.master][INFO] 2023-04-05 12:30:13,346: -PUB [/rosout] /steady_state_checker_node http://aneesh-Swift:46575/
[rosmaster.master][INFO] 2023-04-05 12:30:13,346: -PUB [/steady_system/state] /steady_state_checker_node http://aneesh-Swift:46575/
[rosmaster.master][INFO] 2023-04-05 12:30:13,346: -PUB [/steady_system/complete_pose] /steady_state_checker_node http://aneesh-Swift:46575/
[rosmaster.master][INFO] 2023-04-05 12:30:13,347: -PUB [/steady_system/complete_state] /steady_state_checker_node http://aneesh-Swift:46575/
[rosmaster.master][INFO] 2023-04-05 12:30:13,347: -PUB [/actual_system/force] /steady_state_checker_node http://aneesh-Swift:46575/
[rosmaster.master][INFO] 2023-04-05 12:30:13,347: -PUB [/steady_system/velocity] /steady_state_checker_node http://aneesh-Swift:46575/
[rosmaster.master][INFO] 2023-04-05 12:30:13,347: -SERVICE [/steady_state_checker_node/get_loggers] /steady_state_checker_node rosrpc://aneesh-Swift:44267
[rosmaster.master][INFO] 2023-04-05 12:30:13,347: -SERVICE [/steady_state_checker_node/set_logger_level] /steady_state_checker_node rosrpc://aneesh-Swift:44267
[rosmaster.master][INFO] 2023-04-05 12:30:13,413: publisherUpdate[/rosout] -> http://aneesh-Swift:42419/ ['http://aneesh-Swift:37553/']
[rosmaster.master][INFO] 2023-04-05 12:30:13,413: publisherUpdate[/actual_system/force] -> http://aneesh-Swift:37553/ []
[rosmaster.master][INFO] 2023-04-05 12:30:13,414: publisherUpdate[/rosout] -> http://aneesh-Swift:42419/ ['http://aneesh-Swift:37553/']: sec=0.00, result=[1, '', 0]
[rosmaster.master][INFO] 2023-04-05 12:30:13,414: publisherUpdate[/actual_system/force] -> http://aneesh-Swift:37553/ []: sec=0.00, result=[0, 'Unknown Error', 0]
[rosmaster.master][INFO] 2023-04-05 12:30:13,515: -PUB [/rosout] /actual_system/simluator http://aneesh-Swift:37553/
[rosmaster.master][INFO] 2023-04-05 12:30:13,515: publisherUpdate[/rosout] -> http://aneesh-Swift:42419/ []
[rosmaster.master][INFO] 2023-04-05 12:30:13,516: -PUB [/actual_system/reset] /actual_system/simluator http://aneesh-Swift:37553/
[rosmaster.master][INFO] 2023-04-05 12:30:13,516: publisherUpdate[/rosout] -> http://aneesh-Swift:42419/ []: sec=0.00, result=[1, '', 0]
[rosmaster.master][INFO] 2023-04-05 12:30:13,517: -PUB [/actual_system/slopes] /actual_system/simluator http://aneesh-Swift:37553/
[rosmaster.master][INFO] 2023-04-05 12:30:13,517: publisherUpdate[/actual_system/reset] -> http://aneesh-Swift:37553/ []
[rosmaster.master][INFO] 2023-04-05 12:30:13,518: -PUB [/actual_system/state] /actual_system/simluator http://aneesh-Swift:37553/
[rosmaster.master][INFO] 2023-04-05 12:30:13,518: -PUB [/actual_system/complete_state] /actual_system/simluator http://aneesh-Swift:37553/
[rosmaster.master][INFO] 2023-04-05 12:30:13,519: -PUB [/actual_system/velocity] /actual_system/simluator http://aneesh-Swift:37553/
[rosmaster.master][INFO] 2023-04-05 12:30:13,519: -PUB [/actual_system/complete_pose] /actual_system/simluator http://aneesh-Swift:37553/
[rosmaster.master][INFO] 2023-04-05 12:30:13,520: -SUB [/actual_system/force] /actual_system/simluator http://aneesh-Swift:37553/
[rosmaster.master][INFO] 2023-04-05 12:30:13,520: -SUB [/actual_system/reset] /actual_system/simluator http://aneesh-Swift:37553/
[rosmaster.master][INFO] 2023-04-05 12:30:13,520: -SERVICE [/actual_system/simluator/get_loggers] /actual_system/simluator rosrpc://aneesh-Swift:51653
[rosmaster.master][INFO] 2023-04-05 12:30:13,521: -SERVICE [/actual_system/simluator/set_logger_level] /actual_system/simluator rosrpc://aneesh-Swift:51653
[rosmaster.master][INFO] 2023-04-05 12:30:13,525: publisherUpdate[/actual_system/reset] -> http://aneesh-Swift:37553/ []: sec=0.01, exception=[Errno 111] Connection refused
[rosmaster.threadpool][ERROR] 2023-04-05 12:30:13,526: Traceback (most recent call last):
  File "/opt/ros/noetic/lib/python3/dist-packages/rosmaster/threadpool.py", line 218, in run
    result = cmd(*args)
  File "/opt/ros/noetic/lib/python3/dist-packages/rosmaster/master_api.py", line 210, in publisher_update_task
    ret = xmlrpcapi(api).publisherUpdate('/master', topic, pub_uris)
  File "/usr/lib/python3.8/xmlrpc/client.py", line 1109, in __call__
    return self.__send(self.__name, args)
  File "/usr/lib/python3.8/xmlrpc/client.py", line 1450, in __request
    response = self.__transport.request(
  File "/usr/lib/python3.8/xmlrpc/client.py", line 1153, in request
    return self.single_request(host, handler, request_body, verbose)
  File "/usr/lib/python3.8/xmlrpc/client.py", line 1165, in single_request
    http_conn = self.send_request(host, handler, request_body, verbose)
  File "/usr/lib/python3.8/xmlrpc/client.py", line 1278, in send_request
    self.send_content(connection, request_body)
  File "/usr/lib/python3.8/xmlrpc/client.py", line 1308, in send_content
    connection.endheaders(request_body)
  File "/usr/lib/python3.8/http/client.py", line 1251, in endheaders
    self._send_output(message_body, encode_chunked=encode_chunked)
  File "/usr/lib/python3.8/http/client.py", line 1011, in _send_output
    self.send(msg)
  File "/usr/lib/python3.8/http/client.py", line 951, in send
    self.connect()
  File "/usr/lib/python3.8/http/client.py", line 922, in connect
    self.sock = self._create_connection(
  File "/usr/lib/python3.8/socket.py", line 808, in create_connection
    raise err
  File "/usr/lib/python3.8/socket.py", line 796, in create_connection
    sock.connect(sa)
ConnectionRefusedError: [Errno 111] Connection refused

[rosmaster.master][INFO] 2023-04-05 12:30:14,217: -PUB [/rosout_agg] /rosout http://aneesh-Swift:42419/
[rosmaster.master][INFO] 2023-04-05 12:30:14,218: -SUB [/rosout] /rosout http://aneesh-Swift:42419/
[rosmaster.master][INFO] 2023-04-05 12:30:14,218: -SERVICE [/rosout/get_loggers] /rosout rosrpc://aneesh-Swift:53885
[rosmaster.master][INFO] 2023-04-05 12:30:14,219: -SERVICE [/rosout/set_logger_level] /rosout rosrpc://aneesh-Swift:53885
[rosmaster.main][INFO] 2023-04-05 12:30:14,249: keyboard interrupt, will exit
[rosmaster.main][INFO] 2023-04-05 12:30:14,249: stopping master...
[rospy.core][INFO] 2023-04-05 12:30:14,249: signal_shutdown [atexit]
