[rospy.client][INFO] 2023-03-29 17:02:04,344: init_node, name[/controller], pid[63346]
[xmlrpc][INFO] 2023-03-29 17:02:04,345: XML-RPC server binding to 0.0.0.0:0
[xmlrpc][INFO] 2023-03-29 17:02:04,345: Started XML-RPC server [http://aneesh-Swift:35445/]
[rospy.impl.masterslave][INFO] 2023-03-29 17:02:04,345: _ready: http://aneesh-Swift:35445/
[rospy.init][INFO] 2023-03-29 17:02:04,345: ROS Slave URI: [http://aneesh-Swift:35445/]
[rospy.registration][INFO] 2023-03-29 17:02:04,346: Registering with master node http://localhost:11311
[xmlrpc][INFO] 2023-03-29 17:02:04,346: xml rpc node: starting XML-RPC server
[rospy.init][INFO] 2023-03-29 17:02:04,446: registered with master
[rospy.rosout][INFO] 2023-03-29 17:02:04,447: initializing /rosout core topic
[rospy.rosout][INFO] 2023-03-29 17:02:04,452: connected to core topic /rosout
[rospy.simtime][INFO] 2023-03-29 17:02:04,454: /use_sim_time is not set, will not subscribe to simulated time [/clock] topic
[rospy.internal][INFO] 2023-03-29 17:02:04,480: topic[/steady_system/complete_pose] adding connection to [http://aneesh-Swift:34915/], count 0
[rospy.internal][INFO] 2023-03-29 17:02:04,482: topic[/steady_system/velocity] adding connection to [http://aneesh-Swift:34915/], count 0
[rospy.internal][INFO] 2023-03-29 17:02:04,527: topic[/steady_system/force] adding connection to [/steady_state_checker_node], count 0
[rospy.internal][INFO] 2023-03-29 17:02:04,724: topic[/rosout] adding connection to [/rosout], count 0
[rospy.internal][INFO] 2023-03-29 17:02:04,726: topic[/actual_system/reset] adding connection to [/actual_system/simluator], count 0
[rospy.core][INFO] 2023-03-29 17:05:27,665: signal_shutdown [signal-2]
[rospy.internal][INFO] 2023-03-29 17:05:27,671: topic[/rosout] removing connection to /rosout
[rospy.internal][INFO] 2023-03-29 17:05:27,674: topic[/steady_system/force] removing connection to /steady_state_checker_node
[rospy.internal][INFO] 2023-03-29 17:05:27,674: topic[/steady_system/complete_pose] removing connection to http://aneesh-Swift:34915/
[rospy.internal][INFO] 2023-03-29 17:05:27,674: topic[/steady_system/velocity] removing connection to http://aneesh-Swift:34915/
[rospy.internal][INFO] 2023-03-29 17:05:27,675: topic[/actual_system/reset] removing connection to /actual_system/simluator
[rospy.impl.masterslave][INFO] 2023-03-29 17:05:27,675: signal-2
[rospy.core][INFO] 2023-03-29 17:05:42,688: signal_shutdown [signal-15]
