[rospy.client][INFO] 2023-03-29 17:02:02,843: init_node, name[/steady_state_checker_node], pid[63351]
[xmlrpc][INFO] 2023-03-29 17:02:02,843: XML-RPC server binding to 0.0.0.0:0
[xmlrpc][INFO] 2023-03-29 17:02:02,843: Started XML-RPC server [http://aneesh-Swift:34915/]
[rospy.init][INFO] 2023-03-29 17:02:02,843: ROS Slave URI: [http://aneesh-Swift:34915/]
[rospy.impl.masterslave][INFO] 2023-03-29 17:02:02,844: _ready: http://aneesh-Swift:34915/
[rospy.registration][INFO] 2023-03-29 17:02:02,844: Registering with master node http://localhost:11311
[xmlrpc][INFO] 2023-03-29 17:02:02,844: xml rpc node: starting XML-RPC server
[rospy.init][INFO] 2023-03-29 17:02:02,944: registered with master
[rospy.rosout][INFO] 2023-03-29 17:02:02,944: initializing /rosout core topic
[rospy.rosout][INFO] 2023-03-29 17:02:02,947: connected to core topic /rosout
[rospy.simtime][INFO] 2023-03-29 17:02:02,948: /use_sim_time is not set, will not subscribe to simulated time [/clock] topic
[rospy.internal][INFO] 2023-03-29 17:02:02,961: topic[/actual_system/state] adding connection to [http://aneesh-Swift:44925/], count 0
[rospy.internal][INFO] 2023-03-29 17:02:02,965: topic[/actual_system/complete_pose] adding connection to [http://aneesh-Swift:44925/], count 0
[rospy.internal][INFO] 2023-03-29 17:02:02,967: topic[/actual_system/complete_state] adding connection to [http://aneesh-Swift:44925/], count 0
[rospy.internal][INFO] 2023-03-29 17:02:03,215: topic[/rosout] adding connection to [/rosout], count 0
[rospy.internal][INFO] 2023-03-29 17:02:03,216: topic[/actual_system/force] adding connection to [/actual_system/simluator], count 0
[rospy.internal][INFO] 2023-03-29 17:02:04,486: topic[/steady_system/complete_pose] adding connection to [/controller], count 0
[rospy.internal][INFO] 2023-03-29 17:02:04,487: topic[/steady_system/velocity] adding connection to [/controller], count 0
[rospy.internal][INFO] 2023-03-29 17:02:04,525: topic[/steady_system/force] adding connection to [http://aneesh-Swift:35445/], count 0
[rospy.core][INFO] 2023-03-29 17:05:27,664: signal_shutdown [signal-2]
[rospy.internal][INFO] 2023-03-29 17:05:27,671: topic[/rosout] removing connection to /rosout
[rospy.internal][INFO] 2023-03-29 17:05:27,671: topic[/steady_system/complete_pose] removing connection to /controller
[rospy.internal][INFO] 2023-03-29 17:05:27,671: topic[/actual_system/force] removing connection to /actual_system/simluator
[rospy.internal][INFO] 2023-03-29 17:05:27,671: topic[/steady_system/velocity] removing connection to /controller
[rospy.internal][INFO] 2023-03-29 17:05:27,672: topic[/actual_system/state] removing connection to http://aneesh-Swift:44925/
[rospy.internal][INFO] 2023-03-29 17:05:27,672: topic[/actual_system/complete_pose] removing connection to http://aneesh-Swift:44925/
[rospy.internal][INFO] 2023-03-29 17:05:27,673: topic[/actual_system/complete_state] removing connection to http://aneesh-Swift:44925/
[rospy.impl.masterslave][INFO] 2023-03-29 17:05:27,673: signal-2
[rospy.internal][INFO] 2023-03-29 17:05:27,673: topic[/steady_system/force] removing connection to http://aneesh-Swift:35445/
[rospy.core][INFO] 2023-03-29 17:05:28,265: signal_shutdown [atexit]
