[rospy.client][INFO] 2023-03-31 18:00:58,064: init_node, name[/controller], pid[51061]
[xmlrpc][INFO] 2023-03-31 18:00:58,065: XML-RPC server binding to 0.0.0.0:0
[xmlrpc][INFO] 2023-03-31 18:00:58,065: Started XML-RPC server [http://aneesh-Swift:35889/]
[rospy.impl.masterslave][INFO] 2023-03-31 18:00:58,065: _ready: http://aneesh-Swift:35889/
[rospy.init][INFO] 2023-03-31 18:00:58,065: ROS Slave URI: [http://aneesh-Swift:35889/]
[rospy.registration][INFO] 2023-03-31 18:00:58,066: Registering with master node http://localhost:11311
[xmlrpc][INFO] 2023-03-31 18:00:58,066: xml rpc node: starting XML-RPC server
[rospy.init][INFO] 2023-03-31 18:00:58,166: registered with master
[rospy.rosout][INFO] 2023-03-31 18:00:58,166: initializing /rosout core topic
[rospy.rosout][INFO] 2023-03-31 18:00:58,171: connected to core topic /rosout
[rospy.simtime][INFO] 2023-03-31 18:00:58,172: /use_sim_time is not set, will not subscribe to simulated time [/clock] topic
[rospy.internal][INFO] 2023-03-31 18:00:58,186: topic[/steady_system/complete_pose] adding connection to [http://aneesh-Swift:34547/], count 0
[rospy.internal][INFO] 2023-03-31 18:00:58,187: topic[/steady_system/velocity] adding connection to [http://aneesh-Swift:34547/], count 0
[rospy.internal][INFO] 2023-03-31 18:00:58,197: topic[/steady_system/force] adding connection to [/steady_state_checker_node], count 0
[rospy.internal][INFO] 2023-03-31 18:00:58,396: topic[/rosout] adding connection to [/rosout], count 0
[rospy.internal][INFO] 2023-03-31 18:00:58,398: topic[/actual_system/reset] adding connection to [/actual_system/simluator], count 0
[rospy.core][INFO] 2023-03-31 21:12:29,610: signal_shutdown [signal-2]
[rospy.internal][INFO] 2023-03-31 21:12:29,819: topic[/steady_system/complete_pose] removing connection to http://aneesh-Swift:34547/
[rospy.internal][INFO] 2023-03-31 21:12:29,849: topic[/steady_system/velocity] removing connection to http://aneesh-Swift:34547/
[rospy.internal][INFO] 2023-03-31 21:12:29,942: topic[/rosout] removing connection to /rosout
[rospy.internal][INFO] 2023-03-31 21:12:29,999: topic[/steady_system/force] removing connection to /steady_state_checker_node
[rospy.internal][INFO] 2023-03-31 21:12:30,015: topic[/actual_system/reset] removing connection to /actual_system/simluator
[rospy.impl.masterslave][INFO] 2023-03-31 21:12:30,017: signal-2
