[rosmaster.main][INFO] 2023-03-31 02:47:11,269: initialization complete, waiting for shutdown
[rosmaster.main][INFO] 2023-03-31 02:47:11,269: Starting ROS Master Node
[xmlrpc][INFO] 2023-03-31 02:47:11,270: XML-RPC server binding to 0.0.0.0:11311
[xmlrpc][INFO] 2023-03-31 02:47:11,270: Started XML-RPC server [http://aneesh-Swift:11311/]
[xmlrpc][INFO] 2023-03-31 02:47:11,271: xml rpc node: starting XML-RPC server
[rosmaster.master][INFO] 2023-03-31 02:47:11,270: Master initialized: port[11311], uri[http://aneesh-Swift:11311/]
[rosmaster.master][INFO] 2023-03-31 02:47:11,307: +PARAM [/run_id] by /roslaunch
[rosmaster.master][INFO] 2023-03-31 02:47:11,310: +PARAM [/roslaunch/uris/host_aneesh_swift__38307] by /roslaunch
[rosmaster.master][INFO] 2023-03-31 02:47:11,380: +PARAM [/rosversion] by /roslaunch
[rosmaster.master][INFO] 2023-03-31 02:47:11,380: +PARAM [/rosdistro] by /roslaunch
[rosmaster.master][INFO] 2023-03-31 02:47:11,391: +SERVICE [/rosout/get_loggers] /rosout http://aneesh-Swift:33705/
[rosmaster.master][INFO] 2023-03-31 02:47:11,392: +SERVICE [/rosout/set_logger_level] /rosout http://aneesh-Swift:33705/
[rosmaster.master][INFO] 2023-03-31 02:47:11,393: +PUB [/rosout_agg] /rosout http://aneesh-Swift:33705/
[rosmaster.master][INFO] 2023-03-31 02:47:11,395: +SUB [/rosout] /rosout http://aneesh-Swift:33705/
[rosmaster.master][INFO] 2023-03-31 02:47:11,413: +PUB [/rosout] /actual_system/simluator http://aneesh-Swift:44421/
[rosmaster.master][INFO] 2023-03-31 02:47:11,414: +SERVICE [/actual_system/simluator/get_loggers] /actual_system/simluator http://aneesh-Swift:44421/
[rosmaster.master][INFO] 2023-03-31 02:47:11,415: +SERVICE [/actual_system/simluator/set_logger_level] /actual_system/simluator http://aneesh-Swift:44421/
[rosmaster.master][INFO] 2023-03-31 02:47:11,418: +SUB [/actual_system/force] /actual_system/simluator http://aneesh-Swift:44421/
[rosmaster.master][INFO] 2023-03-31 02:47:11,421: +SUB [/actual_system/reset] /actual_system/simluator http://aneesh-Swift:44421/
[rosmaster.master][INFO] 2023-03-31 02:47:11,422: +PUB [/actual_system/reset] /actual_system/simluator http://aneesh-Swift:44421/
[rosmaster.master][INFO] 2023-03-31 02:47:11,423: +PUB [/actual_system/slopes] /actual_system/simluator http://aneesh-Swift:44421/
[rosmaster.master][INFO] 2023-03-31 02:47:11,423: +PUB [/actual_system/state] /actual_system/simluator http://aneesh-Swift:44421/
[rosmaster.master][INFO] 2023-03-31 02:47:11,424: +PUB [/actual_system/complete_state] /actual_system/simluator http://aneesh-Swift:44421/
[rosmaster.master][INFO] 2023-03-31 02:47:11,424: +PUB [/actual_system/velocity] /actual_system/simluator http://aneesh-Swift:44421/
[rosmaster.master][INFO] 2023-03-31 02:47:11,425: +PUB [/actual_system/complete_pose] /actual_system/simluator http://aneesh-Swift:44421/
[rosmaster.master][INFO] 2023-03-31 02:47:11,470: publisherUpdate[/rosout] -> http://aneesh-Swift:33705/ ['http://aneesh-Swift:44421/']
[rosmaster.master][INFO] 2023-03-31 02:47:11,471: publisherUpdate[/actual_system/reset] -> http://aneesh-Swift:44421/ ['http://aneesh-Swift:44421/']
[rosmaster.master][INFO] 2023-03-31 02:47:11,474: publisherUpdate[/actual_system/reset] -> http://aneesh-Swift:44421/ ['http://aneesh-Swift:44421/']: sec=0.00, result=[1, '', 0]
[rosmaster.master][INFO] 2023-03-31 02:47:11,474: publisherUpdate[/rosout] -> http://aneesh-Swift:33705/ ['http://aneesh-Swift:44421/']: sec=0.00, result=[1, '', 0]
[rosmaster.master][INFO] 2023-03-31 02:47:11,835: +PUB [/rosout] /steady_state_checker_node http://aneesh-Swift:44359/
[rosmaster.master][INFO] 2023-03-31 02:47:11,838: +SERVICE [/steady_state_checker_node/get_loggers] /steady_state_checker_node http://aneesh-Swift:44359/
[rosmaster.master][INFO] 2023-03-31 02:47:11,839: +SERVICE [/steady_state_checker_node/set_logger_level] /steady_state_checker_node http://aneesh-Swift:44359/
[rosmaster.master][INFO] 2023-03-31 02:47:11,839: +PUB [/steady_system/state] /steady_state_checker_node http://aneesh-Swift:44359/
[rosmaster.master][INFO] 2023-03-31 02:47:11,840: +PUB [/steady_system/complete_pose] /steady_state_checker_node http://aneesh-Swift:44359/
[rosmaster.master][INFO] 2023-03-31 02:47:11,841: +PUB [/steady_system/complete_state] /steady_state_checker_node http://aneesh-Swift:44359/
[rosmaster.master][INFO] 2023-03-31 02:47:11,842: +PUB [/actual_system/force] /steady_state_checker_node http://aneesh-Swift:44359/
[rosmaster.master][INFO] 2023-03-31 02:47:11,843: +PUB [/steady_system/velocity] /steady_state_checker_node http://aneesh-Swift:44359/
[rosmaster.master][INFO] 2023-03-31 02:47:11,844: +SUB [/actual_system/state] /steady_state_checker_node http://aneesh-Swift:44359/
[rosmaster.master][INFO] 2023-03-31 02:47:11,845: +SUB [/actual_system/complete_pose] /steady_state_checker_node http://aneesh-Swift:44359/
[rosmaster.master][INFO] 2023-03-31 02:47:11,848: +SUB [/actual_system/complete_state] /steady_state_checker_node http://aneesh-Swift:44359/
[rosmaster.master][INFO] 2023-03-31 02:47:11,851: +SUB [/steady_system/force] /steady_state_checker_node http://aneesh-Swift:44359/
[rosmaster.master][INFO] 2023-03-31 02:47:11,872: publisherUpdate[/rosout] -> http://aneesh-Swift:33705/ ['http://aneesh-Swift:44421/', 'http://aneesh-Swift:44359/']
[rosmaster.master][INFO] 2023-03-31 02:47:11,873: publisherUpdate[/rosout] -> http://aneesh-Swift:33705/ ['http://aneesh-Swift:44421/', 'http://aneesh-Swift:44359/']: sec=0.00, result=[1, '', 0]
[rosmaster.master][INFO] 2023-03-31 02:47:11,873: publisherUpdate[/actual_system/force] -> http://aneesh-Swift:44421/ ['http://aneesh-Swift:44359/']
[rosmaster.master][INFO] 2023-03-31 02:47:11,874: publisherUpdate[/actual_system/force] -> http://aneesh-Swift:44421/ ['http://aneesh-Swift:44359/']: sec=0.00, result=[1, '', 0]
[rosmaster.master][INFO] 2023-03-31 02:47:13,321: +PUB [/rosout] /controller http://aneesh-Swift:32783/
[rosmaster.master][INFO] 2023-03-31 02:47:13,326: +SERVICE [/controller/get_loggers] /controller http://aneesh-Swift:32783/
[rosmaster.master][INFO] 2023-03-31 02:47:13,327: +SERVICE [/controller/set_logger_level] /controller http://aneesh-Swift:32783/
[rosmaster.master][INFO] 2023-03-31 02:47:13,328: +PUB [/steady_system/force] /controller http://aneesh-Swift:32783/
[rosmaster.master][INFO] 2023-03-31 02:47:13,328: +PUB [/actual_system/reset] /controller http://aneesh-Swift:32783/
[rosmaster.master][INFO] 2023-03-31 02:47:13,329: +PUB [/actual_system/target] /controller http://aneesh-Swift:32783/
[rosmaster.master][INFO] 2023-03-31 02:47:13,330: +PUB [/actual_system/radius] /controller http://aneesh-Swift:32783/
[rosmaster.master][INFO] 2023-03-31 02:47:13,331: +SUB [/steady_system/complete_pose] /controller http://aneesh-Swift:32783/
[rosmaster.master][INFO] 2023-03-31 02:47:13,332: +SUB [/steady_system/velocity] /controller http://aneesh-Swift:32783/
[rosmaster.master][INFO] 2023-03-31 02:47:13,377: publisherUpdate[/rosout] -> http://aneesh-Swift:33705/ ['http://aneesh-Swift:44421/', 'http://aneesh-Swift:44359/', 'http://aneesh-Swift:32783/']
[rosmaster.master][INFO] 2023-03-31 02:47:13,378: publisherUpdate[/steady_system/force] -> http://aneesh-Swift:44359/ ['http://aneesh-Swift:32783/']
[rosmaster.master][INFO] 2023-03-31 02:47:13,378: publisherUpdate[/actual_system/reset] -> http://aneesh-Swift:44421/ ['http://aneesh-Swift:44421/', 'http://aneesh-Swift:32783/']
[rosmaster.master][INFO] 2023-03-31 02:47:13,380: publisherUpdate[/rosout] -> http://aneesh-Swift:33705/ ['http://aneesh-Swift:44421/', 'http://aneesh-Swift:44359/', 'http://aneesh-Swift:32783/']: sec=0.00, result=[1, '', 0]
[rosmaster.master][INFO] 2023-03-31 02:47:13,383: publisherUpdate[/actual_system/reset] -> http://aneesh-Swift:44421/ ['http://aneesh-Swift:44421/', 'http://aneesh-Swift:32783/']: sec=0.00, result=[1, '', 0]
[rosmaster.master][INFO] 2023-03-31 02:47:13,384: publisherUpdate[/steady_system/force] -> http://aneesh-Swift:44359/ ['http://aneesh-Swift:32783/']: sec=0.01, result=[1, '', 0]
[rosmaster.master][INFO] 2023-03-31 02:55:33,478: -SUB [/actual_system/state] /steady_state_checker_node http://aneesh-Swift:44359/
[rosmaster.master][INFO] 2023-03-31 02:55:33,478: -SUB [/actual_system/complete_pose] /steady_state_checker_node http://aneesh-Swift:44359/
[rosmaster.master][INFO] 2023-03-31 02:55:33,478: -SUB [/actual_system/complete_state] /steady_state_checker_node http://aneesh-Swift:44359/
[rosmaster.master][INFO] 2023-03-31 02:55:33,478: -SUB [/steady_system/force] /steady_state_checker_node http://aneesh-Swift:44359/
[rosmaster.master][INFO] 2023-03-31 02:55:33,478: -PUB [/rosout] /steady_state_checker_node http://aneesh-Swift:44359/
[rosmaster.master][INFO] 2023-03-31 02:55:33,478: -PUB [/steady_system/state] /steady_state_checker_node http://aneesh-Swift:44359/
[rosmaster.master][INFO] 2023-03-31 02:55:33,479: -PUB [/steady_system/complete_pose] /steady_state_checker_node http://aneesh-Swift:44359/
[rosmaster.master][INFO] 2023-03-31 02:55:33,479: -PUB [/steady_system/complete_state] /steady_state_checker_node http://aneesh-Swift:44359/
[rosmaster.master][INFO] 2023-03-31 02:55:33,479: -PUB [/actual_system/force] /steady_state_checker_node http://aneesh-Swift:44359/
[rosmaster.master][INFO] 2023-03-31 02:55:33,479: -PUB [/steady_system/velocity] /steady_state_checker_node http://aneesh-Swift:44359/
[rosmaster.master][INFO] 2023-03-31 02:55:33,479: -SERVICE [/steady_state_checker_node/get_loggers] /steady_state_checker_node rosrpc://aneesh-Swift:43431
[rosmaster.master][INFO] 2023-03-31 02:55:33,480: -SUB [/steady_system/complete_pose] /controller http://aneesh-Swift:32783/
[rosmaster.master][INFO] 2023-03-31 02:55:33,480: -SUB [/steady_system/velocity] /controller http://aneesh-Swift:32783/
[rosmaster.master][INFO] 2023-03-31 02:55:33,480: -SERVICE [/steady_state_checker_node/set_logger_level] /steady_state_checker_node rosrpc://aneesh-Swift:43431
[rosmaster.master][INFO] 2023-03-31 02:55:33,481: -PUB [/rosout] /controller http://aneesh-Swift:32783/
[rosmaster.master][INFO] 2023-03-31 02:55:33,481: -PUB [/steady_system/force] /controller http://aneesh-Swift:32783/
[rosmaster.master][INFO] 2023-03-31 02:55:33,481: -PUB [/actual_system/reset] /controller http://aneesh-Swift:32783/
[rosmaster.master][INFO] 2023-03-31 02:55:33,481: -PUB [/actual_system/target] /controller http://aneesh-Swift:32783/
[rosmaster.master][INFO] 2023-03-31 02:55:33,481: -PUB [/actual_system/radius] /controller http://aneesh-Swift:32783/
[rosmaster.master][INFO] 2023-03-31 02:55:33,481: -SERVICE [/controller/get_loggers] /controller rosrpc://aneesh-Swift:44465
[rosmaster.master][INFO] 2023-03-31 02:55:33,482: -SERVICE [/controller/set_logger_level] /controller rosrpc://aneesh-Swift:44465
[rosmaster.master][INFO] 2023-03-31 02:55:33,489: publisherUpdate[/rosout] -> http://aneesh-Swift:33705/ ['http://aneesh-Swift:44421/', 'http://aneesh-Swift:32783/']
[rosmaster.master][INFO] 2023-03-31 02:55:33,489: publisherUpdate[/steady_system/complete_pose] -> http://aneesh-Swift:32783/ []
[rosmaster.master][INFO] 2023-03-31 02:55:33,490: publisherUpdate[/rosout] -> http://aneesh-Swift:33705/ ['http://aneesh-Swift:44421/', 'http://aneesh-Swift:32783/']: sec=0.00, result=[1, '', 0]
[rosmaster.master][INFO] 2023-03-31 02:55:33,490: publisherUpdate[/actual_system/force] -> http://aneesh-Swift:44421/ []
[rosmaster.master][INFO] 2023-03-31 02:55:33,491: publisherUpdate[/actual_system/force] -> http://aneesh-Swift:44421/ []: sec=0.00, result=[1, '', 0]
[rosmaster.master][INFO] 2023-03-31 02:55:33,491: publisherUpdate[/rosout] -> http://aneesh-Swift:33705/ ['http://aneesh-Swift:44421/']
[rosmaster.master][INFO] 2023-03-31 02:55:33,491: publisherUpdate[/steady_system/complete_pose] -> http://aneesh-Swift:32783/ []: sec=0.00, exception=[Errno 111] Connection refused
[rosmaster.master][INFO] 2023-03-31 02:55:33,491: publisherUpdate[/rosout] -> http://aneesh-Swift:33705/ ['http://aneesh-Swift:44421/']: sec=0.00, result=[1, '', 0]
[rosmaster.master][INFO] 2023-03-31 02:55:33,492: publisherUpdate[/steady_system/velocity] -> http://aneesh-Swift:32783/ []
[rosmaster.master][INFO] 2023-03-31 02:55:33,492: publisherUpdate[/steady_system/velocity] -> http://aneesh-Swift:32783/ []: sec=0.00, exception=[Errno 111] Connection refused
[rosmaster.threadpool][ERROR] 2023-03-31 02:55:33,494: Traceback (most recent call last):
  File "/opt/ros/noetic/lib/python3/dist-packages/rosmaster/threadpool.py", line 218, in run
    result = cmd(*args)
  File "/opt/ros/noetic/lib/python3/dist-packages/rosmaster/master_api.py", line 210, in publisher_update_task
    ret = xmlrpcapi(api).publisherUpdate('/master', topic, pub_uris)
  File "/usr/lib/python3.8/xmlrpc/client.py", line 1109, in __call__
    return self.__send(self.__name, args)
  File "/usr/lib/python3.8/xmlrpc/client.py", line 1450, in __request
    response = self.__transport.request(
  File "/usr/lib/python3.8/xmlrpc/client.py", line 1153, in request
    return self.single_request(host, handler, request_body, verbose)
  File "/usr/lib/python3.8/xmlrpc/client.py", line 1165, in single_request
    http_conn = self.send_request(host, handler, request_body, verbose)
  File "/usr/lib/python3.8/xmlrpc/client.py", line 1278, in send_request
    self.send_content(connection, request_body)
  File "/usr/lib/python3.8/xmlrpc/client.py", line 1308, in send_content
    connection.endheaders(request_body)
  File "/usr/lib/python3.8/http/client.py", line 1251, in endheaders
    self._send_output(message_body, encode_chunked=encode_chunked)
  File "/usr/lib/python3.8/http/client.py", line 1011, in _send_output
    self.send(msg)
  File "/usr/lib/python3.8/http/client.py", line 951, in send
    self.connect()
  File "/usr/lib/python3.8/http/client.py", line 922, in connect
    self.sock = self._create_connection(
  File "/usr/lib/python3.8/socket.py", line 808, in create_connection
    raise err
  File "/usr/lib/python3.8/socket.py", line 796, in create_connection
    sock.connect(sa)
ConnectionRefusedError: [Errno 111] Connection refused

[rosmaster.master][INFO] 2023-03-31 02:55:33,495: publisherUpdate[/actual_system/reset] -> http://aneesh-Swift:44421/ ['http://aneesh-Swift:44421/']
[rosmaster.threadpool][ERROR] 2023-03-31 02:55:33,494: Traceback (most recent call last):
  File "/opt/ros/noetic/lib/python3/dist-packages/rosmaster/threadpool.py", line 218, in run
    result = cmd(*args)
  File "/opt/ros/noetic/lib/python3/dist-packages/rosmaster/master_api.py", line 210, in publisher_update_task
    ret = xmlrpcapi(api).publisherUpdate('/master', topic, pub_uris)
  File "/usr/lib/python3.8/xmlrpc/client.py", line 1109, in __call__
    return self.__send(self.__name, args)
  File "/usr/lib/python3.8/xmlrpc/client.py", line 1450, in __request
    response = self.__transport.request(
  File "/usr/lib/python3.8/xmlrpc/client.py", line 1153, in request
    return self.single_request(host, handler, request_body, verbose)
  File "/usr/lib/python3.8/xmlrpc/client.py", line 1165, in single_request
    http_conn = self.send_request(host, handler, request_body, verbose)
  File "/usr/lib/python3.8/xmlrpc/client.py", line 1278, in send_request
    self.send_content(connection, request_body)
  File "/usr/lib/python3.8/xmlrpc/client.py", line 1308, in send_content
    connection.endheaders(request_body)
  File "/usr/lib/python3.8/http/client.py", line 1251, in endheaders
    self._send_output(message_body, encode_chunked=encode_chunked)
  File "/usr/lib/python3.8/http/client.py", line 1011, in _send_output
    self.send(msg)
  File "/usr/lib/python3.8/http/client.py", line 951, in send
    self.connect()
  File "/usr/lib/python3.8/http/client.py", line 922, in connect
    self.sock = self._create_connection(
  File "/usr/lib/python3.8/socket.py", line 808, in create_connection
    raise err
  File "/usr/lib/python3.8/socket.py", line 796, in create_connection
    sock.connect(sa)
ConnectionRefusedError: [Errno 111] Connection refused

[rosmaster.master][INFO] 2023-03-31 02:55:33,495: publisherUpdate[/actual_system/reset] -> http://aneesh-Swift:44421/ ['http://aneesh-Swift:44421/']: sec=0.00, result=[1, '', 0]
[rosmaster.master][INFO] 2023-03-31 02:55:33,596: -PUB [/rosout] /actual_system/simluator http://aneesh-Swift:44421/
[rosmaster.master][INFO] 2023-03-31 02:55:33,596: publisherUpdate[/rosout] -> http://aneesh-Swift:33705/ []
[rosmaster.master][INFO] 2023-03-31 02:55:33,597: -PUB [/actual_system/reset] /actual_system/simluator http://aneesh-Swift:44421/
[rosmaster.master][INFO] 2023-03-31 02:55:33,597: -PUB [/actual_system/slopes] /actual_system/simluator http://aneesh-Swift:44421/
[rosmaster.master][INFO] 2023-03-31 02:55:33,598: publisherUpdate[/rosout] -> http://aneesh-Swift:33705/ []: sec=0.00, result=[1, '', 0]
[rosmaster.master][INFO] 2023-03-31 02:55:33,598: -PUB [/actual_system/state] /actual_system/simluator http://aneesh-Swift:44421/
[rosmaster.master][INFO] 2023-03-31 02:55:33,598: publisherUpdate[/actual_system/reset] -> http://aneesh-Swift:44421/ []
[rosmaster.master][INFO] 2023-03-31 02:55:33,599: -PUB [/actual_system/complete_state] /actual_system/simluator http://aneesh-Swift:44421/
[rosmaster.master][INFO] 2023-03-31 02:55:33,600: -PUB [/actual_system/velocity] /actual_system/simluator http://aneesh-Swift:44421/
[rosmaster.master][INFO] 2023-03-31 02:55:33,600: -PUB [/actual_system/complete_pose] /actual_system/simluator http://aneesh-Swift:44421/
[rosmaster.master][INFO] 2023-03-31 02:55:33,601: -SUB [/actual_system/force] /actual_system/simluator http://aneesh-Swift:44421/
[rosmaster.master][INFO] 2023-03-31 02:55:33,601: -SUB [/actual_system/reset] /actual_system/simluator http://aneesh-Swift:44421/
[rosmaster.master][INFO] 2023-03-31 02:55:33,602: -SERVICE [/actual_system/simluator/get_loggers] /actual_system/simluator rosrpc://aneesh-Swift:42537
[rosmaster.master][INFO] 2023-03-31 02:55:33,602: -SERVICE [/actual_system/simluator/set_logger_level] /actual_system/simluator rosrpc://aneesh-Swift:42537
[rosmaster.master][INFO] 2023-03-31 02:55:33,606: publisherUpdate[/actual_system/reset] -> http://aneesh-Swift:44421/ []: sec=0.01, exception=[Errno 111] Connection refused
[rosmaster.threadpool][ERROR] 2023-03-31 02:55:33,606: Traceback (most recent call last):
  File "/opt/ros/noetic/lib/python3/dist-packages/rosmaster/threadpool.py", line 218, in run
    result = cmd(*args)
  File "/opt/ros/noetic/lib/python3/dist-packages/rosmaster/master_api.py", line 210, in publisher_update_task
    ret = xmlrpcapi(api).publisherUpdate('/master', topic, pub_uris)
  File "/usr/lib/python3.8/xmlrpc/client.py", line 1109, in __call__
    return self.__send(self.__name, args)
  File "/usr/lib/python3.8/xmlrpc/client.py", line 1450, in __request
    response = self.__transport.request(
  File "/usr/lib/python3.8/xmlrpc/client.py", line 1153, in request
    return self.single_request(host, handler, request_body, verbose)
  File "/usr/lib/python3.8/xmlrpc/client.py", line 1165, in single_request
    http_conn = self.send_request(host, handler, request_body, verbose)
  File "/usr/lib/python3.8/xmlrpc/client.py", line 1278, in send_request
    self.send_content(connection, request_body)
  File "/usr/lib/python3.8/xmlrpc/client.py", line 1308, in send_content
    connection.endheaders(request_body)
  File "/usr/lib/python3.8/http/client.py", line 1251, in endheaders
    self._send_output(message_body, encode_chunked=encode_chunked)
  File "/usr/lib/python3.8/http/client.py", line 1011, in _send_output
    self.send(msg)
  File "/usr/lib/python3.8/http/client.py", line 951, in send
    self.connect()
  File "/usr/lib/python3.8/http/client.py", line 922, in connect
    self.sock = self._create_connection(
  File "/usr/lib/python3.8/socket.py", line 808, in create_connection
    raise err
  File "/usr/lib/python3.8/socket.py", line 796, in create_connection
    sock.connect(sa)
ConnectionRefusedError: [Errno 111] Connection refused

[rosmaster.master][INFO] 2023-03-31 02:55:38,048: +PARAM [/roslaunch/uris/host_aneesh_swift__37953] by /roslaunch
[rosmaster.master][INFO] 2023-03-31 02:55:38,051: +PARAM [/rosversion] by /roslaunch
[rosmaster.master][INFO] 2023-03-31 02:55:38,051: +PARAM [/rosdistro] by /roslaunch
[rosmaster.master][INFO] 2023-03-31 02:55:38,122: +PUB [/rosout] /actual_system/simluator http://aneesh-Swift:33687/
[rosmaster.master][INFO] 2023-03-31 02:55:38,125: +SERVICE [/actual_system/simluator/get_loggers] /actual_system/simluator http://aneesh-Swift:33687/
[rosmaster.master][INFO] 2023-03-31 02:55:38,131: +SERVICE [/actual_system/simluator/set_logger_level] /actual_system/simluator http://aneesh-Swift:33687/
[rosmaster.master][INFO] 2023-03-31 02:55:38,141: +SUB [/actual_system/force] /actual_system/simluator http://aneesh-Swift:33687/
[rosmaster.master][INFO] 2023-03-31 02:55:38,143: +SUB [/actual_system/reset] /actual_system/simluator http://aneesh-Swift:33687/
[rosmaster.master][INFO] 2023-03-31 02:55:38,144: +PUB [/actual_system/reset] /actual_system/simluator http://aneesh-Swift:33687/
[rosmaster.master][INFO] 2023-03-31 02:55:38,146: +PUB [/actual_system/slopes] /actual_system/simluator http://aneesh-Swift:33687/
[rosmaster.master][INFO] 2023-03-31 02:55:38,147: +PUB [/actual_system/state] /actual_system/simluator http://aneesh-Swift:33687/
[rosmaster.master][INFO] 2023-03-31 02:55:38,147: +PUB [/actual_system/complete_state] /actual_system/simluator http://aneesh-Swift:33687/
[rosmaster.master][INFO] 2023-03-31 02:55:38,148: +PUB [/actual_system/velocity] /actual_system/simluator http://aneesh-Swift:33687/
[rosmaster.master][INFO] 2023-03-31 02:55:38,148: +PUB [/actual_system/complete_pose] /actual_system/simluator http://aneesh-Swift:33687/
[rosmaster.master][INFO] 2023-03-31 02:55:38,202: publisherUpdate[/rosout] -> http://aneesh-Swift:33705/ ['http://aneesh-Swift:33687/']
[rosmaster.master][INFO] 2023-03-31 02:55:38,203: publisherUpdate[/rosout] -> http://aneesh-Swift:33705/ ['http://aneesh-Swift:33687/']: sec=0.00, result=[1, '', 0]
[rosmaster.master][INFO] 2023-03-31 02:55:38,204: publisherUpdate[/actual_system/reset] -> http://aneesh-Swift:33687/ ['http://aneesh-Swift:33687/']
[rosmaster.master][INFO] 2023-03-31 02:55:38,205: publisherUpdate[/actual_system/reset] -> http://aneesh-Swift:33687/ ['http://aneesh-Swift:33687/']: sec=0.00, result=[1, '', 0]
[rosmaster.master][INFO] 2023-03-31 02:55:38,656: +PUB [/rosout] /steady_state_checker_node http://aneesh-Swift:39611/
[rosmaster.master][INFO] 2023-03-31 02:55:38,659: +SERVICE [/steady_state_checker_node/get_loggers] /steady_state_checker_node http://aneesh-Swift:39611/
[rosmaster.master][INFO] 2023-03-31 02:55:38,660: +SERVICE [/steady_state_checker_node/set_logger_level] /steady_state_checker_node http://aneesh-Swift:39611/
[rosmaster.master][INFO] 2023-03-31 02:55:38,661: +PUB [/steady_system/state] /steady_state_checker_node http://aneesh-Swift:39611/
[rosmaster.master][INFO] 2023-03-31 02:55:38,662: +PUB [/steady_system/complete_pose] /steady_state_checker_node http://aneesh-Swift:39611/
[rosmaster.master][INFO] 2023-03-31 02:55:38,663: +PUB [/steady_system/complete_state] /steady_state_checker_node http://aneesh-Swift:39611/
[rosmaster.master][INFO] 2023-03-31 02:55:38,664: +PUB [/actual_system/force] /steady_state_checker_node http://aneesh-Swift:39611/
[rosmaster.master][INFO] 2023-03-31 02:55:38,666: +PUB [/steady_system/velocity] /steady_state_checker_node http://aneesh-Swift:39611/
[rosmaster.master][INFO] 2023-03-31 02:55:38,667: +SUB [/actual_system/state] /steady_state_checker_node http://aneesh-Swift:39611/
[rosmaster.master][INFO] 2023-03-31 02:55:38,669: +SUB [/actual_system/complete_pose] /steady_state_checker_node http://aneesh-Swift:39611/
[rosmaster.master][INFO] 2023-03-31 02:55:38,672: +SUB [/actual_system/complete_state] /steady_state_checker_node http://aneesh-Swift:39611/
[rosmaster.master][INFO] 2023-03-31 02:55:38,675: +SUB [/steady_system/force] /steady_state_checker_node http://aneesh-Swift:39611/
[rosmaster.master][INFO] 2023-03-31 02:55:38,705: publisherUpdate[/rosout] -> http://aneesh-Swift:33705/ ['http://aneesh-Swift:33687/', 'http://aneesh-Swift:39611/']
[rosmaster.master][INFO] 2023-03-31 02:55:38,706: publisherUpdate[/rosout] -> http://aneesh-Swift:33705/ ['http://aneesh-Swift:33687/', 'http://aneesh-Swift:39611/']: sec=0.00, result=[1, '', 0]
[rosmaster.master][INFO] 2023-03-31 02:55:38,706: publisherUpdate[/actual_system/force] -> http://aneesh-Swift:33687/ ['http://aneesh-Swift:39611/']
[rosmaster.master][INFO] 2023-03-31 02:55:38,708: publisherUpdate[/actual_system/force] -> http://aneesh-Swift:33687/ ['http://aneesh-Swift:39611/']: sec=0.00, result=[1, '', 0]
[rosmaster.master][INFO] 2023-03-31 02:55:40,564: +PUB [/rosout] /controller http://aneesh-Swift:39259/
[rosmaster.master][INFO] 2023-03-31 02:55:40,566: +SERVICE [/controller/get_loggers] /controller http://aneesh-Swift:39259/
[rosmaster.master][INFO] 2023-03-31 02:55:40,567: +SERVICE [/controller/set_logger_level] /controller http://aneesh-Swift:39259/
[rosmaster.master][INFO] 2023-03-31 02:55:40,568: +PUB [/steady_system/force] /controller http://aneesh-Swift:39259/
[rosmaster.master][INFO] 2023-03-31 02:55:40,569: +PUB [/actual_system/reset] /controller http://aneesh-Swift:39259/
[rosmaster.master][INFO] 2023-03-31 02:55:40,570: +PUB [/actual_system/target] /controller http://aneesh-Swift:39259/
[rosmaster.master][INFO] 2023-03-31 02:55:40,570: +PUB [/actual_system/radius] /controller http://aneesh-Swift:39259/
[rosmaster.master][INFO] 2023-03-31 02:55:40,572: +SUB [/steady_system/complete_pose] /controller http://aneesh-Swift:39259/
[rosmaster.master][INFO] 2023-03-31 02:55:40,573: +SUB [/steady_system/velocity] /controller http://aneesh-Swift:39259/
[rosmaster.master][INFO] 2023-03-31 02:55:40,615: publisherUpdate[/rosout] -> http://aneesh-Swift:33705/ ['http://aneesh-Swift:33687/', 'http://aneesh-Swift:39611/', 'http://aneesh-Swift:39259/']
[rosmaster.master][INFO] 2023-03-31 02:55:40,616: publisherUpdate[/steady_system/force] -> http://aneesh-Swift:39611/ ['http://aneesh-Swift:39259/']
[rosmaster.master][INFO] 2023-03-31 02:55:40,616: publisherUpdate[/rosout] -> http://aneesh-Swift:33705/ ['http://aneesh-Swift:33687/', 'http://aneesh-Swift:39611/', 'http://aneesh-Swift:39259/']: sec=0.00, result=[1, '', 0]
[rosmaster.master][INFO] 2023-03-31 02:55:40,617: publisherUpdate[/actual_system/reset] -> http://aneesh-Swift:33687/ ['http://aneesh-Swift:33687/', 'http://aneesh-Swift:39259/']
[rosmaster.master][INFO] 2023-03-31 02:55:40,617: publisherUpdate[/actual_system/reset] -> http://aneesh-Swift:33687/ ['http://aneesh-Swift:33687/', 'http://aneesh-Swift:39259/']: sec=0.00, result=[1, '', 0]
[rosmaster.master][INFO] 2023-03-31 02:55:40,618: publisherUpdate[/steady_system/force] -> http://aneesh-Swift:39611/ ['http://aneesh-Swift:39259/']: sec=0.00, result=[1, '', 0]
[rosmaster.master][INFO] 2023-03-31 02:55:42,764: -SUB [/steady_system/complete_pose] /controller http://aneesh-Swift:39259/
[rosmaster.master][INFO] 2023-03-31 02:55:42,764: -SUB [/steady_system/velocity] /controller http://aneesh-Swift:39259/
[rosmaster.master][INFO] 2023-03-31 02:55:42,764: -PUB [/rosout] /controller http://aneesh-Swift:39259/
[rosmaster.master][INFO] 2023-03-31 02:55:42,764: -PUB [/steady_system/force] /controller http://aneesh-Swift:39259/
[rosmaster.master][INFO] 2023-03-31 02:55:42,764: -PUB [/actual_system/reset] /controller http://aneesh-Swift:39259/
[rosmaster.master][INFO] 2023-03-31 02:55:42,764: -PUB [/actual_system/target] /controller http://aneesh-Swift:39259/
[rosmaster.master][INFO] 2023-03-31 02:55:42,764: -PUB [/actual_system/radius] /controller http://aneesh-Swift:39259/
[rosmaster.master][INFO] 2023-03-31 02:55:42,764: -SERVICE [/controller/get_loggers] /controller rosrpc://aneesh-Swift:33499
[rosmaster.master][INFO] 2023-03-31 02:55:42,765: -SERVICE [/controller/set_logger_level] /controller rosrpc://aneesh-Swift:33499
[rosmaster.master][INFO] 2023-03-31 02:55:42,821: publisherUpdate[/rosout] -> http://aneesh-Swift:33705/ ['http://aneesh-Swift:33687/', 'http://aneesh-Swift:39611/']
[rosmaster.master][INFO] 2023-03-31 02:55:42,821: publisherUpdate[/actual_system/reset] -> http://aneesh-Swift:33687/ ['http://aneesh-Swift:33687/']
[rosmaster.master][INFO] 2023-03-31 02:55:42,821: publisherUpdate[/steady_system/force] -> http://aneesh-Swift:39611/ []
[rosmaster.master][INFO] 2023-03-31 02:55:42,824: publisherUpdate[/rosout] -> http://aneesh-Swift:33705/ ['http://aneesh-Swift:33687/', 'http://aneesh-Swift:39611/']: sec=0.00, result=[1, '', 0]
[rosmaster.master][INFO] 2023-03-31 02:55:42,824: publisherUpdate[/steady_system/force] -> http://aneesh-Swift:39611/ []: sec=0.00, result=[1, '', 0]
[rosmaster.master][INFO] 2023-03-31 02:55:42,824: publisherUpdate[/actual_system/reset] -> http://aneesh-Swift:33687/ ['http://aneesh-Swift:33687/']: sec=0.00, result=[1, '', 0]
[rosmaster.master][INFO] 2023-03-31 02:55:50,733: -PUB [/rosout_agg] /rosout http://aneesh-Swift:33705/
[rosmaster.master][INFO] 2023-03-31 02:55:50,733: -SUB [/rosout] /rosout http://aneesh-Swift:33705/
[rosmaster.master][INFO] 2023-03-31 02:55:50,734: -SERVICE [/rosout/get_loggers] /rosout rosrpc://aneesh-Swift:49147
[rosmaster.master][INFO] 2023-03-31 02:55:50,735: -SERVICE [/rosout/set_logger_level] /rosout rosrpc://aneesh-Swift:49147
[rosmaster.main][INFO] 2023-03-31 02:55:50,806: keyboard interrupt, will exit
[rosmaster.main][INFO] 2023-03-31 02:55:50,806: stopping master...
[rospy.core][INFO] 2023-03-31 02:55:50,806: signal_shutdown [atexit]
