[rospy.client][INFO] 2023-03-31 02:55:38,551: init_node, name[/steady_state_checker_node], pid[17262]
[xmlrpc][INFO] 2023-03-31 02:55:38,552: XML-RPC server binding to 0.0.0.0:0
[xmlrpc][INFO] 2023-03-31 02:55:38,552: Started XML-RPC server [http://aneesh-Swift:39611/]
[rospy.init][INFO] 2023-03-31 02:55:38,552: ROS Slave URI: [http://aneesh-Swift:39611/]
[rospy.impl.masterslave][INFO] 2023-03-31 02:55:38,552: _ready: http://aneesh-Swift:39611/
[rospy.registration][INFO] 2023-03-31 02:55:38,553: Registering with master node http://localhost:11311
[xmlrpc][INFO] 2023-03-31 02:55:38,553: xml rpc node: starting XML-RPC server
[rospy.init][INFO] 2023-03-31 02:55:38,653: registered with master
[rospy.rosout][INFO] 2023-03-31 02:55:38,653: initializing /rosout core topic
[rospy.rosout][INFO] 2023-03-31 02:55:38,657: connected to core topic /rosout
[rospy.simtime][INFO] 2023-03-31 02:55:38,658: /use_sim_time is not set, will not subscribe to simulated time [/clock] topic
[rospy.internal][INFO] 2023-03-31 02:55:38,672: topic[/actual_system/state] adding connection to [http://aneesh-Swift:33687/], count 0
[rospy.internal][INFO] 2023-03-31 02:55:38,677: topic[/actual_system/complete_pose] adding connection to [http://aneesh-Swift:33687/], count 0
[rospy.internal][INFO] 2023-03-31 02:55:38,678: topic[/actual_system/complete_state] adding connection to [http://aneesh-Swift:33687/], count 0
[rospy.internal][INFO] 2023-03-31 02:55:38,810: topic[/actual_system/force] adding connection to [/actual_system/simluator], count 0
[rospy.internal][INFO] 2023-03-31 02:55:38,908: topic[/rosout] adding connection to [/rosout], count 0
[rospy.internal][INFO] 2023-03-31 02:55:40,578: topic[/steady_system/velocity] adding connection to [/controller], count 0
[rospy.internal][INFO] 2023-03-31 02:55:40,579: topic[/steady_system/complete_pose] adding connection to [/controller], count 0
[rospy.internal][INFO] 2023-03-31 02:55:40,619: topic[/steady_system/force] adding connection to [http://aneesh-Swift:39259/], count 0
[rospy.internal][INFO] 2023-03-31 02:55:42,768: topic[/steady_system/force] removing connection to http://aneesh-Swift:39259/
[rospy.internal][INFO] 2023-03-31 02:55:43,119: topic[/steady_system/complete_pose] removing connection to /controller
[rospy.internal][INFO] 2023-03-31 02:55:43,119: topic[/steady_system/velocity] removing connection to /controller
[rospy.internal][INFO] 2023-03-31 02:55:51,122: topic[/rosout] removing connection to /rosout
[rospy.core][INFO] 2023-03-31 03:02:08,334: signal_shutdown [signal-2]
[rospy.internal][INFO] 2023-03-31 03:02:08,340: topic[/actual_system/force] removing connection to /actual_system/simluator
[rospy.internal][INFO] 2023-03-31 03:02:08,341: topic[/actual_system/state] removing connection to http://aneesh-Swift:33687/
[rospy.internal][INFO] 2023-03-31 03:02:08,341: topic[/actual_system/complete_pose] removing connection to http://aneesh-Swift:33687/
[rospy.internal][INFO] 2023-03-31 03:02:08,342: topic[/actual_system/complete_state] removing connection to http://aneesh-Swift:33687/
[rospy.internal][INFO] 2023-03-31 03:02:08,342: topic[/actual_system/complete_state] removing connection to http://aneesh-Swift:33687/
[rospy.topics][ERROR] 2023-03-31 03:02:08,343: Traceback (most recent call last):
  File "/opt/ros/noetic/lib/python3/dist-packages/rospy/topics.py", line 326, in close
    c.close()
  File "/opt/ros/noetic/lib/python3/dist-packages/rospy/impl/tcpros_base.py", line 858, in close
    self.socket.close()
AttributeError: 'NoneType' object has no attribute 'close'

[rospy.impl.masterslave][INFO] 2023-03-31 03:02:08,347: signal-2
[rospy.core][INFO] 2023-03-31 03:02:08,936: signal_shutdown [atexit]
