[rospy.client][INFO] 2023-03-31 02:47:11,731: init_node, name[/steady_state_checker_node], pid[16419]
[xmlrpc][INFO] 2023-03-31 02:47:11,732: XML-RPC server binding to 0.0.0.0:0
[xmlrpc][INFO] 2023-03-31 02:47:11,732: Started XML-RPC server [http://aneesh-Swift:44359/]
[rospy.init][INFO] 2023-03-31 02:47:11,732: ROS Slave URI: [http://aneesh-Swift:44359/]
[rospy.impl.masterslave][INFO] 2023-03-31 02:47:11,732: _ready: http://aneesh-Swift:44359/
[rospy.registration][INFO] 2023-03-31 02:47:11,733: Registering with master node http://localhost:11311
[xmlrpc][INFO] 2023-03-31 02:47:11,733: xml rpc node: starting XML-RPC server
[rospy.init][INFO] 2023-03-31 02:47:11,832: registered with master
[rospy.rosout][INFO] 2023-03-31 02:47:11,833: initializing /rosout core topic
[rospy.rosout][INFO] 2023-03-31 02:47:11,836: connected to core topic /rosout
[rospy.simtime][INFO] 2023-03-31 02:47:11,837: /use_sim_time is not set, will not subscribe to simulated time [/clock] topic
[rospy.internal][INFO] 2023-03-31 02:47:11,847: topic[/actual_system/state] adding connection to [http://aneesh-Swift:44421/], count 0
[rospy.internal][INFO] 2023-03-31 02:47:11,851: topic[/actual_system/complete_pose] adding connection to [http://aneesh-Swift:44421/], count 0
[rospy.internal][INFO] 2023-03-31 02:47:11,853: topic[/actual_system/complete_state] adding connection to [http://aneesh-Swift:44421/], count 0
[rospy.internal][INFO] 2023-03-31 02:47:12,074: topic[/rosout] adding connection to [/rosout], count 0
[rospy.internal][INFO] 2023-03-31 02:47:12,075: topic[/actual_system/force] adding connection to [/actual_system/simluator], count 0
[rospy.internal][INFO] 2023-03-31 02:47:13,337: topic[/steady_system/complete_pose] adding connection to [/controller], count 0
[rospy.internal][INFO] 2023-03-31 02:47:13,338: topic[/steady_system/velocity] adding connection to [/controller], count 0
[rospy.internal][INFO] 2023-03-31 02:47:13,388: topic[/steady_system/force] adding connection to [http://aneesh-Swift:32783/], count 0
[rospy.core][INFO] 2023-03-31 02:55:33,476: signal_shutdown [signal-2]
[rospy.internal][INFO] 2023-03-31 02:55:33,482: topic[/rosout] removing connection to /rosout
[rospy.internal][INFO] 2023-03-31 02:55:33,482: topic[/steady_system/complete_pose] removing connection to /controller
[rospy.internal][INFO] 2023-03-31 02:55:33,482: topic[/actual_system/force] removing connection to /actual_system/simluator
[rospy.internal][INFO] 2023-03-31 02:55:33,483: topic[/steady_system/velocity] removing connection to /controller
[rospy.internal][INFO] 2023-03-31 02:55:33,483: topic[/actual_system/state] removing connection to http://aneesh-Swift:44421/
[rospy.internal][INFO] 2023-03-31 02:55:33,484: topic[/actual_system/complete_pose] removing connection to http://aneesh-Swift:44421/
[rospy.internal][INFO] 2023-03-31 02:55:33,484: topic[/actual_system/complete_pose] removing connection to http://aneesh-Swift:44421/
[rospy.internal][INFO] 2023-03-31 02:55:33,484: topic[/actual_system/complete_state] removing connection to http://aneesh-Swift:44421/
[rospy.internal][INFO] 2023-03-31 02:55:33,484: topic[/steady_system/force] removing connection to http://aneesh-Swift:32783/
[rospy.impl.masterslave][INFO] 2023-03-31 02:55:33,485: signal-2
[rospy.core][INFO] 2023-03-31 02:55:34,097: signal_shutdown [atexit]
