[rospy.client][INFO] 2023-03-31 03:30:12,263: init_node, name[/controller], pid[21252]
[xmlrpc][INFO] 2023-03-31 03:30:12,264: XML-RPC server binding to 0.0.0.0:0
[xmlrpc][INFO] 2023-03-31 03:30:12,264: Started XML-RPC server [http://aneesh-Swift:40379/]
[rospy.impl.masterslave][INFO] 2023-03-31 03:30:12,264: _ready: http://aneesh-Swift:40379/
[rospy.init][INFO] 2023-03-31 03:30:12,264: ROS Slave URI: [http://aneesh-Swift:40379/]
[rospy.registration][INFO] 2023-03-31 03:30:12,265: Registering with master node http://localhost:11311
[xmlrpc][INFO] 2023-03-31 03:30:12,265: xml rpc node: starting XML-RPC server
[rospy.init][INFO] 2023-03-31 03:30:12,365: registered with master
[rospy.rosout][INFO] 2023-03-31 03:30:12,366: initializing /rosout core topic
[rospy.rosout][INFO] 2023-03-31 03:30:12,371: connected to core topic /rosout
[rospy.simtime][INFO] 2023-03-31 03:30:12,373: /use_sim_time is not set, will not subscribe to simulated time [/clock] topic
[rospy.internal][INFO] 2023-03-31 03:30:12,404: topic[/steady_system/complete_pose] adding connection to [http://aneesh-Swift:37045/], count 0
[rospy.internal][INFO] 2023-03-31 03:30:12,407: topic[/steady_system/velocity] adding connection to [http://aneesh-Swift:37045/], count 0
[rospy.internal][INFO] 2023-03-31 03:30:12,437: topic[/steady_system/force] adding connection to [/steady_state_checker_node], count 0
[rospy.internal][INFO] 2023-03-31 03:30:12,629: topic[/rosout] adding connection to [/rosout], count 0
[rospy.internal][INFO] 2023-03-31 03:30:12,633: topic[/actual_system/reset] adding connection to [/actual_system/simluator], count 0
[rospy.core][INFO] 2023-03-31 03:30:14,804: signal_shutdown [atexit]
[rospy.internal][INFO] 2023-03-31 03:30:14,807: topic[/rosout] removing connection to /rosout
[rospy.internal][INFO] 2023-03-31 03:30:14,807: topic[/steady_system/force] removing connection to /steady_state_checker_node
[rospy.internal][INFO] 2023-03-31 03:30:14,808: topic[/actual_system/reset] removing connection to /actual_system/simluator
[rospy.internal][INFO] 2023-03-31 03:30:14,808: topic[/steady_system/complete_pose] removing connection to http://aneesh-Swift:37045/
[rospy.internal][INFO] 2023-03-31 03:30:14,808: topic[/steady_system/velocity] removing connection to http://aneesh-Swift:37045/
[rospy.impl.masterslave][INFO] 2023-03-31 03:30:14,809: atexit
