[rosmaster.main][INFO] 2023-03-31 03:30:10,317: initialization complete, waiting for shutdown
[rosmaster.main][INFO] 2023-03-31 03:30:10,317: Starting ROS Master Node
[xmlrpc][INFO] 2023-03-31 03:30:10,318: XML-RPC server binding to 0.0.0.0:11311
[xmlrpc][INFO] 2023-03-31 03:30:10,318: Started XML-RPC server [http://aneesh-Swift:11311/]
[rosmaster.master][INFO] 2023-03-31 03:30:10,318: Master initialized: port[11311], uri[http://aneesh-Swift:11311/]
[xmlrpc][INFO] 2023-03-31 03:30:10,319: xml rpc node: starting XML-RPC server
[rosmaster.master][INFO] 2023-03-31 03:30:10,344: +PARAM [/run_id] by /roslaunch
[rosmaster.master][INFO] 2023-03-31 03:30:10,347: +PARAM [/roslaunch/uris/host_aneesh_swift__35409] by /roslaunch
[rosmaster.master][INFO] 2023-03-31 03:30:10,398: +PARAM [/rosversion] by /roslaunch
[rosmaster.master][INFO] 2023-03-31 03:30:10,398: +PARAM [/rosdistro] by /roslaunch
[rosmaster.master][INFO] 2023-03-31 03:30:10,411: +SERVICE [/rosout/get_loggers] /rosout http://aneesh-Swift:33951/
[rosmaster.master][INFO] 2023-03-31 03:30:10,412: +SERVICE [/rosout/set_logger_level] /rosout http://aneesh-Swift:33951/
[rosmaster.master][INFO] 2023-03-31 03:30:10,413: +PUB [/rosout_agg] /rosout http://aneesh-Swift:33951/
[rosmaster.master][INFO] 2023-03-31 03:30:10,415: +SUB [/rosout] /rosout http://aneesh-Swift:33951/
[rosmaster.master][INFO] 2023-03-31 03:30:10,435: +PUB [/rosout] /actual_system/simluator http://aneesh-Swift:46515/
[rosmaster.master][INFO] 2023-03-31 03:30:10,436: +SERVICE [/actual_system/simluator/get_loggers] /actual_system/simluator http://aneesh-Swift:46515/
[rosmaster.master][INFO] 2023-03-31 03:30:10,437: +SERVICE [/actual_system/simluator/set_logger_level] /actual_system/simluator http://aneesh-Swift:46515/
[rosmaster.master][INFO] 2023-03-31 03:30:10,441: +SUB [/actual_system/force] /actual_system/simluator http://aneesh-Swift:46515/
[rosmaster.master][INFO] 2023-03-31 03:30:10,444: +SUB [/actual_system/reset] /actual_system/simluator http://aneesh-Swift:46515/
[rosmaster.master][INFO] 2023-03-31 03:30:10,445: +PUB [/actual_system/reset] /actual_system/simluator http://aneesh-Swift:46515/
[rosmaster.master][INFO] 2023-03-31 03:30:10,445: +PUB [/actual_system/slopes] /actual_system/simluator http://aneesh-Swift:46515/
[rosmaster.master][INFO] 2023-03-31 03:30:10,446: +PUB [/actual_system/state] /actual_system/simluator http://aneesh-Swift:46515/
[rosmaster.master][INFO] 2023-03-31 03:30:10,446: +PUB [/actual_system/complete_state] /actual_system/simluator http://aneesh-Swift:46515/
[rosmaster.master][INFO] 2023-03-31 03:30:10,447: +PUB [/actual_system/velocity] /actual_system/simluator http://aneesh-Swift:46515/
[rosmaster.master][INFO] 2023-03-31 03:30:10,447: +PUB [/actual_system/complete_pose] /actual_system/simluator http://aneesh-Swift:46515/
[rosmaster.master][INFO] 2023-03-31 03:30:10,518: publisherUpdate[/rosout] -> http://aneesh-Swift:33951/ ['http://aneesh-Swift:46515/']
[rosmaster.master][INFO] 2023-03-31 03:30:10,518: publisherUpdate[/actual_system/reset] -> http://aneesh-Swift:46515/ ['http://aneesh-Swift:46515/']
[rosmaster.master][INFO] 2023-03-31 03:30:10,522: publisherUpdate[/actual_system/reset] -> http://aneesh-Swift:46515/ ['http://aneesh-Swift:46515/']: sec=0.00, result=[1, '', 0]
[rosmaster.master][INFO] 2023-03-31 03:30:10,523: publisherUpdate[/rosout] -> http://aneesh-Swift:33951/ ['http://aneesh-Swift:46515/']: sec=0.00, result=[1, '', 0]
[rosmaster.master][INFO] 2023-03-31 03:30:10,875: +PUB [/rosout] /steady_state_checker_node http://aneesh-Swift:37045/
[rosmaster.master][INFO] 2023-03-31 03:30:10,877: +SERVICE [/steady_state_checker_node/get_loggers] /steady_state_checker_node http://aneesh-Swift:37045/
[rosmaster.master][INFO] 2023-03-31 03:30:10,879: +SERVICE [/steady_state_checker_node/set_logger_level] /steady_state_checker_node http://aneesh-Swift:37045/
[rosmaster.master][INFO] 2023-03-31 03:30:10,880: +PUB [/steady_system/state] /steady_state_checker_node http://aneesh-Swift:37045/
[rosmaster.master][INFO] 2023-03-31 03:30:10,881: +PUB [/steady_system/complete_pose] /steady_state_checker_node http://aneesh-Swift:37045/
[rosmaster.master][INFO] 2023-03-31 03:30:10,881: +PUB [/steady_system/complete_state] /steady_state_checker_node http://aneesh-Swift:37045/
[rosmaster.master][INFO] 2023-03-31 03:30:10,882: +PUB [/actual_system/force] /steady_state_checker_node http://aneesh-Swift:37045/
[rosmaster.master][INFO] 2023-03-31 03:30:10,883: +PUB [/steady_system/velocity] /steady_state_checker_node http://aneesh-Swift:37045/
[rosmaster.master][INFO] 2023-03-31 03:30:10,885: +SUB [/actual_system/state] /steady_state_checker_node http://aneesh-Swift:37045/
[rosmaster.master][INFO] 2023-03-31 03:30:10,887: +SUB [/actual_system/complete_pose] /steady_state_checker_node http://aneesh-Swift:37045/
[rosmaster.master][INFO] 2023-03-31 03:30:10,889: +SUB [/actual_system/complete_state] /steady_state_checker_node http://aneesh-Swift:37045/
[rosmaster.master][INFO] 2023-03-31 03:30:10,894: +SUB [/steady_system/force] /steady_state_checker_node http://aneesh-Swift:37045/
[rosmaster.master][INFO] 2023-03-31 03:30:10,919: publisherUpdate[/rosout] -> http://aneesh-Swift:33951/ ['http://aneesh-Swift:46515/', 'http://aneesh-Swift:37045/']
[rosmaster.master][INFO] 2023-03-31 03:30:10,920: publisherUpdate[/rosout] -> http://aneesh-Swift:33951/ ['http://aneesh-Swift:46515/', 'http://aneesh-Swift:37045/']: sec=0.00, result=[1, '', 0]
[rosmaster.master][INFO] 2023-03-31 03:30:10,920: publisherUpdate[/actual_system/force] -> http://aneesh-Swift:46515/ ['http://aneesh-Swift:37045/']
[rosmaster.master][INFO] 2023-03-31 03:30:10,921: publisherUpdate[/actual_system/force] -> http://aneesh-Swift:46515/ ['http://aneesh-Swift:37045/']: sec=0.00, result=[1, '', 0]
[rosmaster.master][INFO] 2023-03-31 03:30:12,370: +PUB [/rosout] /controller http://aneesh-Swift:40379/
[rosmaster.master][INFO] 2023-03-31 03:30:12,376: +SERVICE [/controller/get_loggers] /controller http://aneesh-Swift:40379/
[rosmaster.master][INFO] 2023-03-31 03:30:12,378: +SERVICE [/controller/set_logger_level] /controller http://aneesh-Swift:40379/
[rosmaster.master][INFO] 2023-03-31 03:30:12,381: +PUB [/steady_system/force] /controller http://aneesh-Swift:40379/
[rosmaster.master][INFO] 2023-03-31 03:30:12,383: +PUB [/actual_system/reset] /controller http://aneesh-Swift:40379/
[rosmaster.master][INFO] 2023-03-31 03:30:12,385: +PUB [/actual_system/target] /controller http://aneesh-Swift:40379/
[rosmaster.master][INFO] 2023-03-31 03:30:12,388: +PUB [/actual_system/radius] /controller http://aneesh-Swift:40379/
[rosmaster.master][INFO] 2023-03-31 03:30:12,392: +SUB [/steady_system/complete_pose] /controller http://aneesh-Swift:40379/
[rosmaster.master][INFO] 2023-03-31 03:30:12,397: +SUB [/steady_system/velocity] /controller http://aneesh-Swift:40379/
[rosmaster.master][INFO] 2023-03-31 03:30:12,423: publisherUpdate[/rosout] -> http://aneesh-Swift:33951/ ['http://aneesh-Swift:46515/', 'http://aneesh-Swift:37045/', 'http://aneesh-Swift:40379/']
[rosmaster.master][INFO] 2023-03-31 03:30:12,426: publisherUpdate[/rosout] -> http://aneesh-Swift:33951/ ['http://aneesh-Swift:46515/', 'http://aneesh-Swift:37045/', 'http://aneesh-Swift:40379/']: sec=0.00, result=[1, '', 0]
[rosmaster.master][INFO] 2023-03-31 03:30:12,426: publisherUpdate[/steady_system/force] -> http://aneesh-Swift:37045/ ['http://aneesh-Swift:40379/']
[rosmaster.master][INFO] 2023-03-31 03:30:12,426: publisherUpdate[/actual_system/reset] -> http://aneesh-Swift:46515/ ['http://aneesh-Swift:46515/', 'http://aneesh-Swift:40379/']
[rosmaster.master][INFO] 2023-03-31 03:30:12,430: publisherUpdate[/actual_system/reset] -> http://aneesh-Swift:46515/ ['http://aneesh-Swift:46515/', 'http://aneesh-Swift:40379/']: sec=0.00, result=[1, '', 0]
[rosmaster.master][INFO] 2023-03-31 03:30:12,431: publisherUpdate[/steady_system/force] -> http://aneesh-Swift:37045/ ['http://aneesh-Swift:40379/']: sec=0.00, result=[1, '', 0]
[rosmaster.master][INFO] 2023-03-31 03:30:14,805: -SUB [/steady_system/complete_pose] /controller http://aneesh-Swift:40379/
[rosmaster.master][INFO] 2023-03-31 03:30:14,805: -SUB [/steady_system/velocity] /controller http://aneesh-Swift:40379/
[rosmaster.master][INFO] 2023-03-31 03:30:14,806: -PUB [/rosout] /controller http://aneesh-Swift:40379/
[rosmaster.master][INFO] 2023-03-31 03:30:14,806: -PUB [/steady_system/force] /controller http://aneesh-Swift:40379/
[rosmaster.master][INFO] 2023-03-31 03:30:14,806: -PUB [/actual_system/reset] /controller http://aneesh-Swift:40379/
[rosmaster.master][INFO] 2023-03-31 03:30:14,806: -PUB [/actual_system/target] /controller http://aneesh-Swift:40379/
[rosmaster.master][INFO] 2023-03-31 03:30:14,806: -PUB [/actual_system/radius] /controller http://aneesh-Swift:40379/
[rosmaster.master][INFO] 2023-03-31 03:30:14,806: -SERVICE [/controller/get_loggers] /controller rosrpc://aneesh-Swift:33291
[rosmaster.master][INFO] 2023-03-31 03:30:14,806: -SERVICE [/controller/set_logger_level] /controller rosrpc://aneesh-Swift:33291
[rosmaster.master][INFO] 2023-03-31 03:30:14,833: publisherUpdate[/rosout] -> http://aneesh-Swift:33951/ ['http://aneesh-Swift:46515/', 'http://aneesh-Swift:37045/']
[rosmaster.master][INFO] 2023-03-31 03:30:14,833: publisherUpdate[/rosout] -> http://aneesh-Swift:33951/ ['http://aneesh-Swift:46515/', 'http://aneesh-Swift:37045/']: sec=0.00, result=[1, '', 0]
[rosmaster.master][INFO] 2023-03-31 03:30:14,834: publisherUpdate[/steady_system/force] -> http://aneesh-Swift:37045/ []
[rosmaster.master][INFO] 2023-03-31 03:30:14,835: publisherUpdate[/steady_system/force] -> http://aneesh-Swift:37045/ []: sec=0.00, result=[1, '', 0]
[rosmaster.master][INFO] 2023-03-31 03:30:14,835: publisherUpdate[/actual_system/reset] -> http://aneesh-Swift:46515/ ['http://aneesh-Swift:46515/']
[rosmaster.master][INFO] 2023-03-31 03:30:14,836: publisherUpdate[/actual_system/reset] -> http://aneesh-Swift:46515/ ['http://aneesh-Swift:46515/']: sec=0.00, result=[1, '', 0]
[rosmaster.master][INFO] 2023-03-31 03:31:22,684: -SUB [/actual_system/state] /steady_state_checker_node http://aneesh-Swift:37045/
[rosmaster.master][INFO] 2023-03-31 03:31:22,684: -SUB [/actual_system/complete_pose] /steady_state_checker_node http://aneesh-Swift:37045/
[rosmaster.master][INFO] 2023-03-31 03:31:22,684: -SUB [/actual_system/complete_state] /steady_state_checker_node http://aneesh-Swift:37045/
[rosmaster.master][INFO] 2023-03-31 03:31:22,684: -SUB [/steady_system/force] /steady_state_checker_node http://aneesh-Swift:37045/
[rosmaster.master][INFO] 2023-03-31 03:31:22,684: -PUB [/rosout] /steady_state_checker_node http://aneesh-Swift:37045/
[rosmaster.master][INFO] 2023-03-31 03:31:22,684: -PUB [/steady_system/state] /steady_state_checker_node http://aneesh-Swift:37045/
[rosmaster.master][INFO] 2023-03-31 03:31:22,684: -PUB [/steady_system/complete_pose] /steady_state_checker_node http://aneesh-Swift:37045/
[rosmaster.master][INFO] 2023-03-31 03:31:22,685: -PUB [/steady_system/complete_state] /steady_state_checker_node http://aneesh-Swift:37045/
[rosmaster.master][INFO] 2023-03-31 03:31:22,685: -PUB [/actual_system/force] /steady_state_checker_node http://aneesh-Swift:37045/
[rosmaster.master][INFO] 2023-03-31 03:31:22,685: -PUB [/steady_system/velocity] /steady_state_checker_node http://aneesh-Swift:37045/
[rosmaster.master][INFO] 2023-03-31 03:31:22,685: -SERVICE [/steady_state_checker_node/get_loggers] /steady_state_checker_node rosrpc://aneesh-Swift:45123
[rosmaster.master][INFO] 2023-03-31 03:31:22,685: -SERVICE [/steady_state_checker_node/set_logger_level] /steady_state_checker_node rosrpc://aneesh-Swift:45123
[rosmaster.master][INFO] 2023-03-31 03:31:22,736: publisherUpdate[/rosout] -> http://aneesh-Swift:33951/ ['http://aneesh-Swift:46515/']
[rosmaster.master][INFO] 2023-03-31 03:31:22,736: publisherUpdate[/actual_system/force] -> http://aneesh-Swift:46515/ []
[rosmaster.master][INFO] 2023-03-31 03:31:22,738: publisherUpdate[/rosout] -> http://aneesh-Swift:33951/ ['http://aneesh-Swift:46515/']: sec=0.00, result=[1, '', 0]
[rosmaster.master][INFO] 2023-03-31 03:31:22,738: publisherUpdate[/actual_system/force] -> http://aneesh-Swift:46515/ []: sec=0.00, result=[1, '', 0]
[rosmaster.master][INFO] 2023-03-31 03:31:22,838: -PUB [/rosout] /actual_system/simluator http://aneesh-Swift:46515/
[rosmaster.master][INFO] 2023-03-31 03:31:22,838: publisherUpdate[/rosout] -> http://aneesh-Swift:33951/ []
[rosmaster.master][INFO] 2023-03-31 03:31:22,839: -PUB [/actual_system/reset] /actual_system/simluator http://aneesh-Swift:46515/
[rosmaster.master][INFO] 2023-03-31 03:31:22,839: publisherUpdate[/actual_system/reset] -> http://aneesh-Swift:46515/ []
[rosmaster.master][INFO] 2023-03-31 03:31:22,840: -PUB [/actual_system/slopes] /actual_system/simluator http://aneesh-Swift:46515/
[rosmaster.master][INFO] 2023-03-31 03:31:22,840: -PUB [/actual_system/state] /actual_system/simluator http://aneesh-Swift:46515/
[rosmaster.master][INFO] 2023-03-31 03:31:22,841: -PUB [/actual_system/complete_state] /actual_system/simluator http://aneesh-Swift:46515/
[rosmaster.master][INFO] 2023-03-31 03:31:22,842: publisherUpdate[/rosout] -> http://aneesh-Swift:33951/ []: sec=0.00, result=[1, '', 0]
[rosmaster.master][INFO] 2023-03-31 03:31:22,843: -PUB [/actual_system/velocity] /actual_system/simluator http://aneesh-Swift:46515/
[rosmaster.master][INFO] 2023-03-31 03:31:22,843: -PUB [/actual_system/complete_pose] /actual_system/simluator http://aneesh-Swift:46515/
[rosmaster.master][INFO] 2023-03-31 03:31:22,844: -SUB [/actual_system/force] /actual_system/simluator http://aneesh-Swift:46515/
[rosmaster.master][INFO] 2023-03-31 03:31:22,845: -SUB [/actual_system/reset] /actual_system/simluator http://aneesh-Swift:46515/
[rosmaster.master][INFO] 2023-03-31 03:31:22,847: -SERVICE [/actual_system/simluator/get_loggers] /actual_system/simluator rosrpc://aneesh-Swift:54439
[rosmaster.master][INFO] 2023-03-31 03:31:22,847: -SERVICE [/actual_system/simluator/set_logger_level] /actual_system/simluator rosrpc://aneesh-Swift:54439
[rosmaster.master][INFO] 2023-03-31 03:31:22,848: publisherUpdate[/actual_system/reset] -> http://aneesh-Swift:46515/ []: sec=0.01, exception=<Fault -1: 'publisherUpdate: unknown method name'>
[rosmaster.threadpool][ERROR] 2023-03-31 03:31:22,849: Traceback (most recent call last):
  File "/opt/ros/noetic/lib/python3/dist-packages/rosmaster/threadpool.py", line 218, in run
    result = cmd(*args)
  File "/opt/ros/noetic/lib/python3/dist-packages/rosmaster/master_api.py", line 210, in publisher_update_task
    ret = xmlrpcapi(api).publisherUpdate('/master', topic, pub_uris)
  File "/usr/lib/python3.8/xmlrpc/client.py", line 1109, in __call__
    return self.__send(self.__name, args)
  File "/usr/lib/python3.8/xmlrpc/client.py", line 1450, in __request
    response = self.__transport.request(
  File "/usr/lib/python3.8/xmlrpc/client.py", line 1153, in request
    return self.single_request(host, handler, request_body, verbose)
  File "/usr/lib/python3.8/xmlrpc/client.py", line 1169, in single_request
    return self.parse_response(resp)
  File "/usr/lib/python3.8/xmlrpc/client.py", line 1341, in parse_response
    return u.close()
  File "/usr/lib/python3.8/xmlrpc/client.py", line 655, in close
    raise Fault(**self._stack[0])
xmlrpc.client.Fault: <Fault -1: 'publisherUpdate: unknown method name'>

[rosmaster.master][INFO] 2023-03-31 03:31:23,542: -PUB [/rosout_agg] /rosout http://aneesh-Swift:33951/
[rosmaster.master][INFO] 2023-03-31 03:31:23,543: -SUB [/rosout] /rosout http://aneesh-Swift:33951/
[rosmaster.master][INFO] 2023-03-31 03:31:23,544: -SERVICE [/rosout/get_loggers] /rosout rosrpc://aneesh-Swift:36653
[rosmaster.master][INFO] 2023-03-31 03:31:23,545: -SERVICE [/rosout/set_logger_level] /rosout rosrpc://aneesh-Swift:36653
[rosmaster.main][INFO] 2023-03-31 03:31:23,686: keyboard interrupt, will exit
[rosmaster.main][INFO] 2023-03-31 03:31:23,687: stopping master...
[rospy.core][INFO] 2023-03-31 03:31:23,687: signal_shutdown [atexit]
