[rosmaster.main][INFO] 2023-03-29 16:49:55,760: initialization complete, waiting for shutdown
[rosmaster.main][INFO] 2023-03-29 16:49:55,760: Starting ROS Master Node
[xmlrpc][INFO] 2023-03-29 16:49:55,761: XML-RPC server binding to 0.0.0.0:11311
[xmlrpc][INFO] 2023-03-29 16:49:55,761: Started XML-RPC server [http://aneesh-Swift:11311/]
[rosmaster.master][INFO] 2023-03-29 16:49:55,761: Master initialized: port[11311], uri[http://aneesh-Swift:11311/]
[xmlrpc][INFO] 2023-03-29 16:49:55,761: xml rpc node: starting XML-RPC server
[rosmaster.master][INFO] 2023-03-29 16:49:55,795: +PARAM [/run_id] by /roslaunch
[rosmaster.master][INFO] 2023-03-29 16:49:55,797: +PARAM [/roslaunch/uris/host_aneesh_swift__42277] by /roslaunch
[rosmaster.master][INFO] 2023-03-29 16:49:55,848: +PARAM [/rosversion] by /roslaunch
[rosmaster.master][INFO] 2023-03-29 16:49:55,849: +PARAM [/rosdistro] by /roslaunch
[rosmaster.master][INFO] 2023-03-29 16:49:55,865: +SERVICE [/rosout/get_loggers] /rosout http://aneesh-Swift:40077/
[rosmaster.master][INFO] 2023-03-29 16:49:55,866: +SERVICE [/rosout/set_logger_level] /rosout http://aneesh-Swift:40077/
[rosmaster.master][INFO] 2023-03-29 16:49:55,867: +PUB [/rosout_agg] /rosout http://aneesh-Swift:40077/
[rosmaster.master][INFO] 2023-03-29 16:49:55,869: +SUB [/rosout] /rosout http://aneesh-Swift:40077/
[rosmaster.master][INFO] 2023-03-29 16:49:55,884: +PUB [/rosout] /actual_system/simluator http://aneesh-Swift:36471/
[rosmaster.master][INFO] 2023-03-29 16:49:55,885: +SERVICE [/actual_system/simluator/get_loggers] /actual_system/simluator http://aneesh-Swift:36471/
[rosmaster.master][INFO] 2023-03-29 16:49:55,886: +SERVICE [/actual_system/simluator/set_logger_level] /actual_system/simluator http://aneesh-Swift:36471/
[rosmaster.master][INFO] 2023-03-29 16:49:55,890: +SUB [/actual_system/force] /actual_system/simluator http://aneesh-Swift:36471/
[rosmaster.master][INFO] 2023-03-29 16:49:55,894: +SUB [/actual_system/reset] /actual_system/simluator http://aneesh-Swift:36471/
[rosmaster.master][INFO] 2023-03-29 16:49:55,895: +PUB [/actual_system/reset] /actual_system/simluator http://aneesh-Swift:36471/
[rosmaster.master][INFO] 2023-03-29 16:49:55,895: +PUB [/actual_system/slopes] /actual_system/simluator http://aneesh-Swift:36471/
[rosmaster.master][INFO] 2023-03-29 16:49:55,896: +PUB [/actual_system/state] /actual_system/simluator http://aneesh-Swift:36471/
[rosmaster.master][INFO] 2023-03-29 16:49:55,897: +PUB [/actual_system/complete_state] /actual_system/simluator http://aneesh-Swift:36471/
[rosmaster.master][INFO] 2023-03-29 16:49:55,897: +PUB [/actual_system/velocity] /actual_system/simluator http://aneesh-Swift:36471/
[rosmaster.master][INFO] 2023-03-29 16:49:55,898: +PUB [/actual_system/complete_pose] /actual_system/simluator http://aneesh-Swift:36471/
[rosmaster.master][INFO] 2023-03-29 16:49:55,961: publisherUpdate[/rosout] -> http://aneesh-Swift:40077/ ['http://aneesh-Swift:36471/']
[rosmaster.master][INFO] 2023-03-29 16:49:55,964: publisherUpdate[/actual_system/reset] -> http://aneesh-Swift:36471/ ['http://aneesh-Swift:36471/']
[rosmaster.master][INFO] 2023-03-29 16:49:55,965: publisherUpdate[/actual_system/reset] -> http://aneesh-Swift:36471/ ['http://aneesh-Swift:36471/']: sec=0.00, result=[1, '', 0]
[rosmaster.master][INFO] 2023-03-29 16:49:55,966: publisherUpdate[/rosout] -> http://aneesh-Swift:40077/ ['http://aneesh-Swift:36471/']: sec=0.01, result=[1, '', 0]
[rosmaster.master][INFO] 2023-03-29 16:49:56,300: +PUB [/rosout] /steady_state_checker_node http://aneesh-Swift:36947/
[rosmaster.master][INFO] 2023-03-29 16:49:56,303: +SERVICE [/steady_state_checker_node/get_loggers] /steady_state_checker_node http://aneesh-Swift:36947/
[rosmaster.master][INFO] 2023-03-29 16:49:56,304: +SERVICE [/steady_state_checker_node/set_logger_level] /steady_state_checker_node http://aneesh-Swift:36947/
[rosmaster.master][INFO] 2023-03-29 16:49:56,304: +PUB [/steady_system/state] /steady_state_checker_node http://aneesh-Swift:36947/
[rosmaster.master][INFO] 2023-03-29 16:49:56,305: +PUB [/steady_system/complete_pose] /steady_state_checker_node http://aneesh-Swift:36947/
[rosmaster.master][INFO] 2023-03-29 16:49:56,306: +PUB [/steady_system/complete_state] /steady_state_checker_node http://aneesh-Swift:36947/
[rosmaster.master][INFO] 2023-03-29 16:49:56,307: +PUB [/actual_system/force] /steady_state_checker_node http://aneesh-Swift:36947/
[rosmaster.master][INFO] 2023-03-29 16:49:56,308: +PUB [/steady_system/velocity] /steady_state_checker_node http://aneesh-Swift:36947/
[rosmaster.master][INFO] 2023-03-29 16:49:56,309: +SUB [/actual_system/state] /steady_state_checker_node http://aneesh-Swift:36947/
[rosmaster.master][INFO] 2023-03-29 16:49:56,310: +SUB [/actual_system/complete_pose] /steady_state_checker_node http://aneesh-Swift:36947/
[rosmaster.master][INFO] 2023-03-29 16:49:56,313: +SUB [/actual_system/complete_state] /steady_state_checker_node http://aneesh-Swift:36947/
[rosmaster.master][INFO] 2023-03-29 16:49:56,317: +SUB [/steady_system/force] /steady_state_checker_node http://aneesh-Swift:36947/
[rosmaster.master][INFO] 2023-03-29 16:49:56,365: publisherUpdate[/rosout] -> http://aneesh-Swift:40077/ ['http://aneesh-Swift:36471/', 'http://aneesh-Swift:36947/']
[rosmaster.master][INFO] 2023-03-29 16:49:56,366: publisherUpdate[/actual_system/force] -> http://aneesh-Swift:36471/ ['http://aneesh-Swift:36947/']
[rosmaster.master][INFO] 2023-03-29 16:49:56,367: publisherUpdate[/rosout] -> http://aneesh-Swift:40077/ ['http://aneesh-Swift:36471/', 'http://aneesh-Swift:36947/']: sec=0.00, result=[1, '', 0]
[rosmaster.master][INFO] 2023-03-29 16:49:56,367: publisherUpdate[/actual_system/force] -> http://aneesh-Swift:36471/ ['http://aneesh-Swift:36947/']: sec=0.00, result=[1, '', 0]
[rosmaster.master][INFO] 2023-03-29 16:49:57,877: +PUB [/rosout] /controller http://aneesh-Swift:35877/
[rosmaster.master][INFO] 2023-03-29 16:49:57,884: +SERVICE [/controller/get_loggers] /controller http://aneesh-Swift:35877/
[rosmaster.master][INFO] 2023-03-29 16:49:57,886: +SERVICE [/controller/set_logger_level] /controller http://aneesh-Swift:35877/
[rosmaster.master][INFO] 2023-03-29 16:49:57,889: +PUB [/steady_system/force] /controller http://aneesh-Swift:35877/
[rosmaster.master][INFO] 2023-03-29 16:49:57,891: +PUB [/actual_system/reset] /controller http://aneesh-Swift:35877/
[rosmaster.master][INFO] 2023-03-29 16:49:57,893: +PUB [/actual_system/target] /controller http://aneesh-Swift:35877/
[rosmaster.master][INFO] 2023-03-29 16:49:57,896: +PUB [/actual_system/radius] /controller http://aneesh-Swift:35877/
[rosmaster.master][INFO] 2023-03-29 16:49:57,900: +SUB [/steady_system/complete_pose] /controller http://aneesh-Swift:35877/
[rosmaster.master][INFO] 2023-03-29 16:49:57,904: +SUB [/steady_system/velocity] /controller http://aneesh-Swift:35877/
[rosmaster.master][INFO] 2023-03-29 16:49:57,970: publisherUpdate[/rosout] -> http://aneesh-Swift:40077/ ['http://aneesh-Swift:36471/', 'http://aneesh-Swift:36947/', 'http://aneesh-Swift:35877/']
[rosmaster.master][INFO] 2023-03-29 16:49:57,970: publisherUpdate[/steady_system/force] -> http://aneesh-Swift:36947/ ['http://aneesh-Swift:35877/']
[rosmaster.master][INFO] 2023-03-29 16:49:57,970: publisherUpdate[/actual_system/reset] -> http://aneesh-Swift:36471/ ['http://aneesh-Swift:36471/', 'http://aneesh-Swift:35877/']
[rosmaster.master][INFO] 2023-03-29 16:49:57,976: publisherUpdate[/actual_system/reset] -> http://aneesh-Swift:36471/ ['http://aneesh-Swift:36471/', 'http://aneesh-Swift:35877/']: sec=0.00, result=[1, '', 0]
[rosmaster.master][INFO] 2023-03-29 16:49:57,977: publisherUpdate[/rosout] -> http://aneesh-Swift:40077/ ['http://aneesh-Swift:36471/', 'http://aneesh-Swift:36947/', 'http://aneesh-Swift:35877/']: sec=0.01, result=[1, '', 0]
[rosmaster.master][INFO] 2023-03-29 16:49:57,978: publisherUpdate[/steady_system/force] -> http://aneesh-Swift:36947/ ['http://aneesh-Swift:35877/']: sec=0.01, result=[1, '', 0]
[rosmaster.master][INFO] 2023-03-29 16:50:40,468: +PUB [/rosout] /matlab_global_node_34089 http://aneesh-Swift:34273/
[rosmaster.master][INFO] 2023-03-29 16:50:40,469: +SERVICE [/matlab_global_node_34089/get_loggers] /matlab_global_node_34089 http://aneesh-Swift:34273/
[rosmaster.master][INFO] 2023-03-29 16:50:40,469: +SERVICE [/matlab_global_node_34089/set_logger_level] /matlab_global_node_34089 http://aneesh-Swift:34273/
[rosmaster.master][INFO] 2023-03-29 16:50:40,470: +PUB [/tf] /matlab_global_node_34089 http://aneesh-Swift:34273/
[rosmaster.master][INFO] 2023-03-29 16:50:40,553: publisherUpdate[/rosout] -> http://aneesh-Swift:40077/ ['http://aneesh-Swift:36471/', 'http://aneesh-Swift:36947/', 'http://aneesh-Swift:35877/', 'http://aneesh-Swift:34273/']
[rosmaster.master][INFO] 2023-03-29 16:50:40,554: publisherUpdate[/rosout] -> http://aneesh-Swift:40077/ ['http://aneesh-Swift:36471/', 'http://aneesh-Swift:36947/', 'http://aneesh-Swift:35877/', 'http://aneesh-Swift:34273/']: sec=0.00, result=[1, '', 0]
[rosmaster.master][INFO] 2023-03-29 16:50:41,015: +SUB [/steady_system/state] /matlab_global_node_34089 http://aneesh-Swift:34273/
[rosmaster.master][INFO] 2023-03-29 16:50:41,114: +SUB [/steady_system/complete_state] /matlab_global_node_34089 http://aneesh-Swift:34273/
[rosmaster.master][INFO] 2023-03-29 16:50:41,166: +SUB [/actual_system/target] /matlab_global_node_34089 http://aneesh-Swift:34273/
[rosmaster.master][INFO] 2023-03-29 16:50:41,214: +SUB [/steady_system/force] /matlab_global_node_34089 http://aneesh-Swift:34273/
[rosmaster.master][INFO] 2023-03-29 16:50:41,294: +SUB [/steady_system/velocity] /matlab_global_node_34089 http://aneesh-Swift:34273/
[rosmaster.master][INFO] 2023-03-29 16:50:41,328: +SUB [/actual_system/radius] /matlab_global_node_34089 http://aneesh-Swift:34273/
[rosmaster.master][INFO] 2023-03-29 16:53:39,703: +PUB [/rosout] /rostopic_62539_1680089019568 http://aneesh-Swift:38495/
[rosmaster.master][INFO] 2023-03-29 16:53:39,705: +SERVICE [/rostopic_62539_1680089019568/get_loggers] /rostopic_62539_1680089019568 http://aneesh-Swift:38495/
[rosmaster.master][INFO] 2023-03-29 16:53:39,706: +SERVICE [/rostopic_62539_1680089019568/set_logger_level] /rostopic_62539_1680089019568 http://aneesh-Swift:38495/
[rosmaster.master][INFO] 2023-03-29 16:53:39,710: +SUB [/steady_system/velocity] /rostopic_62539_1680089019568 http://aneesh-Swift:38495/
[rosmaster.master][INFO] 2023-03-29 16:53:39,727: publisherUpdate[/rosout] -> http://aneesh-Swift:40077/ ['http://aneesh-Swift:36471/', 'http://aneesh-Swift:36947/', 'http://aneesh-Swift:35877/', 'http://aneesh-Swift:34273/', 'http://aneesh-Swift:38495/']
[rosmaster.master][INFO] 2023-03-29 16:53:39,728: publisherUpdate[/rosout] -> http://aneesh-Swift:40077/ ['http://aneesh-Swift:36471/', 'http://aneesh-Swift:36947/', 'http://aneesh-Swift:35877/', 'http://aneesh-Swift:34273/', 'http://aneesh-Swift:38495/']: sec=0.00, result=[1, '', 0]
[rosmaster.master][INFO] 2023-03-29 16:53:56,102: -SUB [/steady_system/force] /matlab_global_node_34089 http://aneesh-Swift:34273/
[rosmaster.master][INFO] 2023-03-29 16:53:56,105: -SUB [/actual_system/radius] /matlab_global_node_34089 http://aneesh-Swift:34273/
[rosmaster.master][INFO] 2023-03-29 16:53:56,109: -SUB [/steady_system/complete_state] /matlab_global_node_34089 http://aneesh-Swift:34273/
[rosmaster.master][INFO] 2023-03-29 16:53:56,113: -SUB [/actual_system/target] /matlab_global_node_34089 http://aneesh-Swift:34273/
[rosmaster.master][INFO] 2023-03-29 16:53:56,129: -SUB [/steady_system/state] /matlab_global_node_34089 http://aneesh-Swift:34273/
[rosmaster.master][INFO] 2023-03-29 16:53:56,142: -SUB [/steady_system/velocity] /matlab_global_node_34089 http://aneesh-Swift:34273/
[rosmaster.master][INFO] 2023-03-29 16:54:02,277: -PUB [/rosout] /matlab_global_node_34089 http://aneesh-Swift:34273/
[rosmaster.master][INFO] 2023-03-29 16:54:02,278: -PUB [/tf] /matlab_global_node_34089 http://aneesh-Swift:34273/
[rosmaster.master][INFO] 2023-03-29 16:54:02,279: -SERVICE [/matlab_global_node_34089/get_loggers] /matlab_global_node_34089 rosrpc://aneesh-Swift:44897
[rosmaster.master][INFO] 2023-03-29 16:54:02,279: -SERVICE [/matlab_global_node_34089/set_logger_level] /matlab_global_node_34089 rosrpc://aneesh-Swift:44897
[rosmaster.master][INFO] 2023-03-29 16:54:02,360: publisherUpdate[/rosout] -> http://aneesh-Swift:40077/ ['http://aneesh-Swift:36471/', 'http://aneesh-Swift:36947/', 'http://aneesh-Swift:35877/', 'http://aneesh-Swift:38495/']
[rosmaster.master][INFO] 2023-03-29 16:54:02,361: publisherUpdate[/rosout] -> http://aneesh-Swift:40077/ ['http://aneesh-Swift:36471/', 'http://aneesh-Swift:36947/', 'http://aneesh-Swift:35877/', 'http://aneesh-Swift:38495/']: sec=0.00, result=[1, '', 0]
[rosmaster.master][INFO] 2023-03-29 16:54:04,443: +PUB [/rosout] /matlab_global_node_69294 http://aneesh-Swift:32957/
[rosmaster.master][INFO] 2023-03-29 16:54:04,443: +SERVICE [/matlab_global_node_69294/get_loggers] /matlab_global_node_69294 http://aneesh-Swift:32957/
[rosmaster.master][INFO] 2023-03-29 16:54:04,444: +SERVICE [/matlab_global_node_69294/set_logger_level] /matlab_global_node_69294 http://aneesh-Swift:32957/
[rosmaster.master][INFO] 2023-03-29 16:54:04,445: +PUB [/tf] /matlab_global_node_69294 http://aneesh-Swift:32957/
[rosmaster.master][INFO] 2023-03-29 16:54:04,463: publisherUpdate[/rosout] -> http://aneesh-Swift:40077/ ['http://aneesh-Swift:36471/', 'http://aneesh-Swift:36947/', 'http://aneesh-Swift:35877/', 'http://aneesh-Swift:38495/', 'http://aneesh-Swift:32957/']
[rosmaster.master][INFO] 2023-03-29 16:54:04,464: publisherUpdate[/rosout] -> http://aneesh-Swift:40077/ ['http://aneesh-Swift:36471/', 'http://aneesh-Swift:36947/', 'http://aneesh-Swift:35877/', 'http://aneesh-Swift:38495/', 'http://aneesh-Swift:32957/']: sec=0.00, result=[1, '', 0]
[rosmaster.master][INFO] 2023-03-29 16:54:04,522: +SUB [/steady_system/state] /matlab_global_node_69294 http://aneesh-Swift:32957/
[rosmaster.master][INFO] 2023-03-29 16:54:04,555: +SUB [/steady_system/complete_state] /matlab_global_node_69294 http://aneesh-Swift:32957/
[rosmaster.master][INFO] 2023-03-29 16:54:04,593: +SUB [/actual_system/target] /matlab_global_node_69294 http://aneesh-Swift:32957/
[rosmaster.master][INFO] 2023-03-29 16:54:04,624: +SUB [/steady_system/force] /matlab_global_node_69294 http://aneesh-Swift:32957/
[rosmaster.master][INFO] 2023-03-29 16:54:04,658: +SUB [/steady_system/velocity] /matlab_global_node_69294 http://aneesh-Swift:32957/
[rosmaster.master][INFO] 2023-03-29 16:54:04,689: +SUB [/actual_system/radius] /matlab_global_node_69294 http://aneesh-Swift:32957/
[rosmaster.master][INFO] 2023-03-29 17:01:54,644: -SUB [/steady_system/complete_pose] /controller http://aneesh-Swift:35877/
[rosmaster.master][INFO] 2023-03-29 17:01:54,644: -SUB [/steady_system/velocity] /controller http://aneesh-Swift:35877/
[rosmaster.master][INFO] 2023-03-29 17:01:54,644: -PUB [/rosout] /controller http://aneesh-Swift:35877/
[rosmaster.master][INFO] 2023-03-29 17:01:54,644: -PUB [/steady_system/force] /controller http://aneesh-Swift:35877/
[rosmaster.master][INFO] 2023-03-29 17:01:54,644: -PUB [/actual_system/reset] /controller http://aneesh-Swift:35877/
[rosmaster.master][INFO] 2023-03-29 17:01:54,644: -PUB [/actual_system/target] /controller http://aneesh-Swift:35877/
[rosmaster.master][INFO] 2023-03-29 17:01:54,644: -PUB [/actual_system/radius] /controller http://aneesh-Swift:35877/
[rosmaster.master][INFO] 2023-03-29 17:01:54,645: -SERVICE [/controller/get_loggers] /controller rosrpc://aneesh-Swift:33591
[rosmaster.master][INFO] 2023-03-29 17:01:54,645: -SERVICE [/controller/set_logger_level] /controller rosrpc://aneesh-Swift:33591
[rosmaster.master][INFO] 2023-03-29 17:01:54,646: -SUB [/actual_system/state] /steady_state_checker_node http://aneesh-Swift:36947/
[rosmaster.master][INFO] 2023-03-29 17:01:54,646: -SUB [/actual_system/complete_pose] /steady_state_checker_node http://aneesh-Swift:36947/
[rosmaster.master][INFO] 2023-03-29 17:01:54,647: -SUB [/actual_system/complete_state] /steady_state_checker_node http://aneesh-Swift:36947/
[rosmaster.master][INFO] 2023-03-29 17:01:54,647: -SUB [/steady_system/force] /steady_state_checker_node http://aneesh-Swift:36947/
[rosmaster.master][INFO] 2023-03-29 17:01:54,647: -PUB [/rosout] /steady_state_checker_node http://aneesh-Swift:36947/
[rosmaster.master][INFO] 2023-03-29 17:01:54,647: -PUB [/steady_system/state] /steady_state_checker_node http://aneesh-Swift:36947/
[rosmaster.master][INFO] 2023-03-29 17:01:54,647: -PUB [/steady_system/complete_pose] /steady_state_checker_node http://aneesh-Swift:36947/
[rosmaster.master][INFO] 2023-03-29 17:01:54,647: -PUB [/steady_system/complete_state] /steady_state_checker_node http://aneesh-Swift:36947/
[rosmaster.master][INFO] 2023-03-29 17:01:54,647: -PUB [/actual_system/force] /steady_state_checker_node http://aneesh-Swift:36947/
[rosmaster.master][INFO] 2023-03-29 17:01:54,648: -PUB [/steady_system/velocity] /steady_state_checker_node http://aneesh-Swift:36947/
[rosmaster.master][INFO] 2023-03-29 17:01:54,648: -SERVICE [/steady_state_checker_node/get_loggers] /steady_state_checker_node rosrpc://aneesh-Swift:44867
[rosmaster.master][INFO] 2023-03-29 17:01:54,648: -SERVICE [/steady_state_checker_node/set_logger_level] /steady_state_checker_node rosrpc://aneesh-Swift:44867
[rosmaster.master][INFO] 2023-03-29 17:01:54,694: publisherUpdate[/rosout] -> http://aneesh-Swift:40077/ ['http://aneesh-Swift:36471/', 'http://aneesh-Swift:36947/', 'http://aneesh-Swift:38495/', 'http://aneesh-Swift:32957/']
[rosmaster.master][INFO] 2023-03-29 17:01:54,695: publisherUpdate[/rosout] -> http://aneesh-Swift:40077/ ['http://aneesh-Swift:36471/', 'http://aneesh-Swift:36947/', 'http://aneesh-Swift:38495/', 'http://aneesh-Swift:32957/']: sec=0.00, result=[1, '', 0]
[rosmaster.master][INFO] 2023-03-29 17:01:54,695: publisherUpdate[/steady_system/force] -> http://aneesh-Swift:36947/ []
[rosmaster.master][INFO] 2023-03-29 17:01:54,696: publisherUpdate[/steady_system/force] -> http://aneesh-Swift:36947/ []: sec=0.00, exception=[Errno 111] Connection refused
[rosmaster.threadpool][ERROR] 2023-03-29 17:01:54,697: Traceback (most recent call last):
  File "/opt/ros/noetic/lib/python3/dist-packages/rosmaster/threadpool.py", line 218, in run
    result = cmd(*args)
  File "/opt/ros/noetic/lib/python3/dist-packages/rosmaster/master_api.py", line 210, in publisher_update_task
    ret = xmlrpcapi(api).publisherUpdate('/master', topic, pub_uris)
  File "/usr/lib/python3.8/xmlrpc/client.py", line 1109, in __call__
    return self.__send(self.__name, args)
  File "/usr/lib/python3.8/xmlrpc/client.py", line 1450, in __request
    response = self.__transport.request(
  File "/usr/lib/python3.8/xmlrpc/client.py", line 1153, in request
    return self.single_request(host, handler, request_body, verbose)
  File "/usr/lib/python3.8/xmlrpc/client.py", line 1165, in single_request
    http_conn = self.send_request(host, handler, request_body, verbose)
  File "/usr/lib/python3.8/xmlrpc/client.py", line 1278, in send_request
    self.send_content(connection, request_body)
  File "/usr/lib/python3.8/xmlrpc/client.py", line 1308, in send_content
    connection.endheaders(request_body)
  File "/usr/lib/python3.8/http/client.py", line 1251, in endheaders
    self._send_output(message_body, encode_chunked=encode_chunked)
  File "/usr/lib/python3.8/http/client.py", line 1011, in _send_output
    self.send(msg)
  File "/usr/lib/python3.8/http/client.py", line 951, in send
    self.connect()
  File "/usr/lib/python3.8/http/client.py", line 922, in connect
    self.sock = self._create_connection(
  File "/usr/lib/python3.8/socket.py", line 808, in create_connection
    raise err
  File "/usr/lib/python3.8/socket.py", line 796, in create_connection
    sock.connect(sa)
ConnectionRefusedError: [Errno 111] Connection refused

[rosmaster.master][INFO] 2023-03-29 17:01:54,697: publisherUpdate[/steady_system/force] -> http://aneesh-Swift:32957/ []
[rosmaster.master][INFO] 2023-03-29 17:01:54,698: publisherUpdate[/steady_system/force] -> http://aneesh-Swift:32957/ []: sec=0.00, exception=[Errno 111] Connection refused
[rosmaster.threadpool][ERROR] 2023-03-29 17:01:54,698: Traceback (most recent call last):
  File "/opt/ros/noetic/lib/python3/dist-packages/rosmaster/threadpool.py", line 218, in run
    result = cmd(*args)
  File "/opt/ros/noetic/lib/python3/dist-packages/rosmaster/master_api.py", line 210, in publisher_update_task
    ret = xmlrpcapi(api).publisherUpdate('/master', topic, pub_uris)
  File "/usr/lib/python3.8/xmlrpc/client.py", line 1109, in __call__
    return self.__send(self.__name, args)
  File "/usr/lib/python3.8/xmlrpc/client.py", line 1450, in __request
    response = self.__transport.request(
  File "/usr/lib/python3.8/xmlrpc/client.py", line 1153, in request
    return self.single_request(host, handler, request_body, verbose)
  File "/usr/lib/python3.8/xmlrpc/client.py", line 1165, in single_request
    http_conn = self.send_request(host, handler, request_body, verbose)
  File "/usr/lib/python3.8/xmlrpc/client.py", line 1278, in send_request
    self.send_content(connection, request_body)
  File "/usr/lib/python3.8/xmlrpc/client.py", line 1308, in send_content
    connection.endheaders(request_body)
  File "/usr/lib/python3.8/http/client.py", line 1251, in endheaders
    self._send_output(message_body, encode_chunked=encode_chunked)
  File "/usr/lib/python3.8/http/client.py", line 1011, in _send_output
    self.send(msg)
  File "/usr/lib/python3.8/http/client.py", line 951, in send
    self.connect()
  File "/usr/lib/python3.8/http/client.py", line 922, in connect
    self.sock = self._create_connection(
  File "/usr/lib/python3.8/socket.py", line 808, in create_connection
    raise err
  File "/usr/lib/python3.8/socket.py", line 796, in create_connection
    sock.connect(sa)
ConnectionRefusedError: [Errno 111] Connection refused

[rosmaster.master][INFO] 2023-03-29 17:01:54,698: publisherUpdate[/actual_system/reset] -> http://aneesh-Swift:36471/ ['http://aneesh-Swift:36471/']
[rosmaster.master][INFO] 2023-03-29 17:01:54,699: publisherUpdate[/actual_system/reset] -> http://aneesh-Swift:36471/ ['http://aneesh-Swift:36471/']: sec=0.00, result=[1, '', 0]
[rosmaster.master][INFO] 2023-03-29 17:01:54,699: publisherUpdate[/actual_system/target] -> http://aneesh-Swift:32957/ []
[rosmaster.master][INFO] 2023-03-29 17:01:54,699: publisherUpdate[/actual_system/target] -> http://aneesh-Swift:32957/ []: sec=0.00, exception=[Errno 111] Connection refused
[rosmaster.master][INFO] 2023-03-29 17:01:54,699: publisherUpdate[/actual_system/radius] -> http://aneesh-Swift:32957/ []
[rosmaster.threadpool][ERROR] 2023-03-29 17:01:54,700: Traceback (most recent call last):
  File "/opt/ros/noetic/lib/python3/dist-packages/rosmaster/threadpool.py", line 218, in run
    result = cmd(*args)
  File "/opt/ros/noetic/lib/python3/dist-packages/rosmaster/master_api.py", line 210, in publisher_update_task
    ret = xmlrpcapi(api).publisherUpdate('/master', topic, pub_uris)
  File "/usr/lib/python3.8/xmlrpc/client.py", line 1109, in __call__
    return self.__send(self.__name, args)
  File "/usr/lib/python3.8/xmlrpc/client.py", line 1450, in __request
    response = self.__transport.request(
  File "/usr/lib/python3.8/xmlrpc/client.py", line 1153, in request
    return self.single_request(host, handler, request_body, verbose)
  File "/usr/lib/python3.8/xmlrpc/client.py", line 1165, in single_request
    http_conn = self.send_request(host, handler, request_body, verbose)
  File "/usr/lib/python3.8/xmlrpc/client.py", line 1278, in send_request
    self.send_content(connection, request_body)
  File "/usr/lib/python3.8/xmlrpc/client.py", line 1308, in send_content
    connection.endheaders(request_body)
  File "/usr/lib/python3.8/http/client.py", line 1251, in endheaders
    self._send_output(message_body, encode_chunked=encode_chunked)
  File "/usr/lib/python3.8/http/client.py", line 1011, in _send_output
    self.send(msg)
  File "/usr/lib/python3.8/http/client.py", line 951, in send
    self.connect()
  File "/usr/lib/python3.8/http/client.py", line 922, in connect
    self.sock = self._create_connection(
  File "/usr/lib/python3.8/socket.py", line 808, in create_connection
    raise err
  File "/usr/lib/python3.8/socket.py", line 796, in create_connection
    sock.connect(sa)
ConnectionRefusedError: [Errno 111] Connection refused

[rosmaster.master][INFO] 2023-03-29 17:01:54,700: publisherUpdate[/actual_system/radius] -> http://aneesh-Swift:32957/ []: sec=0.00, exception=[Errno 111] Connection refused
[rosmaster.master][INFO] 2023-03-29 17:01:54,700: publisherUpdate[/rosout] -> http://aneesh-Swift:40077/ ['http://aneesh-Swift:36471/', 'http://aneesh-Swift:38495/', 'http://aneesh-Swift:32957/']
[rosmaster.threadpool][ERROR] 2023-03-29 17:01:54,701: Traceback (most recent call last):
  File "/opt/ros/noetic/lib/python3/dist-packages/rosmaster/threadpool.py", line 218, in run
    result = cmd(*args)
  File "/opt/ros/noetic/lib/python3/dist-packages/rosmaster/master_api.py", line 210, in publisher_update_task
    ret = xmlrpcapi(api).publisherUpdate('/master', topic, pub_uris)
  File "/usr/lib/python3.8/xmlrpc/client.py", line 1109, in __call__
    return self.__send(self.__name, args)
  File "/usr/lib/python3.8/xmlrpc/client.py", line 1450, in __request
    response = self.__transport.request(
  File "/usr/lib/python3.8/xmlrpc/client.py", line 1153, in request
    return self.single_request(host, handler, request_body, verbose)
  File "/usr/lib/python3.8/xmlrpc/client.py", line 1165, in single_request
    http_conn = self.send_request(host, handler, request_body, verbose)
  File "/usr/lib/python3.8/xmlrpc/client.py", line 1278, in send_request
    self.send_content(connection, request_body)
  File "/usr/lib/python3.8/xmlrpc/client.py", line 1308, in send_content
    connection.endheaders(request_body)
  File "/usr/lib/python3.8/http/client.py", line 1251, in endheaders
    self._send_output(message_body, encode_chunked=encode_chunked)
  File "/usr/lib/python3.8/http/client.py", line 1011, in _send_output
    self.send(msg)
  File "/usr/lib/python3.8/http/client.py", line 951, in send
    self.connect()
  File "/usr/lib/python3.8/http/client.py", line 922, in connect
    self.sock = self._create_connection(
  File "/usr/lib/python3.8/socket.py", line 808, in create_connection
    raise err
  File "/usr/lib/python3.8/socket.py", line 796, in create_connection
    sock.connect(sa)
ConnectionRefusedError: [Errno 111] Connection refused

[rosmaster.master][INFO] 2023-03-29 17:01:54,707: publisherUpdate[/actual_system/force] -> http://aneesh-Swift:36471/ []
[rosmaster.master][INFO] 2023-03-29 17:01:54,707: publisherUpdate[/steady_system/state] -> http://aneesh-Swift:32957/ []
[rosmaster.master][INFO] 2023-03-29 17:01:54,708: publisherUpdate[/steady_system/state] -> http://aneesh-Swift:32957/ []: sec=0.00, exception=[Errno 111] Connection refused
[rosmaster.threadpool][ERROR] 2023-03-29 17:01:54,708: Traceback (most recent call last):
  File "/opt/ros/noetic/lib/python3/dist-packages/rosmaster/threadpool.py", line 218, in run
    result = cmd(*args)
  File "/opt/ros/noetic/lib/python3/dist-packages/rosmaster/master_api.py", line 210, in publisher_update_task
    ret = xmlrpcapi(api).publisherUpdate('/master', topic, pub_uris)
  File "/usr/lib/python3.8/xmlrpc/client.py", line 1109, in __call__
    return self.__send(self.__name, args)
  File "/usr/lib/python3.8/xmlrpc/client.py", line 1450, in __request
    response = self.__transport.request(
  File "/usr/lib/python3.8/xmlrpc/client.py", line 1153, in request
    return self.single_request(host, handler, request_body, verbose)
  File "/usr/lib/python3.8/xmlrpc/client.py", line 1165, in single_request
    http_conn = self.send_request(host, handler, request_body, verbose)
  File "/usr/lib/python3.8/xmlrpc/client.py", line 1278, in send_request
    self.send_content(connection, request_body)
  File "/usr/lib/python3.8/xmlrpc/client.py", line 1308, in send_content
    connection.endheaders(request_body)
  File "/usr/lib/python3.8/http/client.py", line 1251, in endheaders
    self._send_output(message_body, encode_chunked=encode_chunked)
  File "/usr/lib/python3.8/http/client.py", line 1011, in _send_output
    self.send(msg)
  File "/usr/lib/python3.8/http/client.py", line 951, in send
    self.connect()
  File "/usr/lib/python3.8/http/client.py", line 922, in connect
    self.sock = self._create_connection(
  File "/usr/lib/python3.8/socket.py", line 808, in create_connection
    raise err
  File "/usr/lib/python3.8/socket.py", line 796, in create_connection
    sock.connect(sa)
ConnectionRefusedError: [Errno 111] Connection refused

[rosmaster.master][INFO] 2023-03-29 17:01:54,708: publisherUpdate[/steady_system/complete_state] -> http://aneesh-Swift:32957/ []
[rosmaster.master][INFO] 2023-03-29 17:01:54,709: publisherUpdate[/steady_system/complete_state] -> http://aneesh-Swift:32957/ []: sec=0.00, exception=[Errno 111] Connection refused
[rosmaster.threadpool][ERROR] 2023-03-29 17:01:54,709: Traceback (most recent call last):
  File "/opt/ros/noetic/lib/python3/dist-packages/rosmaster/threadpool.py", line 218, in run
    result = cmd(*args)
  File "/opt/ros/noetic/lib/python3/dist-packages/rosmaster/master_api.py", line 210, in publisher_update_task
    ret = xmlrpcapi(api).publisherUpdate('/master', topic, pub_uris)
  File "/usr/lib/python3.8/xmlrpc/client.py", line 1109, in __call__
    return self.__send(self.__name, args)
  File "/usr/lib/python3.8/xmlrpc/client.py", line 1450, in __request
    response = self.__transport.request(
  File "/usr/lib/python3.8/xmlrpc/client.py", line 1153, in request
    return self.single_request(host, handler, request_body, verbose)
  File "/usr/lib/python3.8/xmlrpc/client.py", line 1165, in single_request
    http_conn = self.send_request(host, handler, request_body, verbose)
  File "/usr/lib/python3.8/xmlrpc/client.py", line 1278, in send_request
    self.send_content(connection, request_body)
  File "/usr/lib/python3.8/xmlrpc/client.py", line 1308, in send_content
    connection.endheaders(request_body)
  File "/usr/lib/python3.8/http/client.py", line 1251, in endheaders
    self._send_output(message_body, encode_chunked=encode_chunked)
  File "/usr/lib/python3.8/http/client.py", line 1011, in _send_output
    self.send(msg)
  File "/usr/lib/python3.8/http/client.py", line 951, in send
    self.connect()
  File "/usr/lib/python3.8/http/client.py", line 922, in connect
    self.sock = self._create_connection(
  File "/usr/lib/python3.8/socket.py", line 808, in create_connection
    raise err
  File "/usr/lib/python3.8/socket.py", line 796, in create_connection
    sock.connect(sa)
ConnectionRefusedError: [Errno 111] Connection refused

[rosmaster.master][INFO] 2023-03-29 17:01:54,710: publisherUpdate[/steady_system/velocity] -> http://aneesh-Swift:38495/ []
[rosmaster.master][INFO] 2023-03-29 17:01:54,710: publisherUpdate[/steady_system/velocity] -> http://aneesh-Swift:38495/ []: sec=0.00, exception=[Errno 111] Connection refused
[rosmaster.threadpool][ERROR] 2023-03-29 17:01:54,710: Traceback (most recent call last):
  File "/opt/ros/noetic/lib/python3/dist-packages/rosmaster/threadpool.py", line 218, in run
    result = cmd(*args)
  File "/opt/ros/noetic/lib/python3/dist-packages/rosmaster/master_api.py", line 210, in publisher_update_task
    ret = xmlrpcapi(api).publisherUpdate('/master', topic, pub_uris)
  File "/usr/lib/python3.8/xmlrpc/client.py", line 1109, in __call__
    return self.__send(self.__name, args)
  File "/usr/lib/python3.8/xmlrpc/client.py", line 1450, in __request
    response = self.__transport.request(
  File "/usr/lib/python3.8/xmlrpc/client.py", line 1153, in request
    return self.single_request(host, handler, request_body, verbose)
  File "/usr/lib/python3.8/xmlrpc/client.py", line 1165, in single_request
    http_conn = self.send_request(host, handler, request_body, verbose)
  File "/usr/lib/python3.8/xmlrpc/client.py", line 1278, in send_request
    self.send_content(connection, request_body)
  File "/usr/lib/python3.8/xmlrpc/client.py", line 1308, in send_content
    connection.endheaders(request_body)
  File "/usr/lib/python3.8/http/client.py", line 1251, in endheaders
    self._send_output(message_body, encode_chunked=encode_chunked)
  File "/usr/lib/python3.8/http/client.py", line 1011, in _send_output
    self.send(msg)
  File "/usr/lib/python3.8/http/client.py", line 951, in send
    self.connect()
  File "/usr/lib/python3.8/http/client.py", line 922, in connect
    self.sock = self._create_connection(
  File "/usr/lib/python3.8/socket.py", line 808, in create_connection
    raise err
  File "/usr/lib/python3.8/socket.py", line 796, in create_connection
    sock.connect(sa)
ConnectionRefusedError: [Errno 111] Connection refused

[rosmaster.master][INFO] 2023-03-29 17:01:54,711: publisherUpdate[/steady_system/velocity] -> http://aneesh-Swift:32957/ []
[rosmaster.master][INFO] 2023-03-29 17:01:54,711: publisherUpdate[/steady_system/velocity] -> http://aneesh-Swift:32957/ []: sec=0.00, exception=[Errno 111] Connection refused
[rosmaster.threadpool][ERROR] 2023-03-29 17:01:54,712: Traceback (most recent call last):
  File "/opt/ros/noetic/lib/python3/dist-packages/rosmaster/threadpool.py", line 218, in run
    result = cmd(*args)
  File "/opt/ros/noetic/lib/python3/dist-packages/rosmaster/master_api.py", line 210, in publisher_update_task
    ret = xmlrpcapi(api).publisherUpdate('/master', topic, pub_uris)
  File "/usr/lib/python3.8/xmlrpc/client.py", line 1109, in __call__
    return self.__send(self.__name, args)
  File "/usr/lib/python3.8/xmlrpc/client.py", line 1450, in __request
    response = self.__transport.request(
  File "/usr/lib/python3.8/xmlrpc/client.py", line 1153, in request
    return self.single_request(host, handler, request_body, verbose)
  File "/usr/lib/python3.8/xmlrpc/client.py", line 1165, in single_request
    http_conn = self.send_request(host, handler, request_body, verbose)
  File "/usr/lib/python3.8/xmlrpc/client.py", line 1278, in send_request
    self.send_content(connection, request_body)
  File "/usr/lib/python3.8/xmlrpc/client.py", line 1308, in send_content
    connection.endheaders(request_body)
  File "/usr/lib/python3.8/http/client.py", line 1251, in endheaders
    self._send_output(message_body, encode_chunked=encode_chunked)
  File "/usr/lib/python3.8/http/client.py", line 1011, in _send_output
    self.send(msg)
  File "/usr/lib/python3.8/http/client.py", line 951, in send
    self.connect()
  File "/usr/lib/python3.8/http/client.py", line 922, in connect
    self.sock = self._create_connection(
  File "/usr/lib/python3.8/socket.py", line 808, in create_connection
    raise err
  File "/usr/lib/python3.8/socket.py", line 796, in create_connection
    sock.connect(sa)
ConnectionRefusedError: [Errno 111] Connection refused

[rosmaster.master][INFO] 2023-03-29 17:01:54,701: publisherUpdate[/rosout] -> http://aneesh-Swift:40077/ ['http://aneesh-Swift:36471/', 'http://aneesh-Swift:38495/', 'http://aneesh-Swift:32957/']: sec=0.00, result=[1, '', 0]
[rosmaster.master][INFO] 2023-03-29 17:01:54,713: publisherUpdate[/actual_system/force] -> http://aneesh-Swift:36471/ []: sec=0.01, result=[1, '', 0]
[rosmaster.master][INFO] 2023-03-29 17:01:54,913: -PUB [/rosout] /actual_system/simluator http://aneesh-Swift:36471/
[rosmaster.master][INFO] 2023-03-29 17:01:54,914: -PUB [/actual_system/reset] /actual_system/simluator http://aneesh-Swift:36471/
[rosmaster.master][INFO] 2023-03-29 17:01:54,915: -PUB [/actual_system/slopes] /actual_system/simluator http://aneesh-Swift:36471/
[rosmaster.master][INFO] 2023-03-29 17:01:54,916: -PUB [/actual_system/state] /actual_system/simluator http://aneesh-Swift:36471/
[rosmaster.master][INFO] 2023-03-29 17:01:54,916: -PUB [/actual_system/complete_state] /actual_system/simluator http://aneesh-Swift:36471/
[rosmaster.master][INFO] 2023-03-29 17:01:54,917: publisherUpdate[/rosout] -> http://aneesh-Swift:40077/ ['http://aneesh-Swift:38495/', 'http://aneesh-Swift:32957/']
[rosmaster.master][INFO] 2023-03-29 17:01:54,917: -PUB [/actual_system/velocity] /actual_system/simluator http://aneesh-Swift:36471/
[rosmaster.master][INFO] 2023-03-29 17:01:54,918: publisherUpdate[/rosout] -> http://aneesh-Swift:40077/ ['http://aneesh-Swift:38495/', 'http://aneesh-Swift:32957/']: sec=0.00, result=[1, '', 0]
[rosmaster.master][INFO] 2023-03-29 17:01:54,919: publisherUpdate[/actual_system/reset] -> http://aneesh-Swift:36471/ []
[rosmaster.master][INFO] 2023-03-29 17:01:54,919: -PUB [/actual_system/complete_pose] /actual_system/simluator http://aneesh-Swift:36471/
[rosmaster.master][INFO] 2023-03-29 17:01:54,920: -SUB [/actual_system/force] /actual_system/simluator http://aneesh-Swift:36471/
[rosmaster.master][INFO] 2023-03-29 17:01:54,920: -SUB [/actual_system/reset] /actual_system/simluator http://aneesh-Swift:36471/
[rosmaster.master][INFO] 2023-03-29 17:01:54,921: -SERVICE [/actual_system/simluator/get_loggers] /actual_system/simluator rosrpc://aneesh-Swift:40111
[rosmaster.master][INFO] 2023-03-29 17:01:54,921: -SERVICE [/actual_system/simluator/set_logger_level] /actual_system/simluator rosrpc://aneesh-Swift:40111
[rosmaster.master][INFO] 2023-03-29 17:01:54,923: publisherUpdate[/actual_system/reset] -> http://aneesh-Swift:36471/ []: sec=0.00, exception=[Errno 111] Connection refused
[rosmaster.threadpool][ERROR] 2023-03-29 17:01:54,923: Traceback (most recent call last):
  File "/opt/ros/noetic/lib/python3/dist-packages/rosmaster/threadpool.py", line 218, in run
    result = cmd(*args)
  File "/opt/ros/noetic/lib/python3/dist-packages/rosmaster/master_api.py", line 210, in publisher_update_task
    ret = xmlrpcapi(api).publisherUpdate('/master', topic, pub_uris)
  File "/usr/lib/python3.8/xmlrpc/client.py", line 1109, in __call__
    return self.__send(self.__name, args)
  File "/usr/lib/python3.8/xmlrpc/client.py", line 1450, in __request
    response = self.__transport.request(
  File "/usr/lib/python3.8/xmlrpc/client.py", line 1153, in request
    return self.single_request(host, handler, request_body, verbose)
  File "/usr/lib/python3.8/xmlrpc/client.py", line 1165, in single_request
    http_conn = self.send_request(host, handler, request_body, verbose)
  File "/usr/lib/python3.8/xmlrpc/client.py", line 1278, in send_request
    self.send_content(connection, request_body)
  File "/usr/lib/python3.8/xmlrpc/client.py", line 1308, in send_content
    connection.endheaders(request_body)
  File "/usr/lib/python3.8/http/client.py", line 1251, in endheaders
    self._send_output(message_body, encode_chunked=encode_chunked)
  File "/usr/lib/python3.8/http/client.py", line 1011, in _send_output
    self.send(msg)
  File "/usr/lib/python3.8/http/client.py", line 951, in send
    self.connect()
  File "/usr/lib/python3.8/http/client.py", line 922, in connect
    self.sock = self._create_connection(
  File "/usr/lib/python3.8/socket.py", line 808, in create_connection
    raise err
  File "/usr/lib/python3.8/socket.py", line 796, in create_connection
    sock.connect(sa)
ConnectionRefusedError: [Errno 111] Connection refused

[rosmaster.master][INFO] 2023-03-29 17:01:55,819: -PUB [/rosout_agg] /rosout http://aneesh-Swift:40077/
[rosmaster.master][INFO] 2023-03-29 17:01:55,820: -SUB [/rosout] /rosout http://aneesh-Swift:40077/
[rosmaster.master][INFO] 2023-03-29 17:01:55,821: -SERVICE [/rosout/get_loggers] /rosout rosrpc://aneesh-Swift:40879
[rosmaster.master][INFO] 2023-03-29 17:01:55,821: -SERVICE [/rosout/set_logger_level] /rosout rosrpc://aneesh-Swift:40879
[rosmaster.main][INFO] 2023-03-29 17:01:55,845: keyboard interrupt, will exit
[rosmaster.main][INFO] 2023-03-29 17:01:55,845: stopping master...
[rospy.core][INFO] 2023-03-29 17:01:55,845: signal_shutdown [atexit]
