[rospy.client][INFO] 2023-03-29 16:25:49,999: init_node, name[/steady_state_checker_node], pid[59065]
[xmlrpc][INFO] 2023-03-29 16:25:49,999: XML-RPC server binding to 0.0.0.0:0
[xmlrpc][INFO] 2023-03-29 16:25:50,000: Started XML-RPC server [http://aneesh-Swift:46743/]
[rospy.init][INFO] 2023-03-29 16:25:50,000: ROS Slave URI: [http://aneesh-Swift:46743/]
[rospy.impl.masterslave][INFO] 2023-03-29 16:25:50,000: _ready: http://aneesh-Swift:46743/
[rospy.registration][INFO] 2023-03-29 16:25:50,001: Registering with master node http://localhost:11311
[xmlrpc][INFO] 2023-03-29 16:25:50,001: xml rpc node: starting XML-RPC server
[rospy.init][INFO] 2023-03-29 16:25:50,100: registered with master
[rospy.rosout][INFO] 2023-03-29 16:25:50,100: initializing /rosout core topic
[rospy.rosout][INFO] 2023-03-29 16:25:50,105: connected to core topic /rosout
[rospy.simtime][INFO] 2023-03-29 16:25:50,106: /use_sim_time is not set, will not subscribe to simulated time [/clock] topic
[rospy.internal][INFO] 2023-03-29 16:25:50,127: topic[/actual_system/complete_pose] adding connection to [http://aneesh-Swift:46479/], count 0
[rospy.internal][INFO] 2023-03-29 16:25:50,128: topic[/actual_system/state] adding connection to [http://aneesh-Swift:46479/], count 0
[rospy.internal][INFO] 2023-03-29 16:25:50,132: topic[/actual_system/complete_state] adding connection to [http://aneesh-Swift:46479/], count 0
[rospy.internal][INFO] 2023-03-29 16:25:50,319: topic[/rosout] adding connection to [/rosout], count 0
[rospy.internal][INFO] 2023-03-29 16:25:50,333: topic[/actual_system/force] adding connection to [/actual_system/simluator], count 0
[rospy.internal][INFO] 2023-03-29 16:25:53,141: topic[/steady_system/force] adding connection to [http://aneesh-Swift:39651/], count 0
[rospy.internal][INFO] 2023-03-29 16:25:53,142: topic[/steady_system/complete_pose] adding connection to [/controller], count 0
[rospy.internal][INFO] 2023-03-29 16:25:53,143: topic[/steady_system/velocity] adding connection to [/controller], count 0
[rospy.internal][INFO] 2023-03-29 16:26:01,650: topic[/steady_system/complete_state] adding connection to [/matlab_global_node_95671], count 0
[rospy.internal][INFO] 2023-03-29 16:26:01,652: topic[/steady_system/state] adding connection to [/matlab_global_node_95671], count 0
[rospy.internal][INFO] 2023-03-29 16:26:01,754: topic[/steady_system/velocity] adding connection to [/matlab_global_node_95671], count 1
[rospy.core][INFO] 2023-03-29 16:26:37,915: signal_shutdown [signal-2]
[rospy.internal][INFO] 2023-03-29 16:26:37,920: topic[/steady_system/state] removing connection to /matlab_global_node_95671
[rospy.internal][INFO] 2023-03-29 16:26:37,920: topic[/steady_system/complete_state] removing connection to /matlab_global_node_95671
[rospy.internal][INFO] 2023-03-29 16:26:37,921: topic[/steady_system/velocity] removing connection to /matlab_global_node_95671
[rospy.internal][INFO] 2023-03-29 16:26:37,921: topic[/rosout] removing connection to /rosout
[rospy.internal][INFO] 2023-03-29 16:26:37,921: topic[/steady_system/complete_pose] removing connection to /controller
[rospy.internal][INFO] 2023-03-29 16:26:37,922: topic[/actual_system/force] removing connection to /actual_system/simluator
[rospy.internal][INFO] 2023-03-29 16:26:37,922: topic[/steady_system/velocity] removing connection to /controller
[rospy.internal][INFO] 2023-03-29 16:26:37,922: topic[/actual_system/state] removing connection to http://aneesh-Swift:46479/
[rospy.internal][INFO] 2023-03-29 16:26:37,923: topic[/actual_system/complete_pose] removing connection to http://aneesh-Swift:46479/
[rospy.internal][INFO] 2023-03-29 16:26:37,923: topic[/actual_system/complete_state] removing connection to http://aneesh-Swift:46479/
[rospy.internal][INFO] 2023-03-29 16:26:37,923: topic[/steady_system/force] removing connection to http://aneesh-Swift:39651/
[rospy.impl.masterslave][INFO] 2023-03-29 16:26:37,923: signal-2
[rospy.core][INFO] 2023-03-29 16:26:38,522: signal_shutdown [atexit]
