[rosmaster.main][INFO] 2023-03-19 17:01:53,736: initialization complete, waiting for shutdown
[rosmaster.main][INFO] 2023-03-19 17:01:53,736: Starting ROS Master Node
[xmlrpc][INFO] 2023-03-19 17:01:53,736: XML-RPC server binding to 0.0.0.0:11311
[xmlrpc][INFO] 2023-03-19 17:01:53,737: Started XML-RPC server [http://aneesh-Swift:11311/]
[rosmaster.master][INFO] 2023-03-19 17:01:53,737: Master initialized: port[11311], uri[http://aneesh-Swift:11311/]
[xmlrpc][INFO] 2023-03-19 17:01:53,737: xml rpc node: starting XML-RPC server
[rosmaster.master][INFO] 2023-03-19 17:01:53,771: +PARAM [/run_id] by /roslaunch
[rosmaster.master][INFO] 2023-03-19 17:01:53,774: +PARAM [/roslaunch/uris/host_aneesh_swift__46755] by /roslaunch
[rosmaster.master][INFO] 2023-03-19 17:01:53,848: +PARAM [/rosversion] by /roslaunch
[rosmaster.master][INFO] 2023-03-19 17:01:53,849: +PARAM [/rosdistro] by /roslaunch
[rosmaster.master][INFO] 2023-03-19 17:01:53,868: +SERVICE [/rosout/get_loggers] /rosout http://aneesh-Swift:46177/
[rosmaster.master][INFO] 2023-03-19 17:01:53,869: +SERVICE [/rosout/set_logger_level] /rosout http://aneesh-Swift:46177/
[rosmaster.master][INFO] 2023-03-19 17:01:53,870: +PUB [/rosout_agg] /rosout http://aneesh-Swift:46177/
[rosmaster.master][INFO] 2023-03-19 17:01:53,873: +SUB [/rosout] /rosout http://aneesh-Swift:46177/
[rosmaster.master][INFO] 2023-03-19 17:01:53,884: +PUB [/rosout] /actual_system/simluator http://aneesh-Swift:40213/
[rosmaster.master][INFO] 2023-03-19 17:01:53,884: +SERVICE [/actual_system/simluator/get_loggers] /actual_system/simluator http://aneesh-Swift:40213/
[rosmaster.master][INFO] 2023-03-19 17:01:53,885: +SERVICE [/actual_system/simluator/set_logger_level] /actual_system/simluator http://aneesh-Swift:40213/
[rosmaster.master][INFO] 2023-03-19 17:01:53,889: +SUB [/actual_system/force] /actual_system/simluator http://aneesh-Swift:40213/
[rosmaster.master][INFO] 2023-03-19 17:01:53,891: +SUB [/actual_system/reset] /actual_system/simluator http://aneesh-Swift:40213/
[rosmaster.master][INFO] 2023-03-19 17:01:53,892: +PUB [/actual_system/reset] /actual_system/simluator http://aneesh-Swift:40213/
[rosmaster.master][INFO] 2023-03-19 17:01:53,893: +PUB [/actual_system/slopes] /actual_system/simluator http://aneesh-Swift:40213/
[rosmaster.master][INFO] 2023-03-19 17:01:53,894: +PUB [/actual_system/state] /actual_system/simluator http://aneesh-Swift:40213/
[rosmaster.master][INFO] 2023-03-19 17:01:53,894: +PUB [/actual_system/complete_state] /actual_system/simluator http://aneesh-Swift:40213/
[rosmaster.master][INFO] 2023-03-19 17:01:53,895: +PUB [/actual_system/velocity] /actual_system/simluator http://aneesh-Swift:40213/
[rosmaster.master][INFO] 2023-03-19 17:01:53,896: +PUB [/actual_system/complete_pose] /actual_system/simluator http://aneesh-Swift:40213/
[rosmaster.master][INFO] 2023-03-19 17:01:53,936: publisherUpdate[/rosout] -> http://aneesh-Swift:46177/ ['http://aneesh-Swift:40213/']
[rosmaster.master][INFO] 2023-03-19 17:01:53,936: publisherUpdate[/actual_system/reset] -> http://aneesh-Swift:40213/ ['http://aneesh-Swift:40213/']
[rosmaster.master][INFO] 2023-03-19 17:01:53,940: publisherUpdate[/actual_system/reset] -> http://aneesh-Swift:40213/ ['http://aneesh-Swift:40213/']: sec=0.00, result=[1, '', 0]
[rosmaster.master][INFO] 2023-03-19 17:01:53,941: publisherUpdate[/rosout] -> http://aneesh-Swift:46177/ ['http://aneesh-Swift:40213/']: sec=0.00, result=[1, '', 0]
[rosmaster.master][INFO] 2023-03-19 17:01:54,320: +PUB [/rosout] /steady_state_checker_node http://aneesh-Swift:43237/
[rosmaster.master][INFO] 2023-03-19 17:01:54,322: +SERVICE [/steady_state_checker_node/get_loggers] /steady_state_checker_node http://aneesh-Swift:43237/
[rosmaster.master][INFO] 2023-03-19 17:01:54,323: +SERVICE [/steady_state_checker_node/set_logger_level] /steady_state_checker_node http://aneesh-Swift:43237/
[rosmaster.master][INFO] 2023-03-19 17:01:54,325: +PUB [/steady_system/state] /steady_state_checker_node http://aneesh-Swift:43237/
[rosmaster.master][INFO] 2023-03-19 17:01:54,326: +PUB [/steady_system/complete_pose] /steady_state_checker_node http://aneesh-Swift:43237/
[rosmaster.master][INFO] 2023-03-19 17:01:54,327: +PUB [/steady_system/complete_state] /steady_state_checker_node http://aneesh-Swift:43237/
[rosmaster.master][INFO] 2023-03-19 17:01:54,327: +PUB [/actual_system/force] /steady_state_checker_node http://aneesh-Swift:43237/
[rosmaster.master][INFO] 2023-03-19 17:01:54,328: +PUB [/steady_system/velocity] /steady_state_checker_node http://aneesh-Swift:43237/
[rosmaster.master][INFO] 2023-03-19 17:01:54,330: +SUB [/actual_system/state] /steady_state_checker_node http://aneesh-Swift:43237/
[rosmaster.master][INFO] 2023-03-19 17:01:54,332: +SUB [/actual_system/complete_pose] /steady_state_checker_node http://aneesh-Swift:43237/
[rosmaster.master][INFO] 2023-03-19 17:01:54,334: +SUB [/actual_system/complete_state] /steady_state_checker_node http://aneesh-Swift:43237/
[rosmaster.master][INFO] 2023-03-19 17:01:54,336: +SUB [/steady_system/force] /steady_state_checker_node http://aneesh-Swift:43237/
[rosmaster.master][INFO] 2023-03-19 17:01:54,338: publisherUpdate[/rosout] -> http://aneesh-Swift:46177/ ['http://aneesh-Swift:40213/', 'http://aneesh-Swift:43237/']
[rosmaster.master][INFO] 2023-03-19 17:01:54,339: publisherUpdate[/rosout] -> http://aneesh-Swift:46177/ ['http://aneesh-Swift:40213/', 'http://aneesh-Swift:43237/']: sec=0.00, result=[1, '', 0]
[rosmaster.master][INFO] 2023-03-19 17:01:54,340: publisherUpdate[/actual_system/force] -> http://aneesh-Swift:40213/ ['http://aneesh-Swift:43237/']
[rosmaster.master][INFO] 2023-03-19 17:01:54,341: publisherUpdate[/actual_system/force] -> http://aneesh-Swift:40213/ ['http://aneesh-Swift:43237/']: sec=0.00, result=[1, '', 0]
[rosmaster.master][INFO] 2023-03-19 17:01:57,075: +PUB [/rosout] /controller http://aneesh-Swift:43741/
[rosmaster.master][INFO] 2023-03-19 17:01:57,082: +SERVICE [/controller/get_loggers] /controller http://aneesh-Swift:43741/
[rosmaster.master][INFO] 2023-03-19 17:01:57,085: +SERVICE [/controller/set_logger_level] /controller http://aneesh-Swift:43741/
[rosmaster.master][INFO] 2023-03-19 17:01:57,088: +PUB [/steady_system/force] /controller http://aneesh-Swift:43741/
[rosmaster.master][INFO] 2023-03-19 17:01:57,090: +PUB [/actual_system/reset] /controller http://aneesh-Swift:43741/
[rosmaster.master][INFO] 2023-03-19 17:01:57,093: +PUB [/actual_system/target] /controller http://aneesh-Swift:43741/
[rosmaster.master][INFO] 2023-03-19 17:01:57,097: +PUB [/actual_system/radius] /controller http://aneesh-Swift:43741/
[rosmaster.master][INFO] 2023-03-19 17:01:57,109: +SUB [/steady_system/complete_pose] /controller http://aneesh-Swift:43741/
[rosmaster.master][INFO] 2023-03-19 17:01:57,115: +SUB [/steady_system/velocity] /controller http://aneesh-Swift:43741/
[rosmaster.master][INFO] 2023-03-19 17:01:57,145: publisherUpdate[/rosout] -> http://aneesh-Swift:46177/ ['http://aneesh-Swift:40213/', 'http://aneesh-Swift:43237/', 'http://aneesh-Swift:43741/']
[rosmaster.master][INFO] 2023-03-19 17:01:57,145: publisherUpdate[/steady_system/force] -> http://aneesh-Swift:43237/ ['http://aneesh-Swift:43741/']
[rosmaster.master][INFO] 2023-03-19 17:01:57,146: publisherUpdate[/actual_system/reset] -> http://aneesh-Swift:40213/ ['http://aneesh-Swift:40213/', 'http://aneesh-Swift:43741/']
[rosmaster.master][INFO] 2023-03-19 17:01:57,147: publisherUpdate[/rosout] -> http://aneesh-Swift:46177/ ['http://aneesh-Swift:40213/', 'http://aneesh-Swift:43237/', 'http://aneesh-Swift:43741/']: sec=0.00, result=[1, '', 0]
[rosmaster.master][INFO] 2023-03-19 17:01:57,149: publisherUpdate[/steady_system/force] -> http://aneesh-Swift:43237/ ['http://aneesh-Swift:43741/']: sec=0.00, result=[1, '', 0]
[rosmaster.master][INFO] 2023-03-19 17:01:57,149: publisherUpdate[/actual_system/reset] -> http://aneesh-Swift:40213/ ['http://aneesh-Swift:40213/', 'http://aneesh-Swift:43741/']: sec=0.00, result=[1, '', 0]
[rosmaster.master][INFO] 2023-03-20 02:05:25,754: -SUB [/steady_system/complete_pose] /controller http://aneesh-Swift:43741/
[rosmaster.master][INFO] 2023-03-20 02:05:25,754: -SUB [/steady_system/velocity] /controller http://aneesh-Swift:43741/
[rosmaster.master][INFO] 2023-03-20 02:05:25,755: -PUB [/rosout] /controller http://aneesh-Swift:43741/
[rosmaster.master][INFO] 2023-03-20 02:05:25,755: -PUB [/steady_system/force] /controller http://aneesh-Swift:43741/
[rosmaster.master][INFO] 2023-03-20 02:05:25,755: -PUB [/actual_system/reset] /controller http://aneesh-Swift:43741/
[rosmaster.master][INFO] 2023-03-20 02:05:25,755: -PUB [/actual_system/target] /controller http://aneesh-Swift:43741/
[rosmaster.master][INFO] 2023-03-20 02:05:25,755: -PUB [/actual_system/radius] /controller http://aneesh-Swift:43741/
[rosmaster.master][INFO] 2023-03-20 02:05:25,755: -SERVICE [/controller/get_loggers] /controller rosrpc://aneesh-Swift:45529
[rosmaster.master][INFO] 2023-03-20 02:05:25,755: -SERVICE [/controller/set_logger_level] /controller rosrpc://aneesh-Swift:45529
[rosmaster.master][INFO] 2023-03-20 02:05:25,783: publisherUpdate[/rosout] -> http://aneesh-Swift:46177/ ['http://aneesh-Swift:40213/', 'http://aneesh-Swift:43237/']
[rosmaster.master][INFO] 2023-03-20 02:05:25,784: publisherUpdate[/rosout] -> http://aneesh-Swift:46177/ ['http://aneesh-Swift:40213/', 'http://aneesh-Swift:43237/']: sec=0.00, result=[1, '', 0]
[rosmaster.master][INFO] 2023-03-20 02:05:25,784: publisherUpdate[/steady_system/force] -> http://aneesh-Swift:43237/ []
[rosmaster.master][INFO] 2023-03-20 02:05:25,784: publisherUpdate[/actual_system/reset] -> http://aneesh-Swift:40213/ ['http://aneesh-Swift:40213/']
[rosmaster.master][INFO] 2023-03-20 02:05:25,785: publisherUpdate[/actual_system/reset] -> http://aneesh-Swift:40213/ ['http://aneesh-Swift:40213/']: sec=0.00, result=[1, '', 0]
[rosmaster.master][INFO] 2023-03-20 02:05:25,785: publisherUpdate[/steady_system/force] -> http://aneesh-Swift:43237/ []: sec=0.00, result=[1, '', 0]
[rosmaster.master][INFO] 2023-03-20 02:05:25,792: -SUB [/actual_system/state] /steady_state_checker_node http://aneesh-Swift:43237/
[rosmaster.master][INFO] 2023-03-20 02:05:25,792: -SUB [/actual_system/complete_pose] /steady_state_checker_node http://aneesh-Swift:43237/
[rosmaster.master][INFO] 2023-03-20 02:05:25,792: -SUB [/actual_system/complete_state] /steady_state_checker_node http://aneesh-Swift:43237/
[rosmaster.master][INFO] 2023-03-20 02:05:25,792: -SUB [/steady_system/force] /steady_state_checker_node http://aneesh-Swift:43237/
[rosmaster.master][INFO] 2023-03-20 02:05:25,792: -PUB [/rosout] /steady_state_checker_node http://aneesh-Swift:43237/
[rosmaster.master][INFO] 2023-03-20 02:05:25,792: -PUB [/steady_system/state] /steady_state_checker_node http://aneesh-Swift:43237/
[rosmaster.master][INFO] 2023-03-20 02:05:25,792: -PUB [/steady_system/complete_pose] /steady_state_checker_node http://aneesh-Swift:43237/
[rosmaster.master][INFO] 2023-03-20 02:05:25,792: -PUB [/steady_system/complete_state] /steady_state_checker_node http://aneesh-Swift:43237/
[rosmaster.master][INFO] 2023-03-20 02:05:25,792: -PUB [/actual_system/force] /steady_state_checker_node http://aneesh-Swift:43237/
[rosmaster.master][INFO] 2023-03-20 02:05:25,793: -PUB [/steady_system/velocity] /steady_state_checker_node http://aneesh-Swift:43237/
[rosmaster.master][INFO] 2023-03-20 02:05:25,793: -SERVICE [/steady_state_checker_node/get_loggers] /steady_state_checker_node rosrpc://aneesh-Swift:43305
[rosmaster.master][INFO] 2023-03-20 02:05:25,793: -SERVICE [/steady_state_checker_node/set_logger_level] /steady_state_checker_node rosrpc://aneesh-Swift:43305
[rosmaster.master][INFO] 2023-03-20 02:05:25,885: -PUB [/rosout] /actual_system/simluator http://aneesh-Swift:40213/
[rosmaster.master][INFO] 2023-03-20 02:05:25,885: publisherUpdate[/rosout] -> http://aneesh-Swift:46177/ ['http://aneesh-Swift:40213/']
[rosmaster.master][INFO] 2023-03-20 02:05:25,886: -PUB [/actual_system/reset] /actual_system/simluator http://aneesh-Swift:40213/
[rosmaster.master][INFO] 2023-03-20 02:05:25,886: publisherUpdate[/actual_system/force] -> http://aneesh-Swift:40213/ []
[rosmaster.master][INFO] 2023-03-20 02:05:25,887: -PUB [/actual_system/slopes] /actual_system/simluator http://aneesh-Swift:40213/
[rosmaster.master][INFO] 2023-03-20 02:05:25,887: publisherUpdate[/rosout] -> http://aneesh-Swift:46177/ ['http://aneesh-Swift:40213/']: sec=0.00, result=[1, '', 0]
[rosmaster.master][INFO] 2023-03-20 02:05:25,888: -PUB [/actual_system/state] /actual_system/simluator http://aneesh-Swift:40213/
[rosmaster.master][INFO] 2023-03-20 02:05:25,888: publisherUpdate[/rosout] -> http://aneesh-Swift:46177/ []
[rosmaster.master][INFO] 2023-03-20 02:05:25,888: -PUB [/actual_system/complete_state] /actual_system/simluator http://aneesh-Swift:40213/
[rosmaster.master][INFO] 2023-03-20 02:05:25,889: publisherUpdate[/rosout] -> http://aneesh-Swift:46177/ []: sec=0.00, result=[1, '', 0]
[rosmaster.master][INFO] 2023-03-20 02:05:25,889: -PUB [/actual_system/velocity] /actual_system/simluator http://aneesh-Swift:40213/
[rosmaster.master][INFO] 2023-03-20 02:05:25,889: -PUB [/actual_system/complete_pose] /actual_system/simluator http://aneesh-Swift:40213/
[rosmaster.master][INFO] 2023-03-20 02:05:25,890: -SUB [/actual_system/force] /actual_system/simluator http://aneesh-Swift:40213/
[rosmaster.master][INFO] 2023-03-20 02:05:25,890: -SUB [/actual_system/reset] /actual_system/simluator http://aneesh-Swift:40213/
[rosmaster.master][INFO] 2023-03-20 02:05:25,891: -SERVICE [/actual_system/simluator/get_loggers] /actual_system/simluator rosrpc://aneesh-Swift:45989
[rosmaster.master][INFO] 2023-03-20 02:05:25,891: -SERVICE [/actual_system/simluator/set_logger_level] /actual_system/simluator rosrpc://aneesh-Swift:45989
[rosmaster.master][INFO] 2023-03-20 02:05:25,895: publisherUpdate[/actual_system/force] -> http://aneesh-Swift:40213/ []: sec=0.01, exception=[Errno 111] Connection refused
[rosmaster.threadpool][ERROR] 2023-03-20 02:05:25,899: Traceback (most recent call last):
  File "/opt/ros/noetic/lib/python3/dist-packages/rosmaster/threadpool.py", line 218, in run
    result = cmd(*args)
  File "/opt/ros/noetic/lib/python3/dist-packages/rosmaster/master_api.py", line 210, in publisher_update_task
    ret = xmlrpcapi(api).publisherUpdate('/master', topic, pub_uris)
  File "/usr/lib/python3.8/xmlrpc/client.py", line 1109, in __call__
    return self.__send(self.__name, args)
  File "/usr/lib/python3.8/xmlrpc/client.py", line 1450, in __request
    response = self.__transport.request(
  File "/usr/lib/python3.8/xmlrpc/client.py", line 1153, in request
    return self.single_request(host, handler, request_body, verbose)
  File "/usr/lib/python3.8/xmlrpc/client.py", line 1165, in single_request
    http_conn = self.send_request(host, handler, request_body, verbose)
  File "/usr/lib/python3.8/xmlrpc/client.py", line 1278, in send_request
    self.send_content(connection, request_body)
  File "/usr/lib/python3.8/xmlrpc/client.py", line 1308, in send_content
    connection.endheaders(request_body)
  File "/usr/lib/python3.8/http/client.py", line 1251, in endheaders
    self._send_output(message_body, encode_chunked=encode_chunked)
  File "/usr/lib/python3.8/http/client.py", line 1011, in _send_output
    self.send(msg)
  File "/usr/lib/python3.8/http/client.py", line 951, in send
    self.connect()
  File "/usr/lib/python3.8/http/client.py", line 922, in connect
    self.sock = self._create_connection(
  File "/usr/lib/python3.8/socket.py", line 808, in create_connection
    raise err
  File "/usr/lib/python3.8/socket.py", line 796, in create_connection
    sock.connect(sa)
ConnectionRefusedError: [Errno 111] Connection refused

[rosmaster.master][INFO] 2023-03-20 02:05:25,900: publisherUpdate[/actual_system/reset] -> http://aneesh-Swift:40213/ []
[rosmaster.master][INFO] 2023-03-20 02:05:25,900: publisherUpdate[/actual_system/reset] -> http://aneesh-Swift:40213/ []: sec=0.00, exception=[Errno 111] Connection refused
[rosmaster.threadpool][ERROR] 2023-03-20 02:05:25,900: Traceback (most recent call last):
  File "/opt/ros/noetic/lib/python3/dist-packages/rosmaster/threadpool.py", line 218, in run
    result = cmd(*args)
  File "/opt/ros/noetic/lib/python3/dist-packages/rosmaster/master_api.py", line 210, in publisher_update_task
    ret = xmlrpcapi(api).publisherUpdate('/master', topic, pub_uris)
  File "/usr/lib/python3.8/xmlrpc/client.py", line 1109, in __call__
    return self.__send(self.__name, args)
  File "/usr/lib/python3.8/xmlrpc/client.py", line 1450, in __request
    response = self.__transport.request(
  File "/usr/lib/python3.8/xmlrpc/client.py", line 1153, in request
    return self.single_request(host, handler, request_body, verbose)
  File "/usr/lib/python3.8/xmlrpc/client.py", line 1165, in single_request
    http_conn = self.send_request(host, handler, request_body, verbose)
  File "/usr/lib/python3.8/xmlrpc/client.py", line 1278, in send_request
    self.send_content(connection, request_body)
  File "/usr/lib/python3.8/xmlrpc/client.py", line 1308, in send_content
    connection.endheaders(request_body)
  File "/usr/lib/python3.8/http/client.py", line 1251, in endheaders
    self._send_output(message_body, encode_chunked=encode_chunked)
  File "/usr/lib/python3.8/http/client.py", line 1011, in _send_output
    self.send(msg)
  File "/usr/lib/python3.8/http/client.py", line 951, in send
    self.connect()
  File "/usr/lib/python3.8/http/client.py", line 922, in connect
    self.sock = self._create_connection(
  File "/usr/lib/python3.8/socket.py", line 808, in create_connection
    raise err
  File "/usr/lib/python3.8/socket.py", line 796, in create_connection
    sock.connect(sa)
ConnectionRefusedError: [Errno 111] Connection refused

[rosmaster.master][INFO] 2023-03-20 02:05:27,291: -PUB [/rosout_agg] /rosout http://aneesh-Swift:46177/
[rosmaster.master][INFO] 2023-03-20 02:05:27,292: -SUB [/rosout] /rosout http://aneesh-Swift:46177/
[rosmaster.master][INFO] 2023-03-20 02:05:27,292: -SERVICE [/rosout/get_loggers] /rosout rosrpc://aneesh-Swift:60333
[rosmaster.master][INFO] 2023-03-20 02:05:27,292: -SERVICE [/rosout/set_logger_level] /rosout rosrpc://aneesh-Swift:60333
[rosmaster.main][INFO] 2023-03-20 02:05:27,396: keyboard interrupt, will exit
[rosmaster.main][INFO] 2023-03-20 02:05:27,397: stopping master...
[rospy.core][INFO] 2023-03-20 02:05:27,397: signal_shutdown [atexit]
