[rospy.client][INFO] 2023-03-29 11:32:42,135: init_node, name[/controller], pid[47616]
[xmlrpc][INFO] 2023-03-29 11:32:42,135: XML-RPC server binding to 0.0.0.0:0
[xmlrpc][INFO] 2023-03-29 11:32:42,135: Started XML-RPC server [http://aneesh-Swift:39523/]
[rospy.impl.masterslave][INFO] 2023-03-29 11:32:42,135: _ready: http://aneesh-Swift:39523/
[rospy.init][INFO] 2023-03-29 11:32:42,135: ROS Slave URI: [http://aneesh-Swift:39523/]
[rospy.registration][INFO] 2023-03-29 11:32:42,136: Registering with master node http://localhost:11311
[xmlrpc][INFO] 2023-03-29 11:32:42,136: xml rpc node: starting XML-RPC server
[rospy.init][INFO] 2023-03-29 11:32:42,237: registered with master
[rospy.rosout][INFO] 2023-03-29 11:32:42,237: initializing /rosout core topic
[rospy.rosout][INFO] 2023-03-29 11:32:42,242: connected to core topic /rosout
[rospy.simtime][INFO] 2023-03-29 11:32:42,245: /use_sim_time is not set, will not subscribe to simulated time [/clock] topic
[rospy.internal][INFO] 2023-03-29 11:32:42,277: topic[/steady_system/complete_pose] adding connection to [http://aneesh-Swift:38643/], count 0
[rospy.internal][INFO] 2023-03-29 11:32:42,281: topic[/steady_system/velocity] adding connection to [http://aneesh-Swift:38643/], count 0
[rospy.internal][INFO] 2023-03-29 11:32:42,349: topic[/steady_system/force] adding connection to [/steady_state_checker_node], count 0
[rospy.internal][INFO] 2023-03-29 11:32:42,540: topic[/rosout] adding connection to [/rosout], count 0
[rospy.internal][INFO] 2023-03-29 11:32:42,542: topic[/actual_system/reset] adding connection to [/actual_system/simluator], count 0
[rospy.core][INFO] 2023-03-29 11:32:48,636: signal_shutdown [signal-2]
[rospy.internal][INFO] 2023-03-29 11:32:48,641: topic[/rosout] removing connection to /rosout
[rospy.internal][INFO] 2023-03-29 11:32:48,642: topic[/steady_system/force] removing connection to /steady_state_checker_node
[rospy.internal][INFO] 2023-03-29 11:32:48,642: topic[/actual_system/reset] removing connection to /actual_system/simluator
[rospy.internal][INFO] 2023-03-29 11:32:48,642: topic[/steady_system/complete_pose] removing connection to http://aneesh-Swift:38643/
[rospy.internal][INFO] 2023-03-29 11:32:48,642: topic[/steady_system/velocity] removing connection to http://aneesh-Swift:38643/
[rospy.impl.masterslave][INFO] 2023-03-29 11:32:48,643: signal-2
[rospy.core][INFO] 2023-03-29 11:32:49,359: signal_shutdown [atexit]
