[rospy.client][INFO] 2023-03-29 11:32:40,610: init_node, name[/steady_state_checker_node], pid[47617]
[xmlrpc][INFO] 2023-03-29 11:32:40,611: XML-RPC server binding to 0.0.0.0:0
[xmlrpc][INFO] 2023-03-29 11:32:40,611: Started XML-RPC server [http://aneesh-Swift:38643/]
[rospy.init][INFO] 2023-03-29 11:32:40,611: ROS Slave URI: [http://aneesh-Swift:38643/]
[rospy.impl.masterslave][INFO] 2023-03-29 11:32:40,611: _ready: http://aneesh-Swift:38643/
[rospy.registration][INFO] 2023-03-29 11:32:40,612: Registering with master node http://localhost:11311
[xmlrpc][INFO] 2023-03-29 11:32:40,612: xml rpc node: starting XML-RPC server
[rospy.init][INFO] 2023-03-29 11:32:40,711: registered with master
[rospy.rosout][INFO] 2023-03-29 11:32:40,712: initializing /rosout core topic
[rospy.rosout][INFO] 2023-03-29 11:32:40,716: connected to core topic /rosout
[rospy.simtime][INFO] 2023-03-29 11:32:40,717: /use_sim_time is not set, will not subscribe to simulated time [/clock] topic
[rospy.internal][INFO] 2023-03-29 11:32:40,731: topic[/actual_system/state] adding connection to [http://aneesh-Swift:39505/], count 0
[rospy.internal][INFO] 2023-03-29 11:32:40,736: topic[/actual_system/complete_pose] adding connection to [http://aneesh-Swift:39505/], count 0
[rospy.internal][INFO] 2023-03-29 11:32:40,738: topic[/actual_system/complete_state] adding connection to [http://aneesh-Swift:39505/], count 0
[rospy.internal][INFO] 2023-03-29 11:32:40,839: topic[/actual_system/force] adding connection to [/actual_system/simluator], count 0
[rospy.internal][INFO] 2023-03-29 11:32:40,933: topic[/rosout] adding connection to [/rosout], count 0
[rospy.internal][INFO] 2023-03-29 11:32:42,284: topic[/steady_system/complete_pose] adding connection to [/controller], count 0
[rospy.internal][INFO] 2023-03-29 11:32:42,285: topic[/steady_system/velocity] adding connection to [/controller], count 0
[rospy.internal][INFO] 2023-03-29 11:32:42,346: topic[/steady_system/force] adding connection to [http://aneesh-Swift:39523/], count 0
[rospy.core][INFO] 2023-03-29 11:32:48,635: signal_shutdown [signal-2]
[rospy.internal][INFO] 2023-03-29 11:32:48,642: topic[/rosout] removing connection to /rosout
[rospy.internal][INFO] 2023-03-29 11:32:48,642: topic[/steady_system/complete_pose] removing connection to /controller
[rospy.internal][INFO] 2023-03-29 11:32:48,642: topic[/actual_system/force] removing connection to /actual_system/simluator
[rospy.internal][INFO] 2023-03-29 11:32:48,643: topic[/steady_system/force] removing connection to http://aneesh-Swift:39523/
[rospy.internal][INFO] 2023-03-29 11:32:48,643: topic[/steady_system/velocity] removing connection to /controller
[rospy.internal][INFO] 2023-03-29 11:32:48,643: topic[/actual_system/state] removing connection to http://aneesh-Swift:39505/
[rospy.internal][INFO] 2023-03-29 11:32:48,643: topic[/actual_system/complete_pose] removing connection to http://aneesh-Swift:39505/
[rospy.internal][INFO] 2023-03-29 11:32:48,644: topic[/actual_system/complete_state] removing connection to http://aneesh-Swift:39505/
[rospy.impl.masterslave][INFO] 2023-03-29 11:32:48,644: signal-2
[rospy.core][INFO] 2023-03-29 11:32:49,236: signal_shutdown [atexit]
