[rosmaster.main][INFO] 2023-03-31 02:57:09,118: initialization complete, waiting for shutdown
[rosmaster.main][INFO] 2023-03-31 02:57:09,118: Starting ROS Master Node
[xmlrpc][INFO] 2023-03-31 02:57:09,119: XML-RPC server binding to 0.0.0.0:11311
[xmlrpc][INFO] 2023-03-31 02:57:09,119: Started XML-RPC server [http://aneesh-Swift:11311/]
[rosmaster.master][INFO] 2023-03-31 02:57:09,119: Master initialized: port[11311], uri[http://aneesh-Swift:11311/]
[xmlrpc][INFO] 2023-03-31 02:57:09,120: xml rpc node: starting XML-RPC server
[rosmaster.master][INFO] 2023-03-31 02:57:09,195: +PARAM [/run_id] by /roslaunch
[rosmaster.master][INFO] 2023-03-31 02:57:09,196: +PARAM [/roslaunch/uris/host_aneesh_swift__38811] by /roslaunch
[rosmaster.master][INFO] 2023-03-31 02:57:09,254: +PARAM [/rosversion] by /roslaunch
[rosmaster.master][INFO] 2023-03-31 02:57:09,254: +PARAM [/rosdistro] by /roslaunch
[rosmaster.master][INFO] 2023-03-31 02:57:09,276: +SERVICE [/rosout/get_loggers] /rosout http://aneesh-Swift:39651/
[rosmaster.master][INFO] 2023-03-31 02:57:09,277: +SERVICE [/rosout/set_logger_level] /rosout http://aneesh-Swift:39651/
[rosmaster.master][INFO] 2023-03-31 02:57:09,279: +PUB [/rosout_agg] /rosout http://aneesh-Swift:39651/
[rosmaster.master][INFO] 2023-03-31 02:57:09,283: +SUB [/rosout] /rosout http://aneesh-Swift:39651/
[rosmaster.master][INFO] 2023-03-31 02:57:09,297: +PUB [/rosout] /actual_system/simluator http://aneesh-Swift:33053/
[rosmaster.master][INFO] 2023-03-31 02:57:09,298: +SERVICE [/actual_system/simluator/get_loggers] /actual_system/simluator http://aneesh-Swift:33053/
[rosmaster.master][INFO] 2023-03-31 02:57:09,298: +SERVICE [/actual_system/simluator/set_logger_level] /actual_system/simluator http://aneesh-Swift:33053/
[rosmaster.master][INFO] 2023-03-31 02:57:09,302: +SUB [/actual_system/force] /actual_system/simluator http://aneesh-Swift:33053/
[rosmaster.master][INFO] 2023-03-31 02:57:09,306: +SUB [/actual_system/reset] /actual_system/simluator http://aneesh-Swift:33053/
[rosmaster.master][INFO] 2023-03-31 02:57:09,307: +PUB [/actual_system/reset] /actual_system/simluator http://aneesh-Swift:33053/
[rosmaster.master][INFO] 2023-03-31 02:57:09,308: +PUB [/actual_system/slopes] /actual_system/simluator http://aneesh-Swift:33053/
[rosmaster.master][INFO] 2023-03-31 02:57:09,309: +PUB [/actual_system/state] /actual_system/simluator http://aneesh-Swift:33053/
[rosmaster.master][INFO] 2023-03-31 02:57:09,310: +PUB [/actual_system/complete_state] /actual_system/simluator http://aneesh-Swift:33053/
[rosmaster.master][INFO] 2023-03-31 02:57:09,311: +PUB [/actual_system/velocity] /actual_system/simluator http://aneesh-Swift:33053/
[rosmaster.master][INFO] 2023-03-31 02:57:09,312: +PUB [/actual_system/complete_pose] /actual_system/simluator http://aneesh-Swift:33053/
[rosmaster.master][INFO] 2023-03-31 02:57:09,319: publisherUpdate[/rosout] -> http://aneesh-Swift:39651/ ['http://aneesh-Swift:33053/']
[rosmaster.master][INFO] 2023-03-31 02:57:09,322: publisherUpdate[/actual_system/reset] -> http://aneesh-Swift:33053/ ['http://aneesh-Swift:33053/']
[rosmaster.master][INFO] 2023-03-31 02:57:09,324: publisherUpdate[/actual_system/reset] -> http://aneesh-Swift:33053/ ['http://aneesh-Swift:33053/']: sec=0.00, result=[1, '', 0]
[rosmaster.master][INFO] 2023-03-31 02:57:09,324: publisherUpdate[/rosout] -> http://aneesh-Swift:39651/ ['http://aneesh-Swift:33053/']: sec=0.01, result=[1, '', 0]
[rosmaster.master][INFO] 2023-03-31 02:57:09,876: +PUB [/rosout] /steady_state_checker_node http://aneesh-Swift:44887/
[rosmaster.master][INFO] 2023-03-31 02:57:09,878: +SERVICE [/steady_state_checker_node/get_loggers] /steady_state_checker_node http://aneesh-Swift:44887/
[rosmaster.master][INFO] 2023-03-31 02:57:09,880: +SERVICE [/steady_state_checker_node/set_logger_level] /steady_state_checker_node http://aneesh-Swift:44887/
[rosmaster.master][INFO] 2023-03-31 02:57:09,881: +PUB [/steady_system/state] /steady_state_checker_node http://aneesh-Swift:44887/
[rosmaster.master][INFO] 2023-03-31 02:57:09,883: +PUB [/steady_system/complete_pose] /steady_state_checker_node http://aneesh-Swift:44887/
[rosmaster.master][INFO] 2023-03-31 02:57:09,884: +PUB [/steady_system/complete_state] /steady_state_checker_node http://aneesh-Swift:44887/
[rosmaster.master][INFO] 2023-03-31 02:57:09,885: +PUB [/actual_system/force] /steady_state_checker_node http://aneesh-Swift:44887/
[rosmaster.master][INFO] 2023-03-31 02:57:09,886: +PUB [/steady_system/velocity] /steady_state_checker_node http://aneesh-Swift:44887/
[rosmaster.master][INFO] 2023-03-31 02:57:09,889: +SUB [/actual_system/state] /steady_state_checker_node http://aneesh-Swift:44887/
[rosmaster.master][INFO] 2023-03-31 02:57:09,891: +SUB [/actual_system/complete_pose] /steady_state_checker_node http://aneesh-Swift:44887/
[rosmaster.master][INFO] 2023-03-31 02:57:09,893: +SUB [/actual_system/complete_state] /steady_state_checker_node http://aneesh-Swift:44887/
[rosmaster.master][INFO] 2023-03-31 02:57:09,899: +SUB [/steady_system/force] /steady_state_checker_node http://aneesh-Swift:44887/
[rosmaster.master][INFO] 2023-03-31 02:57:09,925: publisherUpdate[/rosout] -> http://aneesh-Swift:39651/ ['http://aneesh-Swift:33053/', 'http://aneesh-Swift:44887/']
[rosmaster.master][INFO] 2023-03-31 02:57:09,925: publisherUpdate[/actual_system/force] -> http://aneesh-Swift:33053/ ['http://aneesh-Swift:44887/']
[rosmaster.master][INFO] 2023-03-31 02:57:09,926: publisherUpdate[/rosout] -> http://aneesh-Swift:39651/ ['http://aneesh-Swift:33053/', 'http://aneesh-Swift:44887/']: sec=0.00, result=[1, '', 0]
[rosmaster.master][INFO] 2023-03-31 02:57:09,927: publisherUpdate[/actual_system/force] -> http://aneesh-Swift:33053/ ['http://aneesh-Swift:44887/']: sec=0.00, result=[1, '', 0]
[rosmaster.master][INFO] 2023-03-31 02:57:12,048: +PUB [/rosout] /controller http://aneesh-Swift:38689/
[rosmaster.master][INFO] 2023-03-31 02:57:12,051: +SERVICE [/controller/get_loggers] /controller http://aneesh-Swift:38689/
[rosmaster.master][INFO] 2023-03-31 02:57:12,052: +SERVICE [/controller/set_logger_level] /controller http://aneesh-Swift:38689/
[rosmaster.master][INFO] 2023-03-31 02:57:12,053: +PUB [/steady_system/force] /controller http://aneesh-Swift:38689/
[rosmaster.master][INFO] 2023-03-31 02:57:12,054: +PUB [/actual_system/reset] /controller http://aneesh-Swift:38689/
[rosmaster.master][INFO] 2023-03-31 02:57:12,055: +PUB [/actual_system/target] /controller http://aneesh-Swift:38689/
[rosmaster.master][INFO] 2023-03-31 02:57:12,056: +PUB [/actual_system/radius] /controller http://aneesh-Swift:38689/
[rosmaster.master][INFO] 2023-03-31 02:57:12,057: +SUB [/steady_system/complete_pose] /controller http://aneesh-Swift:38689/
[rosmaster.master][INFO] 2023-03-31 02:57:12,059: +SUB [/steady_system/velocity] /controller http://aneesh-Swift:38689/
[rosmaster.master][INFO] 2023-03-31 02:57:12,129: publisherUpdate[/rosout] -> http://aneesh-Swift:39651/ ['http://aneesh-Swift:33053/', 'http://aneesh-Swift:44887/', 'http://aneesh-Swift:38689/']
[rosmaster.master][INFO] 2023-03-31 02:57:12,130: publisherUpdate[/steady_system/force] -> http://aneesh-Swift:44887/ ['http://aneesh-Swift:38689/']
[rosmaster.master][INFO] 2023-03-31 02:57:12,130: publisherUpdate[/actual_system/reset] -> http://aneesh-Swift:33053/ ['http://aneesh-Swift:33053/', 'http://aneesh-Swift:38689/']
[rosmaster.master][INFO] 2023-03-31 02:57:12,130: publisherUpdate[/rosout] -> http://aneesh-Swift:39651/ ['http://aneesh-Swift:33053/', 'http://aneesh-Swift:44887/', 'http://aneesh-Swift:38689/']: sec=0.00, result=[1, '', 0]
[rosmaster.master][INFO] 2023-03-31 02:57:12,131: publisherUpdate[/actual_system/reset] -> http://aneesh-Swift:33053/ ['http://aneesh-Swift:33053/', 'http://aneesh-Swift:38689/']: sec=0.00, result=[1, '', 0]
[rosmaster.master][INFO] 2023-03-31 02:57:12,132: publisherUpdate[/steady_system/force] -> http://aneesh-Swift:44887/ ['http://aneesh-Swift:38689/']: sec=0.00, result=[1, '', 0]
[rosmaster.master][INFO] 2023-03-31 02:58:48,086: -SUB [/actual_system/state] /steady_state_checker_node http://aneesh-Swift:44887/
[rosmaster.master][INFO] 2023-03-31 02:58:48,086: -SUB [/actual_system/complete_pose] /steady_state_checker_node http://aneesh-Swift:44887/
[rosmaster.master][INFO] 2023-03-31 02:58:48,086: -SUB [/actual_system/complete_state] /steady_state_checker_node http://aneesh-Swift:44887/
[rosmaster.master][INFO] 2023-03-31 02:58:48,086: -SUB [/steady_system/force] /steady_state_checker_node http://aneesh-Swift:44887/
[rosmaster.master][INFO] 2023-03-31 02:58:48,086: -PUB [/rosout] /steady_state_checker_node http://aneesh-Swift:44887/
[rosmaster.master][INFO] 2023-03-31 02:58:48,087: -PUB [/steady_system/state] /steady_state_checker_node http://aneesh-Swift:44887/
[rosmaster.master][INFO] 2023-03-31 02:58:48,087: -PUB [/steady_system/complete_pose] /steady_state_checker_node http://aneesh-Swift:44887/
[rosmaster.master][INFO] 2023-03-31 02:58:48,087: -PUB [/steady_system/complete_state] /steady_state_checker_node http://aneesh-Swift:44887/
[rosmaster.master][INFO] 2023-03-31 02:58:48,087: -PUB [/actual_system/force] /steady_state_checker_node http://aneesh-Swift:44887/
[rosmaster.master][INFO] 2023-03-31 02:58:48,087: -PUB [/steady_system/velocity] /steady_state_checker_node http://aneesh-Swift:44887/
[rosmaster.master][INFO] 2023-03-31 02:58:48,087: -SERVICE [/steady_state_checker_node/get_loggers] /steady_state_checker_node rosrpc://aneesh-Swift:46079
[rosmaster.master][INFO] 2023-03-31 02:58:48,087: -SERVICE [/steady_state_checker_node/set_logger_level] /steady_state_checker_node rosrpc://aneesh-Swift:46079
[rosmaster.master][INFO] 2023-03-31 02:58:48,088: -SUB [/steady_system/complete_pose] /controller http://aneesh-Swift:38689/
[rosmaster.master][INFO] 2023-03-31 02:58:48,088: -SUB [/steady_system/velocity] /controller http://aneesh-Swift:38689/
[rosmaster.master][INFO] 2023-03-31 02:58:48,089: -PUB [/rosout] /controller http://aneesh-Swift:38689/
[rosmaster.master][INFO] 2023-03-31 02:58:48,089: -PUB [/steady_system/force] /controller http://aneesh-Swift:38689/
[rosmaster.master][INFO] 2023-03-31 02:58:48,089: -PUB [/actual_system/reset] /controller http://aneesh-Swift:38689/
[rosmaster.master][INFO] 2023-03-31 02:58:48,089: -PUB [/actual_system/target] /controller http://aneesh-Swift:38689/
[rosmaster.master][INFO] 2023-03-31 02:58:48,089: -PUB [/actual_system/radius] /controller http://aneesh-Swift:38689/
[rosmaster.master][INFO] 2023-03-31 02:58:48,090: -SERVICE [/controller/get_loggers] /controller rosrpc://aneesh-Swift:33743
[rosmaster.master][INFO] 2023-03-31 02:58:48,091: -SERVICE [/controller/set_logger_level] /controller rosrpc://aneesh-Swift:33743
[rosmaster.master][INFO] 2023-03-31 02:58:48,157: publisherUpdate[/rosout] -> http://aneesh-Swift:39651/ ['http://aneesh-Swift:33053/', 'http://aneesh-Swift:38689/']
[rosmaster.master][INFO] 2023-03-31 02:58:48,157: publisherUpdate[/steady_system/complete_pose] -> http://aneesh-Swift:38689/ []
[rosmaster.master][INFO] 2023-03-31 02:58:48,157: publisherUpdate[/rosout] -> http://aneesh-Swift:39651/ ['http://aneesh-Swift:33053/', 'http://aneesh-Swift:38689/']: sec=0.00, result=[1, '', 0]
[rosmaster.master][INFO] 2023-03-31 02:58:48,158: publisherUpdate[/actual_system/force] -> http://aneesh-Swift:33053/ []
[rosmaster.master][INFO] 2023-03-31 02:58:48,158: publisherUpdate[/rosout] -> http://aneesh-Swift:39651/ ['http://aneesh-Swift:33053/']
[rosmaster.master][INFO] 2023-03-31 02:58:48,159: publisherUpdate[/actual_system/force] -> http://aneesh-Swift:33053/ []: sec=0.00, result=[1, '', 0]
[rosmaster.master][INFO] 2023-03-31 02:58:48,159: publisherUpdate[/actual_system/reset] -> http://aneesh-Swift:33053/ ['http://aneesh-Swift:33053/']
[rosmaster.master][INFO] 2023-03-31 02:58:48,160: publisherUpdate[/rosout] -> http://aneesh-Swift:39651/ ['http://aneesh-Swift:33053/']: sec=0.00, result=[1, '', 0]
[rosmaster.master][INFO] 2023-03-31 02:58:48,161: publisherUpdate[/steady_system/complete_pose] -> http://aneesh-Swift:38689/ []: sec=0.00, exception=[Errno 111] Connection refused
[rosmaster.threadpool][ERROR] 2023-03-31 02:58:48,163: Traceback (most recent call last):
  File "/opt/ros/noetic/lib/python3/dist-packages/rosmaster/threadpool.py", line 218, in run
    result = cmd(*args)
  File "/opt/ros/noetic/lib/python3/dist-packages/rosmaster/master_api.py", line 210, in publisher_update_task
    ret = xmlrpcapi(api).publisherUpdate('/master', topic, pub_uris)
  File "/usr/lib/python3.8/xmlrpc/client.py", line 1109, in __call__
    return self.__send(self.__name, args)
  File "/usr/lib/python3.8/xmlrpc/client.py", line 1450, in __request
    response = self.__transport.request(
  File "/usr/lib/python3.8/xmlrpc/client.py", line 1153, in request
    return self.single_request(host, handler, request_body, verbose)
  File "/usr/lib/python3.8/xmlrpc/client.py", line 1165, in single_request
    http_conn = self.send_request(host, handler, request_body, verbose)
  File "/usr/lib/python3.8/xmlrpc/client.py", line 1278, in send_request
    self.send_content(connection, request_body)
  File "/usr/lib/python3.8/xmlrpc/client.py", line 1308, in send_content
    connection.endheaders(request_body)
  File "/usr/lib/python3.8/http/client.py", line 1251, in endheaders
    self._send_output(message_body, encode_chunked=encode_chunked)
  File "/usr/lib/python3.8/http/client.py", line 1011, in _send_output
    self.send(msg)
  File "/usr/lib/python3.8/http/client.py", line 951, in send
    self.connect()
  File "/usr/lib/python3.8/http/client.py", line 922, in connect
    self.sock = self._create_connection(
  File "/usr/lib/python3.8/socket.py", line 808, in create_connection
    raise err
  File "/usr/lib/python3.8/socket.py", line 796, in create_connection
    sock.connect(sa)
ConnectionRefusedError: [Errno 111] Connection refused

[rosmaster.master][INFO] 2023-03-31 02:58:48,163: publisherUpdate[/steady_system/velocity] -> http://aneesh-Swift:38689/ []
[rosmaster.master][INFO] 2023-03-31 02:58:48,164: publisherUpdate[/steady_system/velocity] -> http://aneesh-Swift:38689/ []: sec=0.00, exception=[Errno 111] Connection refused
[rosmaster.threadpool][ERROR] 2023-03-31 02:58:48,164: Traceback (most recent call last):
  File "/opt/ros/noetic/lib/python3/dist-packages/rosmaster/threadpool.py", line 218, in run
    result = cmd(*args)
  File "/opt/ros/noetic/lib/python3/dist-packages/rosmaster/master_api.py", line 210, in publisher_update_task
    ret = xmlrpcapi(api).publisherUpdate('/master', topic, pub_uris)
  File "/usr/lib/python3.8/xmlrpc/client.py", line 1109, in __call__
    return self.__send(self.__name, args)
  File "/usr/lib/python3.8/xmlrpc/client.py", line 1450, in __request
    response = self.__transport.request(
  File "/usr/lib/python3.8/xmlrpc/client.py", line 1153, in request
    return self.single_request(host, handler, request_body, verbose)
  File "/usr/lib/python3.8/xmlrpc/client.py", line 1165, in single_request
    http_conn = self.send_request(host, handler, request_body, verbose)
  File "/usr/lib/python3.8/xmlrpc/client.py", line 1278, in send_request
    self.send_content(connection, request_body)
  File "/usr/lib/python3.8/xmlrpc/client.py", line 1308, in send_content
    connection.endheaders(request_body)
  File "/usr/lib/python3.8/http/client.py", line 1251, in endheaders
    self._send_output(message_body, encode_chunked=encode_chunked)
  File "/usr/lib/python3.8/http/client.py", line 1011, in _send_output
    self.send(msg)
  File "/usr/lib/python3.8/http/client.py", line 951, in send
    self.connect()
  File "/usr/lib/python3.8/http/client.py", line 922, in connect
    self.sock = self._create_connection(
  File "/usr/lib/python3.8/socket.py", line 808, in create_connection
    raise err
  File "/usr/lib/python3.8/socket.py", line 796, in create_connection
    sock.connect(sa)
ConnectionRefusedError: [Errno 111] Connection refused

[rosmaster.master][INFO] 2023-03-31 02:58:48,165: publisherUpdate[/actual_system/reset] -> http://aneesh-Swift:33053/ ['http://aneesh-Swift:33053/']: sec=0.01, result=[1, '', 0]
[rosmaster.master][INFO] 2023-03-31 02:58:48,265: -PUB [/rosout] /actual_system/simluator http://aneesh-Swift:33053/
[rosmaster.master][INFO] 2023-03-31 02:58:48,265: publisherUpdate[/rosout] -> http://aneesh-Swift:39651/ []
[rosmaster.master][INFO] 2023-03-31 02:58:48,266: publisherUpdate[/rosout] -> http://aneesh-Swift:39651/ []: sec=0.00, result=[1, '', 0]
[rosmaster.master][INFO] 2023-03-31 02:58:48,267: -PUB [/actual_system/reset] /actual_system/simluator http://aneesh-Swift:33053/
[rosmaster.master][INFO] 2023-03-31 02:58:48,267: publisherUpdate[/actual_system/reset] -> http://aneesh-Swift:33053/ []
[rosmaster.master][INFO] 2023-03-31 02:58:48,269: -PUB [/actual_system/slopes] /actual_system/simluator http://aneesh-Swift:33053/
[rosmaster.master][INFO] 2023-03-31 02:58:48,270: -PUB [/actual_system/state] /actual_system/simluator http://aneesh-Swift:33053/
[rosmaster.master][INFO] 2023-03-31 02:58:48,270: -PUB [/actual_system/complete_state] /actual_system/simluator http://aneesh-Swift:33053/
[rosmaster.master][INFO] 2023-03-31 02:58:48,272: -PUB [/actual_system/velocity] /actual_system/simluator http://aneesh-Swift:33053/
[rosmaster.master][INFO] 2023-03-31 02:58:48,273: -PUB [/actual_system/complete_pose] /actual_system/simluator http://aneesh-Swift:33053/
[rosmaster.master][INFO] 2023-03-31 02:58:48,273: -SUB [/actual_system/force] /actual_system/simluator http://aneesh-Swift:33053/
[rosmaster.master][INFO] 2023-03-31 02:58:48,274: -SUB [/actual_system/reset] /actual_system/simluator http://aneesh-Swift:33053/
[rosmaster.master][INFO] 2023-03-31 02:58:48,275: -SERVICE [/actual_system/simluator/get_loggers] /actual_system/simluator rosrpc://aneesh-Swift:44253
[rosmaster.master][INFO] 2023-03-31 02:58:48,275: publisherUpdate[/actual_system/reset] -> http://aneesh-Swift:33053/ []: sec=0.01, exception=<Fault -1: 'publisherUpdate: unknown method name'>
[rosmaster.threadpool][ERROR] 2023-03-31 02:58:48,275: Traceback (most recent call last):
  File "/opt/ros/noetic/lib/python3/dist-packages/rosmaster/threadpool.py", line 218, in run
    result = cmd(*args)
  File "/opt/ros/noetic/lib/python3/dist-packages/rosmaster/master_api.py", line 210, in publisher_update_task
    ret = xmlrpcapi(api).publisherUpdate('/master', topic, pub_uris)
  File "/usr/lib/python3.8/xmlrpc/client.py", line 1109, in __call__
    return self.__send(self.__name, args)
  File "/usr/lib/python3.8/xmlrpc/client.py", line 1450, in __request
    response = self.__transport.request(
  File "/usr/lib/python3.8/xmlrpc/client.py", line 1153, in request
    return self.single_request(host, handler, request_body, verbose)
  File "/usr/lib/python3.8/xmlrpc/client.py", line 1169, in single_request
    return self.parse_response(resp)
  File "/usr/lib/python3.8/xmlrpc/client.py", line 1341, in parse_response
    return u.close()
  File "/usr/lib/python3.8/xmlrpc/client.py", line 655, in close
    raise Fault(**self._stack[0])
xmlrpc.client.Fault: <Fault -1: 'publisherUpdate: unknown method name'>

[rosmaster.master][INFO] 2023-03-31 02:58:48,276: -SERVICE [/actual_system/simluator/set_logger_level] /actual_system/simluator rosrpc://aneesh-Swift:44253
[rosmaster.master][INFO] 2023-03-31 02:58:49,368: -PUB [/rosout_agg] /rosout http://aneesh-Swift:39651/
[rosmaster.master][INFO] 2023-03-31 02:58:49,368: -SUB [/rosout] /rosout http://aneesh-Swift:39651/
[rosmaster.master][INFO] 2023-03-31 02:58:49,369: -SERVICE [/rosout/get_loggers] /rosout rosrpc://aneesh-Swift:43619
[rosmaster.master][INFO] 2023-03-31 02:58:49,369: -SERVICE [/rosout/set_logger_level] /rosout rosrpc://aneesh-Swift:43619
[rosmaster.main][INFO] 2023-03-31 02:58:49,393: keyboard interrupt, will exit
[rosmaster.main][INFO] 2023-03-31 02:58:49,393: stopping master...
[rospy.core][INFO] 2023-03-31 02:58:49,393: signal_shutdown [atexit]
