[rospy.client][INFO] 2023-03-31 02:57:09,770: init_node, name[/steady_state_checker_node], pid[17670]
[xmlrpc][INFO] 2023-03-31 02:57:09,771: XML-RPC server binding to 0.0.0.0:0
[xmlrpc][INFO] 2023-03-31 02:57:09,772: Started XML-RPC server [http://aneesh-Swift:44887/]
[rospy.init][INFO] 2023-03-31 02:57:09,772: ROS Slave URI: [http://aneesh-Swift:44887/]
[rospy.impl.masterslave][INFO] 2023-03-31 02:57:09,772: _ready: http://aneesh-Swift:44887/
[rospy.registration][INFO] 2023-03-31 02:57:09,773: Registering with master node http://localhost:11311
[xmlrpc][INFO] 2023-03-31 02:57:09,773: xml rpc node: starting XML-RPC server
[rospy.init][INFO] 2023-03-31 02:57:09,873: registered with master
[rospy.rosout][INFO] 2023-03-31 02:57:09,873: initializing /rosout core topic
[rospy.rosout][INFO] 2023-03-31 02:57:09,876: connected to core topic /rosout
[rospy.simtime][INFO] 2023-03-31 02:57:09,877: /use_sim_time is not set, will not subscribe to simulated time [/clock] topic
[rospy.internal][INFO] 2023-03-31 02:57:09,894: topic[/actual_system/state] adding connection to [http://aneesh-Swift:33053/], count 0
[rospy.internal][INFO] 2023-03-31 02:57:09,901: topic[/actual_system/complete_pose] adding connection to [http://aneesh-Swift:33053/], count 0
[rospy.internal][INFO] 2023-03-31 02:57:09,903: topic[/actual_system/complete_state] adding connection to [http://aneesh-Swift:33053/], count 0
[rospy.internal][INFO] 2023-03-31 02:57:10,127: topic[/rosout] adding connection to [/rosout], count 0
[rospy.internal][INFO] 2023-03-31 02:57:10,128: topic[/actual_system/force] adding connection to [/actual_system/simluator], count 0
[rospy.internal][INFO] 2023-03-31 02:57:12,064: topic[/steady_system/velocity] adding connection to [/controller], count 0
[rospy.internal][INFO] 2023-03-31 02:57:12,065: topic[/steady_system/complete_pose] adding connection to [/controller], count 0
[rospy.internal][INFO] 2023-03-31 02:57:12,133: topic[/steady_system/force] adding connection to [http://aneesh-Swift:38689/], count 0
[rospy.core][INFO] 2023-03-31 02:58:48,084: signal_shutdown [signal-2]
[rospy.internal][INFO] 2023-03-31 02:58:48,089: topic[/rosout] removing connection to /rosout
[rospy.internal][INFO] 2023-03-31 02:58:48,089: topic[/steady_system/complete_pose] removing connection to /controller
[rospy.internal][INFO] 2023-03-31 02:58:48,089: topic[/actual_system/force] removing connection to /actual_system/simluator
[rospy.internal][INFO] 2023-03-31 02:58:48,090: topic[/steady_system/velocity] removing connection to /controller
[rospy.internal][INFO] 2023-03-31 02:58:48,090: topic[/actual_system/state] removing connection to http://aneesh-Swift:33053/
[rospy.internal][INFO] 2023-03-31 02:58:48,090: topic[/actual_system/complete_pose] removing connection to http://aneesh-Swift:33053/
[rospy.internal][INFO] 2023-03-31 02:58:48,093: topic[/steady_system/force] removing connection to http://aneesh-Swift:38689/
[rospy.internal][INFO] 2023-03-31 02:58:48,094: topic[/actual_system/complete_state] removing connection to http://aneesh-Swift:33053/
[rospy.impl.masterslave][INFO] 2023-03-31 02:58:48,094: signal-2
[rospy.core][INFO] 2023-03-31 02:58:48,685: signal_shutdown [atexit]
