[rospy.client][INFO] 2023-04-05 12:28:10,910: init_node, name[/controller], pid[29929]
[xmlrpc][INFO] 2023-04-05 12:28:10,910: XML-RPC server binding to 0.0.0.0:0
[xmlrpc][INFO] 2023-04-05 12:28:10,910: Started XML-RPC server [http://aneesh-Swift:40095/]
[rospy.init][INFO] 2023-04-05 12:28:10,911: ROS Slave URI: [http://aneesh-Swift:40095/]
[rospy.impl.masterslave][INFO] 2023-04-05 12:28:10,911: _ready: http://aneesh-Swift:40095/
[rospy.registration][INFO] 2023-04-05 12:28:10,911: Registering with master node http://localhost:11311
[xmlrpc][INFO] 2023-04-05 12:28:10,912: xml rpc node: starting XML-RPC server
[rospy.init][INFO] 2023-04-05 12:28:11,011: registered with master
[rospy.rosout][INFO] 2023-04-05 12:28:11,012: initializing /rosout core topic
[rospy.rosout][INFO] 2023-04-05 12:28:11,018: connected to core topic /rosout
[rospy.simtime][INFO] 2023-04-05 12:28:11,020: /use_sim_time is not set, will not subscribe to simulated time [/clock] topic
[rospy.internal][INFO] 2023-04-05 12:28:11,043: topic[/steady_system/force] adding connection to [/steady_state_checker_node], count 0
[rospy.internal][INFO] 2023-04-05 12:28:11,060: topic[/steady_system/complete_pose] adding connection to [http://aneesh-Swift:45539/], count 0
[rospy.internal][INFO] 2023-04-05 12:28:11,063: topic[/steady_system/velocity] adding connection to [http://aneesh-Swift:45539/], count 0
[rospy.internal][INFO] 2023-04-05 12:28:11,231: topic[/rosout] adding connection to [/rosout], count 0
[rospy.internal][INFO] 2023-04-05 12:28:11,242: topic[/actual_system/reset] adding connection to [/actual_system/simluator], count 0
[rospy.core][INFO] 2023-04-05 12:28:29,223: signal_shutdown [atexit]
[rospy.internal][INFO] 2023-04-05 12:28:29,226: topic[/rosout] removing connection to /rosout
[rospy.internal][INFO] 2023-04-05 12:28:29,226: topic[/steady_system/force] removing connection to /steady_state_checker_node
[rospy.internal][INFO] 2023-04-05 12:28:29,226: topic[/actual_system/reset] removing connection to /actual_system/simluator
[rospy.internal][INFO] 2023-04-05 12:28:29,227: topic[/steady_system/complete_pose] removing connection to http://aneesh-Swift:45539/
[rospy.internal][INFO] 2023-04-05 12:28:29,227: topic[/steady_system/velocity] removing connection to http://aneesh-Swift:45539/
[rospy.impl.masterslave][INFO] 2023-04-05 12:28:29,227: atexit
