[rospy.client][INFO] 2023-02-24 03:21:35,732: init_node, name[/controller], pid[3807]
[xmlrpc][INFO] 2023-02-24 03:21:35,733: XML-RPC server binding to 0.0.0.0:0
[xmlrpc][INFO] 2023-02-24 03:21:35,733: Started XML-RPC server [http://aneesh-Swift:32847/]
[rospy.impl.masterslave][INFO] 2023-02-24 03:21:35,733: _ready: http://aneesh-Swift:32847/
[rospy.init][INFO] 2023-02-24 03:21:35,734: ROS Slave URI: [http://aneesh-Swift:32847/]
[rospy.registration][INFO] 2023-02-24 03:21:35,734: Registering with master node http://localhost:11311
[xmlrpc][INFO] 2023-02-24 03:21:35,734: xml rpc node: starting XML-RPC server
[rospy.init][INFO] 2023-02-24 03:21:35,834: registered with master
[rospy.rosout][INFO] 2023-02-24 03:21:35,835: initializing /rosout core topic
[rospy.rosout][INFO] 2023-02-24 03:21:35,840: connected to core topic /rosout
[rospy.simtime][INFO] 2023-02-24 03:21:35,842: /use_sim_time is not set, will not subscribe to simulated time [/clock] topic
[rospy.internal][INFO] 2023-02-24 03:21:35,866: topic[/steady_system/state] adding connection to [http://aneesh-Swift:37957/], count 0
[rospy.internal][INFO] 2023-02-24 03:21:35,868: topic[/steady_system/velocity] adding connection to [http://aneesh-Swift:37957/], count 0
[rospy.internal][INFO] 2023-02-24 03:21:35,948: topic[/steady_system/force] adding connection to [/steady_state_checker_node], count 0
[rospy.internal][INFO] 2023-02-24 03:21:36,141: topic[/rosout] adding connection to [/rosout], count 0
[rospy.internal][INFO] 2023-02-24 03:21:36,144: topic[/actual_system/reset] adding connection to [/actual_system/simluator], count 0
[rosout][INFO] 2023-02-24 03:21:37,864: resetting the environment
[rosout][INFO] 2023-02-24 03:21:37,870: resetting the environment
[rospy.core][INFO] 2023-02-24 03:21:41,314: signal_shutdown [signal-2]
[rospy.internal][INFO] 2023-02-24 03:21:41,320: topic[/rosout] removing connection to /rosout
[rospy.internal][INFO] 2023-02-24 03:21:41,320: topic[/steady_system/force] removing connection to /steady_state_checker_node
[rospy.internal][INFO] 2023-02-24 03:21:41,321: topic[/actual_system/reset] removing connection to /actual_system/simluator
[rospy.internal][INFO] 2023-02-24 03:21:41,322: topic[/steady_system/state] removing connection to http://aneesh-Swift:37957/
[rospy.internal][INFO] 2023-02-24 03:21:41,322: topic[/steady_system/state] removing connection to http://aneesh-Swift:37957/
[rospy.internal][INFO] 2023-02-24 03:21:41,323: topic[/steady_system/velocity] removing connection to http://aneesh-Swift:37957/
[rospy.impl.masterslave][INFO] 2023-02-24 03:21:41,323: signal-2
[rospy.core][INFO] 2023-02-24 03:21:56,339: signal_shutdown [signal-15]
