[rospy.client][INFO] 2023-02-24 03:21:34,166: init_node, name[/steady_state_checker_node], pid[3808]
[xmlrpc][INFO] 2023-02-24 03:21:34,166: XML-RPC server binding to 0.0.0.0:0
[xmlrpc][INFO] 2023-02-24 03:21:34,166: Started XML-RPC server [http://aneesh-Swift:37957/]
[rospy.init][INFO] 2023-02-24 03:21:34,166: ROS Slave URI: [http://aneesh-Swift:37957/]
[rospy.impl.masterslave][INFO] 2023-02-24 03:21:34,167: _ready: http://aneesh-Swift:37957/
[rospy.registration][INFO] 2023-02-24 03:21:34,167: Registering with master node http://localhost:11311
[xmlrpc][INFO] 2023-02-24 03:21:34,167: xml rpc node: starting XML-RPC server
[rospy.init][INFO] 2023-02-24 03:21:34,267: registered with master
[rospy.rosout][INFO] 2023-02-24 03:21:34,267: initializing /rosout core topic
[rospy.rosout][INFO] 2023-02-24 03:21:34,271: connected to core topic /rosout
[rospy.simtime][INFO] 2023-02-24 03:21:34,272: /use_sim_time is not set, will not subscribe to simulated time [/clock] topic
[rospy.internal][INFO] 2023-02-24 03:21:34,286: topic[/actual_system/state] adding connection to [http://aneesh-Swift:37001/], count 0
[rospy.internal][INFO] 2023-02-24 03:21:34,287: topic[/actual_system/complete_state] adding connection to [http://aneesh-Swift:37001/], count 0
[rospy.internal][INFO] 2023-02-24 03:21:34,533: topic[/rosout] adding connection to [/rosout], count 0
[rospy.internal][INFO] 2023-02-24 03:21:34,534: topic[/actual_system/force] adding connection to [/actual_system/simluator], count 0
[rospy.internal][INFO] 2023-02-24 03:21:35,870: topic[/steady_system/state] adding connection to [/controller], count 0
[rospy.internal][INFO] 2023-02-24 03:21:35,871: topic[/steady_system/velocity] adding connection to [/controller], count 0
[rospy.internal][INFO] 2023-02-24 03:21:35,946: topic[/steady_system/force] adding connection to [http://aneesh-Swift:32847/], count 0
[rospy.core][INFO] 2023-02-24 03:21:41,314: signal_shutdown [signal-2]
[rospy.internal][INFO] 2023-02-24 03:21:41,320: topic[/rosout] removing connection to /rosout
[rospy.internal][INFO] 2023-02-24 03:21:41,321: topic[/steady_system/state] removing connection to /controller
[rospy.internal][INFO] 2023-02-24 03:21:41,321: topic[/actual_system/force] removing connection to /actual_system/simluator
[rospy.internal][INFO] 2023-02-24 03:21:41,321: topic[/steady_system/velocity] removing connection to /controller
[rospy.internal][INFO] 2023-02-24 03:21:41,322: topic[/actual_system/state] removing connection to http://aneesh-Swift:37001/
[rospy.internal][INFO] 2023-02-24 03:21:41,322: topic[/actual_system/complete_state] removing connection to http://aneesh-Swift:37001/
[rospy.internal][INFO] 2023-02-24 03:21:41,322: topic[/steady_system/force] removing connection to http://aneesh-Swift:32847/
[rospy.impl.masterslave][INFO] 2023-02-24 03:21:41,323: signal-2
[rospy.core][INFO] 2023-02-24 03:21:41,915: signal_shutdown [atexit]
