[rospy.client][INFO] 2023-04-05 12:12:52,733: init_node, name[/controller], pid[28883]
[xmlrpc][INFO] 2023-04-05 12:12:52,733: XML-RPC server binding to 0.0.0.0:0
[xmlrpc][INFO] 2023-04-05 12:12:52,734: Started XML-RPC server [http://aneesh-Swift:43533/]
[rospy.init][INFO] 2023-04-05 12:12:52,734: ROS Slave URI: [http://aneesh-Swift:43533/]
[rospy.impl.masterslave][INFO] 2023-04-05 12:12:52,734: _ready: http://aneesh-Swift:43533/
[rospy.registration][INFO] 2023-04-05 12:12:52,735: Registering with master node http://localhost:11311
[xmlrpc][INFO] 2023-04-05 12:12:52,735: xml rpc node: starting XML-RPC server
[rospy.init][INFO] 2023-04-05 12:12:52,834: registered with master
[rospy.rosout][INFO] 2023-04-05 12:12:52,835: initializing /rosout core topic
[rospy.rosout][INFO] 2023-04-05 12:12:52,841: connected to core topic /rosout
[rospy.simtime][INFO] 2023-04-05 12:12:52,843: /use_sim_time is not set, will not subscribe to simulated time [/clock] topic
[rospy.internal][INFO] 2023-04-05 12:12:52,875: topic[/steady_system/complete_pose] adding connection to [http://aneesh-Swift:41021/], count 0
[rospy.internal][INFO] 2023-04-05 12:12:52,878: topic[/steady_system/velocity] adding connection to [http://aneesh-Swift:41021/], count 0
[rospy.internal][INFO] 2023-04-05 12:12:52,931: topic[/steady_system/force] adding connection to [/steady_state_checker_node], count 0
[rospy.internal][INFO] 2023-04-05 12:12:53,124: topic[/rosout] adding connection to [/rosout], count 0
[rospy.internal][INFO] 2023-04-05 12:12:53,126: topic[/actual_system/reset] adding connection to [/actual_system/simluator], count 0
[rospy.core][INFO] 2023-04-05 12:13:11,064: signal_shutdown [atexit]
[rospy.internal][INFO] 2023-04-05 12:13:11,067: topic[/rosout] removing connection to /rosout
[rospy.internal][INFO] 2023-04-05 12:13:11,068: topic[/steady_system/force] removing connection to /steady_state_checker_node
[rospy.internal][INFO] 2023-04-05 12:13:11,068: topic[/actual_system/reset] removing connection to /actual_system/simluator
[rospy.internal][INFO] 2023-04-05 12:13:11,068: topic[/steady_system/complete_pose] removing connection to http://aneesh-Swift:41021/
[rospy.internal][INFO] 2023-04-05 12:13:11,069: topic[/steady_system/complete_pose] removing connection to http://aneesh-Swift:41021/
[rospy.topics][ERROR] 2023-04-05 12:13:11,069: Traceback (most recent call last):
  File "/opt/ros/noetic/lib/python3/dist-packages/rospy/topics.py", line 326, in close
    c.close()
  File "/opt/ros/noetic/lib/python3/dist-packages/rospy/impl/tcpros_base.py", line 858, in close
    self.socket.close()
AttributeError: 'NoneType' object has no attribute 'close'

[rospy.internal][INFO] 2023-04-05 12:13:11,069: topic[/steady_system/velocity] removing connection to http://aneesh-Swift:41021/
[rospy.internal][INFO] 2023-04-05 12:13:11,069: topic[/steady_system/velocity] removing connection to http://aneesh-Swift:41021/
[rospy.impl.masterslave][INFO] 2023-04-05 12:13:11,070: atexit
