[rospy.client][INFO] 2023-03-08 14:23:58,200: init_node, name[/controller], pid[3149]
[xmlrpc][INFO] 2023-03-08 14:23:58,201: XML-RPC server binding to 0.0.0.0:0
[xmlrpc][INFO] 2023-03-08 14:23:58,201: Started XML-RPC server [http://aneesh-Swift:40583/]
[rospy.init][INFO] 2023-03-08 14:23:58,201: ROS Slave URI: [http://aneesh-Swift:40583/]
[rospy.impl.masterslave][INFO] 2023-03-08 14:23:58,201: _ready: http://aneesh-Swift:40583/
[rospy.registration][INFO] 2023-03-08 14:23:58,202: Registering with master node http://localhost:11311
[xmlrpc][INFO] 2023-03-08 14:23:58,202: xml rpc node: starting XML-RPC server
[rospy.init][INFO] 2023-03-08 14:23:58,301: registered with master
[rospy.rosout][INFO] 2023-03-08 14:23:58,302: initializing /rosout core topic
[rospy.rosout][INFO] 2023-03-08 14:23:58,304: connected to core topic /rosout
[rospy.simtime][INFO] 2023-03-08 14:23:58,305: /use_sim_time is not set, will not subscribe to simulated time [/clock] topic
[rospy.internal][INFO] 2023-03-08 14:23:58,317: topic[/actual_system/velocity] adding connection to [http://aneesh-Swift:34887/], count 0
[rospy.internal][INFO] 2023-03-08 14:23:58,319: topic[/steady_system/complete_pose] adding connection to [http://aneesh-Swift:40053/], count 0
[rospy.internal][INFO] 2023-03-08 14:23:58,364: topic[/steady_system/force] adding connection to [/steady_state_checker_node], count 0
[rospy.internal][INFO] 2023-03-08 14:23:58,561: topic[/rosout] adding connection to [/rosout], count 0
[rospy.internal][INFO] 2023-03-08 14:23:58,563: topic[/actual_system/reset] adding connection to [/actual_system/simluator], count 0
[rospy.core][INFO] 2023-03-08 14:24:01,865: signal_shutdown [signal-2]
[rospy.internal][INFO] 2023-03-08 14:24:01,871: topic[/rosout] removing connection to /rosout
[rospy.internal][INFO] 2023-03-08 14:24:01,872: topic[/steady_system/force] removing connection to /steady_state_checker_node
[rospy.internal][INFO] 2023-03-08 14:24:01,872: topic[/actual_system/reset] removing connection to /actual_system/simluator
[rospy.internal][INFO] 2023-03-08 14:24:01,873: topic[/steady_system/complete_pose] removing connection to http://aneesh-Swift:40053/
[rospy.internal][INFO] 2023-03-08 14:24:01,873: topic[/steady_system/complete_pose] removing connection to http://aneesh-Swift:40053/
[rospy.internal][INFO] 2023-03-08 14:24:01,873: topic[/actual_system/velocity] removing connection to http://aneesh-Swift:34887/
[rospy.impl.masterslave][INFO] 2023-03-08 14:24:01,874: signal-2
[rospy.core][INFO] 2023-03-08 14:24:16,894: signal_shutdown [signal-15]
