[rospy.client][INFO] 2023-03-31 01:37:25,945: init_node, name[/steady_state_checker_node], pid[7747]
[xmlrpc][INFO] 2023-03-31 01:37:25,946: XML-RPC server binding to 0.0.0.0:0
[xmlrpc][INFO] 2023-03-31 01:37:25,946: Started XML-RPC server [http://aneesh-Swift:39903/]
[rospy.init][INFO] 2023-03-31 01:37:25,946: ROS Slave URI: [http://aneesh-Swift:39903/]
[rospy.impl.masterslave][INFO] 2023-03-31 01:37:25,946: _ready: http://aneesh-Swift:39903/
[rospy.registration][INFO] 2023-03-31 01:37:25,947: Registering with master node http://localhost:11311
[xmlrpc][INFO] 2023-03-31 01:37:25,947: xml rpc node: starting XML-RPC server
[rospy.init][INFO] 2023-03-31 01:37:26,047: registered with master
[rospy.rosout][INFO] 2023-03-31 01:37:26,047: initializing /rosout core topic
[rospy.rosout][INFO] 2023-03-31 01:37:26,056: connected to core topic /rosout
[rospy.simtime][INFO] 2023-03-31 01:37:26,059: /use_sim_time is not set, will not subscribe to simulated time [/clock] topic
[rospy.internal][INFO] 2023-03-31 01:37:26,103: topic[/actual_system/state] adding connection to [http://aneesh-Swift:39591/], count 0
[rospy.internal][INFO] 2023-03-31 01:37:26,110: topic[/actual_system/complete_pose] adding connection to [http://aneesh-Swift:39591/], count 0
[rospy.internal][INFO] 2023-03-31 01:37:26,122: topic[/actual_system/complete_state] adding connection to [http://aneesh-Swift:39591/], count 0
[rospy.internal][INFO] 2023-03-31 01:37:26,272: topic[/actual_system/force] adding connection to [/actual_system/simluator], count 0
[rospy.internal][INFO] 2023-03-31 01:37:26,273: topic[/rosout] adding connection to [/rosout], count 0
[rospy.internal][INFO] 2023-03-31 01:37:28,941: topic[/steady_system/velocity] adding connection to [/controller], count 0
[rospy.internal][INFO] 2023-03-31 01:37:28,942: topic[/steady_system/complete_pose] adding connection to [/controller], count 0
[rospy.internal][INFO] 2023-03-31 01:37:28,986: topic[/steady_system/force] adding connection to [http://aneesh-Swift:35109/], count 0
[rospy.core][INFO] 2023-03-31 01:38:08,162: signal_shutdown [signal-2]
[rospy.internal][INFO] 2023-03-31 01:38:08,169: topic[/steady_system/force] removing connection to http://aneesh-Swift:35109/
[rospy.internal][INFO] 2023-03-31 01:38:08,176: topic[/rosout] removing connection to /rosout
[rospy.internal][INFO] 2023-03-31 01:38:08,177: topic[/steady_system/complete_pose] removing connection to /controller
[rospy.internal][INFO] 2023-03-31 01:38:08,177: topic[/actual_system/force] removing connection to /actual_system/simluator
[rospy.internal][INFO] 2023-03-31 01:38:08,177: topic[/steady_system/velocity] removing connection to /controller
[rospy.internal][INFO] 2023-03-31 01:38:08,177: topic[/actual_system/state] removing connection to http://aneesh-Swift:39591/
[rospy.internal][INFO] 2023-03-31 01:38:08,178: topic[/actual_system/complete_pose] removing connection to http://aneesh-Swift:39591/
[rospy.internal][INFO] 2023-03-31 01:38:08,178: topic[/actual_system/complete_state] removing connection to http://aneesh-Swift:39591/
[rospy.internal][INFO] 2023-03-31 01:38:08,178: topic[/actual_system/complete_state] removing connection to http://aneesh-Swift:39591/
[rospy.topics][ERROR] 2023-03-31 01:38:08,179: Traceback (most recent call last):
  File "/opt/ros/noetic/lib/python3/dist-packages/rospy/topics.py", line 326, in close
    c.close()
  File "/opt/ros/noetic/lib/python3/dist-packages/rospy/impl/tcpros_base.py", line 858, in close
    self.socket.close()
AttributeError: 'NoneType' object has no attribute 'close'

[rospy.impl.masterslave][INFO] 2023-03-31 01:38:08,179: signal-2
[rospy.core][INFO] 2023-03-31 01:38:08,763: signal_shutdown [atexit]
