[rospy.client][INFO] 2023-03-10 14:55:32,570: init_node, name[/controller], pid[54256]
[xmlrpc][INFO] 2023-03-10 14:55:32,571: XML-RPC server binding to 0.0.0.0:0
[xmlrpc][INFO] 2023-03-10 14:55:32,571: Started XML-RPC server [http://aneesh-Swift:40531/]
[rospy.init][INFO] 2023-03-10 14:55:32,571: ROS Slave URI: [http://aneesh-Swift:40531/]
[rospy.impl.masterslave][INFO] 2023-03-10 14:55:32,572: _ready: http://aneesh-Swift:40531/
[rospy.registration][INFO] 2023-03-10 14:55:32,572: Registering with master node http://localhost:11311
[xmlrpc][INFO] 2023-03-10 14:55:32,572: xml rpc node: starting XML-RPC server
[rospy.init][INFO] 2023-03-10 14:55:32,672: registered with master
[rospy.rosout][INFO] 2023-03-10 14:55:32,673: initializing /rosout core topic
[rospy.rosout][INFO] 2023-03-10 14:55:32,679: connected to core topic /rosout
[rospy.simtime][INFO] 2023-03-10 14:55:32,682: /use_sim_time is not set, will not subscribe to simulated time [/clock] topic
[rospy.internal][INFO] 2023-03-10 14:55:32,700: topic[/actual_system/velocity] adding connection to [http://aneesh-Swift:37549/], count 0
[rospy.internal][INFO] 2023-03-10 14:55:32,700: topic[/steady_system/complete_pose] adding connection to [http://aneesh-Swift:43747/], count 0
[rospy.internal][INFO] 2023-03-10 14:55:32,776: topic[/steady_system/force] adding connection to [/steady_state_checker_node], count 0
[rospy.core][INFO] 2023-03-10 14:55:32,956: signal_shutdown [signal-2]
[rospy.internal][INFO] 2023-03-10 14:55:32,978: topic[/steady_system/force] removing connection to /steady_state_checker_node
[rospy.internal][INFO] 2023-03-10 14:55:32,979: topic[/steady_system/complete_pose] removing connection to http://aneesh-Swift:43747/
[rospy.internal][INFO] 2023-03-10 14:55:32,979: topic[/actual_system/velocity] removing connection to http://aneesh-Swift:37549/
[rospy.impl.masterslave][INFO] 2023-03-10 14:55:32,980: signal-2
[rospy.core][INFO] 2023-03-10 14:55:34,926: signal_shutdown [atexit]
