[rosmaster.main][INFO] 2023-03-10 14:55:29,147: initialization complete, waiting for shutdown
[rosmaster.main][INFO] 2023-03-10 14:55:29,148: Starting ROS Master Node
[xmlrpc][INFO] 2023-03-10 14:55:29,148: XML-RPC server binding to 0.0.0.0:11311
[xmlrpc][INFO] 2023-03-10 14:55:29,149: Started XML-RPC server [http://aneesh-Swift:11311/]
[rosmaster.master][INFO] 2023-03-10 14:55:29,149: Master initialized: port[11311], uri[http://aneesh-Swift:11311/]
[xmlrpc][INFO] 2023-03-10 14:55:29,149: xml rpc node: starting XML-RPC server
[rosmaster.master][INFO] 2023-03-10 14:55:29,160: +PARAM [/run_id] by /roslaunch
[rosmaster.master][INFO] 2023-03-10 14:55:29,161: +PARAM [/roslaunch/uris/host_aneesh_swift__35373] by /roslaunch
[rosmaster.master][INFO] 2023-03-10 14:55:29,198: +PARAM [/rosversion] by /roslaunch
[rosmaster.master][INFO] 2023-03-10 14:55:29,198: +PARAM [/rosdistro] by /roslaunch
[rosmaster.master][INFO] 2023-03-10 14:55:29,214: +SERVICE [/rosout/get_loggers] /rosout http://aneesh-Swift:39307/
[rosmaster.master][INFO] 2023-03-10 14:55:29,214: +SERVICE [/rosout/set_logger_level] /rosout http://aneesh-Swift:39307/
[rosmaster.master][INFO] 2023-03-10 14:55:29,216: +PUB [/rosout_agg] /rosout http://aneesh-Swift:39307/
[rosmaster.master][INFO] 2023-03-10 14:55:29,220: +SUB [/rosout] /rosout http://aneesh-Swift:39307/
[rosmaster.master][INFO] 2023-03-10 14:55:29,233: +PUB [/rosout] /actual_system/simluator http://aneesh-Swift:37549/
[rosmaster.master][INFO] 2023-03-10 14:55:29,233: +SERVICE [/actual_system/simluator/get_loggers] /actual_system/simluator http://aneesh-Swift:37549/
[rosmaster.master][INFO] 2023-03-10 14:55:29,234: +SERVICE [/actual_system/simluator/set_logger_level] /actual_system/simluator http://aneesh-Swift:37549/
[rosmaster.master][INFO] 2023-03-10 14:55:29,237: +SUB [/actual_system/force] /actual_system/simluator http://aneesh-Swift:37549/
[rosmaster.master][INFO] 2023-03-10 14:55:29,240: +SUB [/actual_system/reset] /actual_system/simluator http://aneesh-Swift:37549/
[rosmaster.master][INFO] 2023-03-10 14:55:29,241: +PUB [/actual_system/reset] /actual_system/simluator http://aneesh-Swift:37549/
[rosmaster.master][INFO] 2023-03-10 14:55:29,242: +PUB [/actual_system/slopes] /actual_system/simluator http://aneesh-Swift:37549/
[rosmaster.master][INFO] 2023-03-10 14:55:29,242: +PUB [/actual_system/state] /actual_system/simluator http://aneesh-Swift:37549/
[rosmaster.master][INFO] 2023-03-10 14:55:29,243: +PUB [/actual_system/complete_state] /actual_system/simluator http://aneesh-Swift:37549/
[rosmaster.master][INFO] 2023-03-10 14:55:29,244: +PUB [/actual_system/velocity] /actual_system/simluator http://aneesh-Swift:37549/
[rosmaster.master][INFO] 2023-03-10 14:55:29,244: +PUB [/actual_system/complete_pose] /actual_system/simluator http://aneesh-Swift:37549/
[rosmaster.master][INFO] 2023-03-10 14:55:29,248: publisherUpdate[/rosout] -> http://aneesh-Swift:39307/ ['http://aneesh-Swift:37549/']
[rosmaster.master][INFO] 2023-03-10 14:55:29,248: publisherUpdate[/actual_system/reset] -> http://aneesh-Swift:37549/ ['http://aneesh-Swift:37549/']
[rosmaster.master][INFO] 2023-03-10 14:55:29,253: publisherUpdate[/actual_system/reset] -> http://aneesh-Swift:37549/ ['http://aneesh-Swift:37549/']: sec=0.00, result=[1, '', 0]
[rosmaster.master][INFO] 2023-03-10 14:55:29,254: publisherUpdate[/rosout] -> http://aneesh-Swift:39307/ ['http://aneesh-Swift:37549/']: sec=0.01, result=[1, '', 0]
[rosmaster.master][INFO] 2023-03-10 14:55:29,681: +PUB [/rosout] /steady_state_checker_node http://aneesh-Swift:43747/
[rosmaster.master][INFO] 2023-03-10 14:55:29,687: +SERVICE [/steady_state_checker_node/get_loggers] /steady_state_checker_node http://aneesh-Swift:43747/
[rosmaster.master][INFO] 2023-03-10 14:55:29,689: +SERVICE [/steady_state_checker_node/set_logger_level] /steady_state_checker_node http://aneesh-Swift:43747/
[rosmaster.master][INFO] 2023-03-10 14:55:29,691: +PUB [/steady_system/state] /steady_state_checker_node http://aneesh-Swift:43747/
[rosmaster.master][INFO] 2023-03-10 14:55:29,694: +PUB [/steady_system/complete_pose] /steady_state_checker_node http://aneesh-Swift:43747/
[rosmaster.master][INFO] 2023-03-10 14:55:29,696: +PUB [/steady_system/complete_state] /steady_state_checker_node http://aneesh-Swift:43747/
[rosmaster.master][INFO] 2023-03-10 14:55:29,698: +PUB [/actual_system/force] /steady_state_checker_node http://aneesh-Swift:43747/
[rosmaster.master][INFO] 2023-03-10 14:55:29,700: +PUB [/steady_system/velocity] /steady_state_checker_node http://aneesh-Swift:43747/
[rosmaster.master][INFO] 2023-03-10 14:55:29,706: +SUB [/actual_system/state] /steady_state_checker_node http://aneesh-Swift:43747/
[rosmaster.master][INFO] 2023-03-10 14:55:29,711: +SUB [/actual_system/complete_pose] /steady_state_checker_node http://aneesh-Swift:43747/
[rosmaster.master][INFO] 2023-03-10 14:55:29,719: +SUB [/actual_system/complete_state] /steady_state_checker_node http://aneesh-Swift:43747/
[rosmaster.master][INFO] 2023-03-10 14:55:29,725: +SUB [/steady_system/force] /steady_state_checker_node http://aneesh-Swift:43747/
[rosmaster.master][INFO] 2023-03-10 14:55:29,749: publisherUpdate[/rosout] -> http://aneesh-Swift:39307/ ['http://aneesh-Swift:37549/', 'http://aneesh-Swift:43747/']
[rosmaster.master][INFO] 2023-03-10 14:55:29,750: publisherUpdate[/rosout] -> http://aneesh-Swift:39307/ ['http://aneesh-Swift:37549/', 'http://aneesh-Swift:43747/']: sec=0.00, result=[1, '', 0]
[rosmaster.master][INFO] 2023-03-10 14:55:29,750: publisherUpdate[/actual_system/force] -> http://aneesh-Swift:37549/ ['http://aneesh-Swift:43747/']
[rosmaster.master][INFO] 2023-03-10 14:55:29,751: publisherUpdate[/actual_system/force] -> http://aneesh-Swift:37549/ ['http://aneesh-Swift:43747/']: sec=0.00, result=[1, '', 0]
[rosmaster.master][INFO] 2023-03-10 14:55:32,677: +PUB [/rosout] /controller http://aneesh-Swift:40531/
[rosmaster.master][INFO] 2023-03-10 14:55:32,684: +SERVICE [/controller/get_loggers] /controller http://aneesh-Swift:40531/
[rosmaster.master][INFO] 2023-03-10 14:55:32,686: +SERVICE [/controller/set_logger_level] /controller http://aneesh-Swift:40531/
[rosmaster.master][INFO] 2023-03-10 14:55:32,688: +PUB [/steady_system/force] /controller http://aneesh-Swift:40531/
[rosmaster.master][INFO] 2023-03-10 14:55:32,690: +PUB [/actual_system/reset] /controller http://aneesh-Swift:40531/
[rosmaster.master][INFO] 2023-03-10 14:55:32,691: +PUB [/actual_system/target] /controller http://aneesh-Swift:40531/
[rosmaster.master][INFO] 2023-03-10 14:55:32,693: +PUB [/actual_system/radius] /controller http://aneesh-Swift:40531/
[rosmaster.master][INFO] 2023-03-10 14:55:32,695: +SUB [/steady_system/complete_pose] /controller http://aneesh-Swift:40531/
[rosmaster.master][INFO] 2023-03-10 14:55:32,697: +SUB [/actual_system/velocity] /controller http://aneesh-Swift:40531/
[rosmaster.master][INFO] 2023-03-10 14:55:32,756: publisherUpdate[/rosout] -> http://aneesh-Swift:39307/ ['http://aneesh-Swift:37549/', 'http://aneesh-Swift:43747/', 'http://aneesh-Swift:40531/']
[rosmaster.master][INFO] 2023-03-10 14:55:32,759: publisherUpdate[/rosout] -> http://aneesh-Swift:39307/ ['http://aneesh-Swift:37549/', 'http://aneesh-Swift:43747/', 'http://aneesh-Swift:40531/']: sec=0.00, result=[1, '', 0]
[rosmaster.master][INFO] 2023-03-10 14:55:32,760: publisherUpdate[/steady_system/force] -> http://aneesh-Swift:43747/ ['http://aneesh-Swift:40531/']
[rosmaster.master][INFO] 2023-03-10 14:55:32,760: publisherUpdate[/actual_system/reset] -> http://aneesh-Swift:37549/ ['http://aneesh-Swift:37549/', 'http://aneesh-Swift:40531/']
[rosmaster.master][INFO] 2023-03-10 14:55:32,766: publisherUpdate[/actual_system/reset] -> http://aneesh-Swift:37549/ ['http://aneesh-Swift:37549/', 'http://aneesh-Swift:40531/']: sec=0.00, result=[1, '', 0]
[rosmaster.master][INFO] 2023-03-10 14:55:32,767: publisherUpdate[/steady_system/force] -> http://aneesh-Swift:43747/ ['http://aneesh-Swift:40531/']: sec=0.01, result=[1, '', 0]
[rosmaster.master][INFO] 2023-03-10 14:55:32,957: -SUB [/actual_system/state] /steady_state_checker_node http://aneesh-Swift:43747/
[rosmaster.master][INFO] 2023-03-10 14:55:32,957: -SUB [/actual_system/complete_pose] /steady_state_checker_node http://aneesh-Swift:43747/
[rosmaster.master][INFO] 2023-03-10 14:55:32,958: -SUB [/actual_system/complete_state] /steady_state_checker_node http://aneesh-Swift:43747/
[rosmaster.master][INFO] 2023-03-10 14:55:32,961: -SUB [/steady_system/complete_pose] /controller http://aneesh-Swift:40531/
[rosmaster.master][INFO] 2023-03-10 14:55:32,961: -SUB [/steady_system/force] /steady_state_checker_node http://aneesh-Swift:43747/
[rosmaster.master][INFO] 2023-03-10 14:55:32,962: -SUB [/actual_system/velocity] /controller http://aneesh-Swift:40531/
[rosmaster.master][INFO] 2023-03-10 14:55:32,962: -PUB [/rosout] /steady_state_checker_node http://aneesh-Swift:43747/
[rosmaster.master][INFO] 2023-03-10 14:55:32,963: -PUB [/rosout] /controller http://aneesh-Swift:40531/
[rosmaster.master][INFO] 2023-03-10 14:55:32,963: -PUB [/steady_system/state] /steady_state_checker_node http://aneesh-Swift:43747/
[rosmaster.master][INFO] 2023-03-10 14:55:32,964: -PUB [/steady_system/force] /controller http://aneesh-Swift:40531/
[rosmaster.master][INFO] 2023-03-10 14:55:32,964: -PUB [/steady_system/complete_pose] /steady_state_checker_node http://aneesh-Swift:43747/
[rosmaster.master][INFO] 2023-03-10 14:55:32,964: -PUB [/actual_system/reset] /controller http://aneesh-Swift:40531/
[rosmaster.master][INFO] 2023-03-10 14:55:32,965: -PUB [/steady_system/complete_state] /steady_state_checker_node http://aneesh-Swift:43747/
[rosmaster.master][INFO] 2023-03-10 14:55:32,965: -PUB [/actual_system/target] /controller http://aneesh-Swift:40531/
[rosmaster.master][INFO] 2023-03-10 14:55:32,966: -PUB [/actual_system/force] /steady_state_checker_node http://aneesh-Swift:43747/
[rosmaster.master][INFO] 2023-03-10 14:55:32,967: -PUB [/actual_system/radius] /controller http://aneesh-Swift:40531/
[rosmaster.master][INFO] 2023-03-10 14:55:32,968: -PUB [/steady_system/velocity] /steady_state_checker_node http://aneesh-Swift:43747/
[rosmaster.master][INFO] 2023-03-10 14:55:32,968: publisherUpdate[/rosout] -> http://aneesh-Swift:39307/ ['http://aneesh-Swift:37549/', 'http://aneesh-Swift:40531/']
[rosmaster.master][INFO] 2023-03-10 14:55:32,969: publisherUpdate[/actual_system/reset] -> http://aneesh-Swift:37549/ ['http://aneesh-Swift:37549/']
[rosmaster.master][INFO] 2023-03-10 14:55:32,969: -SERVICE [/controller/get_loggers] /controller rosrpc://aneesh-Swift:33961
[rosmaster.master][INFO] 2023-03-10 14:55:32,971: publisherUpdate[/rosout] -> http://aneesh-Swift:39307/ ['http://aneesh-Swift:37549/', 'http://aneesh-Swift:40531/']: sec=0.00, result=[1, '', 0]
[rosmaster.master][INFO] 2023-03-10 14:55:32,972: -SERVICE [/controller/set_logger_level] /controller rosrpc://aneesh-Swift:33961
[rosmaster.master][INFO] 2023-03-10 14:55:32,973: publisherUpdate[/actual_system/reset] -> http://aneesh-Swift:37549/ ['http://aneesh-Swift:37549/']: sec=0.00, result=[1, '', 0]
[rosmaster.master][INFO] 2023-03-10 14:55:32,973: publisherUpdate[/rosout] -> http://aneesh-Swift:39307/ ['http://aneesh-Swift:37549/']
[rosmaster.master][INFO] 2023-03-10 14:55:32,975: publisherUpdate[/actual_system/force] -> http://aneesh-Swift:37549/ []
[rosmaster.master][INFO] 2023-03-10 14:55:32,976: -SERVICE [/steady_state_checker_node/get_loggers] /steady_state_checker_node rosrpc://aneesh-Swift:33087
[rosmaster.master][INFO] 2023-03-10 14:55:32,978: -SERVICE [/steady_state_checker_node/set_logger_level] /steady_state_checker_node rosrpc://aneesh-Swift:33087
[rosmaster.master][INFO] 2023-03-10 14:55:32,977: publisherUpdate[/rosout] -> http://aneesh-Swift:39307/ ['http://aneesh-Swift:37549/']: sec=0.00, result=[1, '', 0]
[rosmaster.master][INFO] 2023-03-10 14:55:32,983: publisherUpdate[/actual_system/force] -> http://aneesh-Swift:37549/ []: sec=0.01, result=[1, '', 0]
[rosmaster.master][INFO] 2023-03-10 14:55:33,084: -PUB [/rosout] /actual_system/simluator http://aneesh-Swift:37549/
[rosmaster.master][INFO] 2023-03-10 14:55:33,085: -PUB [/actual_system/reset] /actual_system/simluator http://aneesh-Swift:37549/
[rosmaster.master][INFO] 2023-03-10 14:55:33,085: -PUB [/actual_system/slopes] /actual_system/simluator http://aneesh-Swift:37549/
[rosmaster.master][INFO] 2023-03-10 14:55:33,086: -PUB [/actual_system/state] /actual_system/simluator http://aneesh-Swift:37549/
[rosmaster.master][INFO] 2023-03-10 14:55:33,086: -PUB [/actual_system/complete_state] /actual_system/simluator http://aneesh-Swift:37549/
[rosmaster.master][INFO] 2023-03-10 14:55:33,087: -PUB [/actual_system/velocity] /actual_system/simluator http://aneesh-Swift:37549/
[rosmaster.master][INFO] 2023-03-10 14:55:33,087: -PUB [/actual_system/complete_pose] /actual_system/simluator http://aneesh-Swift:37549/
[rosmaster.master][INFO] 2023-03-10 14:55:33,088: -SUB [/actual_system/force] /actual_system/simluator http://aneesh-Swift:37549/
[rosmaster.master][INFO] 2023-03-10 14:55:33,088: -SUB [/actual_system/reset] /actual_system/simluator http://aneesh-Swift:37549/
[rosmaster.master][INFO] 2023-03-10 14:55:33,088: -SERVICE [/actual_system/simluator/get_loggers] /actual_system/simluator rosrpc://aneesh-Swift:50615
[rosmaster.master][INFO] 2023-03-10 14:55:33,089: -SERVICE [/actual_system/simluator/set_logger_level] /actual_system/simluator rosrpc://aneesh-Swift:50615
[rosmaster.master][INFO] 2023-03-10 14:55:33,161: publisherUpdate[/rosout] -> http://aneesh-Swift:39307/ []
[rosmaster.master][INFO] 2023-03-10 14:55:33,162: publisherUpdate[/rosout] -> http://aneesh-Swift:39307/ []: sec=0.00, result=[1, '', 0]
[rosmaster.master][INFO] 2023-03-10 14:55:33,162: publisherUpdate[/actual_system/reset] -> http://aneesh-Swift:37549/ []
[rosmaster.master][INFO] 2023-03-10 14:55:33,163: publisherUpdate[/actual_system/reset] -> http://aneesh-Swift:37549/ []: sec=0.00, exception=[Errno 111] Connection refused
[rosmaster.threadpool][ERROR] 2023-03-10 14:55:33,164: Traceback (most recent call last):
  File "/opt/ros/noetic/lib/python3/dist-packages/rosmaster/threadpool.py", line 218, in run
    result = cmd(*args)
  File "/opt/ros/noetic/lib/python3/dist-packages/rosmaster/master_api.py", line 210, in publisher_update_task
    ret = xmlrpcapi(api).publisherUpdate('/master', topic, pub_uris)
  File "/usr/lib/python3.8/xmlrpc/client.py", line 1109, in __call__
    return self.__send(self.__name, args)
  File "/usr/lib/python3.8/xmlrpc/client.py", line 1450, in __request
    response = self.__transport.request(
  File "/usr/lib/python3.8/xmlrpc/client.py", line 1153, in request
    return self.single_request(host, handler, request_body, verbose)
  File "/usr/lib/python3.8/xmlrpc/client.py", line 1165, in single_request
    http_conn = self.send_request(host, handler, request_body, verbose)
  File "/usr/lib/python3.8/xmlrpc/client.py", line 1278, in send_request
    self.send_content(connection, request_body)
  File "/usr/lib/python3.8/xmlrpc/client.py", line 1308, in send_content
    connection.endheaders(request_body)
  File "/usr/lib/python3.8/http/client.py", line 1251, in endheaders
    self._send_output(message_body, encode_chunked=encode_chunked)
  File "/usr/lib/python3.8/http/client.py", line 1011, in _send_output
    self.send(msg)
  File "/usr/lib/python3.8/http/client.py", line 951, in send
    self.connect()
  File "/usr/lib/python3.8/http/client.py", line 922, in connect
    self.sock = self._create_connection(
  File "/usr/lib/python3.8/socket.py", line 808, in create_connection
    raise err
  File "/usr/lib/python3.8/socket.py", line 796, in create_connection
    sock.connect(sa)
ConnectionRefusedError: [Errno 111] Connection refused

[rosmaster.master][INFO] 2023-03-10 14:55:35,666: -PUB [/rosout_agg] /rosout http://aneesh-Swift:39307/
[rosmaster.master][INFO] 2023-03-10 14:55:35,666: -SUB [/rosout] /rosout http://aneesh-Swift:39307/
[rosmaster.master][INFO] 2023-03-10 14:55:35,667: -SERVICE [/rosout/get_loggers] /rosout rosrpc://aneesh-Swift:53075
[rosmaster.master][INFO] 2023-03-10 14:55:35,667: -SERVICE [/rosout/set_logger_level] /rosout rosrpc://aneesh-Swift:53075
[rosmaster.main][INFO] 2023-03-10 14:55:35,765: keyboard interrupt, will exit
[rosmaster.main][INFO] 2023-03-10 14:55:35,765: stopping master...
[rospy.core][INFO] 2023-03-10 14:55:35,765: signal_shutdown [atexit]
