[rosmaster.main][INFO] 2023-03-29 10:44:45,068: initialization complete, waiting for shutdown
[rosmaster.main][INFO] 2023-03-29 10:44:45,069: Starting ROS Master Node
[xmlrpc][INFO] 2023-03-29 10:44:45,069: XML-RPC server binding to 0.0.0.0:11311
[xmlrpc][INFO] 2023-03-29 10:44:45,070: Started XML-RPC server [http://aneesh-Swift:11311/]
[xmlrpc][INFO] 2023-03-29 10:44:45,070: xml rpc node: starting XML-RPC server
[rosmaster.master][INFO] 2023-03-29 10:44:45,070: Master initialized: port[11311], uri[http://aneesh-Swift:11311/]
[rosmaster.master][INFO] 2023-03-29 10:44:45,088: +PARAM [/run_id] by /roslaunch
[rosmaster.master][INFO] 2023-03-29 10:44:45,089: +PARAM [/roslaunch/uris/host_aneesh_swift__46741] by /roslaunch
[rosmaster.master][INFO] 2023-03-29 10:44:45,135: +PARAM [/rosversion] by /roslaunch
[rosmaster.master][INFO] 2023-03-29 10:44:45,136: +PARAM [/rosdistro] by /roslaunch
[rosmaster.master][INFO] 2023-03-29 10:44:45,149: +SERVICE [/rosout/get_loggers] /rosout http://aneesh-Swift:41411/
[rosmaster.master][INFO] 2023-03-29 10:44:45,150: +SERVICE [/rosout/set_logger_level] /rosout http://aneesh-Swift:41411/
[rosmaster.master][INFO] 2023-03-29 10:44:45,151: +PUB [/rosout_agg] /rosout http://aneesh-Swift:41411/
[rosmaster.master][INFO] 2023-03-29 10:44:45,154: +SUB [/rosout] /rosout http://aneesh-Swift:41411/
[rosmaster.master][INFO] 2023-03-29 10:44:45,168: +PUB [/rosout] /actual_system/simluator http://aneesh-Swift:39259/
[rosmaster.master][INFO] 2023-03-29 10:44:45,168: +SERVICE [/actual_system/simluator/get_loggers] /actual_system/simluator http://aneesh-Swift:39259/
[rosmaster.master][INFO] 2023-03-29 10:44:45,169: +SERVICE [/actual_system/simluator/set_logger_level] /actual_system/simluator http://aneesh-Swift:39259/
[rosmaster.master][INFO] 2023-03-29 10:44:45,169: publisherUpdate[/rosout] -> http://aneesh-Swift:41411/ ['http://aneesh-Swift:39259/']
[rosmaster.master][INFO] 2023-03-29 10:44:45,175: publisherUpdate[/rosout] -> http://aneesh-Swift:41411/ ['http://aneesh-Swift:39259/']: sec=0.01, result=[1, '', 0]
[rosmaster.master][INFO] 2023-03-29 10:44:45,175: +SUB [/actual_system/force] /actual_system/simluator http://aneesh-Swift:39259/
[rosmaster.master][INFO] 2023-03-29 10:44:45,179: +SUB [/actual_system/reset] /actual_system/simluator http://aneesh-Swift:39259/
[rosmaster.master][INFO] 2023-03-29 10:44:45,179: +PUB [/actual_system/reset] /actual_system/simluator http://aneesh-Swift:39259/
[rosmaster.master][INFO] 2023-03-29 10:44:45,180: +PUB [/actual_system/slopes] /actual_system/simluator http://aneesh-Swift:39259/
[rosmaster.master][INFO] 2023-03-29 10:44:45,181: +PUB [/actual_system/state] /actual_system/simluator http://aneesh-Swift:39259/
[rosmaster.master][INFO] 2023-03-29 10:44:45,181: +PUB [/actual_system/complete_state] /actual_system/simluator http://aneesh-Swift:39259/
[rosmaster.master][INFO] 2023-03-29 10:44:45,182: +PUB [/actual_system/velocity] /actual_system/simluator http://aneesh-Swift:39259/
[rosmaster.master][INFO] 2023-03-29 10:44:45,183: +PUB [/actual_system/complete_pose] /actual_system/simluator http://aneesh-Swift:39259/
[rosmaster.master][INFO] 2023-03-29 10:44:45,271: publisherUpdate[/actual_system/reset] -> http://aneesh-Swift:39259/ ['http://aneesh-Swift:39259/']
[rosmaster.master][INFO] 2023-03-29 10:44:45,273: publisherUpdate[/actual_system/reset] -> http://aneesh-Swift:39259/ ['http://aneesh-Swift:39259/']: sec=0.00, result=[1, '', 0]
[rosmaster.master][INFO] 2023-03-29 10:44:45,579: +PUB [/rosout] /steady_state_checker_node http://aneesh-Swift:36483/
[rosmaster.master][INFO] 2023-03-29 10:44:45,581: +SERVICE [/steady_state_checker_node/get_loggers] /steady_state_checker_node http://aneesh-Swift:36483/
[rosmaster.master][INFO] 2023-03-29 10:44:45,582: +SERVICE [/steady_state_checker_node/set_logger_level] /steady_state_checker_node http://aneesh-Swift:36483/
[rosmaster.master][INFO] 2023-03-29 10:44:45,583: +PUB [/steady_system/state] /steady_state_checker_node http://aneesh-Swift:36483/
[rosmaster.master][INFO] 2023-03-29 10:44:45,584: +PUB [/steady_system/complete_pose] /steady_state_checker_node http://aneesh-Swift:36483/
[rosmaster.master][INFO] 2023-03-29 10:44:45,585: +PUB [/steady_system/complete_state] /steady_state_checker_node http://aneesh-Swift:36483/
[rosmaster.master][INFO] 2023-03-29 10:44:45,586: +PUB [/actual_system/force] /steady_state_checker_node http://aneesh-Swift:36483/
[rosmaster.master][INFO] 2023-03-29 10:44:45,587: +PUB [/steady_system/velocity] /steady_state_checker_node http://aneesh-Swift:36483/
[rosmaster.master][INFO] 2023-03-29 10:44:45,588: +SUB [/actual_system/state] /steady_state_checker_node http://aneesh-Swift:36483/
[rosmaster.master][INFO] 2023-03-29 10:44:45,590: +SUB [/actual_system/complete_pose] /steady_state_checker_node http://aneesh-Swift:36483/
[rosmaster.master][INFO] 2023-03-29 10:44:45,591: +SUB [/actual_system/complete_state] /steady_state_checker_node http://aneesh-Swift:36483/
[rosmaster.master][INFO] 2023-03-29 10:44:45,593: +SUB [/steady_system/force] /steady_state_checker_node http://aneesh-Swift:36483/
[rosmaster.master][INFO] 2023-03-29 10:44:45,673: publisherUpdate[/rosout] -> http://aneesh-Swift:41411/ ['http://aneesh-Swift:39259/', 'http://aneesh-Swift:36483/']
[rosmaster.master][INFO] 2023-03-29 10:44:45,674: publisherUpdate[/rosout] -> http://aneesh-Swift:41411/ ['http://aneesh-Swift:39259/', 'http://aneesh-Swift:36483/']: sec=0.00, result=[1, '', 0]
[rosmaster.master][INFO] 2023-03-29 10:44:45,674: publisherUpdate[/actual_system/force] -> http://aneesh-Swift:39259/ ['http://aneesh-Swift:36483/']
[rosmaster.master][INFO] 2023-03-29 10:44:45,675: publisherUpdate[/actual_system/force] -> http://aneesh-Swift:39259/ ['http://aneesh-Swift:36483/']: sec=0.00, result=[1, '', 0]
[rosmaster.master][INFO] 2023-03-29 10:44:48,345: +PUB [/rosout] /controller http://aneesh-Swift:45463/
[rosmaster.master][INFO] 2023-03-29 10:44:48,349: +SERVICE [/controller/get_loggers] /controller http://aneesh-Swift:45463/
[rosmaster.master][INFO] 2023-03-29 10:44:48,350: +SERVICE [/controller/set_logger_level] /controller http://aneesh-Swift:45463/
[rosmaster.master][INFO] 2023-03-29 10:44:48,352: +PUB [/steady_system/force] /controller http://aneesh-Swift:45463/
[rosmaster.master][INFO] 2023-03-29 10:44:48,354: +PUB [/actual_system/reset] /controller http://aneesh-Swift:45463/
[rosmaster.master][INFO] 2023-03-29 10:44:48,356: +PUB [/actual_system/target] /controller http://aneesh-Swift:45463/
[rosmaster.master][INFO] 2023-03-29 10:44:48,358: +PUB [/actual_system/radius] /controller http://aneesh-Swift:45463/
[rosmaster.master][INFO] 2023-03-29 10:44:48,362: +SUB [/steady_system/complete_pose] /controller http://aneesh-Swift:45463/
[rosmaster.master][INFO] 2023-03-29 10:44:48,367: +SUB [/steady_system/velocity] /controller http://aneesh-Swift:45463/
[rosmaster.master][INFO] 2023-03-29 10:44:48,379: publisherUpdate[/rosout] -> http://aneesh-Swift:41411/ ['http://aneesh-Swift:39259/', 'http://aneesh-Swift:36483/', 'http://aneesh-Swift:45463/']
[rosmaster.master][INFO] 2023-03-29 10:44:48,380: publisherUpdate[/steady_system/force] -> http://aneesh-Swift:36483/ ['http://aneesh-Swift:45463/']
[rosmaster.master][INFO] 2023-03-29 10:44:48,381: publisherUpdate[/actual_system/reset] -> http://aneesh-Swift:39259/ ['http://aneesh-Swift:39259/', 'http://aneesh-Swift:45463/']
[rosmaster.master][INFO] 2023-03-29 10:44:48,382: publisherUpdate[/rosout] -> http://aneesh-Swift:41411/ ['http://aneesh-Swift:39259/', 'http://aneesh-Swift:36483/', 'http://aneesh-Swift:45463/']: sec=0.00, result=[1, '', 0]
[rosmaster.master][INFO] 2023-03-29 10:44:48,385: publisherUpdate[/actual_system/reset] -> http://aneesh-Swift:39259/ ['http://aneesh-Swift:39259/', 'http://aneesh-Swift:45463/']: sec=0.00, result=[1, '', 0]
[rosmaster.master][INFO] 2023-03-29 10:44:48,386: publisherUpdate[/steady_system/force] -> http://aneesh-Swift:36483/ ['http://aneesh-Swift:45463/']: sec=0.01, result=[1, '', 0]
[rosmaster.master][INFO] 2023-03-29 10:45:03,911: -SUB [/actual_system/state] /steady_state_checker_node http://aneesh-Swift:36483/
[rosmaster.master][INFO] 2023-03-29 10:45:03,912: -SUB [/actual_system/complete_pose] /steady_state_checker_node http://aneesh-Swift:36483/
[rosmaster.master][INFO] 2023-03-29 10:45:03,912: -SUB [/actual_system/complete_state] /steady_state_checker_node http://aneesh-Swift:36483/
[rosmaster.master][INFO] 2023-03-29 10:45:03,912: -SUB [/steady_system/force] /steady_state_checker_node http://aneesh-Swift:36483/
[rosmaster.master][INFO] 2023-03-29 10:45:03,912: -PUB [/rosout] /steady_state_checker_node http://aneesh-Swift:36483/
[rosmaster.master][INFO] 2023-03-29 10:45:03,912: -PUB [/steady_system/state] /steady_state_checker_node http://aneesh-Swift:36483/
[rosmaster.master][INFO] 2023-03-29 10:45:03,912: -PUB [/steady_system/complete_pose] /steady_state_checker_node http://aneesh-Swift:36483/
[rosmaster.master][INFO] 2023-03-29 10:45:03,912: -PUB [/steady_system/complete_state] /steady_state_checker_node http://aneesh-Swift:36483/
[rosmaster.master][INFO] 2023-03-29 10:45:03,913: -PUB [/actual_system/force] /steady_state_checker_node http://aneesh-Swift:36483/
[rosmaster.master][INFO] 2023-03-29 10:45:03,913: -PUB [/steady_system/velocity] /steady_state_checker_node http://aneesh-Swift:36483/
[rosmaster.master][INFO] 2023-03-29 10:45:03,913: -SERVICE [/steady_state_checker_node/get_loggers] /steady_state_checker_node rosrpc://aneesh-Swift:42843
[rosmaster.master][INFO] 2023-03-29 10:45:03,913: -SERVICE [/steady_state_checker_node/set_logger_level] /steady_state_checker_node rosrpc://aneesh-Swift:42843
[rosmaster.master][INFO] 2023-03-29 10:45:03,914: -SUB [/steady_system/complete_pose] /controller http://aneesh-Swift:45463/
[rosmaster.master][INFO] 2023-03-29 10:45:03,914: -SUB [/steady_system/velocity] /controller http://aneesh-Swift:45463/
[rosmaster.master][INFO] 2023-03-29 10:45:03,915: -PUB [/rosout] /controller http://aneesh-Swift:45463/
[rosmaster.master][INFO] 2023-03-29 10:45:03,915: -PUB [/steady_system/force] /controller http://aneesh-Swift:45463/
[rosmaster.master][INFO] 2023-03-29 10:45:03,915: -PUB [/actual_system/reset] /controller http://aneesh-Swift:45463/
[rosmaster.master][INFO] 2023-03-29 10:45:03,915: -PUB [/actual_system/target] /controller http://aneesh-Swift:45463/
[rosmaster.master][INFO] 2023-03-29 10:45:03,915: -PUB [/actual_system/radius] /controller http://aneesh-Swift:45463/
[rosmaster.master][INFO] 2023-03-29 10:45:03,915: -SERVICE [/controller/get_loggers] /controller rosrpc://aneesh-Swift:37365
[rosmaster.master][INFO] 2023-03-29 10:45:03,915: -SERVICE [/controller/set_logger_level] /controller rosrpc://aneesh-Swift:37365
[rosmaster.master][INFO] 2023-03-29 10:45:04,007: publisherUpdate[/rosout] -> http://aneesh-Swift:41411/ ['http://aneesh-Swift:39259/', 'http://aneesh-Swift:45463/']
[rosmaster.master][INFO] 2023-03-29 10:45:04,008: publisherUpdate[/rosout] -> http://aneesh-Swift:41411/ ['http://aneesh-Swift:39259/', 'http://aneesh-Swift:45463/']: sec=0.00, result=[1, '', 0]
[rosmaster.master][INFO] 2023-03-29 10:45:04,008: publisherUpdate[/steady_system/complete_pose] -> http://aneesh-Swift:45463/ []
[rosmaster.master][INFO] 2023-03-29 10:45:04,009: publisherUpdate[/steady_system/complete_pose] -> http://aneesh-Swift:45463/ []: sec=0.00, exception=[Errno 111] Connection refused
[rosmaster.master][INFO] 2023-03-29 10:45:04,010: -PUB [/rosout] /actual_system/simluator http://aneesh-Swift:39259/
[rosmaster.master][INFO] 2023-03-29 10:45:04,011: publisherUpdate[/actual_system/force] -> http://aneesh-Swift:39259/ []
[rosmaster.master][INFO] 2023-03-29 10:45:04,013: -PUB [/actual_system/reset] /actual_system/simluator http://aneesh-Swift:39259/
[rosmaster.master][INFO] 2023-03-29 10:45:04,013: publisherUpdate[/steady_system/velocity] -> http://aneesh-Swift:45463/ []
[rosmaster.master][INFO] 2023-03-29 10:45:04,013: publisherUpdate[/steady_system/velocity] -> http://aneesh-Swift:45463/ []: sec=0.00, exception=[Errno 111] Connection refused
[rosmaster.threadpool][ERROR] 2023-03-29 10:45:04,014: Traceback (most recent call last):
  File "/opt/ros/noetic/lib/python3/dist-packages/rosmaster/threadpool.py", line 218, in run
    result = cmd(*args)
  File "/opt/ros/noetic/lib/python3/dist-packages/rosmaster/master_api.py", line 210, in publisher_update_task
    ret = xmlrpcapi(api).publisherUpdate('/master', topic, pub_uris)
  File "/usr/lib/python3.8/xmlrpc/client.py", line 1109, in __call__
    return self.__send(self.__name, args)
  File "/usr/lib/python3.8/xmlrpc/client.py", line 1450, in __request
    response = self.__transport.request(
  File "/usr/lib/python3.8/xmlrpc/client.py", line 1153, in request
    return self.single_request(host, handler, request_body, verbose)
  File "/usr/lib/python3.8/xmlrpc/client.py", line 1165, in single_request
    http_conn = self.send_request(host, handler, request_body, verbose)
  File "/usr/lib/python3.8/xmlrpc/client.py", line 1278, in send_request
    self.send_content(connection, request_body)
  File "/usr/lib/python3.8/xmlrpc/client.py", line 1308, in send_content
    connection.endheaders(request_body)
  File "/usr/lib/python3.8/http/client.py", line 1251, in endheaders
    self._send_output(message_body, encode_chunked=encode_chunked)
  File "/usr/lib/python3.8/http/client.py", line 1011, in _send_output
    self.send(msg)
  File "/usr/lib/python3.8/http/client.py", line 951, in send
    self.connect()
  File "/usr/lib/python3.8/http/client.py", line 922, in connect
    self.sock = self._create_connection(
  File "/usr/lib/python3.8/socket.py", line 808, in create_connection
    raise err
  File "/usr/lib/python3.8/socket.py", line 796, in create_connection
    sock.connect(sa)
ConnectionRefusedError: [Errno 111] Connection refused

[rosmaster.master][INFO] 2023-03-29 10:45:04,014: publisherUpdate[/rosout] -> http://aneesh-Swift:41411/ ['http://aneesh-Swift:39259/']
[rosmaster.master][INFO] 2023-03-29 10:45:04,015: -PUB [/actual_system/slopes] /actual_system/simluator http://aneesh-Swift:39259/
[rosmaster.master][INFO] 2023-03-29 10:45:04,015: -PUB [/actual_system/state] /actual_system/simluator http://aneesh-Swift:39259/
[rosmaster.master][INFO] 2023-03-29 10:45:04,016: publisherUpdate[/rosout] -> http://aneesh-Swift:41411/ ['http://aneesh-Swift:39259/']: sec=0.00, result=[1, '', 0]
[rosmaster.master][INFO] 2023-03-29 10:45:04,016: publisherUpdate[/rosout] -> http://aneesh-Swift:41411/ []
[rosmaster.master][INFO] 2023-03-29 10:45:04,016: -PUB [/actual_system/complete_state] /actual_system/simluator http://aneesh-Swift:39259/
[rosmaster.master][INFO] 2023-03-29 10:45:04,017: -PUB [/actual_system/velocity] /actual_system/simluator http://aneesh-Swift:39259/
[rosmaster.threadpool][ERROR] 2023-03-29 10:45:04,012: Traceback (most recent call last):
  File "/opt/ros/noetic/lib/python3/dist-packages/rosmaster/threadpool.py", line 218, in run
    result = cmd(*args)
  File "/opt/ros/noetic/lib/python3/dist-packages/rosmaster/master_api.py", line 210, in publisher_update_task
    ret = xmlrpcapi(api).publisherUpdate('/master', topic, pub_uris)
  File "/usr/lib/python3.8/xmlrpc/client.py", line 1109, in __call__
    return self.__send(self.__name, args)
  File "/usr/lib/python3.8/xmlrpc/client.py", line 1450, in __request
    response = self.__transport.request(
  File "/usr/lib/python3.8/xmlrpc/client.py", line 1153, in request
    return self.single_request(host, handler, request_body, verbose)
  File "/usr/lib/python3.8/xmlrpc/client.py", line 1165, in single_request
    http_conn = self.send_request(host, handler, request_body, verbose)
  File "/usr/lib/python3.8/xmlrpc/client.py", line 1278, in send_request
    self.send_content(connection, request_body)
  File "/usr/lib/python3.8/xmlrpc/client.py", line 1308, in send_content
    connection.endheaders(request_body)
  File "/usr/lib/python3.8/http/client.py", line 1251, in endheaders
    self._send_output(message_body, encode_chunked=encode_chunked)
  File "/usr/lib/python3.8/http/client.py", line 1011, in _send_output
    self.send(msg)
  File "/usr/lib/python3.8/http/client.py", line 951, in send
    self.connect()
  File "/usr/lib/python3.8/http/client.py", line 922, in connect
    self.sock = self._create_connection(
  File "/usr/lib/python3.8/socket.py", line 808, in create_connection
    raise err
  File "/usr/lib/python3.8/socket.py", line 796, in create_connection
    sock.connect(sa)
ConnectionRefusedError: [Errno 111] Connection refused

[rosmaster.master][INFO] 2023-03-29 10:45:04,018: publisherUpdate[/rosout] -> http://aneesh-Swift:41411/ []: sec=0.00, result=[1, '', 0]
[rosmaster.master][INFO] 2023-03-29 10:45:04,018: -PUB [/actual_system/complete_pose] /actual_system/simluator http://aneesh-Swift:39259/
[rosmaster.master][INFO] 2023-03-29 10:45:04,019: -SUB [/actual_system/force] /actual_system/simluator http://aneesh-Swift:39259/
[rosmaster.master][INFO] 2023-03-29 10:45:04,019: publisherUpdate[/actual_system/force] -> http://aneesh-Swift:39259/ []: sec=0.01, exception=<Fault -1: 'publisherUpdate: unknown method name'>
[rosmaster.threadpool][ERROR] 2023-03-29 10:45:04,020: Traceback (most recent call last):
  File "/opt/ros/noetic/lib/python3/dist-packages/rosmaster/threadpool.py", line 218, in run
    result = cmd(*args)
  File "/opt/ros/noetic/lib/python3/dist-packages/rosmaster/master_api.py", line 210, in publisher_update_task
    ret = xmlrpcapi(api).publisherUpdate('/master', topic, pub_uris)
  File "/usr/lib/python3.8/xmlrpc/client.py", line 1109, in __call__
    return self.__send(self.__name, args)
  File "/usr/lib/python3.8/xmlrpc/client.py", line 1450, in __request
    response = self.__transport.request(
  File "/usr/lib/python3.8/xmlrpc/client.py", line 1153, in request
    return self.single_request(host, handler, request_body, verbose)
  File "/usr/lib/python3.8/xmlrpc/client.py", line 1169, in single_request
    return self.parse_response(resp)
  File "/usr/lib/python3.8/xmlrpc/client.py", line 1341, in parse_response
    return u.close()
  File "/usr/lib/python3.8/xmlrpc/client.py", line 655, in close
    raise Fault(**self._stack[0])
xmlrpc.client.Fault: <Fault -1: 'publisherUpdate: unknown method name'>

[rosmaster.master][INFO] 2023-03-29 10:45:04,020: publisherUpdate[/actual_system/reset] -> http://aneesh-Swift:39259/ ['http://aneesh-Swift:39259/']
[rosmaster.master][INFO] 2023-03-29 10:45:04,021: publisherUpdate[/actual_system/reset] -> http://aneesh-Swift:39259/ ['http://aneesh-Swift:39259/']: sec=0.00, exception=<Fault -1: 'publisherUpdate: unknown method name'>
[rosmaster.threadpool][ERROR] 2023-03-29 10:45:04,021: Traceback (most recent call last):
  File "/opt/ros/noetic/lib/python3/dist-packages/rosmaster/threadpool.py", line 218, in run
    result = cmd(*args)
  File "/opt/ros/noetic/lib/python3/dist-packages/rosmaster/master_api.py", line 210, in publisher_update_task
    ret = xmlrpcapi(api).publisherUpdate('/master', topic, pub_uris)
  File "/usr/lib/python3.8/xmlrpc/client.py", line 1109, in __call__
    return self.__send(self.__name, args)
  File "/usr/lib/python3.8/xmlrpc/client.py", line 1450, in __request
    response = self.__transport.request(
  File "/usr/lib/python3.8/xmlrpc/client.py", line 1153, in request
    return self.single_request(host, handler, request_body, verbose)
  File "/usr/lib/python3.8/xmlrpc/client.py", line 1169, in single_request
    return self.parse_response(resp)
  File "/usr/lib/python3.8/xmlrpc/client.py", line 1341, in parse_response
    return u.close()
  File "/usr/lib/python3.8/xmlrpc/client.py", line 655, in close
    raise Fault(**self._stack[0])
xmlrpc.client.Fault: <Fault -1: 'publisherUpdate: unknown method name'>

[rosmaster.master][INFO] 2023-03-29 10:45:04,022: publisherUpdate[/actual_system/reset] -> http://aneesh-Swift:39259/ []
[rosmaster.master][INFO] 2023-03-29 10:45:04,022: publisherUpdate[/actual_system/reset] -> http://aneesh-Swift:39259/ []: sec=0.00, exception=<Fault -1: 'publisherUpdate: unknown method name'>
[rosmaster.threadpool][ERROR] 2023-03-29 10:45:04,023: Traceback (most recent call last):
  File "/opt/ros/noetic/lib/python3/dist-packages/rosmaster/threadpool.py", line 218, in run
    result = cmd(*args)
  File "/opt/ros/noetic/lib/python3/dist-packages/rosmaster/master_api.py", line 210, in publisher_update_task
    ret = xmlrpcapi(api).publisherUpdate('/master', topic, pub_uris)
  File "/usr/lib/python3.8/xmlrpc/client.py", line 1109, in __call__
    return self.__send(self.__name, args)
  File "/usr/lib/python3.8/xmlrpc/client.py", line 1450, in __request
    response = self.__transport.request(
  File "/usr/lib/python3.8/xmlrpc/client.py", line 1153, in request
    return self.single_request(host, handler, request_body, verbose)
  File "/usr/lib/python3.8/xmlrpc/client.py", line 1169, in single_request
    return self.parse_response(resp)
  File "/usr/lib/python3.8/xmlrpc/client.py", line 1341, in parse_response
    return u.close()
  File "/usr/lib/python3.8/xmlrpc/client.py", line 655, in close
    raise Fault(**self._stack[0])
xmlrpc.client.Fault: <Fault -1: 'publisherUpdate: unknown method name'>

[rosmaster.master][INFO] 2023-03-29 10:45:04,025: -SUB [/actual_system/reset] /actual_system/simluator http://aneesh-Swift:39259/
[rosmaster.master][INFO] 2023-03-29 10:45:04,026: -SERVICE [/actual_system/simluator/get_loggers] /actual_system/simluator rosrpc://aneesh-Swift:44559
[rosmaster.master][INFO] 2023-03-29 10:45:04,027: -SERVICE [/actual_system/simluator/set_logger_level] /actual_system/simluator rosrpc://aneesh-Swift:44559
[rosmaster.master][INFO] 2023-03-29 10:45:05,219: -PUB [/rosout_agg] /rosout http://aneesh-Swift:41411/
[rosmaster.master][INFO] 2023-03-29 10:45:05,220: -SUB [/rosout] /rosout http://aneesh-Swift:41411/
[rosmaster.master][INFO] 2023-03-29 10:45:05,220: -SERVICE [/rosout/get_loggers] /rosout rosrpc://aneesh-Swift:60425
[rosmaster.master][INFO] 2023-03-29 10:45:05,221: -SERVICE [/rosout/set_logger_level] /rosout rosrpc://aneesh-Swift:60425
[rosmaster.main][INFO] 2023-03-29 10:45:05,315: keyboard interrupt, will exit
[rosmaster.main][INFO] 2023-03-29 10:45:05,315: stopping master...
[rospy.core][INFO] 2023-03-29 10:45:05,316: signal_shutdown [atexit]
