[rospy.client][INFO] 2023-04-01 00:05:57,066: init_node, name[/controller], pid[8708]
[xmlrpc][INFO] 2023-04-01 00:05:57,067: XML-RPC server binding to 0.0.0.0:0
[xmlrpc][INFO] 2023-04-01 00:05:57,067: Started XML-RPC server [http://aneesh-Swift:38157/]
[rospy.impl.masterslave][INFO] 2023-04-01 00:05:57,067: _ready: http://aneesh-Swift:38157/
[rospy.init][INFO] 2023-04-01 00:05:57,067: ROS Slave URI: [http://aneesh-Swift:38157/]
[rospy.registration][INFO] 2023-04-01 00:05:57,068: Registering with master node http://localhost:11311
[xmlrpc][INFO] 2023-04-01 00:05:57,068: xml rpc node: starting XML-RPC server
[rospy.init][INFO] 2023-04-01 00:05:57,169: registered with master
[rospy.rosout][INFO] 2023-04-01 00:05:57,169: initializing /rosout core topic
[rospy.rosout][INFO] 2023-04-01 00:05:57,175: connected to core topic /rosout
[rospy.simtime][INFO] 2023-04-01 00:05:57,178: /use_sim_time is not set, will not subscribe to simulated time [/clock] topic
[rospy.internal][INFO] 2023-04-01 00:05:57,211: topic[/steady_system/complete_pose] adding connection to [http://aneesh-Swift:43239/], count 0
[rospy.internal][INFO] 2023-04-01 00:05:57,214: topic[/steady_system/velocity] adding connection to [http://aneesh-Swift:43239/], count 0
[rospy.internal][INFO] 2023-04-01 00:05:57,264: topic[/steady_system/force] adding connection to [/steady_state_checker_node], count 0
[rospy.internal][INFO] 2023-04-01 00:05:57,456: topic[/rosout] adding connection to [/rosout], count 0
[rospy.internal][INFO] 2023-04-01 00:05:57,458: topic[/actual_system/reset] adding connection to [/actual_system/simluator], count 0
[rospy.core][INFO] 2023-04-01 15:58:26,908: signal_shutdown [signal-2]
[rospy.internal][INFO] 2023-04-01 15:58:26,915: topic[/steady_system/velocity] removing connection to http://aneesh-Swift:43239/
[rospy.internal][INFO] 2023-04-01 15:58:26,915: topic[/steady_system/complete_pose] removing connection to http://aneesh-Swift:43239/
[rospy.internal][INFO] 2023-04-01 15:58:26,928: topic[/rosout] removing connection to /rosout
[rospy.internal][INFO] 2023-04-01 15:58:26,928: topic[/steady_system/force] removing connection to /steady_state_checker_node
[rospy.internal][INFO] 2023-04-01 15:58:26,929: topic[/actual_system/reset] removing connection to /actual_system/simluator
[rospy.impl.masterslave][INFO] 2023-04-01 15:58:26,929: signal-2
[rospy.core][INFO] 2023-04-01 15:58:41,929: signal_shutdown [signal-15]
