[rospy.client][INFO] 2023-03-08 21:42:37,544: init_node, name[/steady_state_checker_node], pid[3199]
[xmlrpc][INFO] 2023-03-08 21:42:37,544: XML-RPC server binding to 0.0.0.0:0
[xmlrpc][INFO] 2023-03-08 21:42:37,545: Started XML-RPC server [http://aneesh-Swift:44415/]
[rospy.init][INFO] 2023-03-08 21:42:37,545: ROS Slave URI: [http://aneesh-Swift:44415/]
[rospy.impl.masterslave][INFO] 2023-03-08 21:42:37,545: _ready: http://aneesh-Swift:44415/
[rospy.registration][INFO] 2023-03-08 21:42:37,545: Registering with master node http://localhost:11311
[xmlrpc][INFO] 2023-03-08 21:42:37,546: xml rpc node: starting XML-RPC server
[rospy.init][INFO] 2023-03-08 21:42:37,645: registered with master
[rospy.rosout][INFO] 2023-03-08 21:42:37,645: initializing /rosout core topic
[rospy.rosout][INFO] 2023-03-08 21:42:37,648: connected to core topic /rosout
[rospy.simtime][INFO] 2023-03-08 21:42:37,649: /use_sim_time is not set, will not subscribe to simulated time [/clock] topic
[rospy.internal][INFO] 2023-03-08 21:42:37,659: topic[/actual_system/state] adding connection to [http://aneesh-Swift:38883/], count 0
[rospy.internal][INFO] 2023-03-08 21:42:37,662: topic[/actual_system/complete_pose] adding connection to [http://aneesh-Swift:38883/], count 0
[rospy.internal][INFO] 2023-03-08 21:42:37,665: topic[/actual_system/complete_state] adding connection to [http://aneesh-Swift:38883/], count 0
[rospy.internal][INFO] 2023-03-08 21:42:37,928: topic[/rosout] adding connection to [/rosout], count 0
[rospy.internal][INFO] 2023-03-08 21:42:37,929: topic[/actual_system/force] adding connection to [/actual_system/simluator], count 0
[rospy.internal][INFO] 2023-03-08 21:42:39,241: topic[/steady_system/force] adding connection to [http://aneesh-Swift:36069/], count 0
[rospy.internal][INFO] 2023-03-08 21:42:39,258: topic[/steady_system/complete_pose] adding connection to [/controller], count 0
[rospy.core][INFO] 2023-03-10 14:21:00,746: signal_shutdown [signal-2]
[rospy.internal][INFO] 2023-03-10 14:21:00,962: topic[/actual_system/complete_pose] removing connection to http://aneesh-Swift:38883/
[rospy.internal][INFO] 2023-03-10 14:21:00,966: topic[/actual_system/state] removing connection to http://aneesh-Swift:38883/
[rospy.internal][INFO] 2023-03-10 14:21:00,966: topic[/actual_system/complete_state] removing connection to http://aneesh-Swift:38883/
[rospy.internal][INFO] 2023-03-10 14:21:00,970: topic[/steady_system/force] removing connection to http://aneesh-Swift:36069/
[rospy.internal][INFO] 2023-03-10 14:21:00,970: topic[/rosout] removing connection to /rosout
[rospy.internal][INFO] 2023-03-10 14:21:00,971: topic[/steady_system/complete_pose] removing connection to /controller
[rospy.internal][INFO] 2023-03-10 14:21:00,971: topic[/actual_system/force] removing connection to /actual_system/simluator
[rospy.impl.masterslave][INFO] 2023-03-10 14:21:00,975: signal-2
[rospy.core][INFO] 2023-03-10 14:21:01,400: signal_shutdown [atexit]
