[rospy.client][INFO] 2023-03-08 19:02:12,156: init_node, name[/controller], pid[11617]
[xmlrpc][INFO] 2023-03-08 19:02:12,156: XML-RPC server binding to 0.0.0.0:0
[xmlrpc][INFO] 2023-03-08 19:02:12,156: Started XML-RPC server [http://aneesh-Swift:46715/]
[rospy.init][INFO] 2023-03-08 19:02:12,156: ROS Slave URI: [http://aneesh-Swift:46715/]
[rospy.impl.masterslave][INFO] 2023-03-08 19:02:12,156: _ready: http://aneesh-Swift:46715/
[rospy.registration][INFO] 2023-03-08 19:02:12,157: Registering with master node http://localhost:11311
[xmlrpc][INFO] 2023-03-08 19:02:12,157: xml rpc node: starting XML-RPC server
[rospy.init][INFO] 2023-03-08 19:02:12,257: registered with master
[rospy.rosout][INFO] 2023-03-08 19:02:12,258: initializing /rosout core topic
[rospy.rosout][INFO] 2023-03-08 19:02:12,265: connected to core topic /rosout
[rospy.simtime][INFO] 2023-03-08 19:02:12,267: /use_sim_time is not set, will not subscribe to simulated time [/clock] topic
[rospy.internal][INFO] 2023-03-08 19:02:12,302: topic[/actual_system/velocity] adding connection to [http://aneesh-Swift:40901/], count 0
[rospy.internal][INFO] 2023-03-08 19:02:12,306: topic[/steady_system/complete_pose] adding connection to [http://aneesh-Swift:46151/], count 0
[rospy.internal][INFO] 2023-03-08 19:02:12,318: topic[/steady_system/force] adding connection to [/steady_state_checker_node], count 0
[rospy.internal][INFO] 2023-03-08 19:02:12,514: topic[/rosout] adding connection to [/rosout], count 0
[rospy.internal][INFO] 2023-03-08 19:02:12,519: topic[/actual_system/reset] adding connection to [/actual_system/simluator], count 0
[rospy.core][INFO] 2023-03-08 20:39:06,027: signal_shutdown [signal-2]
[rospy.internal][INFO] 2023-03-08 20:39:06,084: topic[/steady_system/complete_pose] removing connection to http://aneesh-Swift:46151/
[rospy.internal][INFO] 2023-03-08 20:39:06,312: topic[/rosout] removing connection to /rosout
[rospy.internal][INFO] 2023-03-08 20:39:06,329: topic[/steady_system/force] removing connection to /steady_state_checker_node
[rospy.internal][INFO] 2023-03-08 20:39:06,333: topic[/actual_system/velocity] removing connection to http://aneesh-Swift:40901/
[rospy.internal][INFO] 2023-03-08 20:39:06,341: topic[/actual_system/reset] removing connection to /actual_system/simluator
[rospy.impl.masterslave][INFO] 2023-03-08 20:39:06,343: signal-2
