[rospy.client][INFO] 2023-03-08 19:02:09,385: init_node, name[/steady_state_checker_node], pid[11618]
[xmlrpc][INFO] 2023-03-08 19:02:09,385: XML-RPC server binding to 0.0.0.0:0
[xmlrpc][INFO] 2023-03-08 19:02:09,385: Started XML-RPC server [http://aneesh-Swift:46151/]
[rospy.init][INFO] 2023-03-08 19:02:09,386: ROS Slave URI: [http://aneesh-Swift:46151/]
[rospy.impl.masterslave][INFO] 2023-03-08 19:02:09,386: _ready: http://aneesh-Swift:46151/
[rospy.registration][INFO] 2023-03-08 19:02:09,386: Registering with master node http://localhost:11311
[xmlrpc][INFO] 2023-03-08 19:02:09,387: xml rpc node: starting XML-RPC server
[rospy.init][INFO] 2023-03-08 19:02:09,486: registered with master
[rospy.rosout][INFO] 2023-03-08 19:02:09,486: initializing /rosout core topic
[rospy.rosout][INFO] 2023-03-08 19:02:09,490: connected to core topic /rosout
[rospy.simtime][INFO] 2023-03-08 19:02:09,491: /use_sim_time is not set, will not subscribe to simulated time [/clock] topic
[rospy.internal][INFO] 2023-03-08 19:02:09,508: topic[/actual_system/state] adding connection to [http://aneesh-Swift:40901/], count 0
[rospy.internal][INFO] 2023-03-08 19:02:09,512: topic[/actual_system/complete_state] adding connection to [http://aneesh-Swift:40901/], count 0
[rospy.internal][INFO] 2023-03-08 19:02:09,512: topic[/actual_system/complete_pose] adding connection to [http://aneesh-Swift:40901/], count 0
[rospy.internal][INFO] 2023-03-08 19:02:09,703: topic[/rosout] adding connection to [/rosout], count 0
[rospy.internal][INFO] 2023-03-08 19:02:09,716: topic[/actual_system/force] adding connection to [/actual_system/simluator], count 0
[rospy.internal][INFO] 2023-03-08 19:02:12,315: topic[/steady_system/complete_pose] adding connection to [/controller], count 0
[rospy.internal][INFO] 2023-03-08 19:02:12,317: topic[/steady_system/force] adding connection to [http://aneesh-Swift:46715/], count 0
[rospy.core][INFO] 2023-03-08 20:39:05,937: signal_shutdown [signal-2]
[rospy.internal][INFO] 2023-03-08 20:39:06,067: topic[/rosout] removing connection to /rosout
[rospy.internal][INFO] 2023-03-08 20:39:06,073: topic[/steady_system/complete_pose] removing connection to /controller
[rospy.internal][INFO] 2023-03-08 20:39:06,085: topic[/actual_system/force] removing connection to /actual_system/simluator
[rospy.internal][INFO] 2023-03-08 20:39:06,086: topic[/actual_system/state] removing connection to http://aneesh-Swift:40901/
[rospy.internal][INFO] 2023-03-08 20:39:06,087: topic[/actual_system/complete_pose] removing connection to http://aneesh-Swift:40901/
[rospy.internal][INFO] 2023-03-08 20:39:06,096: topic[/actual_system/complete_state] removing connection to http://aneesh-Swift:40901/
[rospy.internal][INFO] 2023-03-08 20:39:06,110: topic[/actual_system/complete_state] removing connection to http://aneesh-Swift:40901/
[rospy.topics][ERROR] 2023-03-08 20:39:06,180: Traceback (most recent call last):
  File "/opt/ros/noetic/lib/python3/dist-packages/rospy/topics.py", line 326, in close
    c.close()
  File "/opt/ros/noetic/lib/python3/dist-packages/rospy/impl/tcpros_base.py", line 858, in close
    self.socket.close()
AttributeError: 'NoneType' object has no attribute 'close'

[rospy.internal][INFO] 2023-03-08 20:39:06,218: topic[/steady_system/force] removing connection to http://aneesh-Swift:46715/
[rospy.impl.masterslave][INFO] 2023-03-08 20:39:06,221: signal-2
[rospy.core][INFO] 2023-03-08 20:39:06,552: signal_shutdown [atexit]
