[rospy.client][INFO] 2023-03-08 21:41:50,446: init_node, name[/steady_state_checker_node], pid[2498]
[xmlrpc][INFO] 2023-03-08 21:41:50,447: XML-RPC server binding to 0.0.0.0:0
[xmlrpc][INFO] 2023-03-08 21:41:50,447: Started XML-RPC server [http://aneesh-Swift:36199/]
[rospy.init][INFO] 2023-03-08 21:41:50,447: ROS Slave URI: [http://aneesh-Swift:36199/]
[rospy.impl.masterslave][INFO] 2023-03-08 21:41:50,447: _ready: http://aneesh-Swift:36199/
[rospy.registration][INFO] 2023-03-08 21:41:50,448: Registering with master node http://localhost:11311
[xmlrpc][INFO] 2023-03-08 21:41:50,448: xml rpc node: starting XML-RPC server
[rospy.init][INFO] 2023-03-08 21:41:50,548: registered with master
[rospy.rosout][INFO] 2023-03-08 21:41:50,548: initializing /rosout core topic
[rospy.rosout][INFO] 2023-03-08 21:41:50,551: connected to core topic /rosout
[rospy.simtime][INFO] 2023-03-08 21:41:50,552: /use_sim_time is not set, will not subscribe to simulated time [/clock] topic
[rospy.internal][INFO] 2023-03-08 21:41:50,565: topic[/actual_system/state] adding connection to [http://aneesh-Swift:45473/], count 0
[rospy.internal][INFO] 2023-03-08 21:41:50,569: topic[/actual_system/complete_pose] adding connection to [http://aneesh-Swift:45473/], count 0
[rospy.internal][INFO] 2023-03-08 21:41:50,571: topic[/actual_system/complete_state] adding connection to [http://aneesh-Swift:45473/], count 0
[rospy.internal][INFO] 2023-03-08 21:41:50,656: topic[/rosout] adding connection to [/rosout], count 0
[rospy.internal][INFO] 2023-03-08 21:41:50,860: topic[/actual_system/force] adding connection to [/actual_system/simluator], count 0
[rospy.internal][INFO] 2023-03-08 21:41:53,366: topic[/steady_system/force] adding connection to [http://aneesh-Swift:44617/], count 0
[rospy.internal][INFO] 2023-03-08 21:41:53,366: topic[/steady_system/complete_pose] adding connection to [/controller], count 0
[rospy.core][INFO] 2023-03-08 21:41:55,168: signal_shutdown [signal-2]
[rospy.internal][INFO] 2023-03-08 21:41:55,189: topic[/steady_system/force] removing connection to http://aneesh-Swift:44617/
[rospy.internal][INFO] 2023-03-08 21:41:55,189: topic[/rosout] removing connection to /rosout
[rospy.internal][INFO] 2023-03-08 21:41:55,190: topic[/steady_system/complete_pose] removing connection to /controller
[rospy.internal][INFO] 2023-03-08 21:41:55,191: topic[/actual_system/force] removing connection to /actual_system/simluator
[rospy.internal][INFO] 2023-03-08 21:41:55,192: topic[/actual_system/state] removing connection to http://aneesh-Swift:45473/
[rospy.internal][INFO] 2023-03-08 21:41:55,193: topic[/actual_system/state] removing connection to http://aneesh-Swift:45473/
[rospy.topics][ERROR] 2023-03-08 21:41:55,194: Traceback (most recent call last):
  File "/opt/ros/noetic/lib/python3/dist-packages/rospy/topics.py", line 326, in close
    c.close()
  File "/opt/ros/noetic/lib/python3/dist-packages/rospy/impl/tcpros_base.py", line 858, in close
    self.socket.close()
AttributeError: 'NoneType' object has no attribute 'close'

[rospy.internal][INFO] 2023-03-08 21:41:55,195: topic[/actual_system/complete_pose] removing connection to http://aneesh-Swift:45473/
[rospy.internal][INFO] 2023-03-08 21:41:55,196: topic[/actual_system/complete_state] removing connection to http://aneesh-Swift:45473/
[rospy.impl.masterslave][INFO] 2023-03-08 21:41:55,197: signal-2
[rospy.core][INFO] 2023-03-08 21:41:55,770: signal_shutdown [atexit]
