[rospy.client][INFO] 2023-03-29 12:54:21,917: init_node, name[/controller], pid[53460]
[xmlrpc][INFO] 2023-03-29 12:54:21,917: XML-RPC server binding to 0.0.0.0:0
[xmlrpc][INFO] 2023-03-29 12:54:21,917: Started XML-RPC server [http://aneesh-Swift:42049/]
[rospy.init][INFO] 2023-03-29 12:54:21,918: ROS Slave URI: [http://aneesh-Swift:42049/]
[rospy.impl.masterslave][INFO] 2023-03-29 12:54:21,918: _ready: http://aneesh-Swift:42049/
[rospy.registration][INFO] 2023-03-29 12:54:21,918: Registering with master node http://localhost:11311
[xmlrpc][INFO] 2023-03-29 12:54:21,918: xml rpc node: starting XML-RPC server
[rospy.init][INFO] 2023-03-29 12:54:22,018: registered with master
[rospy.rosout][INFO] 2023-03-29 12:54:22,019: initializing /rosout core topic
[rospy.rosout][INFO] 2023-03-29 12:54:22,025: connected to core topic /rosout
[rospy.simtime][INFO] 2023-03-29 12:54:22,028: /use_sim_time is not set, will not subscribe to simulated time [/clock] topic
[rospy.internal][INFO] 2023-03-29 12:54:22,059: topic[/steady_system/force] adding connection to [/steady_state_checker_node], count 0
[rospy.internal][INFO] 2023-03-29 12:54:22,067: topic[/steady_system/complete_pose] adding connection to [http://aneesh-Swift:41009/], count 0
[rospy.internal][INFO] 2023-03-29 12:54:22,069: topic[/steady_system/velocity] adding connection to [http://aneesh-Swift:41009/], count 0
[rospy.internal][INFO] 2023-03-29 12:54:22,245: topic[/rosout] adding connection to [/rosout], count 0
[rospy.internal][INFO] 2023-03-29 12:54:22,254: topic[/actual_system/reset] adding connection to [/actual_system/simluator], count 0
[rospy.core][INFO] 2023-03-29 12:54:24,112: signal_shutdown [atexit]
[rospy.internal][INFO] 2023-03-29 12:54:24,116: topic[/rosout] removing connection to /rosout
[rospy.internal][INFO] 2023-03-29 12:54:24,116: topic[/steady_system/force] removing connection to /steady_state_checker_node
[rospy.internal][INFO] 2023-03-29 12:54:24,116: topic[/actual_system/reset] removing connection to /actual_system/simluator
[rospy.internal][INFO] 2023-03-29 12:54:24,117: topic[/steady_system/complete_pose] removing connection to http://aneesh-Swift:41009/
[rospy.internal][INFO] 2023-03-29 12:54:24,117: topic[/steady_system/complete_pose] removing connection to http://aneesh-Swift:41009/
[rospy.internal][INFO] 2023-03-29 12:54:24,117: topic[/steady_system/velocity] removing connection to http://aneesh-Swift:41009/
[rospy.internal][INFO] 2023-03-29 12:54:24,117: topic[/steady_system/velocity] removing connection to http://aneesh-Swift:41009/
[rospy.impl.masterslave][INFO] 2023-03-29 12:54:24,118: atexit
