[rosmaster.main][INFO] 2023-03-31 02:45:46,538: initialization complete, waiting for shutdown
[rosmaster.main][INFO] 2023-03-31 02:45:46,538: Starting ROS Master Node
[xmlrpc][INFO] 2023-03-31 02:45:46,539: XML-RPC server binding to 0.0.0.0:11311
[xmlrpc][INFO] 2023-03-31 02:45:46,539: Started XML-RPC server [http://aneesh-Swift:11311/]
[xmlrpc][INFO] 2023-03-31 02:45:46,539: xml rpc node: starting XML-RPC server
[rosmaster.master][INFO] 2023-03-31 02:45:46,540: Master initialized: port[11311], uri[http://aneesh-Swift:11311/]
[rosmaster.master][INFO] 2023-03-31 02:45:46,557: +PARAM [/run_id] by /roslaunch
[rosmaster.master][INFO] 2023-03-31 02:45:46,558: +PARAM [/roslaunch/uris/host_aneesh_swift__41421] by /roslaunch
[rosmaster.master][INFO] 2023-03-31 02:45:46,600: +PARAM [/rosversion] by /roslaunch
[rosmaster.master][INFO] 2023-03-31 02:45:46,600: +PARAM [/rosdistro] by /roslaunch
[rosmaster.master][INFO] 2023-03-31 02:45:46,611: +SERVICE [/rosout/get_loggers] /rosout http://aneesh-Swift:39681/
[rosmaster.master][INFO] 2023-03-31 02:45:46,612: +SERVICE [/rosout/set_logger_level] /rosout http://aneesh-Swift:39681/
[rosmaster.master][INFO] 2023-03-31 02:45:46,613: +PUB [/rosout_agg] /rosout http://aneesh-Swift:39681/
[rosmaster.master][INFO] 2023-03-31 02:45:46,616: +SUB [/rosout] /rosout http://aneesh-Swift:39681/
[rosmaster.master][INFO] 2023-03-31 02:45:46,633: +PUB [/rosout] /actual_system/simluator http://aneesh-Swift:46391/
[rosmaster.master][INFO] 2023-03-31 02:45:46,634: +SERVICE [/actual_system/simluator/get_loggers] /actual_system/simluator http://aneesh-Swift:46391/
[rosmaster.master][INFO] 2023-03-31 02:45:46,635: +SERVICE [/actual_system/simluator/set_logger_level] /actual_system/simluator http://aneesh-Swift:46391/
[rosmaster.master][INFO] 2023-03-31 02:45:46,638: +SUB [/actual_system/force] /actual_system/simluator http://aneesh-Swift:46391/
[rosmaster.master][INFO] 2023-03-31 02:45:46,641: +SUB [/actual_system/reset] /actual_system/simluator http://aneesh-Swift:46391/
[rosmaster.master][INFO] 2023-03-31 02:45:46,641: +PUB [/actual_system/reset] /actual_system/simluator http://aneesh-Swift:46391/
[rosmaster.master][INFO] 2023-03-31 02:45:46,642: +PUB [/actual_system/slopes] /actual_system/simluator http://aneesh-Swift:46391/
[rosmaster.master][INFO] 2023-03-31 02:45:46,643: +PUB [/actual_system/state] /actual_system/simluator http://aneesh-Swift:46391/
[rosmaster.master][INFO] 2023-03-31 02:45:46,644: +PUB [/actual_system/complete_state] /actual_system/simluator http://aneesh-Swift:46391/
[rosmaster.master][INFO] 2023-03-31 02:45:46,645: +PUB [/actual_system/velocity] /actual_system/simluator http://aneesh-Swift:46391/
[rosmaster.master][INFO] 2023-03-31 02:45:46,645: +PUB [/actual_system/complete_pose] /actual_system/simluator http://aneesh-Swift:46391/
[rosmaster.master][INFO] 2023-03-31 02:45:46,646: publisherUpdate[/rosout] -> http://aneesh-Swift:39681/ ['http://aneesh-Swift:46391/']
[rosmaster.master][INFO] 2023-03-31 02:45:46,647: publisherUpdate[/actual_system/reset] -> http://aneesh-Swift:46391/ ['http://aneesh-Swift:46391/']
[rosmaster.master][INFO] 2023-03-31 02:45:46,651: publisherUpdate[/actual_system/reset] -> http://aneesh-Swift:46391/ ['http://aneesh-Swift:46391/']: sec=0.00, result=[1, '', 0]
[rosmaster.master][INFO] 2023-03-31 02:45:46,655: publisherUpdate[/rosout] -> http://aneesh-Swift:39681/ ['http://aneesh-Swift:46391/']: sec=0.01, result=[1, '', 0]
[rosmaster.master][INFO] 2023-03-31 02:45:47,060: +PUB [/rosout] /steady_state_checker_node http://aneesh-Swift:38093/
[rosmaster.master][INFO] 2023-03-31 02:45:47,062: +SERVICE [/steady_state_checker_node/get_loggers] /steady_state_checker_node http://aneesh-Swift:38093/
[rosmaster.master][INFO] 2023-03-31 02:45:47,063: +SERVICE [/steady_state_checker_node/set_logger_level] /steady_state_checker_node http://aneesh-Swift:38093/
[rosmaster.master][INFO] 2023-03-31 02:45:47,064: +PUB [/steady_system/state] /steady_state_checker_node http://aneesh-Swift:38093/
[rosmaster.master][INFO] 2023-03-31 02:45:47,064: +PUB [/steady_system/complete_pose] /steady_state_checker_node http://aneesh-Swift:38093/
[rosmaster.master][INFO] 2023-03-31 02:45:47,065: +PUB [/steady_system/complete_state] /steady_state_checker_node http://aneesh-Swift:38093/
[rosmaster.master][INFO] 2023-03-31 02:45:47,066: +PUB [/actual_system/force] /steady_state_checker_node http://aneesh-Swift:38093/
[rosmaster.master][INFO] 2023-03-31 02:45:47,067: +PUB [/steady_system/velocity] /steady_state_checker_node http://aneesh-Swift:38093/
[rosmaster.master][INFO] 2023-03-31 02:45:47,068: +SUB [/actual_system/state] /steady_state_checker_node http://aneesh-Swift:38093/
[rosmaster.master][INFO] 2023-03-31 02:45:47,070: +SUB [/actual_system/complete_pose] /steady_state_checker_node http://aneesh-Swift:38093/
[rosmaster.master][INFO] 2023-03-31 02:45:47,072: +SUB [/actual_system/complete_state] /steady_state_checker_node http://aneesh-Swift:38093/
[rosmaster.master][INFO] 2023-03-31 02:45:47,076: +SUB [/steady_system/force] /steady_state_checker_node http://aneesh-Swift:38093/
[rosmaster.master][INFO] 2023-03-31 02:45:47,147: publisherUpdate[/rosout] -> http://aneesh-Swift:39681/ ['http://aneesh-Swift:46391/', 'http://aneesh-Swift:38093/']
[rosmaster.master][INFO] 2023-03-31 02:45:47,149: publisherUpdate[/rosout] -> http://aneesh-Swift:39681/ ['http://aneesh-Swift:46391/', 'http://aneesh-Swift:38093/']: sec=0.00, result=[1, '', 0]
[rosmaster.master][INFO] 2023-03-31 02:45:47,149: publisherUpdate[/actual_system/force] -> http://aneesh-Swift:46391/ ['http://aneesh-Swift:38093/']
[rosmaster.master][INFO] 2023-03-31 02:45:47,150: publisherUpdate[/actual_system/force] -> http://aneesh-Swift:46391/ ['http://aneesh-Swift:38093/']: sec=0.00, result=[1, '', 0]
[rosmaster.master][INFO] 2023-03-31 02:45:48,562: +PUB [/rosout] /controller http://aneesh-Swift:39361/
[rosmaster.master][INFO] 2023-03-31 02:45:48,569: +SERVICE [/controller/get_loggers] /controller http://aneesh-Swift:39361/
[rosmaster.master][INFO] 2023-03-31 02:45:48,571: +SERVICE [/controller/set_logger_level] /controller http://aneesh-Swift:39361/
[rosmaster.master][INFO] 2023-03-31 02:45:48,573: +PUB [/steady_system/force] /controller http://aneesh-Swift:39361/
[rosmaster.master][INFO] 2023-03-31 02:45:48,576: +PUB [/actual_system/reset] /controller http://aneesh-Swift:39361/
[rosmaster.master][INFO] 2023-03-31 02:45:48,578: +PUB [/actual_system/target] /controller http://aneesh-Swift:39361/
[rosmaster.master][INFO] 2023-03-31 02:45:48,581: +PUB [/actual_system/radius] /controller http://aneesh-Swift:39361/
[rosmaster.master][INFO] 2023-03-31 02:45:48,585: +SUB [/steady_system/complete_pose] /controller http://aneesh-Swift:39361/
[rosmaster.master][INFO] 2023-03-31 02:45:48,589: +SUB [/steady_system/velocity] /controller http://aneesh-Swift:39361/
[rosmaster.master][INFO] 2023-03-31 02:45:48,652: publisherUpdate[/rosout] -> http://aneesh-Swift:39681/ ['http://aneesh-Swift:46391/', 'http://aneesh-Swift:38093/', 'http://aneesh-Swift:39361/']
[rosmaster.master][INFO] 2023-03-31 02:45:48,655: publisherUpdate[/rosout] -> http://aneesh-Swift:39681/ ['http://aneesh-Swift:46391/', 'http://aneesh-Swift:38093/', 'http://aneesh-Swift:39361/']: sec=0.00, result=[1, '', 0]
[rosmaster.master][INFO] 2023-03-31 02:45:48,655: publisherUpdate[/steady_system/force] -> http://aneesh-Swift:38093/ ['http://aneesh-Swift:39361/']
[rosmaster.master][INFO] 2023-03-31 02:45:48,655: publisherUpdate[/actual_system/reset] -> http://aneesh-Swift:46391/ ['http://aneesh-Swift:46391/', 'http://aneesh-Swift:39361/']
[rosmaster.master][INFO] 2023-03-31 02:45:48,658: publisherUpdate[/actual_system/reset] -> http://aneesh-Swift:46391/ ['http://aneesh-Swift:46391/', 'http://aneesh-Swift:39361/']: sec=0.00, result=[1, '', 0]
[rosmaster.master][INFO] 2023-03-31 02:45:48,660: publisherUpdate[/steady_system/force] -> http://aneesh-Swift:38093/ ['http://aneesh-Swift:39361/']: sec=0.00, result=[1, '', 0]
[rosmaster.master][INFO] 2023-03-31 02:46:18,801: -SUB [/actual_system/state] /steady_state_checker_node http://aneesh-Swift:38093/
[rosmaster.master][INFO] 2023-03-31 02:46:18,802: -SUB [/actual_system/complete_pose] /steady_state_checker_node http://aneesh-Swift:38093/
[rosmaster.master][INFO] 2023-03-31 02:46:18,802: -SUB [/actual_system/complete_state] /steady_state_checker_node http://aneesh-Swift:38093/
[rosmaster.master][INFO] 2023-03-31 02:46:18,802: -SUB [/steady_system/force] /steady_state_checker_node http://aneesh-Swift:38093/
[rosmaster.master][INFO] 2023-03-31 02:46:18,802: -PUB [/rosout] /steady_state_checker_node http://aneesh-Swift:38093/
[rosmaster.master][INFO] 2023-03-31 02:46:18,802: -PUB [/steady_system/state] /steady_state_checker_node http://aneesh-Swift:38093/
[rosmaster.master][INFO] 2023-03-31 02:46:18,802: -PUB [/steady_system/complete_pose] /steady_state_checker_node http://aneesh-Swift:38093/
[rosmaster.master][INFO] 2023-03-31 02:46:18,802: -PUB [/steady_system/complete_state] /steady_state_checker_node http://aneesh-Swift:38093/
[rosmaster.master][INFO] 2023-03-31 02:46:18,802: -PUB [/actual_system/force] /steady_state_checker_node http://aneesh-Swift:38093/
[rosmaster.master][INFO] 2023-03-31 02:46:18,803: -PUB [/steady_system/velocity] /steady_state_checker_node http://aneesh-Swift:38093/
[rosmaster.master][INFO] 2023-03-31 02:46:18,803: -SERVICE [/steady_state_checker_node/get_loggers] /steady_state_checker_node rosrpc://aneesh-Swift:39101
[rosmaster.master][INFO] 2023-03-31 02:46:18,803: -SERVICE [/steady_state_checker_node/set_logger_level] /steady_state_checker_node rosrpc://aneesh-Swift:39101
[rosmaster.master][INFO] 2023-03-31 02:46:18,805: -SUB [/steady_system/complete_pose] /controller http://aneesh-Swift:39361/
[rosmaster.master][INFO] 2023-03-31 02:46:18,806: -SUB [/steady_system/velocity] /controller http://aneesh-Swift:39361/
[rosmaster.master][INFO] 2023-03-31 02:46:18,806: -PUB [/rosout] /controller http://aneesh-Swift:39361/
[rosmaster.master][INFO] 2023-03-31 02:46:18,806: -PUB [/steady_system/force] /controller http://aneesh-Swift:39361/
[rosmaster.master][INFO] 2023-03-31 02:46:18,806: -PUB [/actual_system/reset] /controller http://aneesh-Swift:39361/
[rosmaster.master][INFO] 2023-03-31 02:46:18,806: -PUB [/actual_system/target] /controller http://aneesh-Swift:39361/
[rosmaster.master][INFO] 2023-03-31 02:46:18,806: -PUB [/actual_system/radius] /controller http://aneesh-Swift:39361/
[rosmaster.master][INFO] 2023-03-31 02:46:18,807: -SERVICE [/controller/get_loggers] /controller rosrpc://aneesh-Swift:44817
[rosmaster.master][INFO] 2023-03-31 02:46:18,807: -SERVICE [/controller/set_logger_level] /controller rosrpc://aneesh-Swift:44817
[rosmaster.master][INFO] 2023-03-31 02:46:18,807: publisherUpdate[/rosout] -> http://aneesh-Swift:39681/ ['http://aneesh-Swift:46391/', 'http://aneesh-Swift:39361/']
[rosmaster.master][INFO] 2023-03-31 02:46:18,808: publisherUpdate[/steady_system/complete_pose] -> http://aneesh-Swift:39361/ []
[rosmaster.master][INFO] 2023-03-31 02:46:18,809: publisherUpdate[/actual_system/force] -> http://aneesh-Swift:46391/ []
[rosmaster.master][INFO] 2023-03-31 02:46:18,810: publisherUpdate[/rosout] -> http://aneesh-Swift:39681/ ['http://aneesh-Swift:46391/', 'http://aneesh-Swift:39361/']: sec=0.00, result=[1, '', 0]
[rosmaster.master][INFO] 2023-03-31 02:46:18,810: publisherUpdate[/rosout] -> http://aneesh-Swift:39681/ ['http://aneesh-Swift:46391/']
[rosmaster.master][INFO] 2023-03-31 02:46:18,811: publisherUpdate[/actual_system/force] -> http://aneesh-Swift:46391/ []: sec=0.00, result=[1, '', 0]
[rosmaster.master][INFO] 2023-03-31 02:46:18,811: publisherUpdate[/actual_system/reset] -> http://aneesh-Swift:46391/ ['http://aneesh-Swift:46391/']
[rosmaster.master][INFO] 2023-03-31 02:46:18,812: publisherUpdate[/actual_system/reset] -> http://aneesh-Swift:46391/ ['http://aneesh-Swift:46391/']: sec=0.00, result=[1, '', 0]
[rosmaster.master][INFO] 2023-03-31 02:46:18,812: publisherUpdate[/rosout] -> http://aneesh-Swift:39681/ ['http://aneesh-Swift:46391/']: sec=0.00, result=[1, '', 0]
[rosmaster.master][INFO] 2023-03-31 02:46:18,814: publisherUpdate[/steady_system/complete_pose] -> http://aneesh-Swift:39361/ []: sec=0.01, result=[1, '', 0]
[rosmaster.master][INFO] 2023-03-31 02:46:18,814: publisherUpdate[/steady_system/velocity] -> http://aneesh-Swift:39361/ []
[rosmaster.master][INFO] 2023-03-31 02:46:18,815: publisherUpdate[/steady_system/velocity] -> http://aneesh-Swift:39361/ []: sec=0.00, result=[1, '', 0]
[rosmaster.master][INFO] 2023-03-31 02:46:18,912: -PUB [/rosout] /actual_system/simluator http://aneesh-Swift:46391/
[rosmaster.master][INFO] 2023-03-31 02:46:18,912: publisherUpdate[/rosout] -> http://aneesh-Swift:39681/ []
[rosmaster.master][INFO] 2023-03-31 02:46:18,913: -PUB [/actual_system/reset] /actual_system/simluator http://aneesh-Swift:46391/
[rosmaster.master][INFO] 2023-03-31 02:46:18,913: publisherUpdate[/actual_system/reset] -> http://aneesh-Swift:46391/ []
[rosmaster.master][INFO] 2023-03-31 02:46:18,914: -PUB [/actual_system/slopes] /actual_system/simluator http://aneesh-Swift:46391/
[rosmaster.master][INFO] 2023-03-31 02:46:18,914: publisherUpdate[/rosout] -> http://aneesh-Swift:39681/ []: sec=0.00, result=[1, '', 0]
[rosmaster.master][INFO] 2023-03-31 02:46:18,915: -PUB [/actual_system/state] /actual_system/simluator http://aneesh-Swift:46391/
[rosmaster.master][INFO] 2023-03-31 02:46:18,915: -PUB [/actual_system/complete_state] /actual_system/simluator http://aneesh-Swift:46391/
[rosmaster.master][INFO] 2023-03-31 02:46:18,919: -PUB [/actual_system/velocity] /actual_system/simluator http://aneesh-Swift:46391/
[rosmaster.master][INFO] 2023-03-31 02:46:18,920: -PUB [/actual_system/complete_pose] /actual_system/simluator http://aneesh-Swift:46391/
[rosmaster.master][INFO] 2023-03-31 02:46:18,920: -SUB [/actual_system/force] /actual_system/simluator http://aneesh-Swift:46391/
[rosmaster.master][INFO] 2023-03-31 02:46:18,921: -SUB [/actual_system/reset] /actual_system/simluator http://aneesh-Swift:46391/
[rosmaster.master][INFO] 2023-03-31 02:46:18,922: -SERVICE [/actual_system/simluator/get_loggers] /actual_system/simluator rosrpc://aneesh-Swift:58629
[rosmaster.master][INFO] 2023-03-31 02:46:18,922: publisherUpdate[/actual_system/reset] -> http://aneesh-Swift:46391/ []: sec=0.01, exception=<Fault -1: 'publisherUpdate: unknown method name'>
[rosmaster.master][INFO] 2023-03-31 02:46:18,923: -SERVICE [/actual_system/simluator/set_logger_level] /actual_system/simluator rosrpc://aneesh-Swift:58629
[rosmaster.threadpool][ERROR] 2023-03-31 02:46:18,924: Traceback (most recent call last):
  File "/opt/ros/noetic/lib/python3/dist-packages/rosmaster/threadpool.py", line 218, in run
    result = cmd(*args)
  File "/opt/ros/noetic/lib/python3/dist-packages/rosmaster/master_api.py", line 210, in publisher_update_task
    ret = xmlrpcapi(api).publisherUpdate('/master', topic, pub_uris)
  File "/usr/lib/python3.8/xmlrpc/client.py", line 1109, in __call__
    return self.__send(self.__name, args)
  File "/usr/lib/python3.8/xmlrpc/client.py", line 1450, in __request
    response = self.__transport.request(
  File "/usr/lib/python3.8/xmlrpc/client.py", line 1153, in request
    return self.single_request(host, handler, request_body, verbose)
  File "/usr/lib/python3.8/xmlrpc/client.py", line 1169, in single_request
    return self.parse_response(resp)
  File "/usr/lib/python3.8/xmlrpc/client.py", line 1341, in parse_response
    return u.close()
  File "/usr/lib/python3.8/xmlrpc/client.py", line 655, in close
    raise Fault(**self._stack[0])
xmlrpc.client.Fault: <Fault -1: 'publisherUpdate: unknown method name'>

[rosmaster.master][INFO] 2023-03-31 02:46:35,937: -PUB [/rosout_agg] /rosout http://aneesh-Swift:39681/
[rosmaster.master][INFO] 2023-03-31 02:46:35,938: -SUB [/rosout] /rosout http://aneesh-Swift:39681/
[rosmaster.master][INFO] 2023-03-31 02:46:35,939: -SERVICE [/rosout/get_loggers] /rosout rosrpc://aneesh-Swift:35973
[rosmaster.master][INFO] 2023-03-31 02:46:35,940: -SERVICE [/rosout/set_logger_level] /rosout rosrpc://aneesh-Swift:35973
[rosmaster.main][INFO] 2023-03-31 02:46:36,028: keyboard interrupt, will exit
[rosmaster.main][INFO] 2023-03-31 02:46:36,028: stopping master...
[rospy.core][INFO] 2023-03-31 02:46:36,028: signal_shutdown [atexit]
