[rospy.client][INFO] 2023-03-29 16:27:46,600: init_node, name[/controller], pid[59930]
[xmlrpc][INFO] 2023-03-29 16:27:46,600: XML-RPC server binding to 0.0.0.0:0
[xmlrpc][INFO] 2023-03-29 16:27:46,601: Started XML-RPC server [http://aneesh-Swift:43909/]
[rospy.impl.masterslave][INFO] 2023-03-29 16:27:46,601: _ready: http://aneesh-Swift:43909/
[rospy.init][INFO] 2023-03-29 16:27:46,601: ROS Slave URI: [http://aneesh-Swift:43909/]
[rospy.registration][INFO] 2023-03-29 16:27:46,601: Registering with master node http://localhost:11311
[xmlrpc][INFO] 2023-03-29 16:27:46,602: xml rpc node: starting XML-RPC server
[rospy.init][INFO] 2023-03-29 16:27:46,702: registered with master
[rospy.rosout][INFO] 2023-03-29 16:27:46,703: initializing /rosout core topic
[rospy.rosout][INFO] 2023-03-29 16:27:46,707: connected to core topic /rosout
[rospy.simtime][INFO] 2023-03-29 16:27:46,709: /use_sim_time is not set, will not subscribe to simulated time [/clock] topic
[rospy.internal][INFO] 2023-03-29 16:27:46,735: topic[/steady_system/complete_pose] adding connection to [http://aneesh-Swift:43621/], count 0
[rospy.internal][INFO] 2023-03-29 16:27:46,738: topic[/steady_system/velocity] adding connection to [http://aneesh-Swift:43621/], count 0
[rospy.internal][INFO] 2023-03-29 16:27:46,772: topic[/steady_system/force] adding connection to [/steady_state_checker_node], count 0
[rospy.internal][INFO] 2023-03-29 16:27:46,969: topic[/rosout] adding connection to [/rosout], count 0
[rospy.internal][INFO] 2023-03-29 16:27:46,970: topic[/actual_system/reset] adding connection to [/actual_system/simluator], count 0
[rospy.internal][INFO] 2023-03-29 16:28:02,102: topic[/actual_system/target] adding connection to [/matlab_global_node_29351], count 0
[rospy.internal][INFO] 2023-03-29 16:28:02,204: topic[/steady_system/force] adding connection to [/matlab_global_node_29351], count 1
[rospy.internal][INFO] 2023-03-29 16:28:02,305: topic[/actual_system/radius] adding connection to [/matlab_global_node_29351], count 0
[rospy.internal][INFO] 2023-03-29 16:29:37,268: topic[/steady_system/force] removing connection to /matlab_global_node_29351
[rospy.internal][INFO] 2023-03-29 16:29:37,269: topic[/actual_system/target] removing connection to /matlab_global_node_29351
[rospy.internal][INFO] 2023-03-29 16:29:37,269: topic[/actual_system/radius] removing connection to /matlab_global_node_29351
[rospy.core][INFO] 2023-03-29 16:29:41,544: signal_shutdown [signal-2]
[rospy.internal][INFO] 2023-03-29 16:29:41,545: topic[/steady_system/complete_pose] removing connection to http://aneesh-Swift:43621/
[rospy.internal][INFO] 2023-03-29 16:29:41,547: topic[/rosout] removing connection to /rosout
[rospy.internal][INFO] 2023-03-29 16:29:41,548: topic[/steady_system/force] removing connection to /steady_state_checker_node
[rospy.internal][INFO] 2023-03-29 16:29:41,549: topic[/actual_system/reset] removing connection to /actual_system/simluator
[rospy.internal][INFO] 2023-03-29 16:29:41,549: topic[/steady_system/velocity] removing connection to http://aneesh-Swift:43621/
[rospy.impl.masterslave][INFO] 2023-03-29 16:29:41,549: signal-2
[rospy.internal][INFO] 2023-03-29 16:29:41,549: topic[/steady_system/velocity] removing connection to http://aneesh-Swift:43621/
[rospy.core][INFO] 2023-03-29 16:29:42,146: signal_shutdown [atexit]
