[rosmaster.main][INFO] 2023-03-29 16:27:44,550: initialization complete, waiting for shutdown
[rosmaster.main][INFO] 2023-03-29 16:27:44,550: Starting ROS Master Node
[xmlrpc][INFO] 2023-03-29 16:27:44,551: XML-RPC server binding to 0.0.0.0:11311
[xmlrpc][INFO] 2023-03-29 16:27:44,551: Started XML-RPC server [http://aneesh-Swift:11311/]
[rosmaster.master][INFO] 2023-03-29 16:27:44,551: Master initialized: port[11311], uri[http://aneesh-Swift:11311/]
[xmlrpc][INFO] 2023-03-29 16:27:44,551: xml rpc node: starting XML-RPC server
[rosmaster.master][INFO] 2023-03-29 16:27:44,579: +PARAM [/run_id] by /roslaunch
[rosmaster.master][INFO] 2023-03-29 16:27:44,581: +PARAM [/roslaunch/uris/host_aneesh_swift__42645] by /roslaunch
[rosmaster.master][INFO] 2023-03-29 16:27:44,633: +PARAM [/rosversion] by /roslaunch
[rosmaster.master][INFO] 2023-03-29 16:27:44,633: +PARAM [/rosdistro] by /roslaunch
[rosmaster.master][INFO] 2023-03-29 16:27:44,644: +SERVICE [/rosout/get_loggers] /rosout http://aneesh-Swift:38793/
[rosmaster.master][INFO] 2023-03-29 16:27:44,645: +SERVICE [/rosout/set_logger_level] /rosout http://aneesh-Swift:38793/
[rosmaster.master][INFO] 2023-03-29 16:27:44,646: +PUB [/rosout_agg] /rosout http://aneesh-Swift:38793/
[rosmaster.master][INFO] 2023-03-29 16:27:44,648: +SUB [/rosout] /rosout http://aneesh-Swift:38793/
[rosmaster.master][INFO] 2023-03-29 16:27:44,668: +PUB [/rosout] /actual_system/simluator http://aneesh-Swift:45947/
[rosmaster.master][INFO] 2023-03-29 16:27:44,669: +SERVICE [/actual_system/simluator/get_loggers] /actual_system/simluator http://aneesh-Swift:45947/
[rosmaster.master][INFO] 2023-03-29 16:27:44,670: +SERVICE [/actual_system/simluator/set_logger_level] /actual_system/simluator http://aneesh-Swift:45947/
[rosmaster.master][INFO] 2023-03-29 16:27:44,673: +SUB [/actual_system/force] /actual_system/simluator http://aneesh-Swift:45947/
[rosmaster.master][INFO] 2023-03-29 16:27:44,675: +SUB [/actual_system/reset] /actual_system/simluator http://aneesh-Swift:45947/
[rosmaster.master][INFO] 2023-03-29 16:27:44,676: +PUB [/actual_system/reset] /actual_system/simluator http://aneesh-Swift:45947/
[rosmaster.master][INFO] 2023-03-29 16:27:44,676: +PUB [/actual_system/slopes] /actual_system/simluator http://aneesh-Swift:45947/
[rosmaster.master][INFO] 2023-03-29 16:27:44,677: +PUB [/actual_system/state] /actual_system/simluator http://aneesh-Swift:45947/
[rosmaster.master][INFO] 2023-03-29 16:27:44,678: +PUB [/actual_system/complete_state] /actual_system/simluator http://aneesh-Swift:45947/
[rosmaster.master][INFO] 2023-03-29 16:27:44,679: +PUB [/actual_system/velocity] /actual_system/simluator http://aneesh-Swift:45947/
[rosmaster.master][INFO] 2023-03-29 16:27:44,679: +PUB [/actual_system/complete_pose] /actual_system/simluator http://aneesh-Swift:45947/
[rosmaster.master][INFO] 2023-03-29 16:27:44,751: publisherUpdate[/rosout] -> http://aneesh-Swift:38793/ ['http://aneesh-Swift:45947/']
[rosmaster.master][INFO] 2023-03-29 16:27:44,752: publisherUpdate[/actual_system/reset] -> http://aneesh-Swift:45947/ ['http://aneesh-Swift:45947/']
[rosmaster.master][INFO] 2023-03-29 16:27:44,756: publisherUpdate[/rosout] -> http://aneesh-Swift:38793/ ['http://aneesh-Swift:45947/']: sec=0.01, result=[1, '', 0]
[rosmaster.master][INFO] 2023-03-29 16:27:44,757: publisherUpdate[/actual_system/reset] -> http://aneesh-Swift:45947/ ['http://aneesh-Swift:45947/']: sec=0.00, result=[1, '', 0]
[rosmaster.master][INFO] 2023-03-29 16:27:45,192: +PUB [/rosout] /steady_state_checker_node http://aneesh-Swift:43621/
[rosmaster.master][INFO] 2023-03-29 16:27:45,195: +SERVICE [/steady_state_checker_node/get_loggers] /steady_state_checker_node http://aneesh-Swift:43621/
[rosmaster.master][INFO] 2023-03-29 16:27:45,196: +SERVICE [/steady_state_checker_node/set_logger_level] /steady_state_checker_node http://aneesh-Swift:43621/
[rosmaster.master][INFO] 2023-03-29 16:27:45,197: +PUB [/steady_system/state] /steady_state_checker_node http://aneesh-Swift:43621/
[rosmaster.master][INFO] 2023-03-29 16:27:45,198: +PUB [/steady_system/complete_pose] /steady_state_checker_node http://aneesh-Swift:43621/
[rosmaster.master][INFO] 2023-03-29 16:27:45,199: +PUB [/steady_system/complete_state] /steady_state_checker_node http://aneesh-Swift:43621/
[rosmaster.master][INFO] 2023-03-29 16:27:45,200: +PUB [/actual_system/force] /steady_state_checker_node http://aneesh-Swift:43621/
[rosmaster.master][INFO] 2023-03-29 16:27:45,201: +PUB [/steady_system/velocity] /steady_state_checker_node http://aneesh-Swift:43621/
[rosmaster.master][INFO] 2023-03-29 16:27:45,203: +SUB [/actual_system/state] /steady_state_checker_node http://aneesh-Swift:43621/
[rosmaster.master][INFO] 2023-03-29 16:27:45,205: +SUB [/actual_system/complete_pose] /steady_state_checker_node http://aneesh-Swift:43621/
[rosmaster.master][INFO] 2023-03-29 16:27:45,207: +SUB [/actual_system/complete_state] /steady_state_checker_node http://aneesh-Swift:43621/
[rosmaster.master][INFO] 2023-03-29 16:27:45,210: +SUB [/steady_system/force] /steady_state_checker_node http://aneesh-Swift:43621/
[rosmaster.master][INFO] 2023-03-29 16:27:45,256: publisherUpdate[/rosout] -> http://aneesh-Swift:38793/ ['http://aneesh-Swift:45947/', 'http://aneesh-Swift:43621/']
[rosmaster.master][INFO] 2023-03-29 16:27:45,257: publisherUpdate[/rosout] -> http://aneesh-Swift:38793/ ['http://aneesh-Swift:45947/', 'http://aneesh-Swift:43621/']: sec=0.00, result=[1, '', 0]
[rosmaster.master][INFO] 2023-03-29 16:27:45,258: publisherUpdate[/actual_system/force] -> http://aneesh-Swift:45947/ ['http://aneesh-Swift:43621/']
[rosmaster.master][INFO] 2023-03-29 16:27:45,258: publisherUpdate[/actual_system/force] -> http://aneesh-Swift:45947/ ['http://aneesh-Swift:43621/']: sec=0.00, result=[1, '', 0]
[rosmaster.master][INFO] 2023-03-29 16:27:46,706: +PUB [/rosout] /controller http://aneesh-Swift:43909/
[rosmaster.master][INFO] 2023-03-29 16:27:46,711: +SERVICE [/controller/get_loggers] /controller http://aneesh-Swift:43909/
[rosmaster.master][INFO] 2023-03-29 16:27:46,714: +SERVICE [/controller/set_logger_level] /controller http://aneesh-Swift:43909/
[rosmaster.master][INFO] 2023-03-29 16:27:46,716: +PUB [/steady_system/force] /controller http://aneesh-Swift:43909/
[rosmaster.master][INFO] 2023-03-29 16:27:46,718: +PUB [/actual_system/reset] /controller http://aneesh-Swift:43909/
[rosmaster.master][INFO] 2023-03-29 16:27:46,720: +PUB [/actual_system/target] /controller http://aneesh-Swift:43909/
[rosmaster.master][INFO] 2023-03-29 16:27:46,722: +PUB [/actual_system/radius] /controller http://aneesh-Swift:43909/
[rosmaster.master][INFO] 2023-03-29 16:27:46,726: +SUB [/steady_system/complete_pose] /controller http://aneesh-Swift:43909/
[rosmaster.master][INFO] 2023-03-29 16:27:46,729: +SUB [/steady_system/velocity] /controller http://aneesh-Swift:43909/
[rosmaster.master][INFO] 2023-03-29 16:27:46,761: publisherUpdate[/rosout] -> http://aneesh-Swift:38793/ ['http://aneesh-Swift:45947/', 'http://aneesh-Swift:43621/', 'http://aneesh-Swift:43909/']
[rosmaster.master][INFO] 2023-03-29 16:27:46,761: publisherUpdate[/steady_system/force] -> http://aneesh-Swift:43621/ ['http://aneesh-Swift:43909/']
[rosmaster.master][INFO] 2023-03-29 16:27:46,761: publisherUpdate[/actual_system/reset] -> http://aneesh-Swift:45947/ ['http://aneesh-Swift:45947/', 'http://aneesh-Swift:43909/']
[rosmaster.master][INFO] 2023-03-29 16:27:46,765: publisherUpdate[/actual_system/reset] -> http://aneesh-Swift:45947/ ['http://aneesh-Swift:45947/', 'http://aneesh-Swift:43909/']: sec=0.00, result=[1, '', 0]
[rosmaster.master][INFO] 2023-03-29 16:27:46,767: publisherUpdate[/rosout] -> http://aneesh-Swift:38793/ ['http://aneesh-Swift:45947/', 'http://aneesh-Swift:43621/', 'http://aneesh-Swift:43909/']: sec=0.00, result=[1, '', 0]
[rosmaster.master][INFO] 2023-03-29 16:27:46,768: publisherUpdate[/steady_system/force] -> http://aneesh-Swift:43621/ ['http://aneesh-Swift:43909/']: sec=0.01, result=[1, '', 0]
[rosmaster.master][INFO] 2023-03-29 16:28:01,200: +PUB [/rosout] /matlab_global_node_29351 http://aneesh-Swift:34487/
[rosmaster.master][INFO] 2023-03-29 16:28:01,201: +SERVICE [/matlab_global_node_29351/get_loggers] /matlab_global_node_29351 http://aneesh-Swift:34487/
[rosmaster.master][INFO] 2023-03-29 16:28:01,201: +SERVICE [/matlab_global_node_29351/set_logger_level] /matlab_global_node_29351 http://aneesh-Swift:34487/
[rosmaster.master][INFO] 2023-03-29 16:28:01,202: +PUB [/tf] /matlab_global_node_29351 http://aneesh-Swift:34487/
[rosmaster.master][INFO] 2023-03-29 16:28:01,289: publisherUpdate[/rosout] -> http://aneesh-Swift:38793/ ['http://aneesh-Swift:45947/', 'http://aneesh-Swift:43621/', 'http://aneesh-Swift:43909/', 'http://aneesh-Swift:34487/']
[rosmaster.master][INFO] 2023-03-29 16:28:01,289: publisherUpdate[/rosout] -> http://aneesh-Swift:38793/ ['http://aneesh-Swift:45947/', 'http://aneesh-Swift:43621/', 'http://aneesh-Swift:43909/', 'http://aneesh-Swift:34487/']: sec=0.00, result=[1, '', 0]
[rosmaster.master][INFO] 2023-03-29 16:28:01,799: +SUB [/steady_system/state] /matlab_global_node_29351 http://aneesh-Swift:34487/
[rosmaster.master][INFO] 2023-03-29 16:28:01,900: +SUB [/steady_system/complete_state] /matlab_global_node_29351 http://aneesh-Swift:34487/
[rosmaster.master][INFO] 2023-03-29 16:28:01,958: +SUB [/actual_system/target] /matlab_global_node_29351 http://aneesh-Swift:34487/
[rosmaster.master][INFO] 2023-03-29 16:28:02,020: +SUB [/steady_system/force] /matlab_global_node_29351 http://aneesh-Swift:34487/
[rosmaster.master][INFO] 2023-03-29 16:28:02,102: +SUB [/steady_system/velocity] /matlab_global_node_29351 http://aneesh-Swift:34487/
[rosmaster.master][INFO] 2023-03-29 16:28:02,136: +SUB [/actual_system/radius] /matlab_global_node_29351 http://aneesh-Swift:34487/
[rosmaster.master][INFO] 2023-03-29 16:29:36,918: -SUB [/steady_system/state] /matlab_global_node_29351 http://aneesh-Swift:34487/
[rosmaster.master][INFO] 2023-03-29 16:29:36,921: -SUB [/steady_system/complete_state] /matlab_global_node_29351 http://aneesh-Swift:34487/
[rosmaster.master][INFO] 2023-03-29 16:29:36,925: -SUB [/actual_system/target] /matlab_global_node_29351 http://aneesh-Swift:34487/
[rosmaster.master][INFO] 2023-03-29 16:29:36,929: -SUB [/steady_system/force] /matlab_global_node_29351 http://aneesh-Swift:34487/
[rosmaster.master][INFO] 2023-03-29 16:29:36,936: -SUB [/steady_system/velocity] /matlab_global_node_29351 http://aneesh-Swift:34487/
[rosmaster.master][INFO] 2023-03-29 16:29:36,939: -SUB [/actual_system/radius] /matlab_global_node_29351 http://aneesh-Swift:34487/
[rosmaster.master][INFO] 2023-03-29 16:29:37,093: -PUB [/rosout] /matlab_global_node_29351 http://aneesh-Swift:34487/
[rosmaster.master][INFO] 2023-03-29 16:29:37,094: -PUB [/tf] /matlab_global_node_29351 http://aneesh-Swift:34487/
[rosmaster.master][INFO] 2023-03-29 16:29:37,094: -SERVICE [/matlab_global_node_29351/get_loggers] /matlab_global_node_29351 rosrpc://aneesh-Swift:42361
[rosmaster.master][INFO] 2023-03-29 16:29:37,095: -SERVICE [/matlab_global_node_29351/set_logger_level] /matlab_global_node_29351 rosrpc://aneesh-Swift:42361
[rosmaster.master][INFO] 2023-03-29 16:29:37,146: publisherUpdate[/rosout] -> http://aneesh-Swift:38793/ ['http://aneesh-Swift:45947/', 'http://aneesh-Swift:43621/', 'http://aneesh-Swift:43909/']
[rosmaster.master][INFO] 2023-03-29 16:29:37,147: publisherUpdate[/rosout] -> http://aneesh-Swift:38793/ ['http://aneesh-Swift:45947/', 'http://aneesh-Swift:43621/', 'http://aneesh-Swift:43909/']: sec=0.00, result=[1, '', 0]
[rosmaster.master][INFO] 2023-03-29 16:29:41,542: -SUB [/actual_system/state] /steady_state_checker_node http://aneesh-Swift:43621/
[rosmaster.master][INFO] 2023-03-29 16:29:41,542: -SUB [/actual_system/complete_pose] /steady_state_checker_node http://aneesh-Swift:43621/
[rosmaster.master][INFO] 2023-03-29 16:29:41,542: -SUB [/actual_system/complete_state] /steady_state_checker_node http://aneesh-Swift:43621/
[rosmaster.master][INFO] 2023-03-29 16:29:41,542: -SUB [/steady_system/force] /steady_state_checker_node http://aneesh-Swift:43621/
[rosmaster.master][INFO] 2023-03-29 16:29:41,543: -PUB [/rosout] /steady_state_checker_node http://aneesh-Swift:43621/
[rosmaster.master][INFO] 2023-03-29 16:29:41,543: -PUB [/steady_system/state] /steady_state_checker_node http://aneesh-Swift:43621/
[rosmaster.master][INFO] 2023-03-29 16:29:41,543: -PUB [/steady_system/complete_pose] /steady_state_checker_node http://aneesh-Swift:43621/
[rosmaster.master][INFO] 2023-03-29 16:29:41,543: -PUB [/steady_system/complete_state] /steady_state_checker_node http://aneesh-Swift:43621/
[rosmaster.master][INFO] 2023-03-29 16:29:41,543: -PUB [/actual_system/force] /steady_state_checker_node http://aneesh-Swift:43621/
[rosmaster.master][INFO] 2023-03-29 16:29:41,543: -PUB [/steady_system/velocity] /steady_state_checker_node http://aneesh-Swift:43621/
[rosmaster.master][INFO] 2023-03-29 16:29:41,543: -SERVICE [/steady_state_checker_node/get_loggers] /steady_state_checker_node rosrpc://aneesh-Swift:35049
[rosmaster.master][INFO] 2023-03-29 16:29:41,543: -SERVICE [/steady_state_checker_node/set_logger_level] /steady_state_checker_node rosrpc://aneesh-Swift:35049
[rosmaster.master][INFO] 2023-03-29 16:29:41,545: -SUB [/steady_system/complete_pose] /controller http://aneesh-Swift:43909/
[rosmaster.master][INFO] 2023-03-29 16:29:41,545: -SUB [/steady_system/velocity] /controller http://aneesh-Swift:43909/
[rosmaster.master][INFO] 2023-03-29 16:29:41,545: -PUB [/rosout] /controller http://aneesh-Swift:43909/
[rosmaster.master][INFO] 2023-03-29 16:29:41,545: -PUB [/steady_system/force] /controller http://aneesh-Swift:43909/
[rosmaster.master][INFO] 2023-03-29 16:29:41,545: -PUB [/actual_system/reset] /controller http://aneesh-Swift:43909/
[rosmaster.master][INFO] 2023-03-29 16:29:41,546: -PUB [/actual_system/target] /controller http://aneesh-Swift:43909/
[rosmaster.master][INFO] 2023-03-29 16:29:41,546: -PUB [/actual_system/radius] /controller http://aneesh-Swift:43909/
[rosmaster.master][INFO] 2023-03-29 16:29:41,546: -SERVICE [/controller/get_loggers] /controller rosrpc://aneesh-Swift:45189
[rosmaster.master][INFO] 2023-03-29 16:29:41,546: -SERVICE [/controller/set_logger_level] /controller rosrpc://aneesh-Swift:45189
[rosmaster.master][INFO] 2023-03-29 16:29:41,553: publisherUpdate[/rosout] -> http://aneesh-Swift:38793/ ['http://aneesh-Swift:45947/', 'http://aneesh-Swift:43909/']
[rosmaster.master][INFO] 2023-03-29 16:29:41,553: publisherUpdate[/rosout] -> http://aneesh-Swift:38793/ ['http://aneesh-Swift:45947/', 'http://aneesh-Swift:43909/']: sec=0.00, result=[1, '', 0]
[rosmaster.master][INFO] 2023-03-29 16:29:41,553: publisherUpdate[/steady_system/complete_pose] -> http://aneesh-Swift:43909/ []
[rosmaster.master][INFO] 2023-03-29 16:29:41,554: publisherUpdate[/steady_system/complete_pose] -> http://aneesh-Swift:43909/ []: sec=0.00, exception=[Errno 111] Connection refused
[rosmaster.threadpool][ERROR] 2023-03-29 16:29:41,556: Traceback (most recent call last):
  File "/opt/ros/noetic/lib/python3/dist-packages/rosmaster/threadpool.py", line 218, in run
    result = cmd(*args)
  File "/opt/ros/noetic/lib/python3/dist-packages/rosmaster/master_api.py", line 210, in publisher_update_task
    ret = xmlrpcapi(api).publisherUpdate('/master', topic, pub_uris)
  File "/usr/lib/python3.8/xmlrpc/client.py", line 1109, in __call__
    return self.__send(self.__name, args)
  File "/usr/lib/python3.8/xmlrpc/client.py", line 1450, in __request
    response = self.__transport.request(
  File "/usr/lib/python3.8/xmlrpc/client.py", line 1153, in request
    return self.single_request(host, handler, request_body, verbose)
  File "/usr/lib/python3.8/xmlrpc/client.py", line 1165, in single_request
    http_conn = self.send_request(host, handler, request_body, verbose)
  File "/usr/lib/python3.8/xmlrpc/client.py", line 1278, in send_request
    self.send_content(connection, request_body)
  File "/usr/lib/python3.8/xmlrpc/client.py", line 1308, in send_content
    connection.endheaders(request_body)
  File "/usr/lib/python3.8/http/client.py", line 1251, in endheaders
    self._send_output(message_body, encode_chunked=encode_chunked)
  File "/usr/lib/python3.8/http/client.py", line 1011, in _send_output
    self.send(msg)
  File "/usr/lib/python3.8/http/client.py", line 951, in send
    self.connect()
  File "/usr/lib/python3.8/http/client.py", line 922, in connect
    self.sock = self._create_connection(
  File "/usr/lib/python3.8/socket.py", line 808, in create_connection
    raise err
  File "/usr/lib/python3.8/socket.py", line 796, in create_connection
    sock.connect(sa)
ConnectionRefusedError: [Errno 111] Connection refused

[rosmaster.master][INFO] 2023-03-29 16:29:41,556: publisherUpdate[/steady_system/velocity] -> http://aneesh-Swift:43909/ []
[rosmaster.master][INFO] 2023-03-29 16:29:41,556: publisherUpdate[/steady_system/velocity] -> http://aneesh-Swift:43909/ []: sec=0.00, exception=[Errno 111] Connection refused
[rosmaster.threadpool][ERROR] 2023-03-29 16:29:41,557: Traceback (most recent call last):
  File "/opt/ros/noetic/lib/python3/dist-packages/rosmaster/threadpool.py", line 218, in run
    result = cmd(*args)
  File "/opt/ros/noetic/lib/python3/dist-packages/rosmaster/master_api.py", line 210, in publisher_update_task
    ret = xmlrpcapi(api).publisherUpdate('/master', topic, pub_uris)
  File "/usr/lib/python3.8/xmlrpc/client.py", line 1109, in __call__
    return self.__send(self.__name, args)
  File "/usr/lib/python3.8/xmlrpc/client.py", line 1450, in __request
    response = self.__transport.request(
  File "/usr/lib/python3.8/xmlrpc/client.py", line 1153, in request
    return self.single_request(host, handler, request_body, verbose)
  File "/usr/lib/python3.8/xmlrpc/client.py", line 1165, in single_request
    http_conn = self.send_request(host, handler, request_body, verbose)
  File "/usr/lib/python3.8/xmlrpc/client.py", line 1278, in send_request
    self.send_content(connection, request_body)
  File "/usr/lib/python3.8/xmlrpc/client.py", line 1308, in send_content
    connection.endheaders(request_body)
  File "/usr/lib/python3.8/http/client.py", line 1251, in endheaders
    self._send_output(message_body, encode_chunked=encode_chunked)
  File "/usr/lib/python3.8/http/client.py", line 1011, in _send_output
    self.send(msg)
  File "/usr/lib/python3.8/http/client.py", line 951, in send
    self.connect()
  File "/usr/lib/python3.8/http/client.py", line 922, in connect
    self.sock = self._create_connection(
  File "/usr/lib/python3.8/socket.py", line 808, in create_connection
    raise err
  File "/usr/lib/python3.8/socket.py", line 796, in create_connection
    sock.connect(sa)
ConnectionRefusedError: [Errno 111] Connection refused

[rosmaster.master][INFO] 2023-03-29 16:29:41,554: publisherUpdate[/actual_system/force] -> http://aneesh-Swift:45947/ []
[rosmaster.master][INFO] 2023-03-29 16:29:41,559: publisherUpdate[/rosout] -> http://aneesh-Swift:38793/ ['http://aneesh-Swift:45947/']
[rosmaster.master][INFO] 2023-03-29 16:29:41,560: publisherUpdate[/actual_system/force] -> http://aneesh-Swift:45947/ []: sec=0.00, result=[0, 'Unknown Error', 0]
[rosmaster.master][INFO] 2023-03-29 16:29:41,560: publisherUpdate[/actual_system/reset] -> http://aneesh-Swift:45947/ ['http://aneesh-Swift:45947/']
[rosmaster.master][INFO] 2023-03-29 16:29:41,560: publisherUpdate[/rosout] -> http://aneesh-Swift:38793/ ['http://aneesh-Swift:45947/']: sec=0.00, result=[1, '', 0]
[rosmaster.master][INFO] 2023-03-29 16:29:41,561: publisherUpdate[/actual_system/reset] -> http://aneesh-Swift:45947/ ['http://aneesh-Swift:45947/']: sec=0.00, result=[0, 'Unknown Error', 0]
[rosmaster.master][INFO] 2023-03-29 16:29:41,661: -PUB [/rosout] /actual_system/simluator http://aneesh-Swift:45947/
[rosmaster.master][INFO] 2023-03-29 16:29:41,661: publisherUpdate[/rosout] -> http://aneesh-Swift:38793/ []
[rosmaster.master][INFO] 2023-03-29 16:29:41,662: -PUB [/actual_system/reset] /actual_system/simluator http://aneesh-Swift:45947/
[rosmaster.master][INFO] 2023-03-29 16:29:41,663: publisherUpdate[/rosout] -> http://aneesh-Swift:38793/ []: sec=0.00, result=[1, '', 0]
[rosmaster.master][INFO] 2023-03-29 16:29:41,663: -PUB [/actual_system/slopes] /actual_system/simluator http://aneesh-Swift:45947/
[rosmaster.master][INFO] 2023-03-29 16:29:41,664: -PUB [/actual_system/state] /actual_system/simluator http://aneesh-Swift:45947/
[rosmaster.master][INFO] 2023-03-29 16:29:41,664: -PUB [/actual_system/complete_state] /actual_system/simluator http://aneesh-Swift:45947/
[rosmaster.master][INFO] 2023-03-29 16:29:41,665: -PUB [/actual_system/velocity] /actual_system/simluator http://aneesh-Swift:45947/
[rosmaster.master][INFO] 2023-03-29 16:29:41,665: -PUB [/actual_system/complete_pose] /actual_system/simluator http://aneesh-Swift:45947/
[rosmaster.master][INFO] 2023-03-29 16:29:41,666: -SUB [/actual_system/force] /actual_system/simluator http://aneesh-Swift:45947/
[rosmaster.master][INFO] 2023-03-29 16:29:41,666: -SUB [/actual_system/reset] /actual_system/simluator http://aneesh-Swift:45947/
[rosmaster.master][INFO] 2023-03-29 16:29:41,667: -SERVICE [/actual_system/simluator/get_loggers] /actual_system/simluator rosrpc://aneesh-Swift:47257
[rosmaster.master][INFO] 2023-03-29 16:29:41,667: -SERVICE [/actual_system/simluator/set_logger_level] /actual_system/simluator rosrpc://aneesh-Swift:47257
[rosmaster.master][INFO] 2023-03-29 16:29:41,663: publisherUpdate[/actual_system/reset] -> http://aneesh-Swift:45947/ []
[rosmaster.master][INFO] 2023-03-29 16:29:41,671: publisherUpdate[/actual_system/reset] -> http://aneesh-Swift:45947/ []: sec=0.00, exception=[Errno 111] Connection refused
[rosmaster.threadpool][ERROR] 2023-03-29 16:29:41,672: Traceback (most recent call last):
  File "/opt/ros/noetic/lib/python3/dist-packages/rosmaster/threadpool.py", line 218, in run
    result = cmd(*args)
  File "/opt/ros/noetic/lib/python3/dist-packages/rosmaster/master_api.py", line 210, in publisher_update_task
    ret = xmlrpcapi(api).publisherUpdate('/master', topic, pub_uris)
  File "/usr/lib/python3.8/xmlrpc/client.py", line 1109, in __call__
    return self.__send(self.__name, args)
  File "/usr/lib/python3.8/xmlrpc/client.py", line 1450, in __request
    response = self.__transport.request(
  File "/usr/lib/python3.8/xmlrpc/client.py", line 1153, in request
    return self.single_request(host, handler, request_body, verbose)
  File "/usr/lib/python3.8/xmlrpc/client.py", line 1165, in single_request
    http_conn = self.send_request(host, handler, request_body, verbose)
  File "/usr/lib/python3.8/xmlrpc/client.py", line 1278, in send_request
    self.send_content(connection, request_body)
  File "/usr/lib/python3.8/xmlrpc/client.py", line 1308, in send_content
    connection.endheaders(request_body)
  File "/usr/lib/python3.8/http/client.py", line 1251, in endheaders
    self._send_output(message_body, encode_chunked=encode_chunked)
  File "/usr/lib/python3.8/http/client.py", line 1011, in _send_output
    self.send(msg)
  File "/usr/lib/python3.8/http/client.py", line 951, in send
    self.connect()
  File "/usr/lib/python3.8/http/client.py", line 922, in connect
    self.sock = self._create_connection(
  File "/usr/lib/python3.8/socket.py", line 808, in create_connection
    raise err
  File "/usr/lib/python3.8/socket.py", line 796, in create_connection
    sock.connect(sa)
ConnectionRefusedError: [Errno 111] Connection refused

[rosmaster.master][INFO] 2023-03-29 16:29:42,664: -PUB [/rosout_agg] /rosout http://aneesh-Swift:38793/
[rosmaster.master][INFO] 2023-03-29 16:29:42,665: -SUB [/rosout] /rosout http://aneesh-Swift:38793/
[rosmaster.master][INFO] 2023-03-29 16:29:42,665: -SERVICE [/rosout/get_loggers] /rosout rosrpc://aneesh-Swift:45759
[rosmaster.master][INFO] 2023-03-29 16:29:42,666: -SERVICE [/rosout/set_logger_level] /rosout rosrpc://aneesh-Swift:45759
[rosmaster.main][INFO] 2023-03-29 16:29:42,745: keyboard interrupt, will exit
[rosmaster.main][INFO] 2023-03-29 16:29:42,745: stopping master...
[rospy.core][INFO] 2023-03-29 16:29:42,745: signal_shutdown [atexit]
