[rospy.client][INFO] 2023-03-05 23:59:52,655: init_node, name[/steady_state_checker_node], pid[3679]
[xmlrpc][INFO] 2023-03-05 23:59:52,656: XML-RPC server binding to 0.0.0.0:0
[xmlrpc][INFO] 2023-03-05 23:59:52,657: Started XML-RPC server [http://aneesh-Swift:46049/]
[rospy.init][INFO] 2023-03-05 23:59:52,657: ROS Slave URI: [http://aneesh-Swift:46049/]
[rospy.impl.masterslave][INFO] 2023-03-05 23:59:52,657: _ready: http://aneesh-Swift:46049/
[rospy.registration][INFO] 2023-03-05 23:59:52,658: Registering with master node http://localhost:11311
[xmlrpc][INFO] 2023-03-05 23:59:52,658: xml rpc node: starting XML-RPC server
[rospy.init][INFO] 2023-03-05 23:59:52,757: registered with master
[rospy.rosout][INFO] 2023-03-05 23:59:52,758: initializing /rosout core topic
[rospy.rosout][INFO] 2023-03-05 23:59:52,762: connected to core topic /rosout
[rospy.simtime][INFO] 2023-03-05 23:59:52,763: /use_sim_time is not set, will not subscribe to simulated time [/clock] topic
[rospy.internal][INFO] 2023-03-05 23:59:52,787: topic[/actual_system/state] adding connection to [http://aneesh-Swift:43073/], count 0
[rospy.internal][INFO] 2023-03-05 23:59:52,791: topic[/actual_system/complete_pose] adding connection to [http://aneesh-Swift:43073/], count 0
[rospy.internal][INFO] 2023-03-05 23:59:52,977: topic[/rosout] adding connection to [/rosout], count 0
[rospy.internal][INFO] 2023-03-05 23:59:52,993: topic[/actual_system/force] adding connection to [/actual_system/simluator], count 0
[rospy.internal][INFO] 2023-03-05 23:59:54,876: topic[/steady_system/complete_pose] adding connection to [/controller], count 0
[rospy.internal][INFO] 2023-03-05 23:59:54,956: topic[/steady_system/force] adding connection to [http://aneesh-Swift:35873/], count 0
[rospy.internal][INFO] 2023-03-06 00:00:04,457: topic[/rosout] removing connection to /rosout
[rospy.core][INFO] 2023-03-06 00:00:13,627: signal_shutdown [signal-2]
[rospy.registration][WARNING] 2023-03-06 00:00:13,628: cannot unregister with master due to network issues
[rospy.internal][INFO] 2023-03-06 00:00:13,629: topic[/steady_system/complete_pose] removing connection to /controller
[rospy.internal][INFO] 2023-03-06 00:00:13,629: topic[/actual_system/force] removing connection to /actual_system/simluator
[rospy.internal][INFO] 2023-03-06 00:00:13,629: topic[/actual_system/state] removing connection to http://aneesh-Swift:43073/
[rospy.internal][INFO] 2023-03-06 00:00:13,629: topic[/actual_system/complete_pose] removing connection to http://aneesh-Swift:43073/
[rospy.internal][INFO] 2023-03-06 00:00:13,629: topic[/steady_system/force] removing connection to http://aneesh-Swift:35873/
[rospy.impl.masterslave][INFO] 2023-03-06 00:00:13,630: signal-2
[rospy.core][INFO] 2023-03-06 00:00:14,228: signal_shutdown [atexit]
