[rospy.client][INFO] 2023-03-05 23:58:06,465: init_node, name[/steady_state_checker_node], pid[3253]
[xmlrpc][INFO] 2023-03-05 23:58:06,466: XML-RPC server binding to 0.0.0.0:0
[xmlrpc][INFO] 2023-03-05 23:58:06,466: Started XML-RPC server [http://aneesh-Swift:35929/]
[rospy.init][INFO] 2023-03-05 23:58:06,466: ROS Slave URI: [http://aneesh-Swift:35929/]
[rospy.impl.masterslave][INFO] 2023-03-05 23:58:06,466: _ready: http://aneesh-Swift:35929/
[rospy.registration][INFO] 2023-03-05 23:58:06,467: Registering with master node http://localhost:11311
[xmlrpc][INFO] 2023-03-05 23:58:06,467: xml rpc node: starting XML-RPC server
[rospy.init][INFO] 2023-03-05 23:58:06,566: registered with master
[rospy.rosout][INFO] 2023-03-05 23:58:06,567: initializing /rosout core topic
[rospy.rosout][INFO] 2023-03-05 23:58:06,570: connected to core topic /rosout
[rospy.simtime][INFO] 2023-03-05 23:58:06,571: /use_sim_time is not set, will not subscribe to simulated time [/clock] topic
[rospy.internal][INFO] 2023-03-05 23:58:06,583: topic[/actual_system/state] adding connection to [http://aneesh-Swift:34371/], count 0
[rospy.internal][INFO] 2023-03-05 23:58:06,590: topic[/actual_system/complete_pose] adding connection to [http://aneesh-Swift:34371/], count 0
[rospy.internal][INFO] 2023-03-05 23:58:06,591: topic[/actual_system/complete_state] adding connection to [http://aneesh-Swift:34371/], count 0
[rospy.internal][INFO] 2023-03-05 23:58:06,785: topic[/rosout] adding connection to [/rosout], count 0
[rospy.internal][INFO] 2023-03-05 23:58:06,793: topic[/actual_system/force] adding connection to [/actual_system/simluator], count 0
[rospy.internal][INFO] 2023-03-05 23:58:08,301: topic[/steady_system/complete_pose] adding connection to [/controller], count 0
[rospy.internal][INFO] 2023-03-05 23:58:08,392: topic[/steady_system/force] adding connection to [http://aneesh-Swift:40409/], count 0
[rospy.core][INFO] 2023-03-05 23:59:46,747: signal_shutdown [signal-2]
[rospy.internal][INFO] 2023-03-05 23:59:46,752: topic[/rosout] removing connection to /rosout
[rospy.internal][INFO] 2023-03-05 23:59:46,753: topic[/steady_system/complete_pose] removing connection to /controller
[rospy.internal][INFO] 2023-03-05 23:59:46,753: topic[/actual_system/force] removing connection to /actual_system/simluator
[rospy.internal][INFO] 2023-03-05 23:59:46,753: topic[/actual_system/state] removing connection to http://aneesh-Swift:34371/
[rospy.internal][INFO] 2023-03-05 23:59:46,754: topic[/actual_system/complete_pose] removing connection to http://aneesh-Swift:34371/
[rospy.internal][INFO] 2023-03-05 23:59:46,755: topic[/actual_system/complete_state] removing connection to http://aneesh-Swift:34371/
[rospy.internal][INFO] 2023-03-05 23:59:46,755: topic[/actual_system/complete_state] removing connection to http://aneesh-Swift:34371/
[rospy.topics][ERROR] 2023-03-05 23:59:46,756: Traceback (most recent call last):
  File "/opt/ros/noetic/lib/python3/dist-packages/rospy/topics.py", line 326, in close
    c.close()
  File "/opt/ros/noetic/lib/python3/dist-packages/rospy/impl/tcpros_base.py", line 858, in close
    self.socket.close()
AttributeError: 'NoneType' object has no attribute 'close'

[rospy.internal][INFO] 2023-03-05 23:59:46,756: topic[/steady_system/force] removing connection to http://aneesh-Swift:40409/
[rospy.internal][INFO] 2023-03-05 23:59:46,757: topic[/steady_system/force] removing connection to http://aneesh-Swift:40409/
[rospy.topics][ERROR] 2023-03-05 23:59:46,757: Traceback (most recent call last):
  File "/opt/ros/noetic/lib/python3/dist-packages/rospy/topics.py", line 326, in close
    c.close()
  File "/opt/ros/noetic/lib/python3/dist-packages/rospy/impl/tcpros_base.py", line 858, in close
    self.socket.close()
AttributeError: 'NoneType' object has no attribute 'close'

[rospy.impl.masterslave][INFO] 2023-03-05 23:59:46,757: signal-2
[rospy.core][INFO] 2023-03-05 23:59:47,349: signal_shutdown [atexit]
