[rospy.client][INFO] 2023-03-31 03:05:07,779: init_node, name[/steady_state_checker_node], pid[19407]
[xmlrpc][INFO] 2023-03-31 03:05:07,779: XML-RPC server binding to 0.0.0.0:0
[xmlrpc][INFO] 2023-03-31 03:05:07,780: Started XML-RPC server [http://aneesh-Swift:32771/]
[rospy.init][INFO] 2023-03-31 03:05:07,780: ROS Slave URI: [http://aneesh-Swift:32771/]
[rospy.impl.masterslave][INFO] 2023-03-31 03:05:07,780: _ready: http://aneesh-Swift:32771/
[rospy.registration][INFO] 2023-03-31 03:05:07,781: Registering with master node http://localhost:11311
[xmlrpc][INFO] 2023-03-31 03:05:07,781: xml rpc node: starting XML-RPC server
[rospy.init][INFO] 2023-03-31 03:05:07,880: registered with master
[rospy.rosout][INFO] 2023-03-31 03:05:07,880: initializing /rosout core topic
[rospy.rosout][INFO] 2023-03-31 03:05:07,884: connected to core topic /rosout
[rospy.simtime][INFO] 2023-03-31 03:05:07,885: /use_sim_time is not set, will not subscribe to simulated time [/clock] topic
[rospy.internal][INFO] 2023-03-31 03:05:07,897: topic[/actual_system/state] adding connection to [http://aneesh-Swift:44015/], count 0
[rospy.internal][INFO] 2023-03-31 03:05:07,901: topic[/actual_system/complete_pose] adding connection to [http://aneesh-Swift:44015/], count 0
[rospy.internal][INFO] 2023-03-31 03:05:07,905: topic[/actual_system/complete_state] adding connection to [http://aneesh-Swift:44015/], count 0
[rospy.internal][INFO] 2023-03-31 03:05:08,142: topic[/rosout] adding connection to [/rosout], count 0
[rospy.internal][INFO] 2023-03-31 03:05:08,143: topic[/actual_system/force] adding connection to [/actual_system/simluator], count 0
[rospy.internal][INFO] 2023-03-31 03:05:09,606: topic[/steady_system/velocity] adding connection to [/controller], count 0
[rospy.internal][INFO] 2023-03-31 03:05:09,606: topic[/steady_system/complete_pose] adding connection to [/controller], count 0
[rospy.internal][INFO] 2023-03-31 03:05:09,659: topic[/steady_system/force] adding connection to [http://aneesh-Swift:36461/], count 0
[rospy.core][INFO] 2023-03-31 03:07:11,611: signal_shutdown [signal-2]
[rospy.internal][INFO] 2023-03-31 03:07:11,618: topic[/rosout] removing connection to /rosout
[rospy.internal][INFO] 2023-03-31 03:07:11,619: topic[/steady_system/complete_pose] removing connection to /controller
[rospy.internal][INFO] 2023-03-31 03:07:11,619: topic[/actual_system/force] removing connection to /actual_system/simluator
[rospy.internal][INFO] 2023-03-31 03:07:11,619: topic[/steady_system/velocity] removing connection to /controller
[rospy.internal][INFO] 2023-03-31 03:07:11,619: topic[/actual_system/state] removing connection to http://aneesh-Swift:44015/
[rospy.internal][INFO] 2023-03-31 03:07:11,619: topic[/actual_system/complete_pose] removing connection to http://aneesh-Swift:44015/
[rospy.internal][INFO] 2023-03-31 03:07:11,620: topic[/actual_system/complete_state] removing connection to http://aneesh-Swift:44015/
[rospy.internal][INFO] 2023-03-31 03:07:11,620: topic[/steady_system/force] removing connection to http://aneesh-Swift:36461/
[rospy.impl.masterslave][INFO] 2023-03-31 03:07:11,620: signal-2
[rospy.core][INFO] 2023-03-31 03:07:12,212: signal_shutdown [atexit]
