[rospy.client][INFO] 2023-03-29 16:32:17,676: init_node, name[/controller], pid[61069]
[xmlrpc][INFO] 2023-03-29 16:32:17,677: XML-RPC server binding to 0.0.0.0:0
[xmlrpc][INFO] 2023-03-29 16:32:17,677: Started XML-RPC server [http://aneesh-Swift:41579/]
[rospy.impl.masterslave][INFO] 2023-03-29 16:32:17,677: _ready: http://aneesh-Swift:41579/
[rospy.init][INFO] 2023-03-29 16:32:17,678: ROS Slave URI: [http://aneesh-Swift:41579/]
[rospy.registration][INFO] 2023-03-29 16:32:17,678: Registering with master node http://localhost:11311
[xmlrpc][INFO] 2023-03-29 16:32:17,679: xml rpc node: starting XML-RPC server
[rospy.init][INFO] 2023-03-29 16:32:17,778: registered with master
[rospy.rosout][INFO] 2023-03-29 16:32:17,778: initializing /rosout core topic
[rospy.rosout][INFO] 2023-03-29 16:32:17,781: connected to core topic /rosout
[rospy.simtime][INFO] 2023-03-29 16:32:17,782: /use_sim_time is not set, will not subscribe to simulated time [/clock] topic
[rospy.internal][INFO] 2023-03-29 16:32:17,797: topic[/steady_system/complete_pose] adding connection to [http://aneesh-Swift:45247/], count 0
[rospy.internal][INFO] 2023-03-29 16:32:17,798: topic[/steady_system/velocity] adding connection to [http://aneesh-Swift:45247/], count 0
[rospy.internal][INFO] 2023-03-29 16:32:17,877: topic[/steady_system/force] adding connection to [/steady_state_checker_node], count 0
[rospy.internal][INFO] 2023-03-29 16:32:17,977: topic[/steady_system/force] adding connection to [/matlab_global_node_58416], count 1
[rospy.internal][INFO] 2023-03-29 16:32:18,072: topic[/rosout] adding connection to [/rosout], count 0
[rospy.internal][INFO] 2023-03-29 16:32:18,073: topic[/actual_system/reset] adding connection to [/actual_system/simluator], count 0
[rospy.internal][INFO] 2023-03-29 16:32:18,078: topic[/actual_system/target] adding connection to [/matlab_global_node_58416], count 0
[rospy.internal][INFO] 2023-03-29 16:32:18,078: topic[/actual_system/radius] adding connection to [/matlab_global_node_58416], count 0
[rospy.internal][INFO] 2023-03-29 16:49:41,676: topic[/steady_system/force] removing connection to /matlab_global_node_58416
[rospy.internal][INFO] 2023-03-29 16:49:41,677: topic[/actual_system/target] removing connection to /matlab_global_node_58416
[rospy.internal][INFO] 2023-03-29 16:49:41,677: topic[/actual_system/radius] removing connection to /matlab_global_node_58416
[rospy.internal][INFO] 2023-03-29 16:49:46,229: topic[/steady_system/complete_pose] removing connection to http://aneesh-Swift:45247/
[rospy.internal][INFO] 2023-03-29 16:49:46,230: topic[/steady_system/velocity] removing connection to http://aneesh-Swift:45247/
[rospy.internal][INFO] 2023-03-29 16:49:46,679: topic[/steady_system/force] removing connection to /steady_state_checker_node
[rospy.internal][INFO] 2023-03-29 16:49:46,679: topic[/actual_system/reset] removing connection to /actual_system/simluator
[rospy.core][INFO] 2023-03-29 16:49:46,872: signal_shutdown [signal-2]
[rospy.internal][INFO] 2023-03-29 16:49:46,875: topic[/rosout] removing connection to /rosout
[rospy.impl.masterslave][INFO] 2023-03-29 16:49:46,875: signal-2
[rospy.core][INFO] 2023-03-29 16:49:47,474: signal_shutdown [atexit]
