[rosmaster.main][INFO] 2023-03-29 16:32:15,461: initialization complete, waiting for shutdown
[rosmaster.main][INFO] 2023-03-29 16:32:15,462: Starting ROS Master Node
[xmlrpc][INFO] 2023-03-29 16:32:15,462: XML-RPC server binding to 0.0.0.0:11311
[xmlrpc][INFO] 2023-03-29 16:32:15,463: Started XML-RPC server [http://aneesh-Swift:11311/]
[xmlrpc][INFO] 2023-03-29 16:32:15,463: xml rpc node: starting XML-RPC server
[rosmaster.master][INFO] 2023-03-29 16:32:15,463: Master initialized: port[11311], uri[http://aneesh-Swift:11311/]
[rosmaster.master][INFO] 2023-03-29 16:32:15,481: +PARAM [/run_id] by /roslaunch
[rosmaster.master][INFO] 2023-03-29 16:32:15,482: +PARAM [/roslaunch/uris/host_aneesh_swift__42903] by /roslaunch
[rosmaster.master][INFO] 2023-03-29 16:32:15,521: +PARAM [/rosversion] by /roslaunch
[rosmaster.master][INFO] 2023-03-29 16:32:15,522: +PARAM [/rosdistro] by /roslaunch
[rosmaster.master][INFO] 2023-03-29 16:32:15,533: +SERVICE [/rosout/get_loggers] /rosout http://aneesh-Swift:34031/
[rosmaster.master][INFO] 2023-03-29 16:32:15,533: +SERVICE [/rosout/set_logger_level] /rosout http://aneesh-Swift:34031/
[rosmaster.master][INFO] 2023-03-29 16:32:15,534: +PUB [/rosout_agg] /rosout http://aneesh-Swift:34031/
[rosmaster.master][INFO] 2023-03-29 16:32:15,536: +SUB [/rosout] /rosout http://aneesh-Swift:34031/
[rosmaster.master][INFO] 2023-03-29 16:32:15,554: +PUB [/rosout] /actual_system/simluator http://aneesh-Swift:36809/
[rosmaster.master][INFO] 2023-03-29 16:32:15,555: +SERVICE [/actual_system/simluator/get_loggers] /actual_system/simluator http://aneesh-Swift:36809/
[rosmaster.master][INFO] 2023-03-29 16:32:15,556: +SERVICE [/actual_system/simluator/set_logger_level] /actual_system/simluator http://aneesh-Swift:36809/
[rosmaster.master][INFO] 2023-03-29 16:32:15,559: +SUB [/actual_system/force] /actual_system/simluator http://aneesh-Swift:36809/
[rosmaster.master][INFO] 2023-03-29 16:32:15,562: publisherUpdate[/rosout] -> http://aneesh-Swift:34031/ ['http://aneesh-Swift:36809/']
[rosmaster.master][INFO] 2023-03-29 16:32:15,562: +SUB [/actual_system/reset] /actual_system/simluator http://aneesh-Swift:36809/
[rosmaster.master][INFO] 2023-03-29 16:32:15,566: +PUB [/actual_system/reset] /actual_system/simluator http://aneesh-Swift:36809/
[rosmaster.master][INFO] 2023-03-29 16:32:15,566: +PUB [/actual_system/slopes] /actual_system/simluator http://aneesh-Swift:36809/
[rosmaster.master][INFO] 2023-03-29 16:32:15,567: publisherUpdate[/rosout] -> http://aneesh-Swift:34031/ ['http://aneesh-Swift:36809/']: sec=0.00, result=[1, '', 0]
[rosmaster.master][INFO] 2023-03-29 16:32:15,567: publisherUpdate[/actual_system/reset] -> http://aneesh-Swift:36809/ ['http://aneesh-Swift:36809/']
[rosmaster.master][INFO] 2023-03-29 16:32:15,568: publisherUpdate[/actual_system/reset] -> http://aneesh-Swift:36809/ ['http://aneesh-Swift:36809/']: sec=0.00, result=[1, '', 0]
[rosmaster.master][INFO] 2023-03-29 16:32:15,569: +PUB [/actual_system/state] /actual_system/simluator http://aneesh-Swift:36809/
[rosmaster.master][INFO] 2023-03-29 16:32:15,571: +PUB [/actual_system/complete_state] /actual_system/simluator http://aneesh-Swift:36809/
[rosmaster.master][INFO] 2023-03-29 16:32:15,572: +PUB [/actual_system/velocity] /actual_system/simluator http://aneesh-Swift:36809/
[rosmaster.master][INFO] 2023-03-29 16:32:15,572: +PUB [/actual_system/complete_pose] /actual_system/simluator http://aneesh-Swift:36809/
[rosmaster.master][INFO] 2023-03-29 16:32:16,011: +PUB [/rosout] /steady_state_checker_node http://aneesh-Swift:45247/
[rosmaster.master][INFO] 2023-03-29 16:32:16,013: +SERVICE [/steady_state_checker_node/get_loggers] /steady_state_checker_node http://aneesh-Swift:45247/
[rosmaster.master][INFO] 2023-03-29 16:32:16,014: +SERVICE [/steady_state_checker_node/set_logger_level] /steady_state_checker_node http://aneesh-Swift:45247/
[rosmaster.master][INFO] 2023-03-29 16:32:16,015: +PUB [/steady_system/state] /steady_state_checker_node http://aneesh-Swift:45247/
[rosmaster.master][INFO] 2023-03-29 16:32:16,016: +PUB [/steady_system/complete_pose] /steady_state_checker_node http://aneesh-Swift:45247/
[rosmaster.master][INFO] 2023-03-29 16:32:16,017: +PUB [/steady_system/complete_state] /steady_state_checker_node http://aneesh-Swift:45247/
[rosmaster.master][INFO] 2023-03-29 16:32:16,017: +PUB [/actual_system/force] /steady_state_checker_node http://aneesh-Swift:45247/
[rosmaster.master][INFO] 2023-03-29 16:32:16,018: +PUB [/steady_system/velocity] /steady_state_checker_node http://aneesh-Swift:45247/
[rosmaster.master][INFO] 2023-03-29 16:32:16,020: +SUB [/actual_system/state] /steady_state_checker_node http://aneesh-Swift:45247/
[rosmaster.master][INFO] 2023-03-29 16:32:16,021: +SUB [/actual_system/complete_pose] /steady_state_checker_node http://aneesh-Swift:45247/
[rosmaster.master][INFO] 2023-03-29 16:32:16,023: +SUB [/actual_system/complete_state] /steady_state_checker_node http://aneesh-Swift:45247/
[rosmaster.master][INFO] 2023-03-29 16:32:16,026: +SUB [/steady_system/force] /steady_state_checker_node http://aneesh-Swift:45247/
[rosmaster.master][INFO] 2023-03-29 16:32:16,064: publisherUpdate[/rosout] -> http://aneesh-Swift:34031/ ['http://aneesh-Swift:36809/', 'http://aneesh-Swift:45247/']
[rosmaster.master][INFO] 2023-03-29 16:32:16,065: publisherUpdate[/rosout] -> http://aneesh-Swift:34031/ ['http://aneesh-Swift:36809/', 'http://aneesh-Swift:45247/']: sec=0.00, result=[1, '', 0]
[rosmaster.master][INFO] 2023-03-29 16:32:16,065: publisherUpdate[/actual_system/force] -> http://aneesh-Swift:36809/ ['http://aneesh-Swift:45247/']
[rosmaster.master][INFO] 2023-03-29 16:32:16,066: publisherUpdate[/actual_system/force] -> http://aneesh-Swift:36809/ ['http://aneesh-Swift:45247/']: sec=0.00, result=[1, '', 0]
[rosmaster.master][INFO] 2023-03-29 16:32:17,591: +PUB [/rosout] /matlab_global_node_58416 http://aneesh-Swift:37379/
[rosmaster.master][INFO] 2023-03-29 16:32:17,592: +SERVICE [/matlab_global_node_58416/get_loggers] /matlab_global_node_58416 http://aneesh-Swift:37379/
[rosmaster.master][INFO] 2023-03-29 16:32:17,593: +SERVICE [/matlab_global_node_58416/set_logger_level] /matlab_global_node_58416 http://aneesh-Swift:37379/
[rosmaster.master][INFO] 2023-03-29 16:32:17,595: +PUB [/tf] /matlab_global_node_58416 http://aneesh-Swift:37379/
[rosmaster.master][INFO] 2023-03-29 16:32:17,668: +SUB [/steady_system/state] /matlab_global_node_58416 http://aneesh-Swift:37379/
[rosmaster.master][INFO] 2023-03-29 16:32:17,668: publisherUpdate[/rosout] -> http://aneesh-Swift:34031/ ['http://aneesh-Swift:36809/', 'http://aneesh-Swift:45247/', 'http://aneesh-Swift:37379/']
[rosmaster.master][INFO] 2023-03-29 16:32:17,670: publisherUpdate[/rosout] -> http://aneesh-Swift:34031/ ['http://aneesh-Swift:36809/', 'http://aneesh-Swift:45247/', 'http://aneesh-Swift:37379/']: sec=0.00, result=[1, '', 0]
[rosmaster.master][INFO] 2023-03-29 16:32:17,711: +SUB [/steady_system/complete_state] /matlab_global_node_58416 http://aneesh-Swift:37379/
[rosmaster.master][INFO] 2023-03-29 16:32:17,774: +SUB [/actual_system/target] /matlab_global_node_58416 http://aneesh-Swift:37379/
[rosmaster.master][INFO] 2023-03-29 16:32:17,780: +PUB [/rosout] /controller http://aneesh-Swift:41579/
[rosmaster.master][INFO] 2023-03-29 16:32:17,783: +SERVICE [/controller/get_loggers] /controller http://aneesh-Swift:41579/
[rosmaster.master][INFO] 2023-03-29 16:32:17,784: +SERVICE [/controller/set_logger_level] /controller http://aneesh-Swift:41579/
[rosmaster.master][INFO] 2023-03-29 16:32:17,785: +PUB [/steady_system/force] /controller http://aneesh-Swift:41579/
[rosmaster.master][INFO] 2023-03-29 16:32:17,787: +PUB [/actual_system/reset] /controller http://aneesh-Swift:41579/
[rosmaster.master][INFO] 2023-03-29 16:32:17,788: +PUB [/actual_system/target] /controller http://aneesh-Swift:41579/
[rosmaster.master][INFO] 2023-03-29 16:32:17,789: +PUB [/actual_system/radius] /controller http://aneesh-Swift:41579/
[rosmaster.master][INFO] 2023-03-29 16:32:17,791: +SUB [/steady_system/complete_pose] /controller http://aneesh-Swift:41579/
[rosmaster.master][INFO] 2023-03-29 16:32:17,794: +SUB [/steady_system/velocity] /controller http://aneesh-Swift:41579/
[rosmaster.master][INFO] 2023-03-29 16:32:17,815: +SUB [/steady_system/force] /matlab_global_node_58416 http://aneesh-Swift:37379/
[rosmaster.master][INFO] 2023-03-29 16:32:17,847: +SUB [/steady_system/velocity] /matlab_global_node_58416 http://aneesh-Swift:37379/
[rosmaster.master][INFO] 2023-03-29 16:32:17,869: publisherUpdate[/rosout] -> http://aneesh-Swift:34031/ ['http://aneesh-Swift:36809/', 'http://aneesh-Swift:45247/', 'http://aneesh-Swift:37379/', 'http://aneesh-Swift:41579/']
[rosmaster.master][INFO] 2023-03-29 16:32:17,870: publisherUpdate[/steady_system/force] -> http://aneesh-Swift:45247/ ['http://aneesh-Swift:41579/']
[rosmaster.master][INFO] 2023-03-29 16:32:17,871: publisherUpdate[/rosout] -> http://aneesh-Swift:34031/ ['http://aneesh-Swift:36809/', 'http://aneesh-Swift:45247/', 'http://aneesh-Swift:37379/', 'http://aneesh-Swift:41579/']: sec=0.00, result=[1, '', 0]
[rosmaster.master][INFO] 2023-03-29 16:32:17,871: publisherUpdate[/actual_system/reset] -> http://aneesh-Swift:36809/ ['http://aneesh-Swift:36809/', 'http://aneesh-Swift:41579/']
[rosmaster.master][INFO] 2023-03-29 16:32:17,872: publisherUpdate[/actual_system/target] -> http://aneesh-Swift:37379/ ['http://aneesh-Swift:41579/']
[rosmaster.master][INFO] 2023-03-29 16:32:17,873: publisherUpdate[/actual_system/target] -> http://aneesh-Swift:37379/ ['http://aneesh-Swift:41579/']: sec=0.00, result=[1, '', 0]
[rosmaster.master][INFO] 2023-03-29 16:32:17,874: publisherUpdate[/actual_system/reset] -> http://aneesh-Swift:36809/ ['http://aneesh-Swift:36809/', 'http://aneesh-Swift:41579/']: sec=0.00, result=[1, '', 0]
[rosmaster.master][INFO] 2023-03-29 16:32:17,874: publisherUpdate[/steady_system/force] -> http://aneesh-Swift:45247/ ['http://aneesh-Swift:41579/']: sec=0.00, result=[1, '', 0]
[rosmaster.master][INFO] 2023-03-29 16:32:17,879: +SUB [/actual_system/radius] /matlab_global_node_58416 http://aneesh-Swift:37379/
[rosmaster.master][INFO] 2023-03-29 16:49:41,608: -SUB [/steady_system/state] /matlab_global_node_58416 http://aneesh-Swift:37379/
[rosmaster.master][INFO] 2023-03-29 16:49:41,616: -SUB [/steady_system/complete_state] /matlab_global_node_58416 http://aneesh-Swift:37379/
[rosmaster.master][INFO] 2023-03-29 16:49:41,619: -SUB [/actual_system/target] /matlab_global_node_58416 http://aneesh-Swift:37379/
[rosmaster.master][INFO] 2023-03-29 16:49:41,621: -SUB [/steady_system/force] /matlab_global_node_58416 http://aneesh-Swift:37379/
[rosmaster.master][INFO] 2023-03-29 16:49:41,622: -SUB [/steady_system/velocity] /matlab_global_node_58416 http://aneesh-Swift:37379/
[rosmaster.master][INFO] 2023-03-29 16:49:41,624: -SUB [/actual_system/radius] /matlab_global_node_58416 http://aneesh-Swift:37379/
[rosmaster.master][INFO] 2023-03-29 16:49:41,752: -PUB [/rosout] /matlab_global_node_58416 http://aneesh-Swift:37379/
[rosmaster.master][INFO] 2023-03-29 16:49:41,753: -PUB [/tf] /matlab_global_node_58416 http://aneesh-Swift:37379/
[rosmaster.master][INFO] 2023-03-29 16:49:41,753: -SERVICE [/matlab_global_node_58416/get_loggers] /matlab_global_node_58416 rosrpc://aneesh-Swift:50685
[rosmaster.master][INFO] 2023-03-29 16:49:41,754: -SERVICE [/matlab_global_node_58416/set_logger_level] /matlab_global_node_58416 rosrpc://aneesh-Swift:50685
[rosmaster.master][INFO] 2023-03-29 16:49:41,812: publisherUpdate[/rosout] -> http://aneesh-Swift:34031/ ['http://aneesh-Swift:36809/', 'http://aneesh-Swift:45247/', 'http://aneesh-Swift:41579/']
[rosmaster.master][INFO] 2023-03-29 16:49:41,813: publisherUpdate[/rosout] -> http://aneesh-Swift:34031/ ['http://aneesh-Swift:36809/', 'http://aneesh-Swift:45247/', 'http://aneesh-Swift:41579/']: sec=0.00, result=[1, '', 0]
[rosmaster.master][INFO] 2023-03-29 16:49:46,221: -SUB [/actual_system/state] /steady_state_checker_node http://aneesh-Swift:45247/
[rosmaster.master][INFO] 2023-03-29 16:49:46,221: -SUB [/actual_system/complete_pose] /steady_state_checker_node http://aneesh-Swift:45247/
[rosmaster.master][INFO] 2023-03-29 16:49:46,222: -SUB [/actual_system/complete_state] /steady_state_checker_node http://aneesh-Swift:45247/
[rosmaster.master][INFO] 2023-03-29 16:49:46,222: -SUB [/steady_system/force] /steady_state_checker_node http://aneesh-Swift:45247/
[rosmaster.master][INFO] 2023-03-29 16:49:46,222: -PUB [/rosout] /steady_state_checker_node http://aneesh-Swift:45247/
[rosmaster.master][INFO] 2023-03-29 16:49:46,222: -PUB [/steady_system/state] /steady_state_checker_node http://aneesh-Swift:45247/
[rosmaster.master][INFO] 2023-03-29 16:49:46,222: -PUB [/steady_system/complete_pose] /steady_state_checker_node http://aneesh-Swift:45247/
[rosmaster.master][INFO] 2023-03-29 16:49:46,222: -PUB [/steady_system/complete_state] /steady_state_checker_node http://aneesh-Swift:45247/
[rosmaster.master][INFO] 2023-03-29 16:49:46,222: -PUB [/actual_system/force] /steady_state_checker_node http://aneesh-Swift:45247/
[rosmaster.master][INFO] 2023-03-29 16:49:46,222: -PUB [/steady_system/velocity] /steady_state_checker_node http://aneesh-Swift:45247/
[rosmaster.master][INFO] 2023-03-29 16:49:46,223: -SERVICE [/steady_state_checker_node/get_loggers] /steady_state_checker_node rosrpc://aneesh-Swift:43099
[rosmaster.master][INFO] 2023-03-29 16:49:46,223: -SERVICE [/steady_state_checker_node/set_logger_level] /steady_state_checker_node rosrpc://aneesh-Swift:43099
[rosmaster.master][INFO] 2023-03-29 16:49:46,223: publisherUpdate[/rosout] -> http://aneesh-Swift:34031/ ['http://aneesh-Swift:36809/', 'http://aneesh-Swift:41579/']
[rosmaster.master][INFO] 2023-03-29 16:49:46,226: publisherUpdate[/rosout] -> http://aneesh-Swift:34031/ ['http://aneesh-Swift:36809/', 'http://aneesh-Swift:41579/']: sec=0.00, result=[1, '', 0]
[rosmaster.master][INFO] 2023-03-29 16:49:46,226: publisherUpdate[/steady_system/complete_pose] -> http://aneesh-Swift:41579/ []
[rosmaster.master][INFO] 2023-03-29 16:49:46,230: publisherUpdate[/actual_system/force] -> http://aneesh-Swift:36809/ []
[rosmaster.master][INFO] 2023-03-29 16:49:46,231: publisherUpdate[/steady_system/complete_pose] -> http://aneesh-Swift:41579/ []: sec=0.00, result=[1, '', 0]
[rosmaster.master][INFO] 2023-03-29 16:49:46,231: publisherUpdate[/steady_system/velocity] -> http://aneesh-Swift:41579/ []
[rosmaster.master][INFO] 2023-03-29 16:49:46,232: publisherUpdate[/steady_system/velocity] -> http://aneesh-Swift:41579/ []: sec=0.00, result=[1, '', 0]
[rosmaster.master][INFO] 2023-03-29 16:49:46,236: publisherUpdate[/actual_system/force] -> http://aneesh-Swift:36809/ []: sec=0.01, result=[1, '', 0]
[rosmaster.master][INFO] 2023-03-29 16:49:46,437: -PUB [/rosout] /actual_system/simluator http://aneesh-Swift:36809/
[rosmaster.master][INFO] 2023-03-29 16:49:46,437: -PUB [/actual_system/reset] /actual_system/simluator http://aneesh-Swift:36809/
[rosmaster.master][INFO] 2023-03-29 16:49:46,438: -PUB [/actual_system/slopes] /actual_system/simluator http://aneesh-Swift:36809/
[rosmaster.master][INFO] 2023-03-29 16:49:46,438: -PUB [/actual_system/state] /actual_system/simluator http://aneesh-Swift:36809/
[rosmaster.master][INFO] 2023-03-29 16:49:46,438: -PUB [/actual_system/complete_state] /actual_system/simluator http://aneesh-Swift:36809/
[rosmaster.master][INFO] 2023-03-29 16:49:46,439: -PUB [/actual_system/velocity] /actual_system/simluator http://aneesh-Swift:36809/
[rosmaster.master][INFO] 2023-03-29 16:49:46,439: -PUB [/actual_system/complete_pose] /actual_system/simluator http://aneesh-Swift:36809/
[rosmaster.master][INFO] 2023-03-29 16:49:46,440: -SUB [/actual_system/force] /actual_system/simluator http://aneesh-Swift:36809/
[rosmaster.master][INFO] 2023-03-29 16:49:46,440: -SUB [/actual_system/reset] /actual_system/simluator http://aneesh-Swift:36809/
[rosmaster.master][INFO] 2023-03-29 16:49:46,445: -SERVICE [/actual_system/simluator/get_loggers] /actual_system/simluator rosrpc://aneesh-Swift:46461
[rosmaster.master][INFO] 2023-03-29 16:49:46,446: -SERVICE [/actual_system/simluator/set_logger_level] /actual_system/simluator rosrpc://aneesh-Swift:46461
[rosmaster.master][INFO] 2023-03-29 16:49:46,520: publisherUpdate[/rosout] -> http://aneesh-Swift:34031/ ['http://aneesh-Swift:41579/']
[rosmaster.master][INFO] 2023-03-29 16:49:46,520: publisherUpdate[/rosout] -> http://aneesh-Swift:34031/ ['http://aneesh-Swift:41579/']: sec=0.00, result=[1, '', 0]
[rosmaster.master][INFO] 2023-03-29 16:49:46,521: publisherUpdate[/actual_system/reset] -> http://aneesh-Swift:36809/ ['http://aneesh-Swift:41579/']
[rosmaster.master][INFO] 2023-03-29 16:49:46,521: publisherUpdate[/actual_system/reset] -> http://aneesh-Swift:36809/ ['http://aneesh-Swift:41579/']: sec=0.00, exception=[Errno 111] Connection refused
[rosmaster.threadpool][ERROR] 2023-03-29 16:49:46,523: Traceback (most recent call last):
  File "/opt/ros/noetic/lib/python3/dist-packages/rosmaster/threadpool.py", line 218, in run
    result = cmd(*args)
  File "/opt/ros/noetic/lib/python3/dist-packages/rosmaster/master_api.py", line 210, in publisher_update_task
    ret = xmlrpcapi(api).publisherUpdate('/master', topic, pub_uris)
  File "/usr/lib/python3.8/xmlrpc/client.py", line 1109, in __call__
    return self.__send(self.__name, args)
  File "/usr/lib/python3.8/xmlrpc/client.py", line 1450, in __request
    response = self.__transport.request(
  File "/usr/lib/python3.8/xmlrpc/client.py", line 1153, in request
    return self.single_request(host, handler, request_body, verbose)
  File "/usr/lib/python3.8/xmlrpc/client.py", line 1165, in single_request
    http_conn = self.send_request(host, handler, request_body, verbose)
  File "/usr/lib/python3.8/xmlrpc/client.py", line 1278, in send_request
    self.send_content(connection, request_body)
  File "/usr/lib/python3.8/xmlrpc/client.py", line 1308, in send_content
    connection.endheaders(request_body)
  File "/usr/lib/python3.8/http/client.py", line 1251, in endheaders
    self._send_output(message_body, encode_chunked=encode_chunked)
  File "/usr/lib/python3.8/http/client.py", line 1011, in _send_output
    self.send(msg)
  File "/usr/lib/python3.8/http/client.py", line 951, in send
    self.connect()
  File "/usr/lib/python3.8/http/client.py", line 922, in connect
    self.sock = self._create_connection(
  File "/usr/lib/python3.8/socket.py", line 808, in create_connection
    raise err
  File "/usr/lib/python3.8/socket.py", line 796, in create_connection
    sock.connect(sa)
ConnectionRefusedError: [Errno 111] Connection refused

[rosmaster.master][INFO] 2023-03-29 16:49:46,873: -SUB [/steady_system/complete_pose] /controller http://aneesh-Swift:41579/
[rosmaster.master][INFO] 2023-03-29 16:49:46,873: -SUB [/steady_system/velocity] /controller http://aneesh-Swift:41579/
[rosmaster.master][INFO] 2023-03-29 16:49:46,873: -PUB [/rosout] /controller http://aneesh-Swift:41579/
[rosmaster.master][INFO] 2023-03-29 16:49:46,873: -PUB [/steady_system/force] /controller http://aneesh-Swift:41579/
[rosmaster.master][INFO] 2023-03-29 16:49:46,873: -PUB [/actual_system/reset] /controller http://aneesh-Swift:41579/
[rosmaster.master][INFO] 2023-03-29 16:49:46,873: -PUB [/actual_system/target] /controller http://aneesh-Swift:41579/
[rosmaster.master][INFO] 2023-03-29 16:49:46,874: -PUB [/actual_system/radius] /controller http://aneesh-Swift:41579/
[rosmaster.master][INFO] 2023-03-29 16:49:46,874: -SERVICE [/controller/get_loggers] /controller rosrpc://aneesh-Swift:34951
[rosmaster.master][INFO] 2023-03-29 16:49:46,874: -SERVICE [/controller/set_logger_level] /controller rosrpc://aneesh-Swift:34951
[rosmaster.master][INFO] 2023-03-29 16:49:46,924: publisherUpdate[/rosout] -> http://aneesh-Swift:34031/ []
[rosmaster.master][INFO] 2023-03-29 16:49:46,925: publisherUpdate[/rosout] -> http://aneesh-Swift:34031/ []: sec=0.00, result=[1, '', 0]
[rosmaster.master][INFO] 2023-03-29 16:49:47,927: -PUB [/rosout_agg] /rosout http://aneesh-Swift:34031/
[rosmaster.master][INFO] 2023-03-29 16:49:47,927: -SUB [/rosout] /rosout http://aneesh-Swift:34031/
[rosmaster.master][INFO] 2023-03-29 16:49:47,928: -SERVICE [/rosout/get_loggers] /rosout rosrpc://aneesh-Swift:54457
[rosmaster.master][INFO] 2023-03-29 16:49:47,928: -SERVICE [/rosout/set_logger_level] /rosout rosrpc://aneesh-Swift:54457
[rosmaster.main][INFO] 2023-03-29 16:49:48,024: keyboard interrupt, will exit
[rosmaster.main][INFO] 2023-03-29 16:49:48,025: stopping master...
[rospy.core][INFO] 2023-03-29 16:49:48,025: signal_shutdown [atexit]
