[rospy.client][INFO] 2023-03-17 09:35:31,579: init_node, name[/controller], pid[2243]
[xmlrpc][INFO] 2023-03-17 09:35:31,579: XML-RPC server binding to 0.0.0.0:0
[xmlrpc][INFO] 2023-03-17 09:35:31,579: Started XML-RPC server [http://aneesh-Swift:37735/]
[rospy.impl.masterslave][INFO] 2023-03-17 09:35:31,579: _ready: http://aneesh-Swift:37735/
[rospy.init][INFO] 2023-03-17 09:35:31,580: ROS Slave URI: [http://aneesh-Swift:37735/]
[rospy.registration][INFO] 2023-03-17 09:35:31,581: Registering with master node http://localhost:11311
[xmlrpc][INFO] 2023-03-17 09:35:31,581: xml rpc node: starting XML-RPC server
[rospy.init][INFO] 2023-03-17 09:35:31,681: registered with master
[rospy.rosout][INFO] 2023-03-17 09:35:31,681: initializing /rosout core topic
[rospy.rosout][INFO] 2023-03-17 09:35:31,683: connected to core topic /rosout
[rospy.simtime][INFO] 2023-03-17 09:35:31,684: /use_sim_time is not set, will not subscribe to simulated time [/clock] topic
[rospy.internal][INFO] 2023-03-17 09:35:31,698: topic[/steady_system/complete_pose] adding connection to [http://aneesh-Swift:46499/], count 0
[rospy.internal][INFO] 2023-03-17 09:35:31,699: topic[/steady_system/velocity] adding connection to [http://aneesh-Swift:46499/], count 0
[rospy.internal][INFO] 2023-03-17 09:35:31,744: topic[/steady_system/force] adding connection to [/steady_state_checker_node], count 0
[rospy.internal][INFO] 2023-03-17 09:35:31,939: topic[/rosout] adding connection to [/rosout], count 0
[rospy.internal][INFO] 2023-03-17 09:35:31,941: topic[/actual_system/reset] adding connection to [/actual_system/simluator], count 0
[rospy.internal][INFO] 2023-03-17 09:35:31,984: topic[/steady_system/complete_pose] removing connection to http://aneesh-Swift:46499/
[rospy.internal][INFO] 2023-03-17 09:35:31,984: topic[/steady_system/velocity] removing connection to http://aneesh-Swift:46499/
[rospy.core][INFO] 2023-03-17 09:35:31,984: signal_shutdown [signal-2]
[rospy.internal][INFO] 2023-03-17 09:35:31,985: topic[/steady_system/force] removing connection to /steady_state_checker_node
[rospy.internal][INFO] 2023-03-17 09:35:31,988: topic[/rosout] removing connection to /rosout
[rospy.internal][INFO] 2023-03-17 09:35:31,988: topic[/actual_system/reset] removing connection to /actual_system/simluator
[rospy.impl.masterslave][INFO] 2023-03-17 09:35:31,989: signal-2
[rospy.core][INFO] 2023-03-17 04:03:03,935: signal_shutdown [atexit]
