[rospy.client][INFO] 2023-03-17 04:04:55,851: init_node, name[/controller], pid[3606]
[xmlrpc][INFO] 2023-03-17 04:04:55,851: XML-RPC server binding to 0.0.0.0:0
[xmlrpc][INFO] 2023-03-17 04:04:55,851: Started XML-RPC server [http://aneesh-Swift:40815/]
[rospy.init][INFO] 2023-03-17 04:04:55,851: ROS Slave URI: [http://aneesh-Swift:40815/]
[rospy.impl.masterslave][INFO] 2023-03-17 04:04:55,852: _ready: http://aneesh-Swift:40815/
[rospy.registration][INFO] 2023-03-17 04:04:55,852: Registering with master node http://localhost:11311
[xmlrpc][INFO] 2023-03-17 04:04:55,852: xml rpc node: starting XML-RPC server
[rospy.init][INFO] 2023-03-17 04:04:55,952: registered with master
[rospy.rosout][INFO] 2023-03-17 04:04:55,952: initializing /rosout core topic
[rospy.rosout][INFO] 2023-03-17 04:04:55,954: connected to core topic /rosout
[rospy.simtime][INFO] 2023-03-17 04:04:55,955: /use_sim_time is not set, will not subscribe to simulated time [/clock] topic
[rospy.internal][INFO] 2023-03-17 04:04:55,970: topic[/steady_system/complete_pose] adding connection to [http://aneesh-Swift:39319/], count 0
[rospy.internal][INFO] 2023-03-17 04:04:55,971: topic[/steady_system/velocity] adding connection to [http://aneesh-Swift:39319/], count 0
[rospy.internal][INFO] 2023-03-17 04:04:55,980: topic[/steady_system/force] adding connection to [/steady_state_checker_node], count 0
[rospy.internal][INFO] 2023-03-17 04:04:56,177: topic[/rosout] adding connection to [/rosout], count 0
[rospy.internal][INFO] 2023-03-17 04:04:56,178: topic[/actual_system/reset] adding connection to [/actual_system/simluator], count 0
[rospy.core][INFO] 2023-03-17 09:31:31,329: signal_shutdown [atexit]
[rospy.internal][INFO] 2023-03-17 09:31:31,332: topic[/rosout] removing connection to /rosout
[rospy.internal][INFO] 2023-03-17 09:31:31,332: topic[/steady_system/force] removing connection to /steady_state_checker_node
[rospy.internal][INFO] 2023-03-17 09:31:31,333: topic[/actual_system/reset] removing connection to /actual_system/simluator
[rospy.internal][INFO] 2023-03-17 09:31:31,333: topic[/steady_system/complete_pose] removing connection to http://aneesh-Swift:39319/
[rospy.internal][INFO] 2023-03-17 09:31:31,333: topic[/steady_system/complete_pose] removing connection to http://aneesh-Swift:39319/
[rospy.topics][ERROR] 2023-03-17 09:31:31,334: Traceback (most recent call last):
  File "/opt/ros/noetic/lib/python3/dist-packages/rospy/topics.py", line 326, in close
    c.close()
  File "/opt/ros/noetic/lib/python3/dist-packages/rospy/impl/tcpros_base.py", line 858, in close
    self.socket.close()
AttributeError: 'NoneType' object has no attribute 'close'

[rospy.internal][INFO] 2023-03-17 09:31:31,334: topic[/steady_system/velocity] removing connection to http://aneesh-Swift:39319/
[rospy.internal][INFO] 2023-03-17 09:31:31,334: topic[/steady_system/velocity] removing connection to http://aneesh-Swift:39319/
[rospy.topics][ERROR] 2023-03-17 09:31:31,335: Traceback (most recent call last):
  File "/opt/ros/noetic/lib/python3/dist-packages/rospy/topics.py", line 326, in close
    c.close()
  File "/opt/ros/noetic/lib/python3/dist-packages/rospy/impl/tcpros_base.py", line 858, in close
    self.socket.close()
AttributeError: 'NoneType' object has no attribute 'close'

[rospy.impl.masterslave][INFO] 2023-03-17 09:31:31,335: atexit
