[rosmaster.main][INFO] 2023-03-17 04:04:53,561: initialization complete, waiting for shutdown
[rosmaster.main][INFO] 2023-03-17 04:04:53,561: Starting ROS Master Node
[xmlrpc][INFO] 2023-03-17 04:04:53,562: XML-RPC server binding to 0.0.0.0:11311
[xmlrpc][INFO] 2023-03-17 04:04:53,562: Started XML-RPC server [http://aneesh-Swift:11311/]
[rosmaster.master][INFO] 2023-03-17 04:04:53,562: Master initialized: port[11311], uri[http://aneesh-Swift:11311/]
[xmlrpc][INFO] 2023-03-17 04:04:53,562: xml rpc node: starting XML-RPC server
[rosmaster.master][INFO] 2023-03-17 04:04:53,657: +PARAM [/run_id] by /roslaunch
[rosmaster.master][INFO] 2023-03-17 04:04:53,658: +PARAM [/roslaunch/uris/host_aneesh_swift__46341] by /roslaunch
[rosmaster.master][INFO] 2023-03-17 04:04:53,707: +PARAM [/rosversion] by /roslaunch
[rosmaster.master][INFO] 2023-03-17 04:04:53,708: +PARAM [/rosdistro] by /roslaunch
[rosmaster.master][INFO] 2023-03-17 04:04:53,722: +SERVICE [/rosout/get_loggers] /rosout http://aneesh-Swift:40643/
[rosmaster.master][INFO] 2023-03-17 04:04:53,723: +SERVICE [/rosout/set_logger_level] /rosout http://aneesh-Swift:40643/
[rosmaster.master][INFO] 2023-03-17 04:04:53,724: +PUB [/rosout_agg] /rosout http://aneesh-Swift:40643/
[rosmaster.master][INFO] 2023-03-17 04:04:53,727: +SUB [/rosout] /rosout http://aneesh-Swift:40643/
[rosmaster.master][INFO] 2023-03-17 04:04:53,748: +PUB [/rosout] /actual_system/simluator http://aneesh-Swift:46165/
[rosmaster.master][INFO] 2023-03-17 04:04:53,749: +SERVICE [/actual_system/simluator/get_loggers] /actual_system/simluator http://aneesh-Swift:46165/
[rosmaster.master][INFO] 2023-03-17 04:04:53,749: +SERVICE [/actual_system/simluator/set_logger_level] /actual_system/simluator http://aneesh-Swift:46165/
[rosmaster.master][INFO] 2023-03-17 04:04:53,753: +SUB [/actual_system/force] /actual_system/simluator http://aneesh-Swift:46165/
[rosmaster.master][INFO] 2023-03-17 04:04:53,758: +SUB [/actual_system/reset] /actual_system/simluator http://aneesh-Swift:46165/
[rosmaster.master][INFO] 2023-03-17 04:04:53,759: +PUB [/actual_system/reset] /actual_system/simluator http://aneesh-Swift:46165/
[rosmaster.master][INFO] 2023-03-17 04:04:53,760: +PUB [/actual_system/slopes] /actual_system/simluator http://aneesh-Swift:46165/
[rosmaster.master][INFO] 2023-03-17 04:04:53,762: publisherUpdate[/rosout] -> http://aneesh-Swift:40643/ ['http://aneesh-Swift:46165/']
[rosmaster.master][INFO] 2023-03-17 04:04:53,762: publisherUpdate[/actual_system/reset] -> http://aneesh-Swift:46165/ ['http://aneesh-Swift:46165/']
[rosmaster.master][INFO] 2023-03-17 04:04:53,764: +PUB [/actual_system/state] /actual_system/simluator http://aneesh-Swift:46165/
[rosmaster.master][INFO] 2023-03-17 04:04:53,767: +PUB [/actual_system/complete_state] /actual_system/simluator http://aneesh-Swift:46165/
[rosmaster.master][INFO] 2023-03-17 04:04:53,767: +PUB [/actual_system/velocity] /actual_system/simluator http://aneesh-Swift:46165/
[rosmaster.master][INFO] 2023-03-17 04:04:53,768: publisherUpdate[/actual_system/reset] -> http://aneesh-Swift:46165/ ['http://aneesh-Swift:46165/']: sec=0.00, result=[1, '', 0]
[rosmaster.master][INFO] 2023-03-17 04:04:53,770: publisherUpdate[/rosout] -> http://aneesh-Swift:40643/ ['http://aneesh-Swift:46165/']: sec=0.01, result=[1, '', 0]
[rosmaster.master][INFO] 2023-03-17 04:04:53,770: +PUB [/actual_system/complete_pose] /actual_system/simluator http://aneesh-Swift:46165/
[rosmaster.master][INFO] 2023-03-17 04:04:54,259: +PUB [/rosout] /steady_state_checker_node http://aneesh-Swift:39319/
[rosmaster.master][INFO] 2023-03-17 04:04:54,262: +SERVICE [/steady_state_checker_node/get_loggers] /steady_state_checker_node http://aneesh-Swift:39319/
[rosmaster.master][INFO] 2023-03-17 04:04:54,263: +SERVICE [/steady_state_checker_node/set_logger_level] /steady_state_checker_node http://aneesh-Swift:39319/
[rosmaster.master][INFO] 2023-03-17 04:04:54,265: +PUB [/steady_system/state] /steady_state_checker_node http://aneesh-Swift:39319/
[rosmaster.master][INFO] 2023-03-17 04:04:54,266: +PUB [/steady_system/complete_pose] /steady_state_checker_node http://aneesh-Swift:39319/
[rosmaster.master][INFO] 2023-03-17 04:04:54,267: +PUB [/steady_system/complete_state] /steady_state_checker_node http://aneesh-Swift:39319/
[rosmaster.master][INFO] 2023-03-17 04:04:54,268: +PUB [/actual_system/force] /steady_state_checker_node http://aneesh-Swift:39319/
[rosmaster.master][INFO] 2023-03-17 04:04:54,269: +PUB [/steady_system/velocity] /steady_state_checker_node http://aneesh-Swift:39319/
[rosmaster.master][INFO] 2023-03-17 04:04:54,270: publisherUpdate[/rosout] -> http://aneesh-Swift:40643/ ['http://aneesh-Swift:46165/', 'http://aneesh-Swift:39319/']
[rosmaster.master][INFO] 2023-03-17 04:04:54,270: publisherUpdate[/actual_system/force] -> http://aneesh-Swift:46165/ ['http://aneesh-Swift:39319/']
[rosmaster.master][INFO] 2023-03-17 04:04:54,271: publisherUpdate[/actual_system/force] -> http://aneesh-Swift:46165/ ['http://aneesh-Swift:39319/']: sec=0.00, result=[1, '', 0]
[rosmaster.master][INFO] 2023-03-17 04:04:54,272: publisherUpdate[/rosout] -> http://aneesh-Swift:40643/ ['http://aneesh-Swift:46165/', 'http://aneesh-Swift:39319/']: sec=0.00, result=[1, '', 0]
[rosmaster.master][INFO] 2023-03-17 04:04:54,272: +SUB [/actual_system/state] /steady_state_checker_node http://aneesh-Swift:39319/
[rosmaster.master][INFO] 2023-03-17 04:04:54,275: +SUB [/actual_system/complete_pose] /steady_state_checker_node http://aneesh-Swift:39319/
[rosmaster.master][INFO] 2023-03-17 04:04:54,278: +SUB [/actual_system/complete_state] /steady_state_checker_node http://aneesh-Swift:39319/
[rosmaster.master][INFO] 2023-03-17 04:04:54,283: +SUB [/steady_system/force] /steady_state_checker_node http://aneesh-Swift:39319/
[rosmaster.master][INFO] 2023-03-17 04:04:55,954: +PUB [/rosout] /controller http://aneesh-Swift:40815/
[rosmaster.master][INFO] 2023-03-17 04:04:55,956: +SERVICE [/controller/get_loggers] /controller http://aneesh-Swift:40815/
[rosmaster.master][INFO] 2023-03-17 04:04:55,958: +SERVICE [/controller/set_logger_level] /controller http://aneesh-Swift:40815/
[rosmaster.master][INFO] 2023-03-17 04:04:55,959: +PUB [/steady_system/force] /controller http://aneesh-Swift:40815/
[rosmaster.master][INFO] 2023-03-17 04:04:55,960: +PUB [/actual_system/reset] /controller http://aneesh-Swift:40815/
[rosmaster.master][INFO] 2023-03-17 04:04:55,961: +PUB [/actual_system/target] /controller http://aneesh-Swift:40815/
[rosmaster.master][INFO] 2023-03-17 04:04:55,962: +PUB [/actual_system/radius] /controller http://aneesh-Swift:40815/
[rosmaster.master][INFO] 2023-03-17 04:04:55,964: +SUB [/steady_system/complete_pose] /controller http://aneesh-Swift:40815/
[rosmaster.master][INFO] 2023-03-17 04:04:55,966: +SUB [/steady_system/velocity] /controller http://aneesh-Swift:40815/
[rosmaster.master][INFO] 2023-03-17 04:04:55,974: publisherUpdate[/rosout] -> http://aneesh-Swift:40643/ ['http://aneesh-Swift:46165/', 'http://aneesh-Swift:39319/', 'http://aneesh-Swift:40815/']
[rosmaster.master][INFO] 2023-03-17 04:04:55,975: publisherUpdate[/steady_system/force] -> http://aneesh-Swift:39319/ ['http://aneesh-Swift:40815/']
[rosmaster.master][INFO] 2023-03-17 04:04:55,975: publisherUpdate[/rosout] -> http://aneesh-Swift:40643/ ['http://aneesh-Swift:46165/', 'http://aneesh-Swift:39319/', 'http://aneesh-Swift:40815/']: sec=0.00, result=[1, '', 0]
[rosmaster.master][INFO] 2023-03-17 04:04:55,976: publisherUpdate[/actual_system/reset] -> http://aneesh-Swift:46165/ ['http://aneesh-Swift:46165/', 'http://aneesh-Swift:40815/']
[rosmaster.master][INFO] 2023-03-17 04:04:55,977: publisherUpdate[/actual_system/reset] -> http://aneesh-Swift:46165/ ['http://aneesh-Swift:46165/', 'http://aneesh-Swift:40815/']: sec=0.00, result=[1, '', 0]
[rosmaster.master][INFO] 2023-03-17 04:04:55,977: publisherUpdate[/steady_system/force] -> http://aneesh-Swift:39319/ ['http://aneesh-Swift:40815/']: sec=0.00, result=[1, '', 0]
[rosmaster.master][INFO] 2023-03-17 09:31:31,330: -SUB [/steady_system/complete_pose] /controller http://aneesh-Swift:40815/
[rosmaster.master][INFO] 2023-03-17 09:31:31,330: -SUB [/steady_system/velocity] /controller http://aneesh-Swift:40815/
[rosmaster.master][INFO] 2023-03-17 09:31:31,330: -PUB [/rosout] /controller http://aneesh-Swift:40815/
[rosmaster.master][INFO] 2023-03-17 09:31:31,330: -PUB [/steady_system/force] /controller http://aneesh-Swift:40815/
[rosmaster.master][INFO] 2023-03-17 09:31:31,330: -PUB [/actual_system/reset] /controller http://aneesh-Swift:40815/
[rosmaster.master][INFO] 2023-03-17 09:31:31,331: -PUB [/actual_system/target] /controller http://aneesh-Swift:40815/
[rosmaster.master][INFO] 2023-03-17 09:31:31,331: -PUB [/actual_system/radius] /controller http://aneesh-Swift:40815/
[rosmaster.master][INFO] 2023-03-17 09:31:31,331: -SERVICE [/controller/get_loggers] /controller rosrpc://aneesh-Swift:39209
[rosmaster.master][INFO] 2023-03-17 09:31:31,331: -SERVICE [/controller/set_logger_level] /controller rosrpc://aneesh-Swift:39209
[rosmaster.master][INFO] 2023-03-17 09:31:31,399: publisherUpdate[/rosout] -> http://aneesh-Swift:40643/ ['http://aneesh-Swift:46165/', 'http://aneesh-Swift:39319/']
[rosmaster.master][INFO] 2023-03-17 09:31:31,400: publisherUpdate[/rosout] -> http://aneesh-Swift:40643/ ['http://aneesh-Swift:46165/', 'http://aneesh-Swift:39319/']: sec=0.00, result=[1, '', 0]
[rosmaster.master][INFO] 2023-03-17 09:31:31,401: publisherUpdate[/steady_system/force] -> http://aneesh-Swift:39319/ []
[rosmaster.master][INFO] 2023-03-17 09:31:31,402: publisherUpdate[/steady_system/force] -> http://aneesh-Swift:39319/ []: sec=0.00, result=[1, '', 0]
[rosmaster.master][INFO] 2023-03-17 09:31:31,402: publisherUpdate[/actual_system/reset] -> http://aneesh-Swift:46165/ ['http://aneesh-Swift:46165/']
[rosmaster.master][INFO] 2023-03-17 09:31:31,403: publisherUpdate[/actual_system/reset] -> http://aneesh-Swift:46165/ ['http://aneesh-Swift:46165/']: sec=0.00, result=[1, '', 0]
[rosmaster.master][INFO] 2023-03-17 12:54:06,606: -SUB [/actual_system/state] /steady_state_checker_node http://aneesh-Swift:39319/
[rosmaster.master][INFO] 2023-03-17 12:54:06,607: -SUB [/actual_system/complete_pose] /steady_state_checker_node http://aneesh-Swift:39319/
[rosmaster.master][INFO] 2023-03-17 12:54:06,607: -SUB [/actual_system/complete_state] /steady_state_checker_node http://aneesh-Swift:39319/
[rosmaster.master][INFO] 2023-03-17 12:54:06,607: -SUB [/steady_system/force] /steady_state_checker_node http://aneesh-Swift:39319/
[rosmaster.master][INFO] 2023-03-17 12:54:06,607: -PUB [/rosout] /steady_state_checker_node http://aneesh-Swift:39319/
[rosmaster.master][INFO] 2023-03-17 12:54:06,607: -PUB [/steady_system/state] /steady_state_checker_node http://aneesh-Swift:39319/
[rosmaster.master][INFO] 2023-03-17 12:54:06,607: -PUB [/steady_system/complete_pose] /steady_state_checker_node http://aneesh-Swift:39319/
[rosmaster.master][INFO] 2023-03-17 12:54:06,607: -PUB [/steady_system/complete_state] /steady_state_checker_node http://aneesh-Swift:39319/
[rosmaster.master][INFO] 2023-03-17 12:54:06,608: -PUB [/actual_system/force] /steady_state_checker_node http://aneesh-Swift:39319/
[rosmaster.master][INFO] 2023-03-17 12:54:06,608: -PUB [/steady_system/velocity] /steady_state_checker_node http://aneesh-Swift:39319/
[rosmaster.master][INFO] 2023-03-17 12:54:06,608: -SERVICE [/steady_state_checker_node/get_loggers] /steady_state_checker_node rosrpc://aneesh-Swift:35031
[rosmaster.master][INFO] 2023-03-17 12:54:06,608: -SERVICE [/steady_state_checker_node/set_logger_level] /steady_state_checker_node rosrpc://aneesh-Swift:35031
[rosmaster.master][INFO] 2023-03-17 12:54:06,694: -PUB [/rosout] /actual_system/simluator http://aneesh-Swift:46165/
[rosmaster.master][INFO] 2023-03-17 12:54:06,695: -PUB [/actual_system/reset] /actual_system/simluator http://aneesh-Swift:46165/
[rosmaster.master][INFO] 2023-03-17 12:54:06,695: -PUB [/actual_system/slopes] /actual_system/simluator http://aneesh-Swift:46165/
[rosmaster.master][INFO] 2023-03-17 12:54:06,696: -PUB [/actual_system/state] /actual_system/simluator http://aneesh-Swift:46165/
[rosmaster.master][INFO] 2023-03-17 12:54:06,696: -PUB [/actual_system/complete_state] /actual_system/simluator http://aneesh-Swift:46165/
[rosmaster.master][INFO] 2023-03-17 12:54:06,697: -PUB [/actual_system/velocity] /actual_system/simluator http://aneesh-Swift:46165/
[rosmaster.master][INFO] 2023-03-17 12:54:06,697: -PUB [/actual_system/complete_pose] /actual_system/simluator http://aneesh-Swift:46165/
[rosmaster.master][INFO] 2023-03-17 12:54:06,697: -SUB [/actual_system/force] /actual_system/simluator http://aneesh-Swift:46165/
[rosmaster.master][INFO] 2023-03-17 12:54:06,698: -SUB [/actual_system/reset] /actual_system/simluator http://aneesh-Swift:46165/
[rosmaster.master][INFO] 2023-03-17 12:54:06,699: -SERVICE [/actual_system/simluator/get_loggers] /actual_system/simluator rosrpc://aneesh-Swift:38673
[rosmaster.master][INFO] 2023-03-17 12:54:06,699: publisherUpdate[/rosout] -> http://aneesh-Swift:40643/ ['http://aneesh-Swift:46165/']
[rosmaster.master][INFO] 2023-03-17 12:54:06,699: publisherUpdate[/actual_system/force] -> http://aneesh-Swift:46165/ []
[rosmaster.master][INFO] 2023-03-17 12:54:06,700: -SERVICE [/actual_system/simluator/set_logger_level] /actual_system/simluator rosrpc://aneesh-Swift:38673
[rosmaster.master][INFO] 2023-03-17 12:54:06,701: publisherUpdate[/rosout] -> http://aneesh-Swift:40643/ ['http://aneesh-Swift:46165/']: sec=0.00, result=[1, '', 0]
[rosmaster.master][INFO] 2023-03-17 12:54:06,702: publisherUpdate[/rosout] -> http://aneesh-Swift:40643/ []
[rosmaster.master][INFO] 2023-03-17 12:54:06,703: publisherUpdate[/rosout] -> http://aneesh-Swift:40643/ []: sec=0.00, result=[1, '', 0]
[rosmaster.master][INFO] 2023-03-17 12:54:06,705: publisherUpdate[/actual_system/force] -> http://aneesh-Swift:46165/ []: sec=0.00, exception=[Errno 111] Connection refused
[rosmaster.threadpool][ERROR] 2023-03-17 12:54:06,707: Traceback (most recent call last):
  File "/opt/ros/noetic/lib/python3/dist-packages/rosmaster/threadpool.py", line 218, in run
    result = cmd(*args)
  File "/opt/ros/noetic/lib/python3/dist-packages/rosmaster/master_api.py", line 210, in publisher_update_task
    ret = xmlrpcapi(api).publisherUpdate('/master', topic, pub_uris)
  File "/usr/lib/python3.8/xmlrpc/client.py", line 1109, in __call__
    return self.__send(self.__name, args)
  File "/usr/lib/python3.8/xmlrpc/client.py", line 1450, in __request
    response = self.__transport.request(
  File "/usr/lib/python3.8/xmlrpc/client.py", line 1153, in request
    return self.single_request(host, handler, request_body, verbose)
  File "/usr/lib/python3.8/xmlrpc/client.py", line 1165, in single_request
    http_conn = self.send_request(host, handler, request_body, verbose)
  File "/usr/lib/python3.8/xmlrpc/client.py", line 1278, in send_request
    self.send_content(connection, request_body)
  File "/usr/lib/python3.8/xmlrpc/client.py", line 1308, in send_content
    connection.endheaders(request_body)
  File "/usr/lib/python3.8/http/client.py", line 1251, in endheaders
    self._send_output(message_body, encode_chunked=encode_chunked)
  File "/usr/lib/python3.8/http/client.py", line 1011, in _send_output
    self.send(msg)
  File "/usr/lib/python3.8/http/client.py", line 951, in send
    self.connect()
  File "/usr/lib/python3.8/http/client.py", line 922, in connect
    self.sock = self._create_connection(
  File "/usr/lib/python3.8/socket.py", line 808, in create_connection
    raise err
  File "/usr/lib/python3.8/socket.py", line 796, in create_connection
    sock.connect(sa)
ConnectionRefusedError: [Errno 111] Connection refused

[rosmaster.master][INFO] 2023-03-17 12:54:06,707: publisherUpdate[/actual_system/reset] -> http://aneesh-Swift:46165/ []
[rosmaster.master][INFO] 2023-03-17 12:54:06,707: publisherUpdate[/actual_system/reset] -> http://aneesh-Swift:46165/ []: sec=0.00, exception=[Errno 111] Connection refused
[rosmaster.threadpool][ERROR] 2023-03-17 12:54:06,708: Traceback (most recent call last):
  File "/opt/ros/noetic/lib/python3/dist-packages/rosmaster/threadpool.py", line 218, in run
    result = cmd(*args)
  File "/opt/ros/noetic/lib/python3/dist-packages/rosmaster/master_api.py", line 210, in publisher_update_task
    ret = xmlrpcapi(api).publisherUpdate('/master', topic, pub_uris)
  File "/usr/lib/python3.8/xmlrpc/client.py", line 1109, in __call__
    return self.__send(self.__name, args)
  File "/usr/lib/python3.8/xmlrpc/client.py", line 1450, in __request
    response = self.__transport.request(
  File "/usr/lib/python3.8/xmlrpc/client.py", line 1153, in request
    return self.single_request(host, handler, request_body, verbose)
  File "/usr/lib/python3.8/xmlrpc/client.py", line 1165, in single_request
    http_conn = self.send_request(host, handler, request_body, verbose)
  File "/usr/lib/python3.8/xmlrpc/client.py", line 1278, in send_request
    self.send_content(connection, request_body)
  File "/usr/lib/python3.8/xmlrpc/client.py", line 1308, in send_content
    connection.endheaders(request_body)
  File "/usr/lib/python3.8/http/client.py", line 1251, in endheaders
    self._send_output(message_body, encode_chunked=encode_chunked)
  File "/usr/lib/python3.8/http/client.py", line 1011, in _send_output
    self.send(msg)
  File "/usr/lib/python3.8/http/client.py", line 951, in send
    self.connect()
  File "/usr/lib/python3.8/http/client.py", line 922, in connect
    self.sock = self._create_connection(
  File "/usr/lib/python3.8/socket.py", line 808, in create_connection
    raise err
  File "/usr/lib/python3.8/socket.py", line 796, in create_connection
    sock.connect(sa)
ConnectionRefusedError: [Errno 111] Connection refused

[rosmaster.master][INFO] 2023-03-17 12:54:07,505: -PUB [/rosout_agg] /rosout http://aneesh-Swift:40643/
[rosmaster.master][INFO] 2023-03-17 12:54:07,506: -SUB [/rosout] /rosout http://aneesh-Swift:40643/
[rosmaster.master][INFO] 2023-03-17 12:54:07,506: -SERVICE [/rosout/get_loggers] /rosout rosrpc://aneesh-Swift:59591
[rosmaster.master][INFO] 2023-03-17 12:54:07,507: -SERVICE [/rosout/set_logger_level] /rosout rosrpc://aneesh-Swift:59591
[rosmaster.main][INFO] 2023-03-17 12:54:07,611: keyboard interrupt, will exit
[rosmaster.main][INFO] 2023-03-17 12:54:07,611: stopping master...
[rospy.core][INFO] 2023-03-17 12:54:07,611: signal_shutdown [atexit]
