[rospy.client][INFO] 2023-04-05 12:41:16,104: init_node, name[/controller], pid[32104]
[xmlrpc][INFO] 2023-04-05 12:41:16,105: XML-RPC server binding to 0.0.0.0:0
[xmlrpc][INFO] 2023-04-05 12:41:16,105: Started XML-RPC server [http://aneesh-Swift:40045/]
[rospy.impl.masterslave][INFO] 2023-04-05 12:41:16,105: _ready: http://aneesh-Swift:40045/
[rospy.init][INFO] 2023-04-05 12:41:16,105: ROS Slave URI: [http://aneesh-Swift:40045/]
[rospy.registration][INFO] 2023-04-05 12:41:16,106: Registering with master node http://localhost:11311
[xmlrpc][INFO] 2023-04-05 12:41:16,106: xml rpc node: starting XML-RPC server
[rospy.init][INFO] 2023-04-05 12:41:16,206: registered with master
[rospy.rosout][INFO] 2023-04-05 12:41:16,207: initializing /rosout core topic
[rospy.rosout][INFO] 2023-04-05 12:41:16,212: connected to core topic /rosout
[rospy.simtime][INFO] 2023-04-05 12:41:16,215: /use_sim_time is not set, will not subscribe to simulated time [/clock] topic
[rospy.internal][INFO] 2023-04-05 12:41:16,246: topic[/steady_system/complete_pose] adding connection to [http://aneesh-Swift:37573/], count 0
[rospy.internal][INFO] 2023-04-05 12:41:16,248: topic[/steady_system/velocity] adding connection to [http://aneesh-Swift:37573/], count 0
[rospy.internal][INFO] 2023-04-05 12:41:16,265: topic[/steady_system/force] adding connection to [/steady_state_checker_node], count 0
[rospy.internal][INFO] 2023-04-05 12:41:16,456: topic[/rosout] adding connection to [/rosout], count 0
[rospy.internal][INFO] 2023-04-05 12:41:16,460: topic[/actual_system/reset] adding connection to [/actual_system/simluator], count 0
[rospy.core][INFO] 2023-04-05 12:41:34,403: signal_shutdown [atexit]
[rospy.internal][INFO] 2023-04-05 12:41:34,406: topic[/rosout] removing connection to /rosout
[rospy.internal][INFO] 2023-04-05 12:41:34,406: topic[/steady_system/force] removing connection to /steady_state_checker_node
[rospy.internal][INFO] 2023-04-05 12:41:34,406: topic[/actual_system/reset] removing connection to /actual_system/simluator
[rospy.internal][INFO] 2023-04-05 12:41:34,407: topic[/steady_system/complete_pose] removing connection to http://aneesh-Swift:37573/
[rospy.internal][INFO] 2023-04-05 12:41:34,407: topic[/steady_system/velocity] removing connection to http://aneesh-Swift:37573/
[rospy.impl.masterslave][INFO] 2023-04-05 12:41:34,407: atexit
