[rospy.client][INFO] 2023-03-31 03:02:18,096: init_node, name[/controller], pid[18942]
[xmlrpc][INFO] 2023-03-31 03:02:18,097: XML-RPC server binding to 0.0.0.0:0
[xmlrpc][INFO] 2023-03-31 03:02:18,097: Started XML-RPC server [http://aneesh-Swift:38887/]
[rospy.init][INFO] 2023-03-31 03:02:18,097: ROS Slave URI: [http://aneesh-Swift:38887/]
[rospy.impl.masterslave][INFO] 2023-03-31 03:02:18,097: _ready: http://aneesh-Swift:38887/
[rospy.registration][INFO] 2023-03-31 03:02:18,098: Registering with master node http://localhost:11311
[xmlrpc][INFO] 2023-03-31 03:02:18,098: xml rpc node: starting XML-RPC server
[rospy.init][INFO] 2023-03-31 03:02:18,198: registered with master
[rospy.rosout][INFO] 2023-03-31 03:02:18,198: initializing /rosout core topic
[rospy.rosout][INFO] 2023-03-31 03:02:18,200: connected to core topic /rosout
[rospy.simtime][INFO] 2023-03-31 03:02:18,201: /use_sim_time is not set, will not subscribe to simulated time [/clock] topic
[rospy.internal][INFO] 2023-03-31 03:02:18,211: topic[/steady_system/force] adding connection to [/steady_state_checker_node], count 0
[rospy.internal][INFO] 2023-03-31 03:02:18,214: topic[/steady_system/complete_pose] adding connection to [http://aneesh-Swift:37115/], count 0
[rospy.internal][INFO] 2023-03-31 03:02:18,215: topic[/steady_system/velocity] adding connection to [http://aneesh-Swift:37115/], count 0
[rospy.internal][INFO] 2023-03-31 03:02:18,406: topic[/rosout] adding connection to [/rosout], count 0
[rospy.internal][INFO] 2023-03-31 03:02:18,409: topic[/actual_system/reset] adding connection to [/actual_system/simluator], count 0
[rospy.internal][INFO] 2023-03-31 03:02:21,214: topic[/rosout] removing connection to /rosout
[rospy.core][INFO] 2023-03-31 03:04:59,784: signal_shutdown [signal-2]
[rospy.registration][WARNING] 2023-03-31 03:04:59,785: cannot unregister with master due to network issues
[rospy.internal][INFO] 2023-03-31 03:04:59,786: topic[/steady_system/force] removing connection to /steady_state_checker_node
[rospy.internal][INFO] 2023-03-31 03:04:59,788: topic[/actual_system/reset] removing connection to /actual_system/simluator
[rospy.internal][INFO] 2023-03-31 03:04:59,788: topic[/steady_system/complete_pose] removing connection to http://aneesh-Swift:37115/
[rospy.internal][INFO] 2023-03-31 03:04:59,789: topic[/steady_system/complete_pose] removing connection to http://aneesh-Swift:37115/
[rospy.internal][INFO] 2023-03-31 03:04:59,789: topic[/steady_system/velocity] removing connection to http://aneesh-Swift:37115/
[rospy.internal][INFO] 2023-03-31 03:04:59,789: topic[/steady_system/velocity] removing connection to http://aneesh-Swift:37115/
[rospy.topics][ERROR] 2023-03-31 03:04:59,790: Traceback (most recent call last):
  File "/opt/ros/noetic/lib/python3/dist-packages/rospy/topics.py", line 326, in close
    c.close()
  File "/opt/ros/noetic/lib/python3/dist-packages/rospy/impl/tcpros_base.py", line 858, in close
    self.socket.close()
AttributeError: 'NoneType' object has no attribute 'close'

[rospy.impl.masterslave][INFO] 2023-03-31 03:04:59,791: signal-2
[rospy.core][INFO] 2023-03-31 03:05:00,386: signal_shutdown [atexit]
