[rospy.client][INFO] 2023-03-31 02:59:03,602: init_node, name[/steady_state_checker_node], pid[18091]
[xmlrpc][INFO] 2023-03-31 02:59:03,602: XML-RPC server binding to 0.0.0.0:0
[xmlrpc][INFO] 2023-03-31 02:59:03,603: Started XML-RPC server [http://aneesh-Swift:45137/]
[rospy.init][INFO] 2023-03-31 02:59:03,603: ROS Slave URI: [http://aneesh-Swift:45137/]
[rospy.impl.masterslave][INFO] 2023-03-31 02:59:03,603: _ready: http://aneesh-Swift:45137/
[rospy.registration][INFO] 2023-03-31 02:59:03,604: Registering with master node http://localhost:11311
[xmlrpc][INFO] 2023-03-31 02:59:03,604: xml rpc node: starting XML-RPC server
[rospy.init][INFO] 2023-03-31 02:59:03,703: registered with master
[rospy.rosout][INFO] 2023-03-31 02:59:03,703: initializing /rosout core topic
[rospy.rosout][INFO] 2023-03-31 02:59:03,708: connected to core topic /rosout
[rospy.simtime][INFO] 2023-03-31 02:59:03,709: /use_sim_time is not set, will not subscribe to simulated time [/clock] topic
[rospy.internal][INFO] 2023-03-31 02:59:03,726: topic[/actual_system/state] adding connection to [http://aneesh-Swift:42199/], count 0
[rospy.internal][INFO] 2023-03-31 02:59:03,733: topic[/actual_system/complete_state] adding connection to [http://aneesh-Swift:42199/], count 0
[rospy.internal][INFO] 2023-03-31 02:59:03,735: topic[/actual_system/complete_pose] adding connection to [http://aneesh-Swift:42199/], count 0
[rospy.internal][INFO] 2023-03-31 02:59:03,953: topic[/rosout] adding connection to [/rosout], count 0
[rospy.internal][INFO] 2023-03-31 02:59:03,955: topic[/actual_system/force] adding connection to [/actual_system/simluator], count 0
[rospy.internal][INFO] 2023-03-31 02:59:06,041: topic[/steady_system/velocity] adding connection to [/controller], count 0
[rospy.internal][INFO] 2023-03-31 02:59:06,042: topic[/steady_system/complete_pose] adding connection to [/controller], count 0
[rospy.internal][INFO] 2023-03-31 02:59:06,060: topic[/steady_system/force] adding connection to [http://aneesh-Swift:35843/], count 0
[rospy.internal][INFO] 2023-03-31 03:01:57,018: topic[/actual_system/state] adding connection to [http://aneesh-Swift:40603/], count 1
[rospy.internal][INFO] 2023-03-31 03:01:57,025: topic[/actual_system/complete_state] adding connection to [http://aneesh-Swift:40603/], count 1
[rospy.internal][INFO] 2023-03-31 03:01:57,031: topic[/actual_system/complete_pose] adding connection to [http://aneesh-Swift:40603/], count 1
[rospy.internal][INFO] 2023-03-31 03:01:57,119: topic[/actual_system/state] removing connection to http://aneesh-Swift:42199/
[rospy.internal][INFO] 2023-03-31 03:01:57,120: topic[/actual_system/complete_state] removing connection to http://aneesh-Swift:42199/
[rospy.internal][INFO] 2023-03-31 03:01:57,122: topic[/actual_system/complete_pose] removing connection to http://aneesh-Swift:42199/
[rospy.internal][WARNING] 2023-03-31 03:01:57,211: Unknown error initiating TCP/IP socket to aneesh-Swift:41739 (http://aneesh-Swift:40603/): Traceback (most recent call last):
  File "/opt/ros/noetic/lib/python3/dist-packages/rospy/impl/tcpros_base.py", line 569, in connect
    self.read_header()
  File "/opt/ros/noetic/lib/python3/dist-packages/rospy/impl/tcpros_base.py", line 664, in read_header
    self._validate_header(read_ros_handshake_header(sock, self.read_buff, self.protocol.buff_size))
  File "/opt/ros/noetic/lib/python3/dist-packages/rosgraph/network.py", line 357, in read_ros_handshake_header
    d = sock.recv(buff_size)
ConnectionResetError: [Errno 104] Connection reset by peer

[rospy.internal][INFO] 2023-03-31 03:01:57,211: topic[/actual_system/state] removing connection to http://aneesh-Swift:40603/
[rospy.internal][WARNING] 2023-03-31 03:01:57,211: Unknown error initiating TCP/IP socket to aneesh-Swift:41739 (http://aneesh-Swift:40603/): Traceback (most recent call last):
  File "/opt/ros/noetic/lib/python3/dist-packages/rospy/impl/tcpros_base.py", line 569, in connect
    self.read_header()
  File "/opt/ros/noetic/lib/python3/dist-packages/rospy/impl/tcpros_base.py", line 664, in read_header
    self._validate_header(read_ros_handshake_header(sock, self.read_buff, self.protocol.buff_size))
  File "/opt/ros/noetic/lib/python3/dist-packages/rosgraph/network.py", line 357, in read_ros_handshake_header
    d = sock.recv(buff_size)
ConnectionResetError: [Errno 104] Connection reset by peer

[rospy.internal][INFO] 2023-03-31 03:01:57,211: topic[/actual_system/complete_state] removing connection to http://aneesh-Swift:40603/
[rospy.internal][WARNING] 2023-03-31 03:01:57,212: Unknown error initiating TCP/IP socket to aneesh-Swift:41739 (http://aneesh-Swift:40603/): Traceback (most recent call last):
  File "/opt/ros/noetic/lib/python3/dist-packages/rospy/impl/tcpros_base.py", line 569, in connect
    self.read_header()
  File "/opt/ros/noetic/lib/python3/dist-packages/rospy/impl/tcpros_base.py", line 664, in read_header
    self._validate_header(read_ros_handshake_header(sock, self.read_buff, self.protocol.buff_size))
  File "/opt/ros/noetic/lib/python3/dist-packages/rosgraph/network.py", line 357, in read_ros_handshake_header
    d = sock.recv(buff_size)
ConnectionResetError: [Errno 104] Connection reset by peer

[rospy.internal][INFO] 2023-03-31 03:01:57,212: topic[/actual_system/complete_pose] removing connection to http://aneesh-Swift:40603/
[rospy.internal][INFO] 2023-03-31 03:01:57,530: topic[/actual_system/force] removing connection to /actual_system/simluator
[rospy.impl.masterslave][INFO] 2023-03-31 03:01:57,605: external shutdown request from [/master]: [/steady_state_checker_node] Reason: new node registered with same name
[rospy.core][INFO] 2023-03-31 03:01:57,605: signal_shutdown [external shutdown request from [/master]: [[/steady_state_checker_node] Reason: new node registered with same name]]
[rospy.internal][INFO] 2023-03-31 03:01:57,610: topic[/rosout] removing connection to /rosout
[rospy.internal][INFO] 2023-03-31 03:01:57,611: topic[/steady_system/complete_pose] removing connection to /controller
[rospy.internal][INFO] 2023-03-31 03:01:57,611: topic[/steady_system/velocity] removing connection to /controller
[rospy.internal][INFO] 2023-03-31 03:01:57,612: topic[/steady_system/force] removing connection to http://aneesh-Swift:35843/
[rospy.core][INFO] 2023-03-31 03:01:57,910: signal_shutdown [atexit]
