[rosmaster.main][INFO] 2023-03-29 17:43:02,655: initialization complete, waiting for shutdown
[rosmaster.main][INFO] 2023-03-29 17:43:02,655: Starting ROS Master Node
[xmlrpc][INFO] 2023-03-29 17:43:02,656: XML-RPC server binding to 0.0.0.0:11311
[xmlrpc][INFO] 2023-03-29 17:43:02,656: Started XML-RPC server [http://aneesh-Swift:11311/]
[rosmaster.master][INFO] 2023-03-29 17:43:02,656: Master initialized: port[11311], uri[http://aneesh-Swift:11311/]
[xmlrpc][INFO] 2023-03-29 17:43:02,657: xml rpc node: starting XML-RPC server
[rosmaster.master][INFO] 2023-03-29 17:43:02,688: +PARAM [/run_id] by /roslaunch
[rosmaster.master][INFO] 2023-03-29 17:43:02,690: +PARAM [/roslaunch/uris/host_aneesh_swift__40311] by /roslaunch
[rosmaster.master][INFO] 2023-03-29 17:43:02,751: +PARAM [/rosversion] by /roslaunch
[rosmaster.master][INFO] 2023-03-29 17:43:02,751: +PARAM [/rosdistro] by /roslaunch
[rosmaster.master][INFO] 2023-03-29 17:43:02,765: +SERVICE [/rosout/get_loggers] /rosout http://aneesh-Swift:42107/
[rosmaster.master][INFO] 2023-03-29 17:43:02,766: +SERVICE [/rosout/set_logger_level] /rosout http://aneesh-Swift:42107/
[rosmaster.master][INFO] 2023-03-29 17:43:02,767: +PUB [/rosout_agg] /rosout http://aneesh-Swift:42107/
[rosmaster.master][INFO] 2023-03-29 17:43:02,769: +SUB [/rosout] /rosout http://aneesh-Swift:42107/
[rosmaster.master][INFO] 2023-03-29 17:43:02,789: +PUB [/rosout] /actual_system/simluator http://aneesh-Swift:44435/
[rosmaster.master][INFO] 2023-03-29 17:43:02,789: +SERVICE [/actual_system/simluator/get_loggers] /actual_system/simluator http://aneesh-Swift:44435/
[rosmaster.master][INFO] 2023-03-29 17:43:02,790: +SERVICE [/actual_system/simluator/set_logger_level] /actual_system/simluator http://aneesh-Swift:44435/
[rosmaster.master][INFO] 2023-03-29 17:43:02,793: +SUB [/actual_system/force] /actual_system/simluator http://aneesh-Swift:44435/
[rosmaster.master][INFO] 2023-03-29 17:43:02,796: +SUB [/actual_system/reset] /actual_system/simluator http://aneesh-Swift:44435/
[rosmaster.master][INFO] 2023-03-29 17:43:02,796: +PUB [/actual_system/reset] /actual_system/simluator http://aneesh-Swift:44435/
[rosmaster.master][INFO] 2023-03-29 17:43:02,797: +PUB [/actual_system/slopes] /actual_system/simluator http://aneesh-Swift:44435/
[rosmaster.master][INFO] 2023-03-29 17:43:02,797: +PUB [/actual_system/state] /actual_system/simluator http://aneesh-Swift:44435/
[rosmaster.master][INFO] 2023-03-29 17:43:02,798: +PUB [/actual_system/complete_state] /actual_system/simluator http://aneesh-Swift:44435/
[rosmaster.master][INFO] 2023-03-29 17:43:02,798: +PUB [/actual_system/velocity] /actual_system/simluator http://aneesh-Swift:44435/
[rosmaster.master][INFO] 2023-03-29 17:43:02,799: +PUB [/actual_system/complete_pose] /actual_system/simluator http://aneesh-Swift:44435/
[rosmaster.master][INFO] 2023-03-29 17:43:02,856: publisherUpdate[/rosout] -> http://aneesh-Swift:42107/ ['http://aneesh-Swift:44435/']
[rosmaster.master][INFO] 2023-03-29 17:43:02,858: publisherUpdate[/actual_system/reset] -> http://aneesh-Swift:44435/ ['http://aneesh-Swift:44435/']
[rosmaster.master][INFO] 2023-03-29 17:43:02,860: publisherUpdate[/rosout] -> http://aneesh-Swift:42107/ ['http://aneesh-Swift:44435/']: sec=0.00, result=[1, '', 0]
[rosmaster.master][INFO] 2023-03-29 17:43:02,861: publisherUpdate[/actual_system/reset] -> http://aneesh-Swift:44435/ ['http://aneesh-Swift:44435/']: sec=0.00, result=[1, '', 0]
[rosmaster.master][INFO] 2023-03-29 17:43:03,262: +PUB [/rosout] /steady_state_checker_node http://aneesh-Swift:33137/
[rosmaster.master][INFO] 2023-03-29 17:43:03,265: +SERVICE [/steady_state_checker_node/get_loggers] /steady_state_checker_node http://aneesh-Swift:33137/
[rosmaster.master][INFO] 2023-03-29 17:43:03,266: +SERVICE [/steady_state_checker_node/set_logger_level] /steady_state_checker_node http://aneesh-Swift:33137/
[rosmaster.master][INFO] 2023-03-29 17:43:03,266: +PUB [/steady_system/state] /steady_state_checker_node http://aneesh-Swift:33137/
[rosmaster.master][INFO] 2023-03-29 17:43:03,268: +PUB [/steady_system/complete_pose] /steady_state_checker_node http://aneesh-Swift:33137/
[rosmaster.master][INFO] 2023-03-29 17:43:03,269: +PUB [/steady_system/complete_state] /steady_state_checker_node http://aneesh-Swift:33137/
[rosmaster.master][INFO] 2023-03-29 17:43:03,270: +PUB [/actual_system/force] /steady_state_checker_node http://aneesh-Swift:33137/
[rosmaster.master][INFO] 2023-03-29 17:43:03,271: +PUB [/steady_system/velocity] /steady_state_checker_node http://aneesh-Swift:33137/
[rosmaster.master][INFO] 2023-03-29 17:43:03,272: +SUB [/actual_system/state] /steady_state_checker_node http://aneesh-Swift:33137/
[rosmaster.master][INFO] 2023-03-29 17:43:03,274: +SUB [/actual_system/complete_pose] /steady_state_checker_node http://aneesh-Swift:33137/
[rosmaster.master][INFO] 2023-03-29 17:43:03,277: +SUB [/actual_system/complete_state] /steady_state_checker_node http://aneesh-Swift:33137/
[rosmaster.master][INFO] 2023-03-29 17:43:03,279: +SUB [/steady_system/force] /steady_state_checker_node http://aneesh-Swift:33137/
[rosmaster.master][INFO] 2023-03-29 17:43:03,359: publisherUpdate[/rosout] -> http://aneesh-Swift:42107/ ['http://aneesh-Swift:44435/', 'http://aneesh-Swift:33137/']
[rosmaster.master][INFO] 2023-03-29 17:43:03,360: publisherUpdate[/rosout] -> http://aneesh-Swift:42107/ ['http://aneesh-Swift:44435/', 'http://aneesh-Swift:33137/']: sec=0.00, result=[1, '', 0]
[rosmaster.master][INFO] 2023-03-29 17:43:03,361: publisherUpdate[/actual_system/force] -> http://aneesh-Swift:44435/ ['http://aneesh-Swift:33137/']
[rosmaster.master][INFO] 2023-03-29 17:43:03,362: publisherUpdate[/actual_system/force] -> http://aneesh-Swift:44435/ ['http://aneesh-Swift:33137/']: sec=0.00, result=[1, '', 0]
[rosmaster.master][INFO] 2023-03-29 17:43:04,847: +PUB [/rosout] /controller http://aneesh-Swift:38801/
[rosmaster.master][INFO] 2023-03-29 17:43:04,854: +SERVICE [/controller/get_loggers] /controller http://aneesh-Swift:38801/
[rosmaster.master][INFO] 2023-03-29 17:43:04,857: +SERVICE [/controller/set_logger_level] /controller http://aneesh-Swift:38801/
[rosmaster.master][INFO] 2023-03-29 17:43:04,860: +PUB [/steady_system/force] /controller http://aneesh-Swift:38801/
[rosmaster.master][INFO] 2023-03-29 17:43:04,862: +PUB [/actual_system/reset] /controller http://aneesh-Swift:38801/
[rosmaster.master][INFO] 2023-03-29 17:43:04,863: publisherUpdate[/rosout] -> http://aneesh-Swift:42107/ ['http://aneesh-Swift:44435/', 'http://aneesh-Swift:33137/', 'http://aneesh-Swift:38801/']
[rosmaster.master][INFO] 2023-03-29 17:43:04,864: publisherUpdate[/steady_system/force] -> http://aneesh-Swift:33137/ ['http://aneesh-Swift:38801/']
[rosmaster.master][INFO] 2023-03-29 17:43:04,864: publisherUpdate[/actual_system/reset] -> http://aneesh-Swift:44435/ ['http://aneesh-Swift:44435/', 'http://aneesh-Swift:38801/']
[rosmaster.master][INFO] 2023-03-29 17:43:04,866: publisherUpdate[/rosout] -> http://aneesh-Swift:42107/ ['http://aneesh-Swift:44435/', 'http://aneesh-Swift:33137/', 'http://aneesh-Swift:38801/']: sec=0.00, result=[1, '', 0]
[rosmaster.master][INFO] 2023-03-29 17:43:04,867: +PUB [/actual_system/target] /controller http://aneesh-Swift:38801/
[rosmaster.master][INFO] 2023-03-29 17:43:04,870: publisherUpdate[/actual_system/reset] -> http://aneesh-Swift:44435/ ['http://aneesh-Swift:44435/', 'http://aneesh-Swift:38801/']: sec=0.00, result=[1, '', 0]
[rosmaster.master][INFO] 2023-03-29 17:43:04,874: publisherUpdate[/steady_system/force] -> http://aneesh-Swift:33137/ ['http://aneesh-Swift:38801/']: sec=0.01, result=[1, '', 0]
[rosmaster.master][INFO] 2023-03-29 17:43:04,875: +PUB [/actual_system/radius] /controller http://aneesh-Swift:38801/
[rosmaster.master][INFO] 2023-03-29 17:43:04,881: +SUB [/steady_system/complete_pose] /controller http://aneesh-Swift:38801/
[rosmaster.master][INFO] 2023-03-29 17:43:04,885: +SUB [/steady_system/velocity] /controller http://aneesh-Swift:38801/
[rosmaster.master][INFO] 2023-03-29 18:53:25,253: -SUB [/steady_system/complete_pose] /controller http://aneesh-Swift:38801/
[rosmaster.master][INFO] 2023-03-29 18:53:25,254: -SUB [/steady_system/velocity] /controller http://aneesh-Swift:38801/
[rosmaster.master][INFO] 2023-03-29 18:53:25,255: -PUB [/rosout] /controller http://aneesh-Swift:38801/
[rosmaster.master][INFO] 2023-03-29 18:53:25,255: -PUB [/steady_system/force] /controller http://aneesh-Swift:38801/
[rosmaster.master][INFO] 2023-03-29 18:53:25,255: -PUB [/actual_system/reset] /controller http://aneesh-Swift:38801/
[rosmaster.master][INFO] 2023-03-29 18:53:25,255: -PUB [/actual_system/target] /controller http://aneesh-Swift:38801/
[rosmaster.master][INFO] 2023-03-29 18:53:25,255: -PUB [/actual_system/radius] /controller http://aneesh-Swift:38801/
[rosmaster.master][INFO] 2023-03-29 18:53:25,255: -SERVICE [/controller/get_loggers] /controller rosrpc://aneesh-Swift:38619
[rosmaster.master][INFO] 2023-03-29 18:53:25,255: -SERVICE [/controller/set_logger_level] /controller rosrpc://aneesh-Swift:38619
[rosmaster.master][INFO] 2023-03-29 18:53:25,256: -SUB [/actual_system/state] /steady_state_checker_node http://aneesh-Swift:33137/
[rosmaster.master][INFO] 2023-03-29 18:53:25,256: -SUB [/actual_system/complete_pose] /steady_state_checker_node http://aneesh-Swift:33137/
[rosmaster.master][INFO] 2023-03-29 18:53:25,256: -SUB [/actual_system/complete_state] /steady_state_checker_node http://aneesh-Swift:33137/
[rosmaster.master][INFO] 2023-03-29 18:53:25,256: -SUB [/steady_system/force] /steady_state_checker_node http://aneesh-Swift:33137/
[rosmaster.master][INFO] 2023-03-29 18:53:25,256: -PUB [/rosout] /steady_state_checker_node http://aneesh-Swift:33137/
[rosmaster.master][INFO] 2023-03-29 18:53:25,257: -PUB [/steady_system/state] /steady_state_checker_node http://aneesh-Swift:33137/
[rosmaster.master][INFO] 2023-03-29 18:53:25,257: -PUB [/steady_system/complete_pose] /steady_state_checker_node http://aneesh-Swift:33137/
[rosmaster.master][INFO] 2023-03-29 18:53:25,257: -PUB [/steady_system/complete_state] /steady_state_checker_node http://aneesh-Swift:33137/
[rosmaster.master][INFO] 2023-03-29 18:53:25,257: -PUB [/actual_system/force] /steady_state_checker_node http://aneesh-Swift:33137/
[rosmaster.master][INFO] 2023-03-29 18:53:25,257: -PUB [/steady_system/velocity] /steady_state_checker_node http://aneesh-Swift:33137/
[rosmaster.master][INFO] 2023-03-29 18:53:25,257: -SERVICE [/steady_state_checker_node/get_loggers] /steady_state_checker_node rosrpc://aneesh-Swift:38013
[rosmaster.master][INFO] 2023-03-29 18:53:25,257: -SERVICE [/steady_state_checker_node/set_logger_level] /steady_state_checker_node rosrpc://aneesh-Swift:38013
[rosmaster.master][INFO] 2023-03-29 18:53:25,261: publisherUpdate[/rosout] -> http://aneesh-Swift:42107/ ['http://aneesh-Swift:44435/', 'http://aneesh-Swift:33137/']
[rosmaster.master][INFO] 2023-03-29 18:53:25,262: publisherUpdate[/rosout] -> http://aneesh-Swift:42107/ ['http://aneesh-Swift:44435/', 'http://aneesh-Swift:33137/']: sec=0.00, result=[1, '', 0]
[rosmaster.master][INFO] 2023-03-29 18:53:25,262: publisherUpdate[/steady_system/force] -> http://aneesh-Swift:33137/ []
[rosmaster.master][INFO] 2023-03-29 18:53:25,268: publisherUpdate[/steady_system/force] -> http://aneesh-Swift:33137/ []: sec=0.01, result=[1, '', 0]
[rosmaster.master][INFO] 2023-03-29 18:53:25,268: publisherUpdate[/actual_system/reset] -> http://aneesh-Swift:44435/ ['http://aneesh-Swift:44435/']
[rosmaster.master][INFO] 2023-03-29 18:53:25,269: publisherUpdate[/actual_system/reset] -> http://aneesh-Swift:44435/ ['http://aneesh-Swift:44435/']: sec=0.00, result=[1, '', 0]
[rosmaster.master][INFO] 2023-03-29 18:53:25,270: publisherUpdate[/rosout] -> http://aneesh-Swift:42107/ ['http://aneesh-Swift:44435/']
[rosmaster.master][INFO] 2023-03-29 18:53:25,270: publisherUpdate[/rosout] -> http://aneesh-Swift:42107/ ['http://aneesh-Swift:44435/']: sec=0.00, result=[1, '', 0]
[rosmaster.master][INFO] 2023-03-29 18:53:25,270: publisherUpdate[/actual_system/force] -> http://aneesh-Swift:44435/ []
[rosmaster.master][INFO] 2023-03-29 18:53:25,271: publisherUpdate[/actual_system/force] -> http://aneesh-Swift:44435/ []: sec=0.00, result=[1, '', 0]
[rosmaster.master][INFO] 2023-03-29 18:53:25,371: -PUB [/rosout] /actual_system/simluator http://aneesh-Swift:44435/
[rosmaster.master][INFO] 2023-03-29 18:53:25,371: publisherUpdate[/rosout] -> http://aneesh-Swift:42107/ []
[rosmaster.master][INFO] 2023-03-29 18:53:25,372: -PUB [/actual_system/reset] /actual_system/simluator http://aneesh-Swift:44435/
[rosmaster.master][INFO] 2023-03-29 18:53:25,372: publisherUpdate[/rosout] -> http://aneesh-Swift:42107/ []: sec=0.00, result=[1, '', 0]
[rosmaster.master][INFO] 2023-03-29 18:53:25,372: publisherUpdate[/actual_system/reset] -> http://aneesh-Swift:44435/ []
[rosmaster.master][INFO] 2023-03-29 18:53:25,373: -PUB [/actual_system/slopes] /actual_system/simluator http://aneesh-Swift:44435/
[rosmaster.master][INFO] 2023-03-29 18:53:25,373: -PUB [/actual_system/state] /actual_system/simluator http://aneesh-Swift:44435/
[rosmaster.master][INFO] 2023-03-29 18:53:25,374: -PUB [/actual_system/complete_state] /actual_system/simluator http://aneesh-Swift:44435/
[rosmaster.master][INFO] 2023-03-29 18:53:25,375: -PUB [/actual_system/velocity] /actual_system/simluator http://aneesh-Swift:44435/
[rosmaster.master][INFO] 2023-03-29 18:53:25,375: -PUB [/actual_system/complete_pose] /actual_system/simluator http://aneesh-Swift:44435/
[rosmaster.master][INFO] 2023-03-29 18:53:25,377: -SUB [/actual_system/force] /actual_system/simluator http://aneesh-Swift:44435/
[rosmaster.master][INFO] 2023-03-29 18:53:25,377: -SUB [/actual_system/reset] /actual_system/simluator http://aneesh-Swift:44435/
[rosmaster.master][INFO] 2023-03-29 18:53:25,378: -SERVICE [/actual_system/simluator/get_loggers] /actual_system/simluator rosrpc://aneesh-Swift:50079
[rosmaster.master][INFO] 2023-03-29 18:53:25,379: -SERVICE [/actual_system/simluator/set_logger_level] /actual_system/simluator rosrpc://aneesh-Swift:50079
[rosmaster.master][INFO] 2023-03-29 18:53:25,381: publisherUpdate[/actual_system/reset] -> http://aneesh-Swift:44435/ []: sec=0.01, exception=[Errno 111] Connection refused
[rosmaster.threadpool][ERROR] 2023-03-29 18:53:25,386: Traceback (most recent call last):
  File "/opt/ros/noetic/lib/python3/dist-packages/rosmaster/threadpool.py", line 218, in run
    result = cmd(*args)
  File "/opt/ros/noetic/lib/python3/dist-packages/rosmaster/master_api.py", line 210, in publisher_update_task
    ret = xmlrpcapi(api).publisherUpdate('/master', topic, pub_uris)
  File "/usr/lib/python3.8/xmlrpc/client.py", line 1109, in __call__
    return self.__send(self.__name, args)
  File "/usr/lib/python3.8/xmlrpc/client.py", line 1450, in __request
    response = self.__transport.request(
  File "/usr/lib/python3.8/xmlrpc/client.py", line 1153, in request
    return self.single_request(host, handler, request_body, verbose)
  File "/usr/lib/python3.8/xmlrpc/client.py", line 1165, in single_request
    http_conn = self.send_request(host, handler, request_body, verbose)
  File "/usr/lib/python3.8/xmlrpc/client.py", line 1278, in send_request
    self.send_content(connection, request_body)
  File "/usr/lib/python3.8/xmlrpc/client.py", line 1308, in send_content
    connection.endheaders(request_body)
  File "/usr/lib/python3.8/http/client.py", line 1251, in endheaders
    self._send_output(message_body, encode_chunked=encode_chunked)
  File "/usr/lib/python3.8/http/client.py", line 1011, in _send_output
    self.send(msg)
  File "/usr/lib/python3.8/http/client.py", line 951, in send
    self.connect()
  File "/usr/lib/python3.8/http/client.py", line 922, in connect
    self.sock = self._create_connection(
  File "/usr/lib/python3.8/socket.py", line 808, in create_connection
    raise err
  File "/usr/lib/python3.8/socket.py", line 796, in create_connection
    sock.connect(sa)
ConnectionRefusedError: [Errno 111] Connection refused

[rosmaster.master][INFO] 2023-03-29 18:53:26,574: -PUB [/rosout_agg] /rosout http://aneesh-Swift:42107/
[rosmaster.master][INFO] 2023-03-29 18:53:26,575: -SUB [/rosout] /rosout http://aneesh-Swift:42107/
[rosmaster.master][INFO] 2023-03-29 18:53:26,575: -SERVICE [/rosout/get_loggers] /rosout rosrpc://aneesh-Swift:46511
[rosmaster.master][INFO] 2023-03-29 18:53:26,576: -SERVICE [/rosout/set_logger_level] /rosout rosrpc://aneesh-Swift:46511
[rosmaster.main][INFO] 2023-03-29 18:53:26,655: keyboard interrupt, will exit
[rosmaster.main][INFO] 2023-03-29 18:53:26,655: stopping master...
[rospy.core][INFO] 2023-03-29 18:53:26,656: signal_shutdown [atexit]
