[rospy.client][INFO] 2023-03-31 03:31:53,419: init_node, name[/controller], pid[22097]
[xmlrpc][INFO] 2023-03-31 03:31:53,420: XML-RPC server binding to 0.0.0.0:0
[xmlrpc][INFO] 2023-03-31 03:31:53,420: Started XML-RPC server [http://aneesh-Swift:38333/]
[rospy.impl.masterslave][INFO] 2023-03-31 03:31:53,420: _ready: http://aneesh-Swift:38333/
[rospy.init][INFO] 2023-03-31 03:31:53,420: ROS Slave URI: [http://aneesh-Swift:38333/]
[rospy.registration][INFO] 2023-03-31 03:31:53,421: Registering with master node http://localhost:11311
[xmlrpc][INFO] 2023-03-31 03:31:53,421: xml rpc node: starting XML-RPC server
[rospy.init][INFO] 2023-03-31 03:31:53,521: registered with master
[rospy.rosout][INFO] 2023-03-31 03:31:53,522: initializing /rosout core topic
[rospy.rosout][INFO] 2023-03-31 03:31:53,529: connected to core topic /rosout
[rospy.simtime][INFO] 2023-03-31 03:31:53,531: /use_sim_time is not set, will not subscribe to simulated time [/clock] topic
[rospy.internal][INFO] 2023-03-31 03:31:53,565: topic[/steady_system/complete_pose] adding connection to [http://aneesh-Swift:38677/], count 0
[rospy.internal][INFO] 2023-03-31 03:31:53,566: topic[/steady_system/velocity] adding connection to [http://aneesh-Swift:38677/], count 0
[rospy.internal][INFO] 2023-03-31 03:31:53,577: topic[/steady_system/force] adding connection to [/steady_state_checker_node], count 0
[rospy.internal][INFO] 2023-03-31 03:31:53,776: topic[/rosout] adding connection to [/rosout], count 0
[rospy.internal][INFO] 2023-03-31 03:31:53,778: topic[/actual_system/reset] adding connection to [/actual_system/simluator], count 0
[rospy.internal][INFO] 2023-03-31 17:55:11,959: topic[/steady_system/force] adding connection to [/matlab_global_node_84663], count 1
[rospy.internal][INFO] 2023-03-31 17:55:11,985: topic[/actual_system/target] adding connection to [/matlab_global_node_84663], count 0
[rospy.internal][INFO] 2023-03-31 17:55:12,183: topic[/actual_system/radius] adding connection to [/matlab_global_node_84663], count 0
[rospy.internal][INFO] 2023-03-31 17:57:29,712: topic[/steady_system/force] removing connection to /matlab_global_node_84663
[rospy.internal][INFO] 2023-03-31 17:57:29,712: topic[/actual_system/target] removing connection to /matlab_global_node_84663
[rospy.internal][INFO] 2023-03-31 17:57:29,713: topic[/actual_system/radius] removing connection to /matlab_global_node_84663
[rospy.core][INFO] 2023-03-31 17:57:40,144: signal_shutdown [signal-2]
[rospy.internal][INFO] 2023-03-31 17:57:40,151: topic[/steady_system/complete_pose] removing connection to http://aneesh-Swift:38677/
[rospy.internal][INFO] 2023-03-31 17:57:40,152: topic[/steady_system/velocity] removing connection to http://aneesh-Swift:38677/
[rospy.internal][INFO] 2023-03-31 17:57:40,154: topic[/rosout] removing connection to /rosout
[rospy.internal][INFO] 2023-03-31 17:57:40,154: topic[/steady_system/force] removing connection to /steady_state_checker_node
[rospy.internal][INFO] 2023-03-31 17:57:40,155: topic[/actual_system/reset] removing connection to /actual_system/simluator
[rospy.impl.masterslave][INFO] 2023-03-31 17:57:40,155: signal-2
[rospy.core][INFO] 2023-03-31 17:57:55,149: signal_shutdown [signal-15]
