[rospy.client][INFO] 2023-03-30 11:34:52,457: init_node, name[/steady_state_checker_node], pid[93702]
[xmlrpc][INFO] 2023-03-30 11:34:52,457: XML-RPC server binding to 0.0.0.0:0
[xmlrpc][INFO] 2023-03-30 11:34:52,458: Started XML-RPC server [http://aneesh-Swift:45935/]
[rospy.init][INFO] 2023-03-30 11:34:52,458: ROS Slave URI: [http://aneesh-Swift:45935/]
[rospy.impl.masterslave][INFO] 2023-03-30 11:34:52,458: _ready: http://aneesh-Swift:45935/
[rospy.registration][INFO] 2023-03-30 11:34:52,459: Registering with master node http://localhost:11311
[xmlrpc][INFO] 2023-03-30 11:34:52,459: xml rpc node: starting XML-RPC server
[rospy.init][INFO] 2023-03-30 11:34:52,558: registered with master
[rospy.rosout][INFO] 2023-03-30 11:34:52,559: initializing /rosout core topic
[rospy.rosout][INFO] 2023-03-30 11:34:52,568: connected to core topic /rosout
[rospy.simtime][INFO] 2023-03-30 11:34:52,571: /use_sim_time is not set, will not subscribe to simulated time [/clock] topic
[rospy.internal][INFO] 2023-03-30 11:34:52,610: topic[/actual_system/state] adding connection to [http://aneesh-Swift:38985/], count 0
[rospy.internal][INFO] 2023-03-30 11:34:52,614: topic[/actual_system/complete_pose] adding connection to [http://aneesh-Swift:38985/], count 0
[rospy.internal][INFO] 2023-03-30 11:34:52,617: topic[/actual_system/complete_state] adding connection to [http://aneesh-Swift:38985/], count 0
[rospy.internal][INFO] 2023-03-30 11:34:52,808: topic[/rosout] adding connection to [/rosout], count 0
[rospy.internal][INFO] 2023-03-30 11:34:52,819: topic[/actual_system/force] adding connection to [/actual_system/simluator], count 0
[rospy.internal][INFO] 2023-03-30 11:34:55,369: topic[/steady_system/complete_pose] adding connection to [/controller], count 0
[rospy.internal][INFO] 2023-03-30 11:34:55,370: topic[/steady_system/velocity] adding connection to [/controller], count 0
[rospy.internal][INFO] 2023-03-30 11:34:55,422: topic[/steady_system/force] adding connection to [http://aneesh-Swift:37145/], count 0
[rospy.core][INFO] 2023-03-30 12:17:20,372: signal_shutdown [signal-2]
[rospy.internal][INFO] 2023-03-30 12:17:20,377: topic[/rosout] removing connection to /rosout
[rospy.internal][INFO] 2023-03-30 12:17:20,377: topic[/steady_system/complete_pose] removing connection to /controller
[rospy.internal][INFO] 2023-03-30 12:17:20,377: topic[/actual_system/force] removing connection to /actual_system/simluator
[rospy.internal][INFO] 2023-03-30 12:17:20,377: topic[/steady_system/velocity] removing connection to /controller
[rospy.internal][INFO] 2023-03-30 12:17:20,377: topic[/actual_system/state] removing connection to http://aneesh-Swift:38985/
[rospy.internal][INFO] 2023-03-30 12:17:20,378: topic[/actual_system/complete_pose] removing connection to http://aneesh-Swift:38985/
[rospy.internal][INFO] 2023-03-30 12:17:20,379: topic[/actual_system/complete_state] removing connection to http://aneesh-Swift:38985/
[rospy.internal][INFO] 2023-03-30 12:17:20,380: topic[/steady_system/force] removing connection to http://aneesh-Swift:37145/
[rospy.internal][INFO] 2023-03-30 12:17:20,382: topic[/steady_system/force] removing connection to http://aneesh-Swift:37145/
[rospy.topics][ERROR] 2023-03-30 12:17:20,382: Traceback (most recent call last):
  File "/opt/ros/noetic/lib/python3/dist-packages/rospy/topics.py", line 326, in close
    c.close()
  File "/opt/ros/noetic/lib/python3/dist-packages/rospy/impl/tcpros_base.py", line 858, in close
    self.socket.close()
AttributeError: 'NoneType' object has no attribute 'close'

[rospy.impl.masterslave][INFO] 2023-03-30 12:17:20,383: signal-2
[rospy.core][INFO] 2023-03-30 12:17:20,973: signal_shutdown [atexit]
