[rosmaster.main][INFO] 2023-03-29 12:55:12,366: initialization complete, waiting for shutdown
[rosmaster.main][INFO] 2023-03-29 12:55:12,366: Starting ROS Master Node
[xmlrpc][INFO] 2023-03-29 12:55:12,367: XML-RPC server binding to 0.0.0.0:11311
[xmlrpc][INFO] 2023-03-29 12:55:12,367: Started XML-RPC server [http://aneesh-Swift:11311/]
[xmlrpc][INFO] 2023-03-29 12:55:12,367: xml rpc node: starting XML-RPC server
[rosmaster.master][INFO] 2023-03-29 12:55:12,367: Master initialized: port[11311], uri[http://aneesh-Swift:11311/]
[rosmaster.master][INFO] 2023-03-29 12:55:12,395: +PARAM [/run_id] by /roslaunch
[rosmaster.master][INFO] 2023-03-29 12:55:12,396: +PARAM [/roslaunch/uris/host_aneesh_swift__39861] by /roslaunch
[rosmaster.master][INFO] 2023-03-29 12:55:12,435: +PARAM [/rosversion] by /roslaunch
[rosmaster.master][INFO] 2023-03-29 12:55:12,435: +PARAM [/rosdistro] by /roslaunch
[rosmaster.master][INFO] 2023-03-29 12:55:12,452: +SERVICE [/rosout/get_loggers] /rosout http://aneesh-Swift:32885/
[rosmaster.master][INFO] 2023-03-29 12:55:12,453: +SERVICE [/rosout/set_logger_level] /rosout http://aneesh-Swift:32885/
[rosmaster.master][INFO] 2023-03-29 12:55:12,454: +PUB [/rosout_agg] /rosout http://aneesh-Swift:32885/
[rosmaster.master][INFO] 2023-03-29 12:55:12,458: +SUB [/rosout] /rosout http://aneesh-Swift:32885/
[rosmaster.master][INFO] 2023-03-29 12:55:12,469: +PUB [/rosout] /actual_system/simluator http://aneesh-Swift:44023/
[rosmaster.master][INFO] 2023-03-29 12:55:12,470: +SERVICE [/actual_system/simluator/get_loggers] /actual_system/simluator http://aneesh-Swift:44023/
[rosmaster.master][INFO] 2023-03-29 12:55:12,471: +SERVICE [/actual_system/simluator/set_logger_level] /actual_system/simluator http://aneesh-Swift:44023/
[rosmaster.master][INFO] 2023-03-29 12:55:12,474: +SUB [/actual_system/force] /actual_system/simluator http://aneesh-Swift:44023/
[rosmaster.master][INFO] 2023-03-29 12:55:12,476: +SUB [/actual_system/reset] /actual_system/simluator http://aneesh-Swift:44023/
[rosmaster.master][INFO] 2023-03-29 12:55:12,477: +PUB [/actual_system/reset] /actual_system/simluator http://aneesh-Swift:44023/
[rosmaster.master][INFO] 2023-03-29 12:55:12,477: +PUB [/actual_system/slopes] /actual_system/simluator http://aneesh-Swift:44023/
[rosmaster.master][INFO] 2023-03-29 12:55:12,478: +PUB [/actual_system/state] /actual_system/simluator http://aneesh-Swift:44023/
[rosmaster.master][INFO] 2023-03-29 12:55:12,478: +PUB [/actual_system/complete_state] /actual_system/simluator http://aneesh-Swift:44023/
[rosmaster.master][INFO] 2023-03-29 12:55:12,479: +PUB [/actual_system/velocity] /actual_system/simluator http://aneesh-Swift:44023/
[rosmaster.master][INFO] 2023-03-29 12:55:12,479: +PUB [/actual_system/complete_pose] /actual_system/simluator http://aneesh-Swift:44023/
[rosmaster.master][INFO] 2023-03-29 12:55:12,566: publisherUpdate[/rosout] -> http://aneesh-Swift:32885/ ['http://aneesh-Swift:44023/']
[rosmaster.master][INFO] 2023-03-29 12:55:12,567: publisherUpdate[/actual_system/reset] -> http://aneesh-Swift:44023/ ['http://aneesh-Swift:44023/']
[rosmaster.master][INFO] 2023-03-29 12:55:12,573: publisherUpdate[/actual_system/reset] -> http://aneesh-Swift:44023/ ['http://aneesh-Swift:44023/']: sec=0.00, result=[1, '', 0]
[rosmaster.master][INFO] 2023-03-29 12:55:12,575: publisherUpdate[/rosout] -> http://aneesh-Swift:32885/ ['http://aneesh-Swift:44023/']: sec=0.01, result=[1, '', 0]
[rosmaster.master][INFO] 2023-03-29 12:55:12,981: +PUB [/rosout] /steady_state_checker_node http://aneesh-Swift:43863/
[rosmaster.master][INFO] 2023-03-29 12:55:12,985: +SERVICE [/steady_state_checker_node/get_loggers] /steady_state_checker_node http://aneesh-Swift:43863/
[rosmaster.master][INFO] 2023-03-29 12:55:12,987: +SERVICE [/steady_state_checker_node/set_logger_level] /steady_state_checker_node http://aneesh-Swift:43863/
[rosmaster.master][INFO] 2023-03-29 12:55:12,988: +PUB [/steady_system/state] /steady_state_checker_node http://aneesh-Swift:43863/
[rosmaster.master][INFO] 2023-03-29 12:55:12,990: +PUB [/steady_system/complete_pose] /steady_state_checker_node http://aneesh-Swift:43863/
[rosmaster.master][INFO] 2023-03-29 12:55:12,991: +PUB [/steady_system/complete_state] /steady_state_checker_node http://aneesh-Swift:43863/
[rosmaster.master][INFO] 2023-03-29 12:55:12,993: +PUB [/actual_system/force] /steady_state_checker_node http://aneesh-Swift:43863/
[rosmaster.master][INFO] 2023-03-29 12:55:12,994: +PUB [/steady_system/velocity] /steady_state_checker_node http://aneesh-Swift:43863/
[rosmaster.master][INFO] 2023-03-29 12:55:12,996: +SUB [/actual_system/state] /steady_state_checker_node http://aneesh-Swift:43863/
[rosmaster.master][INFO] 2023-03-29 12:55:12,998: +SUB [/actual_system/complete_pose] /steady_state_checker_node http://aneesh-Swift:43863/
[rosmaster.master][INFO] 2023-03-29 12:55:13,000: +SUB [/actual_system/complete_state] /steady_state_checker_node http://aneesh-Swift:43863/
[rosmaster.master][INFO] 2023-03-29 12:55:13,005: +SUB [/steady_system/force] /steady_state_checker_node http://aneesh-Swift:43863/
[rosmaster.master][INFO] 2023-03-29 12:55:13,072: publisherUpdate[/rosout] -> http://aneesh-Swift:32885/ ['http://aneesh-Swift:44023/', 'http://aneesh-Swift:43863/']
[rosmaster.master][INFO] 2023-03-29 12:55:13,073: publisherUpdate[/rosout] -> http://aneesh-Swift:32885/ ['http://aneesh-Swift:44023/', 'http://aneesh-Swift:43863/']: sec=0.00, result=[1, '', 0]
[rosmaster.master][INFO] 2023-03-29 12:55:13,073: publisherUpdate[/actual_system/force] -> http://aneesh-Swift:44023/ ['http://aneesh-Swift:43863/']
[rosmaster.master][INFO] 2023-03-29 12:55:13,074: publisherUpdate[/actual_system/force] -> http://aneesh-Swift:44023/ ['http://aneesh-Swift:43863/']: sec=0.00, result=[1, '', 0]
[rosmaster.master][INFO] 2023-03-29 12:55:14,513: +PUB [/rosout] /controller http://aneesh-Swift:37105/
[rosmaster.master][INFO] 2023-03-29 12:55:14,520: +SERVICE [/controller/get_loggers] /controller http://aneesh-Swift:37105/
[rosmaster.master][INFO] 2023-03-29 12:55:14,522: +SERVICE [/controller/set_logger_level] /controller http://aneesh-Swift:37105/
[rosmaster.master][INFO] 2023-03-29 12:55:14,525: +PUB [/steady_system/force] /controller http://aneesh-Swift:37105/
[rosmaster.master][INFO] 2023-03-29 12:55:14,527: +PUB [/actual_system/reset] /controller http://aneesh-Swift:37105/
[rosmaster.master][INFO] 2023-03-29 12:55:14,530: +PUB [/actual_system/target] /controller http://aneesh-Swift:37105/
[rosmaster.master][INFO] 2023-03-29 12:55:14,532: +PUB [/actual_system/radius] /controller http://aneesh-Swift:37105/
[rosmaster.master][INFO] 2023-03-29 12:55:14,537: +SUB [/steady_system/complete_pose] /controller http://aneesh-Swift:37105/
[rosmaster.master][INFO] 2023-03-29 12:55:14,541: +SUB [/steady_system/velocity] /controller http://aneesh-Swift:37105/
[rosmaster.master][INFO] 2023-03-29 12:55:14,576: publisherUpdate[/rosout] -> http://aneesh-Swift:32885/ ['http://aneesh-Swift:44023/', 'http://aneesh-Swift:43863/', 'http://aneesh-Swift:37105/']
[rosmaster.master][INFO] 2023-03-29 12:55:14,577: publisherUpdate[/steady_system/force] -> http://aneesh-Swift:43863/ ['http://aneesh-Swift:37105/']
[rosmaster.master][INFO] 2023-03-29 12:55:14,579: publisherUpdate[/rosout] -> http://aneesh-Swift:32885/ ['http://aneesh-Swift:44023/', 'http://aneesh-Swift:43863/', 'http://aneesh-Swift:37105/']: sec=0.00, result=[1, '', 0]
[rosmaster.master][INFO] 2023-03-29 12:55:14,579: publisherUpdate[/actual_system/reset] -> http://aneesh-Swift:44023/ ['http://aneesh-Swift:44023/', 'http://aneesh-Swift:37105/']
[rosmaster.master][INFO] 2023-03-29 12:55:14,583: publisherUpdate[/actual_system/reset] -> http://aneesh-Swift:44023/ ['http://aneesh-Swift:44023/', 'http://aneesh-Swift:37105/']: sec=0.00, result=[1, '', 0]
[rosmaster.master][INFO] 2023-03-29 12:55:14,584: publisherUpdate[/steady_system/force] -> http://aneesh-Swift:43863/ ['http://aneesh-Swift:37105/']: sec=0.00, result=[1, '', 0]
[rosmaster.master][INFO] 2023-03-29 12:55:34,838: -SUB [/steady_system/state] /matlab_global_node_39478 http://aneesh-Swift:46695/
[rosmaster.master][INFO] 2023-03-29 12:55:34,843: -SUB [/steady_system/complete_state] /matlab_global_node_39478 http://aneesh-Swift:46695/
[rosmaster.master][INFO] 2023-03-29 12:55:34,854: -SUB [/actual_system/target] /matlab_global_node_39478 http://aneesh-Swift:46695/
[rosmaster.master][INFO] 2023-03-29 12:55:34,859: -SUB [/steady_system/force] /matlab_global_node_39478 http://aneesh-Swift:46695/
[rosmaster.master][INFO] 2023-03-29 12:55:34,865: -SUB [/steady_system/velocity] /matlab_global_node_39478 http://aneesh-Swift:46695/
[rosmaster.master][INFO] 2023-03-29 12:55:34,868: -SUB [/actual_system/radius] /matlab_global_node_39478 http://aneesh-Swift:46695/
[rosmaster.master][INFO] 2023-03-29 12:55:34,999: -PUB [/rosout] /matlab_global_node_39478 http://aneesh-Swift:46695/
[rosmaster.master][INFO] 2023-03-29 12:55:35,000: -PUB [/tf] /matlab_global_node_39478 http://aneesh-Swift:46695/
[rosmaster.master][INFO] 2023-03-29 12:55:35,001: -SERVICE [/matlab_global_node_39478/get_loggers] /matlab_global_node_39478 rosrpc://aneesh-Swift:45647
[rosmaster.master][INFO] 2023-03-29 12:55:35,001: -SERVICE [/matlab_global_node_39478/set_logger_level] /matlab_global_node_39478 rosrpc://aneesh-Swift:45647
[rosmaster.master][INFO] 2023-03-29 12:55:43,218: +PUB [/rosout] /matlab_global_node_96097 http://aneesh-Swift:36681/
[rosmaster.master][INFO] 2023-03-29 12:55:43,219: +SERVICE [/matlab_global_node_96097/get_loggers] /matlab_global_node_96097 http://aneesh-Swift:36681/
[rosmaster.master][INFO] 2023-03-29 12:55:43,219: +SERVICE [/matlab_global_node_96097/set_logger_level] /matlab_global_node_96097 http://aneesh-Swift:36681/
[rosmaster.master][INFO] 2023-03-29 12:55:43,220: publisherUpdate[/rosout] -> http://aneesh-Swift:32885/ ['http://aneesh-Swift:44023/', 'http://aneesh-Swift:43863/', 'http://aneesh-Swift:37105/', 'http://aneesh-Swift:36681/']
[rosmaster.master][INFO] 2023-03-29 12:55:43,221: +PUB [/tf] /matlab_global_node_96097 http://aneesh-Swift:36681/
[rosmaster.master][INFO] 2023-03-29 12:55:43,221: publisherUpdate[/rosout] -> http://aneesh-Swift:32885/ ['http://aneesh-Swift:44023/', 'http://aneesh-Swift:43863/', 'http://aneesh-Swift:37105/', 'http://aneesh-Swift:36681/']: sec=0.00, result=[1, '', 0]
[rosmaster.master][INFO] 2023-03-29 12:55:43,287: +SUB [/steady_system/state] /matlab_global_node_96097 http://aneesh-Swift:36681/
[rosmaster.master][INFO] 2023-03-29 12:55:43,330: +SUB [/steady_system/complete_state] /matlab_global_node_96097 http://aneesh-Swift:36681/
[rosmaster.master][INFO] 2023-03-29 12:55:43,376: +SUB [/actual_system/target] /matlab_global_node_96097 http://aneesh-Swift:36681/
[rosmaster.master][INFO] 2023-03-29 12:55:43,415: +SUB [/steady_system/force] /matlab_global_node_96097 http://aneesh-Swift:36681/
[rosmaster.master][INFO] 2023-03-29 12:55:43,455: +SUB [/steady_system/velocity] /matlab_global_node_96097 http://aneesh-Swift:36681/
[rosmaster.master][INFO] 2023-03-29 12:55:43,486: +SUB [/actual_system/radius] /matlab_global_node_96097 http://aneesh-Swift:36681/
[rosmaster.master][INFO] 2023-03-29 13:59:55,360: -SUB [/actual_system/state] /steady_state_checker_node http://aneesh-Swift:43863/
[rosmaster.master][INFO] 2023-03-29 13:59:55,361: -SUB [/actual_system/complete_pose] /steady_state_checker_node http://aneesh-Swift:43863/
[rosmaster.master][INFO] 2023-03-29 13:59:55,361: -SUB [/actual_system/complete_state] /steady_state_checker_node http://aneesh-Swift:43863/
[rosmaster.master][INFO] 2023-03-29 13:59:55,361: -SUB [/steady_system/force] /steady_state_checker_node http://aneesh-Swift:43863/
[rosmaster.master][INFO] 2023-03-29 13:59:55,362: -PUB [/rosout] /steady_state_checker_node http://aneesh-Swift:43863/
[rosmaster.master][INFO] 2023-03-29 13:59:55,363: -PUB [/steady_system/state] /steady_state_checker_node http://aneesh-Swift:43863/
[rosmaster.master][INFO] 2023-03-29 13:59:55,363: -PUB [/steady_system/complete_pose] /steady_state_checker_node http://aneesh-Swift:43863/
[rosmaster.master][INFO] 2023-03-29 13:59:55,363: -PUB [/steady_system/complete_state] /steady_state_checker_node http://aneesh-Swift:43863/
[rosmaster.master][INFO] 2023-03-29 13:59:55,363: -PUB [/actual_system/force] /steady_state_checker_node http://aneesh-Swift:43863/
[rosmaster.master][INFO] 2023-03-29 13:59:55,363: -PUB [/steady_system/velocity] /steady_state_checker_node http://aneesh-Swift:43863/
[rosmaster.master][INFO] 2023-03-29 13:59:55,364: -SERVICE [/steady_state_checker_node/get_loggers] /steady_state_checker_node rosrpc://aneesh-Swift:41299
[rosmaster.master][INFO] 2023-03-29 13:59:55,364: -SERVICE [/steady_state_checker_node/set_logger_level] /steady_state_checker_node rosrpc://aneesh-Swift:41299
[rosmaster.master][INFO] 2023-03-29 13:59:55,365: -SUB [/steady_system/complete_pose] /controller http://aneesh-Swift:37105/
[rosmaster.master][INFO] 2023-03-29 13:59:55,365: -SUB [/steady_system/velocity] /controller http://aneesh-Swift:37105/
[rosmaster.master][INFO] 2023-03-29 13:59:55,365: -PUB [/rosout] /controller http://aneesh-Swift:37105/
[rosmaster.master][INFO] 2023-03-29 13:59:55,365: -PUB [/steady_system/force] /controller http://aneesh-Swift:37105/
[rosmaster.master][INFO] 2023-03-29 13:59:55,365: -PUB [/actual_system/reset] /controller http://aneesh-Swift:37105/
[rosmaster.master][INFO] 2023-03-29 13:59:55,366: -PUB [/actual_system/target] /controller http://aneesh-Swift:37105/
[rosmaster.master][INFO] 2023-03-29 13:59:55,366: -PUB [/actual_system/radius] /controller http://aneesh-Swift:37105/
[rosmaster.master][INFO] 2023-03-29 13:59:55,366: -SERVICE [/controller/get_loggers] /controller rosrpc://aneesh-Swift:34965
[rosmaster.master][INFO] 2023-03-29 13:59:55,366: -SERVICE [/controller/set_logger_level] /controller rosrpc://aneesh-Swift:34965
[rosmaster.master][INFO] 2023-03-29 13:59:55,378: publisherUpdate[/rosout] -> http://aneesh-Swift:32885/ ['http://aneesh-Swift:44023/', 'http://aneesh-Swift:37105/', 'http://aneesh-Swift:36681/']
[rosmaster.master][INFO] 2023-03-29 13:59:55,380: publisherUpdate[/rosout] -> http://aneesh-Swift:32885/ ['http://aneesh-Swift:44023/', 'http://aneesh-Swift:37105/', 'http://aneesh-Swift:36681/']: sec=0.00, result=[1, '', 0]
[rosmaster.master][INFO] 2023-03-29 13:59:55,380: publisherUpdate[/steady_system/state] -> http://aneesh-Swift:36681/ []
[rosmaster.master][INFO] 2023-03-29 13:59:55,381: publisherUpdate[/steady_system/state] -> http://aneesh-Swift:36681/ []: sec=0.00, result=[1, '', 0]
[rosmaster.master][INFO] 2023-03-29 13:59:55,381: publisherUpdate[/steady_system/complete_pose] -> http://aneesh-Swift:37105/ []
[rosmaster.master][INFO] 2023-03-29 13:59:55,382: publisherUpdate[/steady_system/complete_pose] -> http://aneesh-Swift:37105/ []: sec=0.00, exception=[Errno 111] Connection refused
[rosmaster.threadpool][ERROR] 2023-03-29 13:59:55,385: Traceback (most recent call last):
  File "/opt/ros/noetic/lib/python3/dist-packages/rosmaster/threadpool.py", line 218, in run
    result = cmd(*args)
  File "/opt/ros/noetic/lib/python3/dist-packages/rosmaster/master_api.py", line 210, in publisher_update_task
    ret = xmlrpcapi(api).publisherUpdate('/master', topic, pub_uris)
  File "/usr/lib/python3.8/xmlrpc/client.py", line 1109, in __call__
    return self.__send(self.__name, args)
  File "/usr/lib/python3.8/xmlrpc/client.py", line 1450, in __request
    response = self.__transport.request(
  File "/usr/lib/python3.8/xmlrpc/client.py", line 1153, in request
    return self.single_request(host, handler, request_body, verbose)
  File "/usr/lib/python3.8/xmlrpc/client.py", line 1165, in single_request
    http_conn = self.send_request(host, handler, request_body, verbose)
  File "/usr/lib/python3.8/xmlrpc/client.py", line 1278, in send_request
    self.send_content(connection, request_body)
  File "/usr/lib/python3.8/xmlrpc/client.py", line 1308, in send_content
    connection.endheaders(request_body)
  File "/usr/lib/python3.8/http/client.py", line 1251, in endheaders
    self._send_output(message_body, encode_chunked=encode_chunked)
  File "/usr/lib/python3.8/http/client.py", line 1011, in _send_output
    self.send(msg)
  File "/usr/lib/python3.8/http/client.py", line 951, in send
    self.connect()
  File "/usr/lib/python3.8/http/client.py", line 922, in connect
    self.sock = self._create_connection(
  File "/usr/lib/python3.8/socket.py", line 808, in create_connection
    raise err
  File "/usr/lib/python3.8/socket.py", line 796, in create_connection
    sock.connect(sa)
ConnectionRefusedError: [Errno 111] Connection refused

[rosmaster.master][INFO] 2023-03-29 13:59:55,385: publisherUpdate[/steady_system/complete_state] -> http://aneesh-Swift:36681/ []
[rosmaster.master][INFO] 2023-03-29 13:59:55,386: publisherUpdate[/steady_system/complete_state] -> http://aneesh-Swift:36681/ []: sec=0.00, result=[1, '', 0]
[rosmaster.master][INFO] 2023-03-29 13:59:55,386: publisherUpdate[/actual_system/force] -> http://aneesh-Swift:44023/ []
[rosmaster.master][INFO] 2023-03-29 13:59:55,386: publisherUpdate[/steady_system/velocity] -> http://aneesh-Swift:37105/ []
[rosmaster.master][INFO] 2023-03-29 13:59:55,387: publisherUpdate[/actual_system/force] -> http://aneesh-Swift:44023/ []: sec=0.00, result=[0, 'Unknown Error', 0]
[rosmaster.master][INFO] 2023-03-29 13:59:55,387: publisherUpdate[/steady_system/velocity] -> http://aneesh-Swift:36681/ []
[rosmaster.master][INFO] 2023-03-29 13:59:55,388: publisherUpdate[/steady_system/velocity] -> http://aneesh-Swift:37105/ []: sec=0.00, exception=[Errno 111] Connection refused
[rosmaster.master][INFO] 2023-03-29 13:59:55,388: publisherUpdate[/steady_system/velocity] -> http://aneesh-Swift:36681/ []: sec=0.00, result=[1, '', 0]
[rosmaster.threadpool][ERROR] 2023-03-29 13:59:55,389: Traceback (most recent call last):
  File "/opt/ros/noetic/lib/python3/dist-packages/rosmaster/threadpool.py", line 218, in run
    result = cmd(*args)
  File "/opt/ros/noetic/lib/python3/dist-packages/rosmaster/master_api.py", line 210, in publisher_update_task
    ret = xmlrpcapi(api).publisherUpdate('/master', topic, pub_uris)
  File "/usr/lib/python3.8/xmlrpc/client.py", line 1109, in __call__
    return self.__send(self.__name, args)
  File "/usr/lib/python3.8/xmlrpc/client.py", line 1450, in __request
    response = self.__transport.request(
  File "/usr/lib/python3.8/xmlrpc/client.py", line 1153, in request
    return self.single_request(host, handler, request_body, verbose)
  File "/usr/lib/python3.8/xmlrpc/client.py", line 1165, in single_request
    http_conn = self.send_request(host, handler, request_body, verbose)
  File "/usr/lib/python3.8/xmlrpc/client.py", line 1278, in send_request
    self.send_content(connection, request_body)
  File "/usr/lib/python3.8/xmlrpc/client.py", line 1308, in send_content
    connection.endheaders(request_body)
  File "/usr/lib/python3.8/http/client.py", line 1251, in endheaders
    self._send_output(message_body, encode_chunked=encode_chunked)
  File "/usr/lib/python3.8/http/client.py", line 1011, in _send_output
    self.send(msg)
  File "/usr/lib/python3.8/http/client.py", line 951, in send
    self.connect()
  File "/usr/lib/python3.8/http/client.py", line 922, in connect
    self.sock = self._create_connection(
  File "/usr/lib/python3.8/socket.py", line 808, in create_connection
    raise err
  File "/usr/lib/python3.8/socket.py", line 796, in create_connection
    sock.connect(sa)
ConnectionRefusedError: [Errno 111] Connection refused

[rosmaster.master][INFO] 2023-03-29 13:59:55,389: publisherUpdate[/rosout] -> http://aneesh-Swift:32885/ ['http://aneesh-Swift:44023/', 'http://aneesh-Swift:36681/']
[rosmaster.master][INFO] 2023-03-29 13:59:55,389: publisherUpdate[/steady_system/force] -> http://aneesh-Swift:36681/ []
[rosmaster.master][INFO] 2023-03-29 13:59:55,390: publisherUpdate[/rosout] -> http://aneesh-Swift:32885/ ['http://aneesh-Swift:44023/', 'http://aneesh-Swift:36681/']: sec=0.00, result=[1, '', 0]
[rosmaster.master][INFO] 2023-03-29 13:59:55,390: publisherUpdate[/actual_system/reset] -> http://aneesh-Swift:44023/ ['http://aneesh-Swift:44023/']
[rosmaster.master][INFO] 2023-03-29 13:59:55,391: publisherUpdate[/steady_system/force] -> http://aneesh-Swift:36681/ []: sec=0.00, result=[1, '', 0]
[rosmaster.master][INFO] 2023-03-29 13:59:55,391: publisherUpdate[/actual_system/target] -> http://aneesh-Swift:36681/ []
[rosmaster.master][INFO] 2023-03-29 13:59:55,392: publisherUpdate[/actual_system/reset] -> http://aneesh-Swift:44023/ ['http://aneesh-Swift:44023/']: sec=0.00, result=[0, 'Unknown Error', 0]
[rosmaster.master][INFO] 2023-03-29 13:59:55,392: publisherUpdate[/actual_system/target] -> http://aneesh-Swift:36681/ []: sec=0.00, result=[1, '', 0]
[rosmaster.master][INFO] 2023-03-29 13:59:55,393: publisherUpdate[/actual_system/radius] -> http://aneesh-Swift:36681/ []
[rosmaster.master][INFO] 2023-03-29 13:59:55,393: publisherUpdate[/actual_system/radius] -> http://aneesh-Swift:36681/ []: sec=0.00, result=[1, '', 0]
[rosmaster.master][INFO] 2023-03-29 13:59:55,494: -PUB [/rosout] /actual_system/simluator http://aneesh-Swift:44023/
[rosmaster.master][INFO] 2023-03-29 13:59:55,494: publisherUpdate[/rosout] -> http://aneesh-Swift:32885/ ['http://aneesh-Swift:36681/']
[rosmaster.master][INFO] 2023-03-29 13:59:55,495: publisherUpdate[/rosout] -> http://aneesh-Swift:32885/ ['http://aneesh-Swift:36681/']: sec=0.00, result=[1, '', 0]
[rosmaster.master][INFO] 2023-03-29 13:59:55,496: -PUB [/actual_system/reset] /actual_system/simluator http://aneesh-Swift:44023/
[rosmaster.master][INFO] 2023-03-29 13:59:55,497: -PUB [/actual_system/slopes] /actual_system/simluator http://aneesh-Swift:44023/
[rosmaster.master][INFO] 2023-03-29 13:59:55,497: -PUB [/actual_system/state] /actual_system/simluator http://aneesh-Swift:44023/
[rosmaster.master][INFO] 2023-03-29 13:59:55,498: -PUB [/actual_system/complete_state] /actual_system/simluator http://aneesh-Swift:44023/
[rosmaster.master][INFO] 2023-03-29 13:59:55,499: -PUB [/actual_system/velocity] /actual_system/simluator http://aneesh-Swift:44023/
[rosmaster.master][INFO] 2023-03-29 13:59:55,499: -PUB [/actual_system/complete_pose] /actual_system/simluator http://aneesh-Swift:44023/
[rosmaster.master][INFO] 2023-03-29 13:59:55,500: -SUB [/actual_system/force] /actual_system/simluator http://aneesh-Swift:44023/
[rosmaster.master][INFO] 2023-03-29 13:59:55,501: -SUB [/actual_system/reset] /actual_system/simluator http://aneesh-Swift:44023/
[rosmaster.master][INFO] 2023-03-29 13:59:55,501: -SERVICE [/actual_system/simluator/get_loggers] /actual_system/simluator rosrpc://aneesh-Swift:43971
[rosmaster.master][INFO] 2023-03-29 13:59:55,502: -SERVICE [/actual_system/simluator/set_logger_level] /actual_system/simluator rosrpc://aneesh-Swift:43971
[rosmaster.master][INFO] 2023-03-29 13:59:55,518: publisherUpdate[/actual_system/reset] -> http://aneesh-Swift:44023/ []
[rosmaster.master][INFO] 2023-03-29 13:59:55,519: publisherUpdate[/actual_system/reset] -> http://aneesh-Swift:44023/ []: sec=0.00, exception=<Fault -1: 'publisherUpdate: unknown method name'>
[rosmaster.threadpool][ERROR] 2023-03-29 13:59:55,519: Traceback (most recent call last):
  File "/opt/ros/noetic/lib/python3/dist-packages/rosmaster/threadpool.py", line 218, in run
    result = cmd(*args)
  File "/opt/ros/noetic/lib/python3/dist-packages/rosmaster/master_api.py", line 210, in publisher_update_task
    ret = xmlrpcapi(api).publisherUpdate('/master', topic, pub_uris)
  File "/usr/lib/python3.8/xmlrpc/client.py", line 1109, in __call__
    return self.__send(self.__name, args)
  File "/usr/lib/python3.8/xmlrpc/client.py", line 1450, in __request
    response = self.__transport.request(
  File "/usr/lib/python3.8/xmlrpc/client.py", line 1153, in request
    return self.single_request(host, handler, request_body, verbose)
  File "/usr/lib/python3.8/xmlrpc/client.py", line 1169, in single_request
    return self.parse_response(resp)
  File "/usr/lib/python3.8/xmlrpc/client.py", line 1341, in parse_response
    return u.close()
  File "/usr/lib/python3.8/xmlrpc/client.py", line 655, in close
    raise Fault(**self._stack[0])
xmlrpc.client.Fault: <Fault -1: 'publisherUpdate: unknown method name'>

[rosmaster.master][INFO] 2023-03-29 13:59:56,497: -PUB [/rosout_agg] /rosout http://aneesh-Swift:32885/
[rosmaster.master][INFO] 2023-03-29 13:59:56,497: -SUB [/rosout] /rosout http://aneesh-Swift:32885/
[rosmaster.master][INFO] 2023-03-29 13:59:56,498: -SERVICE [/rosout/get_loggers] /rosout rosrpc://aneesh-Swift:40283
[rosmaster.master][INFO] 2023-03-29 13:59:56,499: -SERVICE [/rosout/set_logger_level] /rosout rosrpc://aneesh-Swift:40283
[rosmaster.main][INFO] 2023-03-29 13:59:56,561: keyboard interrupt, will exit
[rosmaster.main][INFO] 2023-03-29 13:59:56,561: stopping master...
[rospy.core][INFO] 2023-03-29 13:59:56,561: signal_shutdown [atexit]
