[rosmaster.main][INFO] 2023-03-19 11:57:29,628: initialization complete, waiting for shutdown
[rosmaster.main][INFO] 2023-03-19 11:57:29,628: Starting ROS Master Node
[xmlrpc][INFO] 2023-03-19 11:57:29,629: XML-RPC server binding to 0.0.0.0:11311
[xmlrpc][INFO] 2023-03-19 11:57:29,629: Started XML-RPC server [http://aneesh-Swift:11311/]
[rosmaster.master][INFO] 2023-03-19 11:57:29,629: Master initialized: port[11311], uri[http://aneesh-Swift:11311/]
[xmlrpc][INFO] 2023-03-19 11:57:29,629: xml rpc node: starting XML-RPC server
[rosmaster.master][INFO] 2023-03-19 11:57:29,663: +PARAM [/run_id] by /roslaunch
[rosmaster.master][INFO] 2023-03-19 11:57:29,664: +PARAM [/roslaunch/uris/host_aneesh_swift__40779] by /roslaunch
[rosmaster.master][INFO] 2023-03-19 11:57:29,702: +PARAM [/rosversion] by /roslaunch
[rosmaster.master][INFO] 2023-03-19 11:57:29,702: +PARAM [/rosdistro] by /roslaunch
[rosmaster.master][INFO] 2023-03-19 11:57:29,736: +SERVICE [/rosout/get_loggers] /rosout http://aneesh-Swift:43727/
[rosmaster.master][INFO] 2023-03-19 11:57:29,737: +SERVICE [/rosout/set_logger_level] /rosout http://aneesh-Swift:43727/
[rosmaster.master][INFO] 2023-03-19 11:57:29,738: +PUB [/rosout_agg] /rosout http://aneesh-Swift:43727/
[rosmaster.master][INFO] 2023-03-19 11:57:29,742: +SUB [/rosout] /rosout http://aneesh-Swift:43727/
[rosmaster.master][INFO] 2023-03-19 11:57:29,743: +PUB [/rosout] /actual_system/simluator http://aneesh-Swift:35999/
[rosmaster.master][INFO] 2023-03-19 11:57:29,744: +SERVICE [/actual_system/simluator/get_loggers] /actual_system/simluator http://aneesh-Swift:35999/
[rosmaster.master][INFO] 2023-03-19 11:57:29,744: +SERVICE [/actual_system/simluator/set_logger_level] /actual_system/simluator http://aneesh-Swift:35999/
[rosmaster.master][INFO] 2023-03-19 11:57:29,748: +SUB [/actual_system/force] /actual_system/simluator http://aneesh-Swift:35999/
[rosmaster.master][INFO] 2023-03-19 11:57:29,752: +SUB [/actual_system/reset] /actual_system/simluator http://aneesh-Swift:35999/
[rosmaster.master][INFO] 2023-03-19 11:57:29,753: +PUB [/actual_system/reset] /actual_system/simluator http://aneesh-Swift:35999/
[rosmaster.master][INFO] 2023-03-19 11:57:29,754: +PUB [/actual_system/slopes] /actual_system/simluator http://aneesh-Swift:35999/
[rosmaster.master][INFO] 2023-03-19 11:57:29,754: +PUB [/actual_system/state] /actual_system/simluator http://aneesh-Swift:35999/
[rosmaster.master][INFO] 2023-03-19 11:57:29,755: +PUB [/actual_system/complete_state] /actual_system/simluator http://aneesh-Swift:35999/
[rosmaster.master][INFO] 2023-03-19 11:57:29,756: +PUB [/actual_system/velocity] /actual_system/simluator http://aneesh-Swift:35999/
[rosmaster.master][INFO] 2023-03-19 11:57:29,756: +PUB [/actual_system/complete_pose] /actual_system/simluator http://aneesh-Swift:35999/
[rosmaster.master][INFO] 2023-03-19 11:57:29,829: publisherUpdate[/rosout] -> http://aneesh-Swift:43727/ ['http://aneesh-Swift:35999/']
[rosmaster.master][INFO] 2023-03-19 11:57:29,832: publisherUpdate[/actual_system/reset] -> http://aneesh-Swift:35999/ ['http://aneesh-Swift:35999/']
[rosmaster.master][INFO] 2023-03-19 11:57:29,833: publisherUpdate[/rosout] -> http://aneesh-Swift:43727/ ['http://aneesh-Swift:35999/']: sec=0.00, result=[1, '', 0]
[rosmaster.master][INFO] 2023-03-19 11:57:29,834: publisherUpdate[/actual_system/reset] -> http://aneesh-Swift:35999/ ['http://aneesh-Swift:35999/']: sec=0.00, result=[1, '', 0]
[rosmaster.master][INFO] 2023-03-19 11:57:30,163: +PUB [/rosout] /steady_state_checker_node http://aneesh-Swift:45243/
[rosmaster.master][INFO] 2023-03-19 11:57:30,165: +SERVICE [/steady_state_checker_node/get_loggers] /steady_state_checker_node http://aneesh-Swift:45243/
[rosmaster.master][INFO] 2023-03-19 11:57:30,166: +SERVICE [/steady_state_checker_node/set_logger_level] /steady_state_checker_node http://aneesh-Swift:45243/
[rosmaster.master][INFO] 2023-03-19 11:57:30,167: +PUB [/steady_system/state] /steady_state_checker_node http://aneesh-Swift:45243/
[rosmaster.master][INFO] 2023-03-19 11:57:30,168: +PUB [/steady_system/complete_pose] /steady_state_checker_node http://aneesh-Swift:45243/
[rosmaster.master][INFO] 2023-03-19 11:57:30,169: +PUB [/steady_system/complete_state] /steady_state_checker_node http://aneesh-Swift:45243/
[rosmaster.master][INFO] 2023-03-19 11:57:30,170: +PUB [/actual_system/force] /steady_state_checker_node http://aneesh-Swift:45243/
[rosmaster.master][INFO] 2023-03-19 11:57:30,171: +PUB [/steady_system/velocity] /steady_state_checker_node http://aneesh-Swift:45243/
[rosmaster.master][INFO] 2023-03-19 11:57:30,173: +SUB [/actual_system/state] /steady_state_checker_node http://aneesh-Swift:45243/
[rosmaster.master][INFO] 2023-03-19 11:57:30,175: +SUB [/actual_system/complete_pose] /steady_state_checker_node http://aneesh-Swift:45243/
[rosmaster.master][INFO] 2023-03-19 11:57:30,176: +SUB [/actual_system/complete_state] /steady_state_checker_node http://aneesh-Swift:45243/
[rosmaster.master][INFO] 2023-03-19 11:57:30,178: +SUB [/steady_system/force] /steady_state_checker_node http://aneesh-Swift:45243/
[rosmaster.master][INFO] 2023-03-19 11:57:30,234: publisherUpdate[/rosout] -> http://aneesh-Swift:43727/ ['http://aneesh-Swift:35999/', 'http://aneesh-Swift:45243/']
[rosmaster.master][INFO] 2023-03-19 11:57:30,234: publisherUpdate[/actual_system/force] -> http://aneesh-Swift:35999/ ['http://aneesh-Swift:45243/']
[rosmaster.master][INFO] 2023-03-19 11:57:30,235: publisherUpdate[/rosout] -> http://aneesh-Swift:43727/ ['http://aneesh-Swift:35999/', 'http://aneesh-Swift:45243/']: sec=0.00, result=[1, '', 0]
[rosmaster.master][INFO] 2023-03-19 11:57:30,235: publisherUpdate[/actual_system/force] -> http://aneesh-Swift:35999/ ['http://aneesh-Swift:45243/']: sec=0.00, result=[1, '', 0]
[rosmaster.master][INFO] 2023-03-19 11:57:31,950: -SUB [/actual_system/state] /steady_state_checker_node http://aneesh-Swift:45243/
[rosmaster.master][INFO] 2023-03-19 11:57:31,951: -SUB [/actual_system/complete_pose] /steady_state_checker_node http://aneesh-Swift:45243/
[rosmaster.master][INFO] 2023-03-19 11:57:31,951: -SUB [/actual_system/complete_state] /steady_state_checker_node http://aneesh-Swift:45243/
[rosmaster.master][INFO] 2023-03-19 11:57:31,951: -SUB [/steady_system/force] /steady_state_checker_node http://aneesh-Swift:45243/
[rosmaster.master][INFO] 2023-03-19 11:57:31,951: -PUB [/rosout] /steady_state_checker_node http://aneesh-Swift:45243/
[rosmaster.master][INFO] 2023-03-19 11:57:31,951: -PUB [/steady_system/state] /steady_state_checker_node http://aneesh-Swift:45243/
[rosmaster.master][INFO] 2023-03-19 11:57:31,951: -PUB [/steady_system/complete_pose] /steady_state_checker_node http://aneesh-Swift:45243/
[rosmaster.master][INFO] 2023-03-19 11:57:31,951: -PUB [/steady_system/complete_state] /steady_state_checker_node http://aneesh-Swift:45243/
[rosmaster.master][INFO] 2023-03-19 11:57:31,951: -PUB [/actual_system/force] /steady_state_checker_node http://aneesh-Swift:45243/
[rosmaster.master][INFO] 2023-03-19 11:57:31,951: -PUB [/steady_system/velocity] /steady_state_checker_node http://aneesh-Swift:45243/
[rosmaster.master][INFO] 2023-03-19 11:57:31,951: -SERVICE [/steady_state_checker_node/get_loggers] /steady_state_checker_node rosrpc://aneesh-Swift:42903
[rosmaster.master][INFO] 2023-03-19 11:57:31,951: -SERVICE [/steady_state_checker_node/set_logger_level] /steady_state_checker_node rosrpc://aneesh-Swift:42903
[rosmaster.master][INFO] 2023-03-19 11:57:32,037: publisherUpdate[/rosout] -> http://aneesh-Swift:43727/ ['http://aneesh-Swift:35999/']
[rosmaster.master][INFO] 2023-03-19 11:57:32,038: publisherUpdate[/actual_system/force] -> http://aneesh-Swift:35999/ []
[rosmaster.master][INFO] 2023-03-19 11:57:32,038: publisherUpdate[/rosout] -> http://aneesh-Swift:43727/ ['http://aneesh-Swift:35999/']: sec=0.00, result=[1, '', 0]
[rosmaster.master][INFO] 2023-03-19 11:57:32,039: publisherUpdate[/actual_system/force] -> http://aneesh-Swift:35999/ []: sec=0.00, result=[1, '', 0]
[rosmaster.master][INFO] 2023-03-19 11:57:32,139: -PUB [/rosout] /actual_system/simluator http://aneesh-Swift:35999/
[rosmaster.master][INFO] 2023-03-19 11:57:32,139: publisherUpdate[/rosout] -> http://aneesh-Swift:43727/ []
[rosmaster.master][INFO] 2023-03-19 11:57:32,140: -PUB [/actual_system/reset] /actual_system/simluator http://aneesh-Swift:35999/
[rosmaster.master][INFO] 2023-03-19 11:57:32,141: publisherUpdate[/rosout] -> http://aneesh-Swift:43727/ []: sec=0.00, result=[1, '', 0]
[rosmaster.master][INFO] 2023-03-19 11:57:32,141: publisherUpdate[/actual_system/reset] -> http://aneesh-Swift:35999/ []
[rosmaster.master][INFO] 2023-03-19 11:57:32,141: -PUB [/actual_system/slopes] /actual_system/simluator http://aneesh-Swift:35999/
[rosmaster.master][INFO] 2023-03-19 11:57:32,142: -PUB [/actual_system/state] /actual_system/simluator http://aneesh-Swift:35999/
[rosmaster.master][INFO] 2023-03-19 11:57:32,142: -PUB [/actual_system/complete_state] /actual_system/simluator http://aneesh-Swift:35999/
[rosmaster.master][INFO] 2023-03-19 11:57:32,143: -PUB [/actual_system/velocity] /actual_system/simluator http://aneesh-Swift:35999/
[rosmaster.master][INFO] 2023-03-19 11:57:32,144: -PUB [/actual_system/complete_pose] /actual_system/simluator http://aneesh-Swift:35999/
[rosmaster.master][INFO] 2023-03-19 11:57:32,144: -SUB [/actual_system/force] /actual_system/simluator http://aneesh-Swift:35999/
[rosmaster.master][INFO] 2023-03-19 11:57:32,145: -SUB [/actual_system/reset] /actual_system/simluator http://aneesh-Swift:35999/
[rosmaster.master][INFO] 2023-03-19 11:57:32,145: -SERVICE [/actual_system/simluator/get_loggers] /actual_system/simluator rosrpc://aneesh-Swift:37827
[rosmaster.master][INFO] 2023-03-19 11:57:32,146: -SERVICE [/actual_system/simluator/set_logger_level] /actual_system/simluator rosrpc://aneesh-Swift:37827
[rosmaster.master][INFO] 2023-03-19 11:57:32,149: publisherUpdate[/actual_system/reset] -> http://aneesh-Swift:35999/ []: sec=0.01, exception=[Errno 111] Connection refused
[rosmaster.threadpool][ERROR] 2023-03-19 11:57:32,154: Traceback (most recent call last):
  File "/opt/ros/noetic/lib/python3/dist-packages/rosmaster/threadpool.py", line 218, in run
    result = cmd(*args)
  File "/opt/ros/noetic/lib/python3/dist-packages/rosmaster/master_api.py", line 210, in publisher_update_task
    ret = xmlrpcapi(api).publisherUpdate('/master', topic, pub_uris)
  File "/usr/lib/python3.8/xmlrpc/client.py", line 1109, in __call__
    return self.__send(self.__name, args)
  File "/usr/lib/python3.8/xmlrpc/client.py", line 1450, in __request
    response = self.__transport.request(
  File "/usr/lib/python3.8/xmlrpc/client.py", line 1153, in request
    return self.single_request(host, handler, request_body, verbose)
  File "/usr/lib/python3.8/xmlrpc/client.py", line 1165, in single_request
    http_conn = self.send_request(host, handler, request_body, verbose)
  File "/usr/lib/python3.8/xmlrpc/client.py", line 1278, in send_request
    self.send_content(connection, request_body)
  File "/usr/lib/python3.8/xmlrpc/client.py", line 1308, in send_content
    connection.endheaders(request_body)
  File "/usr/lib/python3.8/http/client.py", line 1251, in endheaders
    self._send_output(message_body, encode_chunked=encode_chunked)
  File "/usr/lib/python3.8/http/client.py", line 1011, in _send_output
    self.send(msg)
  File "/usr/lib/python3.8/http/client.py", line 951, in send
    self.connect()
  File "/usr/lib/python3.8/http/client.py", line 922, in connect
    self.sock = self._create_connection(
  File "/usr/lib/python3.8/socket.py", line 808, in create_connection
    raise err
  File "/usr/lib/python3.8/socket.py", line 796, in create_connection
    sock.connect(sa)
ConnectionRefusedError: [Errno 111] Connection refused

[rosmaster.master][INFO] 2023-03-19 11:57:32,841: -PUB [/rosout_agg] /rosout http://aneesh-Swift:43727/
[rosmaster.master][INFO] 2023-03-19 11:57:32,842: -SUB [/rosout] /rosout http://aneesh-Swift:43727/
[rosmaster.master][INFO] 2023-03-19 11:57:32,842: -SERVICE [/rosout/get_loggers] /rosout rosrpc://aneesh-Swift:38089
[rosmaster.master][INFO] 2023-03-19 11:57:32,843: -SERVICE [/rosout/set_logger_level] /rosout rosrpc://aneesh-Swift:38089
[rosmaster.main][INFO] 2023-03-19 11:57:32,854: keyboard interrupt, will exit
[rosmaster.main][INFO] 2023-03-19 11:57:32,854: stopping master...
[rospy.core][INFO] 2023-03-19 11:57:32,854: signal_shutdown [atexit]
