[rospy.client][INFO] 2023-03-19 11:57:30,059: init_node, name[/steady_state_checker_node], pid[92440]
[xmlrpc][INFO] 2023-03-19 11:57:30,059: XML-RPC server binding to 0.0.0.0:0
[xmlrpc][INFO] 2023-03-19 11:57:30,060: Started XML-RPC server [http://aneesh-Swift:45243/]
[rospy.init][INFO] 2023-03-19 11:57:30,060: ROS Slave URI: [http://aneesh-Swift:45243/]
[rospy.impl.masterslave][INFO] 2023-03-19 11:57:30,060: _ready: http://aneesh-Swift:45243/
[rospy.registration][INFO] 2023-03-19 11:57:30,061: Registering with master node http://localhost:11311
[xmlrpc][INFO] 2023-03-19 11:57:30,061: xml rpc node: starting XML-RPC server
[rospy.init][INFO] 2023-03-19 11:57:30,160: registered with master
[rospy.rosout][INFO] 2023-03-19 11:57:30,160: initializing /rosout core topic
[rospy.rosout][INFO] 2023-03-19 11:57:30,163: connected to core topic /rosout
[rospy.simtime][INFO] 2023-03-19 11:57:30,164: /use_sim_time is not set, will not subscribe to simulated time [/clock] topic
[rospy.internal][INFO] 2023-03-19 11:57:30,180: topic[/actual_system/state] adding connection to [http://aneesh-Swift:35999/], count 0
[rospy.internal][INFO] 2023-03-19 11:57:30,183: topic[/actual_system/complete_state] adding connection to [http://aneesh-Swift:35999/], count 0
[rospy.internal][INFO] 2023-03-19 11:57:30,184: topic[/actual_system/complete_pose] adding connection to [http://aneesh-Swift:35999/], count 0
[rospy.internal][INFO] 2023-03-19 11:57:30,439: topic[/rosout] adding connection to [/rosout], count 0
[rospy.internal][INFO] 2023-03-19 11:57:30,440: topic[/actual_system/force] adding connection to [/actual_system/simluator], count 0
[rospy.core][INFO] 2023-03-19 11:57:31,949: signal_shutdown [signal-2]
[rospy.internal][INFO] 2023-03-19 11:57:31,953: topic[/rosout] removing connection to /rosout
[rospy.internal][INFO] 2023-03-19 11:57:31,953: topic[/actual_system/force] removing connection to /actual_system/simluator
[rospy.internal][INFO] 2023-03-19 11:57:31,954: topic[/actual_system/state] removing connection to http://aneesh-Swift:35999/
[rospy.internal][INFO] 2023-03-19 11:57:31,954: topic[/actual_system/complete_pose] removing connection to http://aneesh-Swift:35999/
[rospy.internal][INFO] 2023-03-19 11:57:31,955: topic[/actual_system/complete_pose] removing connection to http://aneesh-Swift:35999/
[rospy.topics][ERROR] 2023-03-19 11:57:31,955: Traceback (most recent call last):
  File "/opt/ros/noetic/lib/python3/dist-packages/rospy/topics.py", line 326, in close
    c.close()
  File "/opt/ros/noetic/lib/python3/dist-packages/rospy/impl/tcpros_base.py", line 858, in close
    self.socket.close()
AttributeError: 'NoneType' object has no attribute 'close'

[rospy.internal][INFO] 2023-03-19 11:57:31,956: topic[/actual_system/complete_state] removing connection to http://aneesh-Swift:35999/
[rospy.internal][INFO] 2023-03-19 11:57:31,956: topic[/actual_system/complete_state] removing connection to http://aneesh-Swift:35999/
[rospy.topics][ERROR] 2023-03-19 11:57:31,956: Traceback (most recent call last):
  File "/opt/ros/noetic/lib/python3/dist-packages/rospy/topics.py", line 326, in close
    c.close()
  File "/opt/ros/noetic/lib/python3/dist-packages/rospy/impl/tcpros_base.py", line 858, in close
    self.socket.close()
AttributeError: 'NoneType' object has no attribute 'close'

[rospy.impl.masterslave][INFO] 2023-03-19 11:57:31,956: signal-2
[rospy.core][INFO] 2023-03-19 11:57:32,550: signal_shutdown [atexit]
