[rospy.client][INFO] 2023-03-23 12:01:58,024: init_node, name[/controller], pid[4388]
[xmlrpc][INFO] 2023-03-23 12:01:58,024: XML-RPC server binding to 0.0.0.0:0
[xmlrpc][INFO] 2023-03-23 12:01:58,025: Started XML-RPC server [http://aneesh-Swift:35635/]
[rospy.impl.masterslave][INFO] 2023-03-23 12:01:58,025: _ready: http://aneesh-Swift:35635/
[rospy.init][INFO] 2023-03-23 12:01:58,025: ROS Slave URI: [http://aneesh-Swift:35635/]
[rospy.registration][INFO] 2023-03-23 12:01:58,026: Registering with master node http://localhost:11311
[xmlrpc][INFO] 2023-03-23 12:01:58,026: xml rpc node: starting XML-RPC server
[rospy.init][INFO] 2023-03-23 12:01:58,126: registered with master
[rospy.rosout][INFO] 2023-03-23 12:01:58,127: initializing /rosout core topic
[rospy.rosout][INFO] 2023-03-23 12:01:58,133: connected to core topic /rosout
[rospy.simtime][INFO] 2023-03-23 12:01:58,135: /use_sim_time is not set, will not subscribe to simulated time [/clock] topic
[rospy.internal][INFO] 2023-03-23 12:01:58,168: topic[/steady_system/complete_pose] adding connection to [http://aneesh-Swift:42985/], count 0
[rospy.internal][INFO] 2023-03-23 12:01:58,170: topic[/steady_system/velocity] adding connection to [http://aneesh-Swift:42985/], count 0
[rospy.internal][INFO] 2023-03-23 12:01:58,194: topic[/steady_system/force] adding connection to [/steady_state_checker_node], count 0
[rospy.internal][INFO] 2023-03-23 12:01:58,388: topic[/rosout] adding connection to [/rosout], count 0
[rospy.internal][INFO] 2023-03-23 12:01:58,389: topic[/actual_system/reset] adding connection to [/actual_system/simluator], count 0
[rospy.internal][INFO] 2023-03-23 12:02:46,186: topic[/actual_system/reset] removing connection to /actual_system/simluator
[rospy.internal][INFO] 2023-03-23 12:02:46,222: topic[/steady_system/force] adding connection to [/steady_state_checker_node], count 1
[rospy.internal][INFO] 2023-03-23 12:02:46,222: topic[/steady_system/force] removing connection to /steady_state_checker_node
[rospy.internal][INFO] 2023-03-23 12:02:46,267: topic[/steady_system/complete_pose] removing connection to http://aneesh-Swift:42985/
[rospy.internal][INFO] 2023-03-23 12:02:46,267: topic[/steady_system/velocity] removing connection to http://aneesh-Swift:42985/
[rospy.internal][INFO] 2023-03-23 12:02:46,271: topic[/steady_system/complete_pose] adding connection to [http://aneesh-Swift:40805/], count 0
[rospy.internal][INFO] 2023-03-23 12:02:46,273: topic[/steady_system/velocity] adding connection to [http://aneesh-Swift:40805/], count 0
[rospy.internal][INFO] 2023-03-23 12:02:47,690: topic[/steady_system/velocity] removing connection to http://aneesh-Swift:40805/
[rospy.internal][INFO] 2023-03-23 12:02:47,690: topic[/steady_system/complete_pose] removing connection to http://aneesh-Swift:40805/
[rospy.impl.masterslave][INFO] 2023-03-23 12:02:47,700: external shutdown request from [/master]: [/controller] Reason: new node registered with same name
[rospy.core][INFO] 2023-03-23 12:02:47,731: signal_shutdown [external shutdown request from [/master]: [[/controller] Reason: new node registered with same name]]
[rospy.internal][INFO] 2023-03-23 12:02:47,747: topic[/rosout] removing connection to /rosout
[rospy.internal][INFO] 2023-03-23 12:02:47,778: topic[/steady_system/force] removing connection to /steady_state_checker_node
[rospy.core][INFO] 2023-03-23 12:02:58,121: signal_shutdown [signal-2]
[rospy.core][INFO] 2023-03-23 12:03:13,147: signal_shutdown [signal-15]
