[rospy.client][INFO] 2023-03-23 12:02:47,564: init_node, name[/controller], pid[4765]
[xmlrpc][INFO] 2023-03-23 12:02:47,564: XML-RPC server binding to 0.0.0.0:0
[xmlrpc][INFO] 2023-03-23 12:02:47,564: Started XML-RPC server [http://aneesh-Swift:38607/]
[rospy.init][INFO] 2023-03-23 12:02:47,564: ROS Slave URI: [http://aneesh-Swift:38607/]
[rospy.impl.masterslave][INFO] 2023-03-23 12:02:47,564: _ready: http://aneesh-Swift:38607/
[rospy.registration][INFO] 2023-03-23 12:02:47,565: Registering with master node http://localhost:11311
[xmlrpc][INFO] 2023-03-23 12:02:47,565: xml rpc node: starting XML-RPC server
[rospy.init][INFO] 2023-03-23 12:02:47,665: registered with master
[rospy.rosout][INFO] 2023-03-23 12:02:47,665: initializing /rosout core topic
[rospy.rosout][INFO] 2023-03-23 12:02:47,667: connected to core topic /rosout
[rospy.simtime][INFO] 2023-03-23 12:02:47,667: /use_sim_time is not set, will not subscribe to simulated time [/clock] topic
[rospy.internal][INFO] 2023-03-23 12:02:47,677: topic[/steady_system/force] adding connection to [/steady_state_checker_node], count 0
[rospy.internal][INFO] 2023-03-23 12:02:47,681: topic[/steady_system/velocity] adding connection to [http://aneesh-Swift:40805/], count 0
[rospy.internal][INFO] 2023-03-23 12:02:47,682: topic[/steady_system/complete_pose] adding connection to [http://aneesh-Swift:40805/], count 0
[rospy.internal][INFO] 2023-03-23 12:02:47,873: topic[/rosout] adding connection to [/rosout], count 0
[rospy.core][INFO] 2023-03-23 12:02:55,526: signal_shutdown [signal-2]
[rospy.internal][INFO] 2023-03-23 12:02:55,531: topic[/steady_system/complete_pose] removing connection to http://aneesh-Swift:40805/
[rospy.internal][INFO] 2023-03-23 12:02:55,531: topic[/steady_system/velocity] removing connection to http://aneesh-Swift:40805/
[rospy.internal][INFO] 2023-03-23 12:02:55,536: topic[/rosout] removing connection to /rosout
[rospy.internal][INFO] 2023-03-23 12:02:55,537: topic[/steady_system/force] removing connection to /steady_state_checker_node
[rospy.impl.masterslave][INFO] 2023-03-23 12:02:55,537: signal-2
[rospy.client][INFO] 2023-03-23 12:03:07,559: init_node, name[/controller], pid[5176]
[xmlrpc][INFO] 2023-03-23 12:03:07,559: XML-RPC server binding to 0.0.0.0:0
[xmlrpc][INFO] 2023-03-23 12:03:07,560: Started XML-RPC server [http://aneesh-Swift:39261/]
[rospy.init][INFO] 2023-03-23 12:03:07,560: ROS Slave URI: [http://aneesh-Swift:39261/]
[rospy.impl.masterslave][INFO] 2023-03-23 12:03:07,560: _ready: http://aneesh-Swift:39261/
[rospy.registration][INFO] 2023-03-23 12:03:07,561: Registering with master node http://localhost:11311
[xmlrpc][INFO] 2023-03-23 12:03:07,561: xml rpc node: starting XML-RPC server
[rospy.init][INFO] 2023-03-23 12:03:07,660: registered with master
[rospy.rosout][INFO] 2023-03-23 12:03:07,661: initializing /rosout core topic
[rospy.rosout][INFO] 2023-03-23 12:03:07,663: connected to core topic /rosout
[rospy.simtime][INFO] 2023-03-23 12:03:07,664: /use_sim_time is not set, will not subscribe to simulated time [/clock] topic
[rospy.internal][INFO] 2023-03-23 12:03:07,676: topic[/steady_system/complete_pose] adding connection to [http://aneesh-Swift:41367/], count 0
[rospy.internal][INFO] 2023-03-23 12:03:07,677: topic[/steady_system/velocity] adding connection to [http://aneesh-Swift:41367/], count 0
[rospy.internal][INFO] 2023-03-23 12:03:07,727: topic[/steady_system/force] adding connection to [/steady_state_checker_node], count 0
[rospy.internal][INFO] 2023-03-23 12:03:07,923: topic[/rosout] adding connection to [/rosout], count 0
[rospy.internal][INFO] 2023-03-23 12:03:07,925: topic[/actual_system/reset] adding connection to [/actual_system/simluator], count 0
[rospy.core][INFO] 2023-03-23 12:03:10,571: signal_shutdown [signal-15]
[rospy.internal][INFO] 2023-03-23 12:03:15,679: topic[/rosout] removing connection to /rosout
[rospy.core][INFO] 2023-03-23 12:13:14,816: signal_shutdown [signal-2]
[rospy.internal][INFO] 2023-03-23 12:13:14,825: topic[/steady_system/force] removing connection to /steady_state_checker_node
[rospy.internal][INFO] 2023-03-23 12:13:14,825: topic[/actual_system/reset] removing connection to /actual_system/simluator
[rospy.internal][INFO] 2023-03-23 12:13:14,825: topic[/steady_system/complete_pose] removing connection to http://aneesh-Swift:41367/
[rospy.internal][INFO] 2023-03-23 12:13:14,826: topic[/steady_system/velocity] removing connection to http://aneesh-Swift:41367/
[rospy.impl.masterslave][INFO] 2023-03-23 12:13:14,827: signal-2
[rospy.core][INFO] 2023-03-23 12:13:29,840: signal_shutdown [signal-15]
