[rospy.client][INFO] 2023-03-31 03:12:39,348: init_node, name[/controller], pid[19969]
[xmlrpc][INFO] 2023-03-31 03:12:39,348: XML-RPC server binding to 0.0.0.0:0
[xmlrpc][INFO] 2023-03-31 03:12:39,348: Started XML-RPC server [http://aneesh-Swift:44981/]
[rospy.impl.masterslave][INFO] 2023-03-31 03:12:39,349: _ready: http://aneesh-Swift:44981/
[rospy.init][INFO] 2023-03-31 03:12:39,349: ROS Slave URI: [http://aneesh-Swift:44981/]
[rospy.registration][INFO] 2023-03-31 03:12:39,349: Registering with master node http://localhost:11311
[xmlrpc][INFO] 2023-03-31 03:12:39,349: xml rpc node: starting XML-RPC server
[rospy.init][INFO] 2023-03-31 03:12:39,450: registered with master
[rospy.rosout][INFO] 2023-03-31 03:12:39,451: initializing /rosout core topic
[rospy.rosout][INFO] 2023-03-31 03:12:39,456: connected to core topic /rosout
[rospy.simtime][INFO] 2023-03-31 03:12:39,458: /use_sim_time is not set, will not subscribe to simulated time [/clock] topic
[rospy.internal][INFO] 2023-03-31 03:12:39,496: topic[/steady_system/complete_pose] adding connection to [http://aneesh-Swift:45631/], count 0
[rospy.internal][INFO] 2023-03-31 03:12:39,499: topic[/steady_system/velocity] adding connection to [http://aneesh-Swift:45631/], count 0
[rospy.internal][INFO] 2023-03-31 03:12:39,502: topic[/steady_system/force] adding connection to [/steady_state_checker_node], count 0
[rospy.internal][INFO] 2023-03-31 03:12:39,685: topic[/rosout] adding connection to [/rosout], count 0
[rospy.internal][INFO] 2023-03-31 03:12:39,688: topic[/actual_system/reset] adding connection to [/actual_system/simluator], count 0
[rospy.core][INFO] 2023-03-31 03:15:08,877: signal_shutdown [signal-2]
[rospy.internal][INFO] 2023-03-31 03:15:08,884: topic[/rosout] removing connection to /rosout
[rospy.internal][INFO] 2023-03-31 03:15:08,885: topic[/steady_system/force] removing connection to /steady_state_checker_node
[rospy.internal][INFO] 2023-03-31 03:15:08,885: topic[/actual_system/reset] removing connection to /actual_system/simluator
[rospy.internal][INFO] 2023-03-31 03:15:08,885: topic[/steady_system/complete_pose] removing connection to http://aneesh-Swift:45631/
[rospy.internal][INFO] 2023-03-31 03:15:08,888: topic[/steady_system/velocity] removing connection to http://aneesh-Swift:45631/
[rospy.impl.masterslave][INFO] 2023-03-31 03:15:08,889: signal-2
[rospy.core][INFO] 2023-03-31 03:15:09,540: signal_shutdown [atexit]
