[rospy.client][INFO] 2023-03-31 03:12:37,832: init_node, name[/steady_state_checker_node], pid[19974]
[xmlrpc][INFO] 2023-03-31 03:12:37,832: XML-RPC server binding to 0.0.0.0:0
[xmlrpc][INFO] 2023-03-31 03:12:37,833: Started XML-RPC server [http://aneesh-Swift:45631/]
[rospy.init][INFO] 2023-03-31 03:12:37,833: ROS Slave URI: [http://aneesh-Swift:45631/]
[rospy.impl.masterslave][INFO] 2023-03-31 03:12:37,833: _ready: http://aneesh-Swift:45631/
[rospy.registration][INFO] 2023-03-31 03:12:37,833: Registering with master node http://localhost:11311
[xmlrpc][INFO] 2023-03-31 03:12:37,834: xml rpc node: starting XML-RPC server
[rospy.init][INFO] 2023-03-31 03:12:37,933: registered with master
[rospy.rosout][INFO] 2023-03-31 03:12:37,933: initializing /rosout core topic
[rospy.rosout][INFO] 2023-03-31 03:12:37,937: connected to core topic /rosout
[rospy.simtime][INFO] 2023-03-31 03:12:37,937: /use_sim_time is not set, will not subscribe to simulated time [/clock] topic
[rospy.internal][INFO] 2023-03-31 03:12:37,948: topic[/actual_system/state] adding connection to [http://aneesh-Swift:39327/], count 0
[rospy.internal][INFO] 2023-03-31 03:12:37,951: topic[/actual_system/complete_pose] adding connection to [http://aneesh-Swift:39327/], count 0
[rospy.internal][INFO] 2023-03-31 03:12:37,954: topic[/actual_system/complete_state] adding connection to [http://aneesh-Swift:39327/], count 0
[rospy.internal][INFO] 2023-03-31 03:12:38,174: topic[/rosout] adding connection to [/rosout], count 0
[rospy.internal][INFO] 2023-03-31 03:12:38,177: topic[/actual_system/force] adding connection to [/actual_system/simluator], count 0
[rospy.internal][INFO] 2023-03-31 03:12:39,492: topic[/steady_system/force] adding connection to [http://aneesh-Swift:44981/], count 0
[rospy.internal][INFO] 2023-03-31 03:12:39,501: topic[/steady_system/complete_pose] adding connection to [/controller], count 0
[rospy.internal][INFO] 2023-03-31 03:12:39,503: topic[/steady_system/velocity] adding connection to [/controller], count 0
[rospy.core][INFO] 2023-03-31 03:15:08,877: signal_shutdown [signal-2]
[rospy.internal][INFO] 2023-03-31 03:15:08,885: topic[/steady_system/force] removing connection to http://aneesh-Swift:44981/
[rospy.internal][INFO] 2023-03-31 03:15:08,890: topic[/rosout] removing connection to /rosout
[rospy.internal][INFO] 2023-03-31 03:15:08,890: topic[/steady_system/complete_pose] removing connection to /controller
[rospy.internal][INFO] 2023-03-31 03:15:08,891: topic[/actual_system/force] removing connection to /actual_system/simluator
[rospy.internal][INFO] 2023-03-31 03:15:08,891: topic[/steady_system/velocity] removing connection to /controller
[rospy.internal][INFO] 2023-03-31 03:15:08,891: topic[/actual_system/state] removing connection to http://aneesh-Swift:39327/
[rospy.internal][INFO] 2023-03-31 03:15:08,892: topic[/actual_system/complete_pose] removing connection to http://aneesh-Swift:39327/
[rospy.internal][INFO] 2023-03-31 03:15:08,892: topic[/actual_system/complete_state] removing connection to http://aneesh-Swift:39327/
[rospy.internal][INFO] 2023-03-31 03:15:08,892: topic[/actual_system/complete_state] removing connection to http://aneesh-Swift:39327/
[rospy.impl.masterslave][INFO] 2023-03-31 03:15:08,893: signal-2
[rospy.core][INFO] 2023-03-31 03:15:09,485: signal_shutdown [atexit]
