[rosmaster.main][INFO] 2023-03-05 23:56:33,415: initialization complete, waiting for shutdown
[rosmaster.main][INFO] 2023-03-05 23:56:33,415: Starting ROS Master Node
[xmlrpc][INFO] 2023-03-05 23:56:33,416: XML-RPC server binding to 0.0.0.0:11311
[xmlrpc][INFO] 2023-03-05 23:56:33,416: Started XML-RPC server [http://aneesh-Swift:11311/]
[rosmaster.master][INFO] 2023-03-05 23:56:33,416: Master initialized: port[11311], uri[http://aneesh-Swift:11311/]
[xmlrpc][INFO] 2023-03-05 23:56:33,417: xml rpc node: starting XML-RPC server
[rosmaster.master][INFO] 2023-03-05 23:56:33,512: +PARAM [/run_id] by /roslaunch
[rosmaster.master][INFO] 2023-03-05 23:56:33,514: +PARAM [/roslaunch/uris/host_aneesh_swift__39015] by /roslaunch
[rosmaster.master][INFO] 2023-03-05 23:56:33,555: +PARAM [/rosversion] by /roslaunch
[rosmaster.master][INFO] 2023-03-05 23:56:33,555: +PARAM [/rosdistro] by /roslaunch
[rosmaster.master][INFO] 2023-03-05 23:56:33,586: +SERVICE [/rosout/get_loggers] /rosout http://aneesh-Swift:38383/
[rosmaster.master][INFO] 2023-03-05 23:56:33,587: +SERVICE [/rosout/set_logger_level] /rosout http://aneesh-Swift:38383/
[rosmaster.master][INFO] 2023-03-05 23:56:33,588: +PUB [/rosout_agg] /rosout http://aneesh-Swift:38383/
[rosmaster.master][INFO] 2023-03-05 23:56:33,592: +SUB [/rosout] /rosout http://aneesh-Swift:38383/
[rosmaster.master][INFO] 2023-03-05 23:56:33,596: +PUB [/rosout] /actual_system/simluator http://aneesh-Swift:38683/
[rosmaster.master][INFO] 2023-03-05 23:56:33,597: +SERVICE [/actual_system/simluator/get_loggers] /actual_system/simluator http://aneesh-Swift:38683/
[rosmaster.master][INFO] 2023-03-05 23:56:33,598: +SERVICE [/actual_system/simluator/set_logger_level] /actual_system/simluator http://aneesh-Swift:38683/
[rosmaster.master][INFO] 2023-03-05 23:56:33,602: +SUB [/actual_system/force] /actual_system/simluator http://aneesh-Swift:38683/
[rosmaster.master][INFO] 2023-03-05 23:56:33,609: +SUB [/actual_system/reset] /actual_system/simluator http://aneesh-Swift:38683/
[rosmaster.master][INFO] 2023-03-05 23:56:33,611: +PUB [/actual_system/reset] /actual_system/simluator http://aneesh-Swift:38683/
[rosmaster.master][INFO] 2023-03-05 23:56:33,613: +PUB [/actual_system/slopes] /actual_system/simluator http://aneesh-Swift:38683/
[rosmaster.master][INFO] 2023-03-05 23:56:33,614: +PUB [/actual_system/state] /actual_system/simluator http://aneesh-Swift:38683/
[rosmaster.master][INFO] 2023-03-05 23:56:33,614: +PUB [/actual_system/complete_state] /actual_system/simluator http://aneesh-Swift:38683/
[rosmaster.master][INFO] 2023-03-05 23:56:33,616: +PUB [/actual_system/velocity] /actual_system/simluator http://aneesh-Swift:38683/
[rosmaster.master][INFO] 2023-03-05 23:56:33,616: publisherUpdate[/rosout] -> http://aneesh-Swift:38383/ ['http://aneesh-Swift:38683/']
[rosmaster.master][INFO] 2023-03-05 23:56:33,616: publisherUpdate[/actual_system/reset] -> http://aneesh-Swift:38683/ ['http://aneesh-Swift:38683/']
[rosmaster.master][INFO] 2023-03-05 23:56:33,618: +PUB [/actual_system/complete_pose] /actual_system/simluator http://aneesh-Swift:38683/
[rosmaster.master][INFO] 2023-03-05 23:56:33,624: publisherUpdate[/rosout] -> http://aneesh-Swift:38383/ ['http://aneesh-Swift:38683/']: sec=0.01, result=[1, '', 0]
[rosmaster.master][INFO] 2023-03-05 23:56:33,625: publisherUpdate[/actual_system/reset] -> http://aneesh-Swift:38683/ ['http://aneesh-Swift:38683/']: sec=0.01, result=[1, '', 0]
[rosmaster.master][INFO] 2023-03-05 23:56:34,132: +PUB [/rosout] /steady_state_checker_node http://aneesh-Swift:44979/
[rosmaster.master][INFO] 2023-03-05 23:56:34,135: +SERVICE [/steady_state_checker_node/get_loggers] /steady_state_checker_node http://aneesh-Swift:44979/
[rosmaster.master][INFO] 2023-03-05 23:56:34,136: +SERVICE [/steady_state_checker_node/set_logger_level] /steady_state_checker_node http://aneesh-Swift:44979/
[rosmaster.master][INFO] 2023-03-05 23:56:34,137: +PUB [/steady_system/state] /steady_state_checker_node http://aneesh-Swift:44979/
[rosmaster.master][INFO] 2023-03-05 23:56:34,138: +PUB [/steady_system/complete_pose] /steady_state_checker_node http://aneesh-Swift:44979/
[rosmaster.master][INFO] 2023-03-05 23:56:34,139: +PUB [/steady_system/complete_state] /steady_state_checker_node http://aneesh-Swift:44979/
[rosmaster.master][INFO] 2023-03-05 23:56:34,140: +PUB [/actual_system/force] /steady_state_checker_node http://aneesh-Swift:44979/
[rosmaster.master][INFO] 2023-03-05 23:56:34,142: +SUB [/actual_system/state] /steady_state_checker_node http://aneesh-Swift:44979/
[rosmaster.master][INFO] 2023-03-05 23:56:34,144: +SUB [/actual_system/complete_pose] /steady_state_checker_node http://aneesh-Swift:44979/
[rosmaster.master][INFO] 2023-03-05 23:56:34,146: +SUB [/actual_system/complete_state] /steady_state_checker_node http://aneesh-Swift:44979/
[rosmaster.master][INFO] 2023-03-05 23:56:34,151: +SUB [/steady_system/force] /steady_state_checker_node http://aneesh-Swift:44979/
[rosmaster.master][INFO] 2023-03-05 23:56:34,217: publisherUpdate[/rosout] -> http://aneesh-Swift:38383/ ['http://aneesh-Swift:38683/', 'http://aneesh-Swift:44979/']
[rosmaster.master][INFO] 2023-03-05 23:56:34,218: publisherUpdate[/rosout] -> http://aneesh-Swift:38383/ ['http://aneesh-Swift:38683/', 'http://aneesh-Swift:44979/']: sec=0.00, result=[1, '', 0]
[rosmaster.master][INFO] 2023-03-05 23:56:34,218: publisherUpdate[/actual_system/force] -> http://aneesh-Swift:38683/ ['http://aneesh-Swift:44979/']
[rosmaster.master][INFO] 2023-03-05 23:56:34,219: publisherUpdate[/actual_system/force] -> http://aneesh-Swift:38683/ ['http://aneesh-Swift:44979/']: sec=0.00, result=[1, '', 0]
[rosmaster.master][INFO] 2023-03-05 23:56:37,114: +PUB [/rosout] /controller http://aneesh-Swift:41551/
[rosmaster.master][INFO] 2023-03-05 23:56:37,116: +SERVICE [/controller/get_loggers] /controller http://aneesh-Swift:41551/
[rosmaster.master][INFO] 2023-03-05 23:56:37,117: +SERVICE [/controller/set_logger_level] /controller http://aneesh-Swift:41551/
[rosmaster.master][INFO] 2023-03-05 23:56:37,118: +PUB [/steady_system/force] /controller http://aneesh-Swift:41551/
[rosmaster.master][INFO] 2023-03-05 23:56:37,119: +PUB [/actual_system/reset] /controller http://aneesh-Swift:41551/
[rosmaster.master][INFO] 2023-03-05 23:56:37,119: +PUB [/actual_system/target] /controller http://aneesh-Swift:41551/
[rosmaster.master][INFO] 2023-03-05 23:56:37,120: +PUB [/actual_system/radius] /controller http://aneesh-Swift:41551/
[rosmaster.master][INFO] 2023-03-05 23:56:37,122: +SUB [/steady_system/complete_pose] /controller http://aneesh-Swift:41551/
[rosmaster.master][INFO] 2023-03-05 23:56:37,123: publisherUpdate[/rosout] -> http://aneesh-Swift:38383/ ['http://aneesh-Swift:38683/', 'http://aneesh-Swift:44979/', 'http://aneesh-Swift:41551/']
[rosmaster.master][INFO] 2023-03-05 23:56:37,123: publisherUpdate[/rosout] -> http://aneesh-Swift:38383/ ['http://aneesh-Swift:38683/', 'http://aneesh-Swift:44979/', 'http://aneesh-Swift:41551/']: sec=0.00, result=[1, '', 0]
[rosmaster.master][INFO] 2023-03-05 23:56:37,123: publisherUpdate[/steady_system/force] -> http://aneesh-Swift:44979/ ['http://aneesh-Swift:41551/']
[rosmaster.master][INFO] 2023-03-05 23:56:37,125: publisherUpdate[/steady_system/force] -> http://aneesh-Swift:44979/ ['http://aneesh-Swift:41551/']: sec=0.00, result=[1, '', 0]
[rosmaster.master][INFO] 2023-03-05 23:56:37,125: publisherUpdate[/actual_system/reset] -> http://aneesh-Swift:38683/ ['http://aneesh-Swift:38683/', 'http://aneesh-Swift:41551/']
[rosmaster.master][INFO] 2023-03-05 23:56:37,127: publisherUpdate[/actual_system/reset] -> http://aneesh-Swift:38683/ ['http://aneesh-Swift:38683/', 'http://aneesh-Swift:41551/']: sec=0.00, result=[1, '', 0]
[rosmaster.master][INFO] 2023-03-05 23:56:39,126: +CACHEDPARAM [/rosout_disable_topics_generation] by /controller
[rosmaster.master][INFO] 2023-03-05 23:56:39,127: +CACHEDPARAM [/rosout/omit_topics] by /rosout
[rosmaster.master][INFO] 2023-03-05 23:56:39,128: +CACHEDPARAM [/rosout_disable_topics_generation] by /controller
[rosmaster.master][INFO] 2023-03-05 23:57:00,659: -SUB [/actual_system/state] /steady_state_checker_node http://aneesh-Swift:44979/
[rosmaster.master][INFO] 2023-03-05 23:57:00,659: -SUB [/actual_system/complete_pose] /steady_state_checker_node http://aneesh-Swift:44979/
[rosmaster.master][INFO] 2023-03-05 23:57:00,659: -SUB [/actual_system/complete_state] /steady_state_checker_node http://aneesh-Swift:44979/
[rosmaster.master][INFO] 2023-03-05 23:57:00,659: -SUB [/steady_system/force] /steady_state_checker_node http://aneesh-Swift:44979/
[rosmaster.master][INFO] 2023-03-05 23:57:00,659: -PUB [/rosout] /steady_state_checker_node http://aneesh-Swift:44979/
[rosmaster.master][INFO] 2023-03-05 23:57:00,659: -PUB [/steady_system/state] /steady_state_checker_node http://aneesh-Swift:44979/
[rosmaster.master][INFO] 2023-03-05 23:57:00,659: -PUB [/steady_system/complete_pose] /steady_state_checker_node http://aneesh-Swift:44979/
[rosmaster.master][INFO] 2023-03-05 23:57:00,660: -PUB [/steady_system/complete_state] /steady_state_checker_node http://aneesh-Swift:44979/
[rosmaster.master][INFO] 2023-03-05 23:57:00,660: -PUB [/actual_system/force] /steady_state_checker_node http://aneesh-Swift:44979/
[rosmaster.master][INFO] 2023-03-05 23:57:00,660: -SERVICE [/steady_state_checker_node/get_loggers] /steady_state_checker_node rosrpc://aneesh-Swift:41835
[rosmaster.master][INFO] 2023-03-05 23:57:00,660: -SERVICE [/steady_state_checker_node/set_logger_level] /steady_state_checker_node rosrpc://aneesh-Swift:41835
[rosmaster.master][INFO] 2023-03-05 23:57:00,661: -SUB [/steady_system/complete_pose] /controller http://aneesh-Swift:41551/
[rosmaster.master][INFO] 2023-03-05 23:57:00,661: publisherUpdate[/rosout] -> http://aneesh-Swift:38383/ ['http://aneesh-Swift:38683/', 'http://aneesh-Swift:41551/']
[rosmaster.master][INFO] 2023-03-05 23:57:00,661: publisherUpdate[/steady_system/complete_pose] -> http://aneesh-Swift:41551/ []
[rosmaster.master][INFO] 2023-03-05 23:57:00,665: publisherUpdate[/rosout] -> http://aneesh-Swift:38383/ ['http://aneesh-Swift:38683/', 'http://aneesh-Swift:41551/']: sec=0.00, result=[1, '', 0]
[rosmaster.master][INFO] 2023-03-05 23:57:00,665: publisherUpdate[/actual_system/force] -> http://aneesh-Swift:38683/ []
[rosmaster.master][INFO] 2023-03-05 23:57:00,661: -PUB [/rosout] /controller http://aneesh-Swift:41551/
[rosmaster.master][INFO] 2023-03-05 23:57:00,666: -PUB [/steady_system/force] /controller http://aneesh-Swift:41551/
[rosmaster.master][INFO] 2023-03-05 23:57:00,666: -PUB [/actual_system/reset] /controller http://aneesh-Swift:41551/
[rosmaster.master][INFO] 2023-03-05 23:57:00,666: -PUB [/actual_system/target] /controller http://aneesh-Swift:41551/
[rosmaster.master][INFO] 2023-03-05 23:57:00,666: -PUB [/actual_system/radius] /controller http://aneesh-Swift:41551/
[rosmaster.master][INFO] 2023-03-05 23:57:00,666: -SERVICE [/controller/get_loggers] /controller rosrpc://aneesh-Swift:37209
[rosmaster.master][INFO] 2023-03-05 23:57:00,667: -SERVICE [/controller/set_logger_level] /controller rosrpc://aneesh-Swift:37209
[rosmaster.master][INFO] 2023-03-05 23:57:00,667: publisherUpdate[/steady_system/complete_pose] -> http://aneesh-Swift:41551/ []: sec=0.00, result=[1, '', 0]
[rosmaster.master][INFO] 2023-03-05 23:57:00,668: publisherUpdate[/rosout] -> http://aneesh-Swift:38383/ ['http://aneesh-Swift:38683/']
[rosmaster.master][INFO] 2023-03-05 23:57:00,668: publisherUpdate[/actual_system/force] -> http://aneesh-Swift:38683/ []: sec=0.00, result=[1, '', 0]
[rosmaster.master][INFO] 2023-03-05 23:57:00,668: publisherUpdate[/actual_system/reset] -> http://aneesh-Swift:38683/ ['http://aneesh-Swift:38683/']
[rosmaster.master][INFO] 2023-03-05 23:57:00,669: publisherUpdate[/actual_system/reset] -> http://aneesh-Swift:38683/ ['http://aneesh-Swift:38683/']: sec=0.00, result=[1, '', 0]
[rosmaster.master][INFO] 2023-03-05 23:57:00,670: publisherUpdate[/rosout] -> http://aneesh-Swift:38383/ ['http://aneesh-Swift:38683/']: sec=0.00, result=[1, '', 0]
[rosmaster.master][INFO] 2023-03-05 23:57:00,769: -PUB [/rosout] /actual_system/simluator http://aneesh-Swift:38683/
[rosmaster.master][INFO] 2023-03-05 23:57:00,770: -PUB [/actual_system/reset] /actual_system/simluator http://aneesh-Swift:38683/
[rosmaster.master][INFO] 2023-03-05 23:57:00,770: publisherUpdate[/rosout] -> http://aneesh-Swift:38383/ []
[rosmaster.master][INFO] 2023-03-05 23:57:00,770: publisherUpdate[/actual_system/reset] -> http://aneesh-Swift:38683/ []
[rosmaster.master][INFO] 2023-03-05 23:57:00,771: -PUB [/actual_system/slopes] /actual_system/simluator http://aneesh-Swift:38683/
[rosmaster.master][INFO] 2023-03-05 23:57:00,771: publisherUpdate[/rosout] -> http://aneesh-Swift:38383/ []: sec=0.00, result=[1, '', 0]
[rosmaster.master][INFO] 2023-03-05 23:57:00,772: -PUB [/actual_system/state] /actual_system/simluator http://aneesh-Swift:38683/
[rosmaster.master][INFO] 2023-03-05 23:57:00,772: -PUB [/actual_system/complete_state] /actual_system/simluator http://aneesh-Swift:38683/
[rosmaster.master][INFO] 2023-03-05 23:57:00,773: -PUB [/actual_system/velocity] /actual_system/simluator http://aneesh-Swift:38683/
[rosmaster.master][INFO] 2023-03-05 23:57:00,773: -PUB [/actual_system/complete_pose] /actual_system/simluator http://aneesh-Swift:38683/
[rosmaster.master][INFO] 2023-03-05 23:57:00,774: -SUB [/actual_system/force] /actual_system/simluator http://aneesh-Swift:38683/
[rosmaster.master][INFO] 2023-03-05 23:57:00,774: -SUB [/actual_system/reset] /actual_system/simluator http://aneesh-Swift:38683/
[rosmaster.master][INFO] 2023-03-05 23:57:00,775: -SERVICE [/actual_system/simluator/get_loggers] /actual_system/simluator rosrpc://aneesh-Swift:37205
[rosmaster.master][INFO] 2023-03-05 23:57:00,775: -SERVICE [/actual_system/simluator/set_logger_level] /actual_system/simluator rosrpc://aneesh-Swift:37205
[rosmaster.master][INFO] 2023-03-05 23:57:00,780: publisherUpdate[/actual_system/reset] -> http://aneesh-Swift:38683/ []: sec=0.01, exception=[Errno 111] Connection refused
[rosmaster.threadpool][ERROR] 2023-03-05 23:57:00,782: Traceback (most recent call last):
  File "/opt/ros/noetic/lib/python3/dist-packages/rosmaster/threadpool.py", line 218, in run
    result = cmd(*args)
  File "/opt/ros/noetic/lib/python3/dist-packages/rosmaster/master_api.py", line 210, in publisher_update_task
    ret = xmlrpcapi(api).publisherUpdate('/master', topic, pub_uris)
  File "/usr/lib/python3.8/xmlrpc/client.py", line 1109, in __call__
    return self.__send(self.__name, args)
  File "/usr/lib/python3.8/xmlrpc/client.py", line 1450, in __request
    response = self.__transport.request(
  File "/usr/lib/python3.8/xmlrpc/client.py", line 1153, in request
    return self.single_request(host, handler, request_body, verbose)
  File "/usr/lib/python3.8/xmlrpc/client.py", line 1165, in single_request
    http_conn = self.send_request(host, handler, request_body, verbose)
  File "/usr/lib/python3.8/xmlrpc/client.py", line 1278, in send_request
    self.send_content(connection, request_body)
  File "/usr/lib/python3.8/xmlrpc/client.py", line 1308, in send_content
    connection.endheaders(request_body)
  File "/usr/lib/python3.8/http/client.py", line 1251, in endheaders
    self._send_output(message_body, encode_chunked=encode_chunked)
  File "/usr/lib/python3.8/http/client.py", line 1011, in _send_output
    self.send(msg)
  File "/usr/lib/python3.8/http/client.py", line 951, in send
    self.connect()
  File "/usr/lib/python3.8/http/client.py", line 922, in connect
    self.sock = self._create_connection(
  File "/usr/lib/python3.8/socket.py", line 808, in create_connection
    raise err
  File "/usr/lib/python3.8/socket.py", line 796, in create_connection
    sock.connect(sa)
ConnectionRefusedError: [Errno 111] Connection refused

[rosmaster.master][INFO] 2023-03-05 23:57:17,722: -PUB [/rosout_agg] /rosout http://aneesh-Swift:38383/
[rosmaster.master][INFO] 2023-03-05 23:57:17,723: -SUB [/rosout] /rosout http://aneesh-Swift:38383/
[rosmaster.master][INFO] 2023-03-05 23:57:17,724: -SERVICE [/rosout/get_loggers] /rosout rosrpc://aneesh-Swift:38733
[rosmaster.master][INFO] 2023-03-05 23:57:17,724: -SERVICE [/rosout/set_logger_level] /rosout rosrpc://aneesh-Swift:38733
[rosmaster.master][INFO] 2023-03-05 23:57:17,725: -CACHEDPARAM [/rosout/omit_topics] by /rosout
[rosmaster.main][INFO] 2023-03-05 23:57:17,796: keyboard interrupt, will exit
[rosmaster.main][INFO] 2023-03-05 23:57:17,796: stopping master...
[rospy.core][INFO] 2023-03-05 23:57:17,796: signal_shutdown [atexit]
