[rospy.client][INFO] 2023-03-06 14:28:51,199: init_node, name[/controller], pid[50597]
[xmlrpc][INFO] 2023-03-06 14:28:51,200: XML-RPC server binding to 0.0.0.0:0
[xmlrpc][INFO] 2023-03-06 14:28:51,200: Started XML-RPC server [http://aneesh-Swift:40977/]
[rospy.init][INFO] 2023-03-06 14:28:51,200: ROS Slave URI: [http://aneesh-Swift:40977/]
[rospy.impl.masterslave][INFO] 2023-03-06 14:28:51,200: _ready: http://aneesh-Swift:40977/
[rospy.registration][INFO] 2023-03-06 14:28:51,201: Registering with master node http://localhost:11311
[xmlrpc][INFO] 2023-03-06 14:28:51,201: xml rpc node: starting XML-RPC server
[rospy.init][INFO] 2023-03-06 14:28:51,301: registered with master
[rospy.rosout][INFO] 2023-03-06 14:28:51,301: initializing /rosout core topic
[rospy.rosout][INFO] 2023-03-06 14:28:51,308: connected to core topic /rosout
[rospy.simtime][INFO] 2023-03-06 14:28:51,311: /use_sim_time is not set, will not subscribe to simulated time [/clock] topic
[rospy.internal][INFO] 2023-03-06 14:28:51,338: topic[/steady_system/complete_pose] adding connection to [http://aneesh-Swift:33415/], count 0
[rospy.internal][INFO] 2023-03-06 14:28:51,415: topic[/steady_system/force] adding connection to [/steady_state_checker_node], count 0
[rospy.internal][INFO] 2023-03-06 14:28:51,608: topic[/actual_system/reset] adding connection to [/actual_system/simluator], count 0
[rospy.internal][INFO] 2023-03-06 14:28:51,617: topic[/steady_system/force] adding connection to [/matlab_global_node_55854], count 1
[rospy.internal][INFO] 2023-03-06 14:28:51,618: topic[/actual_system/target] adding connection to [/matlab_global_node_55854], count 0
[rospy.internal][INFO] 2023-03-06 14:28:51,618: topic[/actual_system/radius] adding connection to [/matlab_global_node_55854], count 0
[rosout][INFO] 2023-03-06 14:28:53,390: resetting the environment
[rospy.internal][INFO] 2023-03-06 14:32:18,481: topic[/steady_system/force] removing connection to /matlab_global_node_55854
[rospy.internal][INFO] 2023-03-06 14:32:18,502: topic[/actual_system/target] removing connection to /matlab_global_node_55854
[rospy.internal][INFO] 2023-03-06 14:32:18,517: topic[/actual_system/radius] removing connection to /matlab_global_node_55854
[rospy.core][INFO] 2023-03-06 14:32:32,759: signal_shutdown [signal-2]
[rospy.internal][INFO] 2023-03-06 14:32:32,761: topic[/steady_system/complete_pose] removing connection to http://aneesh-Swift:33415/
[rospy.internal][INFO] 2023-03-06 14:32:32,763: topic[/steady_system/force] removing connection to /steady_state_checker_node
[rospy.internal][INFO] 2023-03-06 14:32:32,763: topic[/actual_system/reset] removing connection to /actual_system/simluator
[rospy.impl.masterslave][INFO] 2023-03-06 14:32:32,764: signal-2
[rospy.core][INFO] 2023-03-06 14:32:47,824: signal_shutdown [signal-15]
