[rospy.client][INFO] 2023-03-31 02:06:47,925: init_node, name[/steady_state_checker_node], pid[9557]
[xmlrpc][INFO] 2023-03-31 02:06:47,926: XML-RPC server binding to 0.0.0.0:0
[xmlrpc][INFO] 2023-03-31 02:06:47,926: Started XML-RPC server [http://aneesh-Swift:41877/]
[rospy.init][INFO] 2023-03-31 02:06:47,926: ROS Slave URI: [http://aneesh-Swift:41877/]
[rospy.impl.masterslave][INFO] 2023-03-31 02:06:47,926: _ready: http://aneesh-Swift:41877/
[rospy.registration][INFO] 2023-03-31 02:06:47,927: Registering with master node http://localhost:11311
[xmlrpc][INFO] 2023-03-31 02:06:47,927: xml rpc node: starting XML-RPC server
[rospy.init][INFO] 2023-03-31 02:06:48,026: registered with master
[rospy.rosout][INFO] 2023-03-31 02:06:48,027: initializing /rosout core topic
[rospy.rosout][INFO] 2023-03-31 02:06:48,030: connected to core topic /rosout
[rospy.simtime][INFO] 2023-03-31 02:06:48,031: /use_sim_time is not set, will not subscribe to simulated time [/clock] topic
[rospy.internal][INFO] 2023-03-31 02:06:48,046: topic[/actual_system/state] adding connection to [http://aneesh-Swift:35127/], count 0
[rospy.internal][INFO] 2023-03-31 02:06:48,050: topic[/actual_system/complete_pose] adding connection to [http://aneesh-Swift:35127/], count 0
[rospy.internal][INFO] 2023-03-31 02:06:48,051: topic[/actual_system/complete_state] adding connection to [http://aneesh-Swift:35127/], count 0
[rospy.internal][INFO] 2023-03-31 02:06:48,257: topic[/rosout] adding connection to [/rosout], count 0
[rospy.internal][INFO] 2023-03-31 02:06:48,258: topic[/actual_system/force] adding connection to [/actual_system/simluator], count 0
[rospy.internal][INFO] 2023-03-31 02:06:49,576: topic[/steady_system/force] adding connection to [http://aneesh-Swift:40917/], count 0
[rospy.internal][INFO] 2023-03-31 02:06:49,591: topic[/steady_system/complete_pose] adding connection to [/controller], count 0
[rospy.internal][INFO] 2023-03-31 02:06:49,591: topic[/steady_system/velocity] adding connection to [/controller], count 0
[rospy.core][INFO] 2023-03-31 02:06:54,853: signal_shutdown [signal-2]
[rospy.internal][INFO] 2023-03-31 02:06:54,859: topic[/rosout] removing connection to /rosout
[rospy.internal][INFO] 2023-03-31 02:06:54,860: topic[/steady_system/complete_pose] removing connection to /controller
[rospy.internal][INFO] 2023-03-31 02:06:54,860: topic[/actual_system/force] removing connection to /actual_system/simluator
[rospy.internal][INFO] 2023-03-31 02:06:54,861: topic[/steady_system/velocity] removing connection to /controller
[rospy.internal][INFO] 2023-03-31 02:06:54,861: topic[/actual_system/state] removing connection to http://aneesh-Swift:35127/
[rospy.internal][INFO] 2023-03-31 02:06:54,861: topic[/actual_system/complete_pose] removing connection to http://aneesh-Swift:35127/
[rospy.internal][INFO] 2023-03-31 02:06:54,861: topic[/actual_system/complete_state] removing connection to http://aneesh-Swift:35127/
[rospy.internal][INFO] 2023-03-31 02:06:54,861: topic[/steady_system/force] removing connection to http://aneesh-Swift:40917/
[rospy.impl.masterslave][INFO] 2023-03-31 02:06:54,862: signal-2
[rospy.core][INFO] 2023-03-31 02:06:55,454: signal_shutdown [atexit]
