[rospy.client][INFO] 2023-03-29 18:53:34,344: init_node, name[/steady_state_checker_node], pid[69235]
[xmlrpc][INFO] 2023-03-29 18:53:34,344: XML-RPC server binding to 0.0.0.0:0
[xmlrpc][INFO] 2023-03-29 18:53:34,345: Started XML-RPC server [http://aneesh-Swift:36983/]
[rospy.init][INFO] 2023-03-29 18:53:34,345: ROS Slave URI: [http://aneesh-Swift:36983/]
[rospy.impl.masterslave][INFO] 2023-03-29 18:53:34,345: _ready: http://aneesh-Swift:36983/
[rospy.registration][INFO] 2023-03-29 18:53:34,346: Registering with master node http://localhost:11311
[xmlrpc][INFO] 2023-03-29 18:53:34,346: xml rpc node: starting XML-RPC server
[rospy.init][INFO] 2023-03-29 18:53:34,445: registered with master
[rospy.rosout][INFO] 2023-03-29 18:53:34,445: initializing /rosout core topic
[rospy.rosout][INFO] 2023-03-29 18:53:34,449: connected to core topic /rosout
[rospy.simtime][INFO] 2023-03-29 18:53:34,449: /use_sim_time is not set, will not subscribe to simulated time [/clock] topic
[rospy.internal][INFO] 2023-03-29 18:53:34,461: topic[/actual_system/state] adding connection to [http://aneesh-Swift:33001/], count 0
[rospy.internal][INFO] 2023-03-29 18:53:34,464: topic[/actual_system/complete_pose] adding connection to [http://aneesh-Swift:33001/], count 0
[rospy.internal][INFO] 2023-03-29 18:53:34,467: topic[/actual_system/complete_state] adding connection to [http://aneesh-Swift:33001/], count 0
[rospy.internal][INFO] 2023-03-29 18:53:34,656: topic[/rosout] adding connection to [/rosout], count 0
[rospy.internal][INFO] 2023-03-29 18:53:34,744: topic[/actual_system/force] adding connection to [/actual_system/simluator], count 0
[rospy.internal][INFO] 2023-03-29 18:53:36,534: topic[/steady_system/complete_pose] adding connection to [/controller], count 0
[rospy.internal][INFO] 2023-03-29 18:53:36,535: topic[/steady_system/velocity] adding connection to [/controller], count 0
[rospy.internal][INFO] 2023-03-29 18:53:36,557: topic[/steady_system/force] adding connection to [http://aneesh-Swift:38683/], count 0
[rospy.core][INFO] 2023-03-30 00:13:42,964: signal_shutdown [signal-2]
[rospy.internal][INFO] 2023-03-30 00:13:42,973: topic[/rosout] removing connection to /rosout
[rospy.internal][INFO] 2023-03-30 00:13:42,973: topic[/steady_system/complete_pose] removing connection to /controller
[rospy.internal][INFO] 2023-03-30 00:13:42,974: topic[/actual_system/force] removing connection to /actual_system/simluator
[rospy.internal][INFO] 2023-03-30 00:13:42,974: topic[/steady_system/velocity] removing connection to /controller
[rospy.internal][INFO] 2023-03-30 00:13:42,975: topic[/actual_system/state] removing connection to http://aneesh-Swift:33001/
[rospy.internal][INFO] 2023-03-30 00:13:42,975: topic[/actual_system/complete_pose] removing connection to http://aneesh-Swift:33001/
[rospy.internal][INFO] 2023-03-30 00:13:42,976: topic[/actual_system/complete_state] removing connection to http://aneesh-Swift:33001/
[rospy.internal][INFO] 2023-03-30 00:13:42,976: topic[/actual_system/complete_state] removing connection to http://aneesh-Swift:33001/
[rospy.topics][ERROR] 2023-03-30 00:13:42,977: Traceback (most recent call last):
  File "/opt/ros/noetic/lib/python3/dist-packages/rospy/topics.py", line 326, in close
    c.close()
  File "/opt/ros/noetic/lib/python3/dist-packages/rospy/impl/tcpros_base.py", line 858, in close
    self.socket.close()
AttributeError: 'NoneType' object has no attribute 'close'

[rospy.internal][INFO] 2023-03-30 00:13:42,978: topic[/steady_system/force] removing connection to http://aneesh-Swift:38683/
[rospy.internal][INFO] 2023-03-30 00:13:42,979: topic[/steady_system/force] removing connection to http://aneesh-Swift:38683/
[rospy.topics][ERROR] 2023-03-30 00:13:42,980: Traceback (most recent call last):
  File "/opt/ros/noetic/lib/python3/dist-packages/rospy/topics.py", line 326, in close
    c.close()
  File "/opt/ros/noetic/lib/python3/dist-packages/rospy/impl/tcpros_base.py", line 858, in close
    self.socket.close()
AttributeError: 'NoneType' object has no attribute 'close'

[rospy.impl.masterslave][INFO] 2023-03-30 00:13:42,981: signal-2
[rospy.core][INFO] 2023-03-30 00:13:43,566: signal_shutdown [atexit]
