[rospy.client][INFO] 2023-03-31 02:36:27,269: init_node, name[/controller], pid[12167]
[xmlrpc][INFO] 2023-03-31 02:36:27,270: XML-RPC server binding to 0.0.0.0:0
[xmlrpc][INFO] 2023-03-31 02:36:27,270: Started XML-RPC server [http://aneesh-Swift:42551/]
[rospy.init][INFO] 2023-03-31 02:36:27,270: ROS Slave URI: [http://aneesh-Swift:42551/]
[rospy.impl.masterslave][INFO] 2023-03-31 02:36:27,271: _ready: http://aneesh-Swift:42551/
[rospy.registration][INFO] 2023-03-31 02:36:27,272: Registering with master node http://localhost:11311
[xmlrpc][INFO] 2023-03-31 02:36:27,272: xml rpc node: starting XML-RPC server
[rospy.init][INFO] 2023-03-31 02:36:27,371: registered with master
[rospy.rosout][INFO] 2023-03-31 02:36:27,371: initializing /rosout core topic
[rospy.rosout][INFO] 2023-03-31 02:36:27,374: connected to core topic /rosout
[rospy.simtime][INFO] 2023-03-31 02:36:27,375: /use_sim_time is not set, will not subscribe to simulated time [/clock] topic
[rospy.internal][INFO] 2023-03-31 02:36:27,387: topic[/steady_system/force] adding connection to [/steady_state_checker_node], count 0
[rospy.internal][INFO] 2023-03-31 02:36:27,390: topic[/steady_system/complete_pose] adding connection to [http://aneesh-Swift:43511/], count 0
[rospy.internal][INFO] 2023-03-31 02:36:27,390: topic[/steady_system/velocity] adding connection to [http://aneesh-Swift:43511/], count 0
[rospy.internal][INFO] 2023-03-31 02:36:27,584: topic[/rosout] adding connection to [/rosout], count 0
[rospy.internal][INFO] 2023-03-31 02:36:27,585: topic[/actual_system/reset] adding connection to [/actual_system/simluator], count 0
[rospy.core][INFO] 2023-03-31 02:36:48,779: signal_shutdown [signal-2]
[rospy.internal][INFO] 2023-03-31 02:36:48,784: topic[/steady_system/velocity] removing connection to http://aneesh-Swift:43511/
[rospy.internal][INFO] 2023-03-31 02:36:48,787: topic[/steady_system/complete_pose] removing connection to http://aneesh-Swift:43511/
[rospy.internal][INFO] 2023-03-31 02:36:48,788: topic[/rosout] removing connection to /rosout
[rospy.internal][INFO] 2023-03-31 02:36:48,788: topic[/steady_system/force] removing connection to /steady_state_checker_node
[rospy.internal][INFO] 2023-03-31 02:36:48,789: topic[/actual_system/reset] removing connection to /actual_system/simluator
[rospy.impl.masterslave][INFO] 2023-03-31 02:36:48,789: signal-2
[rospy.core][INFO] 2023-03-31 02:36:49,448: signal_shutdown [atexit]
