[rospy.client][INFO] 2023-03-31 02:43:36,525: init_node, name[/steady_state_checker_node], pid[14451]
[xmlrpc][INFO] 2023-03-31 02:43:36,526: XML-RPC server binding to 0.0.0.0:0
[xmlrpc][INFO] 2023-03-31 02:43:36,526: Started XML-RPC server [http://aneesh-Swift:42233/]
[rospy.init][INFO] 2023-03-31 02:43:36,526: ROS Slave URI: [http://aneesh-Swift:42233/]
[rospy.impl.masterslave][INFO] 2023-03-31 02:43:36,526: _ready: http://aneesh-Swift:42233/
[rospy.registration][INFO] 2023-03-31 02:43:36,527: Registering with master node http://localhost:11311
[xmlrpc][INFO] 2023-03-31 02:43:36,527: xml rpc node: starting XML-RPC server
[rospy.init][INFO] 2023-03-31 02:43:36,627: registered with master
[rospy.rosout][INFO] 2023-03-31 02:43:36,627: initializing /rosout core topic
[rospy.rosout][INFO] 2023-03-31 02:43:36,631: connected to core topic /rosout
[rospy.simtime][INFO] 2023-03-31 02:43:36,632: /use_sim_time is not set, will not subscribe to simulated time [/clock] topic
[rospy.internal][INFO] 2023-03-31 02:43:36,646: topic[/actual_system/state] adding connection to [http://aneesh-Swift:36675/], count 0
[rospy.internal][INFO] 2023-03-31 02:43:36,650: topic[/actual_system/complete_state] adding connection to [http://aneesh-Swift:36675/], count 0
[rospy.internal][INFO] 2023-03-31 02:43:36,651: topic[/actual_system/complete_pose] adding connection to [http://aneesh-Swift:36675/], count 0
[rospy.internal][INFO] 2023-03-31 02:43:36,859: topic[/rosout] adding connection to [/rosout], count 0
[rospy.internal][INFO] 2023-03-31 02:43:36,859: topic[/actual_system/force] adding connection to [/actual_system/simluator], count 0
[rospy.internal][INFO] 2023-03-31 02:43:38,161: topic[/steady_system/velocity] adding connection to [/controller], count 0
[rospy.internal][INFO] 2023-03-31 02:43:38,162: topic[/steady_system/complete_pose] adding connection to [/controller], count 0
[rospy.internal][INFO] 2023-03-31 02:43:38,170: topic[/steady_system/force] adding connection to [http://aneesh-Swift:39317/], count 0
[rospy.internal][INFO] 2023-03-31 02:44:42,365: topic[/actual_system/complete_state] adding connection to [http://aneesh-Swift:46879/], count 1
[rospy.internal][INFO] 2023-03-31 02:44:42,397: topic[/actual_system/state] adding connection to [http://aneesh-Swift:46879/], count 1
[rospy.internal][INFO] 2023-03-31 02:44:42,403: topic[/actual_system/complete_pose] adding connection to [http://aneesh-Swift:46879/], count 1
[rospy.internal][WARNING] 2023-03-31 02:44:42,461: Unknown error initiating TCP/IP socket to aneesh-Swift:60123 (http://aneesh-Swift:46879/): Traceback (most recent call last):
  File "/opt/ros/noetic/lib/python3/dist-packages/rospy/impl/tcpros_base.py", line 569, in connect
    self.read_header()
  File "/opt/ros/noetic/lib/python3/dist-packages/rospy/impl/tcpros_base.py", line 664, in read_header
    self._validate_header(read_ros_handshake_header(sock, self.read_buff, self.protocol.buff_size))
  File "/opt/ros/noetic/lib/python3/dist-packages/rosgraph/network.py", line 359, in read_ros_handshake_header
    raise ROSHandshakeException("connection from sender terminated before handshake header received. %s bytes were received. Please check sender for additional details."%b.tell())
rosgraph.network.ROSHandshakeException: connection from sender terminated before handshake header received. 0 bytes were received. Please check sender for additional details.

[rospy.internal][INFO] 2023-03-31 02:44:42,461: topic[/actual_system/complete_state] removing connection to http://aneesh-Swift:46879/
[rospy.internal][WARNING] 2023-03-31 02:44:42,465: Unknown error initiating TCP/IP socket to aneesh-Swift:60123 (http://aneesh-Swift:46879/): Traceback (most recent call last):
  File "/opt/ros/noetic/lib/python3/dist-packages/rospy/impl/tcpros_base.py", line 569, in connect
    self.read_header()
  File "/opt/ros/noetic/lib/python3/dist-packages/rospy/impl/tcpros_base.py", line 664, in read_header
    self._validate_header(read_ros_handshake_header(sock, self.read_buff, self.protocol.buff_size))
  File "/opt/ros/noetic/lib/python3/dist-packages/rosgraph/network.py", line 357, in read_ros_handshake_header
    d = sock.recv(buff_size)
ConnectionResetError: [Errno 104] Connection reset by peer

[rospy.internal][INFO] 2023-03-31 02:44:42,465: topic[/actual_system/complete_pose] removing connection to http://aneesh-Swift:46879/
[rospy.internal][WARNING] 2023-03-31 02:44:42,465: Unknown error initiating TCP/IP socket to aneesh-Swift:60123 (http://aneesh-Swift:46879/): Traceback (most recent call last):
  File "/opt/ros/noetic/lib/python3/dist-packages/rospy/impl/tcpros_base.py", line 569, in connect
    self.read_header()
  File "/opt/ros/noetic/lib/python3/dist-packages/rospy/impl/tcpros_base.py", line 664, in read_header
    self._validate_header(read_ros_handshake_header(sock, self.read_buff, self.protocol.buff_size))
  File "/opt/ros/noetic/lib/python3/dist-packages/rosgraph/network.py", line 357, in read_ros_handshake_header
    d = sock.recv(buff_size)
ConnectionResetError: [Errno 104] Connection reset by peer

[rospy.internal][INFO] 2023-03-31 02:44:42,465: topic[/actual_system/state] removing connection to http://aneesh-Swift:46879/
[rospy.internal][INFO] 2023-03-31 02:44:42,478: topic[/actual_system/state] removing connection to http://aneesh-Swift:36675/
[rospy.internal][INFO] 2023-03-31 02:44:42,480: topic[/actual_system/complete_state] removing connection to http://aneesh-Swift:36675/
[rospy.internal][INFO] 2023-03-31 02:44:42,482: topic[/actual_system/complete_pose] removing connection to http://aneesh-Swift:36675/
[rospy.internal][INFO] 2023-03-31 02:44:42,866: topic[/actual_system/force] removing connection to /actual_system/simluator
[rospy.impl.masterslave][INFO] 2023-03-31 02:44:42,877: external shutdown request from [/master]: [/steady_state_checker_node] Reason: new node registered with same name
[rospy.core][INFO] 2023-03-31 02:44:42,877: signal_shutdown [external shutdown request from [/master]: [[/steady_state_checker_node] Reason: new node registered with same name]]
[rospy.internal][INFO] 2023-03-31 02:44:42,888: topic[/rosout] removing connection to /rosout
[rospy.internal][INFO] 2023-03-31 02:44:42,888: topic[/steady_system/complete_pose] removing connection to /controller
[rospy.internal][INFO] 2023-03-31 02:44:42,888: topic[/steady_system/velocity] removing connection to /controller
[rospy.internal][INFO] 2023-03-31 02:44:42,889: topic[/steady_system/force] removing connection to http://aneesh-Swift:39317/
[rospy.core][INFO] 2023-03-31 02:44:43,214: signal_shutdown [atexit]
