[rosmaster.main][INFO] 2023-04-05 12:43:55,694: initialization complete, waiting for shutdown
[rosmaster.main][INFO] 2023-04-05 12:43:55,694: Starting ROS Master Node
[xmlrpc][INFO] 2023-04-05 12:43:55,695: XML-RPC server binding to 0.0.0.0:11311
[xmlrpc][INFO] 2023-04-05 12:43:55,696: Started XML-RPC server [http://aneesh-Swift:11311/]
[rosmaster.master][INFO] 2023-04-05 12:43:55,696: Master initialized: port[11311], uri[http://aneesh-Swift:11311/]
[xmlrpc][INFO] 2023-04-05 12:43:55,696: xml rpc node: starting XML-RPC server
[rosmaster.master][INFO] 2023-04-05 12:43:55,721: +PARAM [/run_id] by /roslaunch
[rosmaster.master][INFO] 2023-04-05 12:43:55,723: +PARAM [/roslaunch/uris/host_aneesh_swift__45413] by /roslaunch
[rosmaster.master][INFO] 2023-04-05 12:43:55,788: +PARAM [/rosversion] by /roslaunch
[rosmaster.master][INFO] 2023-04-05 12:43:55,788: +PARAM [/rosdistro] by /roslaunch
[rosmaster.master][INFO] 2023-04-05 12:43:55,799: +SERVICE [/rosout/get_loggers] /rosout http://aneesh-Swift:37645/
[rosmaster.master][INFO] 2023-04-05 12:43:55,800: +SERVICE [/rosout/set_logger_level] /rosout http://aneesh-Swift:37645/
[rosmaster.master][INFO] 2023-04-05 12:43:55,802: +PUB [/rosout_agg] /rosout http://aneesh-Swift:37645/
[rosmaster.master][INFO] 2023-04-05 12:43:55,805: +SUB [/rosout] /rosout http://aneesh-Swift:37645/
[rosmaster.master][INFO] 2023-04-05 12:43:55,820: +PUB [/rosout] /actual_system/simluator http://aneesh-Swift:41233/
[rosmaster.master][INFO] 2023-04-05 12:43:55,821: +SERVICE [/actual_system/simluator/get_loggers] /actual_system/simluator http://aneesh-Swift:41233/
[rosmaster.master][INFO] 2023-04-05 12:43:55,821: +SERVICE [/actual_system/simluator/set_logger_level] /actual_system/simluator http://aneesh-Swift:41233/
[rosmaster.master][INFO] 2023-04-05 12:43:55,824: +SUB [/actual_system/force] /actual_system/simluator http://aneesh-Swift:41233/
[rosmaster.master][INFO] 2023-04-05 12:43:55,826: +SUB [/actual_system/reset] /actual_system/simluator http://aneesh-Swift:41233/
[rosmaster.master][INFO] 2023-04-05 12:43:55,826: +PUB [/actual_system/reset] /actual_system/simluator http://aneesh-Swift:41233/
[rosmaster.master][INFO] 2023-04-05 12:43:55,827: +PUB [/actual_system/slopes] /actual_system/simluator http://aneesh-Swift:41233/
[rosmaster.master][INFO] 2023-04-05 12:43:55,827: +PUB [/actual_system/state] /actual_system/simluator http://aneesh-Swift:41233/
[rosmaster.master][INFO] 2023-04-05 12:43:55,828: +PUB [/actual_system/complete_state] /actual_system/simluator http://aneesh-Swift:41233/
[rosmaster.master][INFO] 2023-04-05 12:43:55,828: +PUB [/actual_system/velocity] /actual_system/simluator http://aneesh-Swift:41233/
[rosmaster.master][INFO] 2023-04-05 12:43:55,828: +PUB [/actual_system/complete_pose] /actual_system/simluator http://aneesh-Swift:41233/
[rosmaster.master][INFO] 2023-04-05 12:43:55,895: publisherUpdate[/rosout] -> http://aneesh-Swift:37645/ ['http://aneesh-Swift:41233/']
[rosmaster.master][INFO] 2023-04-05 12:43:55,895: publisherUpdate[/actual_system/reset] -> http://aneesh-Swift:41233/ ['http://aneesh-Swift:41233/']
[rosmaster.master][INFO] 2023-04-05 12:43:55,899: publisherUpdate[/actual_system/reset] -> http://aneesh-Swift:41233/ ['http://aneesh-Swift:41233/']: sec=0.00, result=[1, '', 0]
[rosmaster.master][INFO] 2023-04-05 12:43:55,900: publisherUpdate[/rosout] -> http://aneesh-Swift:37645/ ['http://aneesh-Swift:41233/']: sec=0.00, result=[1, '', 0]
[rosmaster.master][INFO] 2023-04-05 12:43:56,253: +PUB [/rosout] /steady_state_checker_node http://aneesh-Swift:44995/
[rosmaster.master][INFO] 2023-04-05 12:43:56,255: +SERVICE [/steady_state_checker_node/get_loggers] /steady_state_checker_node http://aneesh-Swift:44995/
[rosmaster.master][INFO] 2023-04-05 12:43:56,256: +SERVICE [/steady_state_checker_node/set_logger_level] /steady_state_checker_node http://aneesh-Swift:44995/
[rosmaster.master][INFO] 2023-04-05 12:43:56,257: +PUB [/steady_system/state] /steady_state_checker_node http://aneesh-Swift:44995/
[rosmaster.master][INFO] 2023-04-05 12:43:56,258: +PUB [/steady_system/complete_pose] /steady_state_checker_node http://aneesh-Swift:44995/
[rosmaster.master][INFO] 2023-04-05 12:43:56,259: +PUB [/steady_system/complete_state] /steady_state_checker_node http://aneesh-Swift:44995/
[rosmaster.master][INFO] 2023-04-05 12:43:56,260: +PUB [/actual_system/force] /steady_state_checker_node http://aneesh-Swift:44995/
[rosmaster.master][INFO] 2023-04-05 12:43:56,261: +PUB [/steady_system/velocity] /steady_state_checker_node http://aneesh-Swift:44995/
[rosmaster.master][INFO] 2023-04-05 12:43:56,262: +SUB [/actual_system/state] /steady_state_checker_node http://aneesh-Swift:44995/
[rosmaster.master][INFO] 2023-04-05 12:43:56,264: +SUB [/actual_system/complete_pose] /steady_state_checker_node http://aneesh-Swift:44995/
[rosmaster.master][INFO] 2023-04-05 12:43:56,266: +SUB [/actual_system/complete_state] /steady_state_checker_node http://aneesh-Swift:44995/
[rosmaster.master][INFO] 2023-04-05 12:43:56,268: +SUB [/steady_system/force] /steady_state_checker_node http://aneesh-Swift:44995/
[rosmaster.master][INFO] 2023-04-05 12:43:56,297: publisherUpdate[/rosout] -> http://aneesh-Swift:37645/ ['http://aneesh-Swift:41233/', 'http://aneesh-Swift:44995/']
[rosmaster.master][INFO] 2023-04-05 12:43:56,298: publisherUpdate[/rosout] -> http://aneesh-Swift:37645/ ['http://aneesh-Swift:41233/', 'http://aneesh-Swift:44995/']: sec=0.00, result=[1, '', 0]
[rosmaster.master][INFO] 2023-04-05 12:43:56,298: publisherUpdate[/actual_system/force] -> http://aneesh-Swift:41233/ ['http://aneesh-Swift:44995/']
[rosmaster.master][INFO] 2023-04-05 12:43:56,299: publisherUpdate[/actual_system/force] -> http://aneesh-Swift:41233/ ['http://aneesh-Swift:44995/']: sec=0.00, result=[1, '', 0]
[rosmaster.master][INFO] 2023-04-05 12:43:57,763: +PUB [/rosout] /controller http://aneesh-Swift:41787/
[rosmaster.master][INFO] 2023-04-05 12:43:57,770: +SERVICE [/controller/get_loggers] /controller http://aneesh-Swift:41787/
[rosmaster.master][INFO] 2023-04-05 12:43:57,772: +SERVICE [/controller/set_logger_level] /controller http://aneesh-Swift:41787/
[rosmaster.master][INFO] 2023-04-05 12:43:57,775: +PUB [/steady_system/force] /controller http://aneesh-Swift:41787/
[rosmaster.master][INFO] 2023-04-05 12:43:57,777: +PUB [/actual_system/reset] /controller http://aneesh-Swift:41787/
[rosmaster.master][INFO] 2023-04-05 12:43:57,780: +PUB [/actual_system/target] /controller http://aneesh-Swift:41787/
[rosmaster.master][INFO] 2023-04-05 12:43:57,782: +PUB [/actual_system/radius] /controller http://aneesh-Swift:41787/
[rosmaster.master][INFO] 2023-04-05 12:43:57,787: +SUB [/steady_system/complete_pose] /controller http://aneesh-Swift:41787/
[rosmaster.master][INFO] 2023-04-05 12:43:57,791: +SUB [/steady_system/velocity] /controller http://aneesh-Swift:41787/
[rosmaster.master][INFO] 2023-04-05 12:43:57,801: publisherUpdate[/rosout] -> http://aneesh-Swift:37645/ ['http://aneesh-Swift:41233/', 'http://aneesh-Swift:44995/', 'http://aneesh-Swift:41787/']
[rosmaster.master][INFO] 2023-04-05 12:43:57,802: publisherUpdate[/steady_system/force] -> http://aneesh-Swift:44995/ ['http://aneesh-Swift:41787/']
[rosmaster.master][INFO] 2023-04-05 12:43:57,805: publisherUpdate[/rosout] -> http://aneesh-Swift:37645/ ['http://aneesh-Swift:41233/', 'http://aneesh-Swift:44995/', 'http://aneesh-Swift:41787/']: sec=0.00, result=[1, '', 0]
[rosmaster.master][INFO] 2023-04-05 12:43:57,806: publisherUpdate[/actual_system/reset] -> http://aneesh-Swift:41233/ ['http://aneesh-Swift:41233/', 'http://aneesh-Swift:41787/']
[rosmaster.master][INFO] 2023-04-05 12:43:57,807: publisherUpdate[/steady_system/force] -> http://aneesh-Swift:44995/ ['http://aneesh-Swift:41787/']: sec=0.00, result=[1, '', 0]
[rosmaster.master][INFO] 2023-04-05 12:43:57,809: publisherUpdate[/actual_system/reset] -> http://aneesh-Swift:41233/ ['http://aneesh-Swift:41233/', 'http://aneesh-Swift:41787/']: sec=0.00, result=[1, '', 0]
[rosmaster.master][INFO] 2023-04-05 12:44:33,978: -SUB [/steady_system/complete_pose] /controller http://aneesh-Swift:41787/
[rosmaster.master][INFO] 2023-04-05 12:44:33,979: -SUB [/actual_system/state] /steady_state_checker_node http://aneesh-Swift:44995/
[rosmaster.master][INFO] 2023-04-05 12:44:33,980: -SUB [/steady_system/velocity] /controller http://aneesh-Swift:41787/
[rosmaster.master][INFO] 2023-04-05 12:44:33,980: -PUB [/rosout] /controller http://aneesh-Swift:41787/
[rosmaster.master][INFO] 2023-04-05 12:44:33,980: -PUB [/steady_system/force] /controller http://aneesh-Swift:41787/
[rosmaster.master][INFO] 2023-04-05 12:44:33,980: -PUB [/actual_system/reset] /controller http://aneesh-Swift:41787/
[rosmaster.master][INFO] 2023-04-05 12:44:33,980: -PUB [/actual_system/target] /controller http://aneesh-Swift:41787/
[rosmaster.master][INFO] 2023-04-05 12:44:33,980: -PUB [/actual_system/radius] /controller http://aneesh-Swift:41787/
[rosmaster.master][INFO] 2023-04-05 12:44:33,980: -SERVICE [/controller/get_loggers] /controller rosrpc://aneesh-Swift:43795
[rosmaster.master][INFO] 2023-04-05 12:44:33,980: -SERVICE [/controller/set_logger_level] /controller rosrpc://aneesh-Swift:43795
[rosmaster.master][INFO] 2023-04-05 12:44:33,981: -SUB [/actual_system/complete_pose] /steady_state_checker_node http://aneesh-Swift:44995/
[rosmaster.master][INFO] 2023-04-05 12:44:33,981: -SUB [/actual_system/complete_state] /steady_state_checker_node http://aneesh-Swift:44995/
[rosmaster.master][INFO] 2023-04-05 12:44:33,981: -SUB [/steady_system/force] /steady_state_checker_node http://aneesh-Swift:44995/
[rosmaster.master][INFO] 2023-04-05 12:44:33,982: -PUB [/rosout] /steady_state_checker_node http://aneesh-Swift:44995/
[rosmaster.master][INFO] 2023-04-05 12:44:33,982: -PUB [/steady_system/state] /steady_state_checker_node http://aneesh-Swift:44995/
[rosmaster.master][INFO] 2023-04-05 12:44:33,982: -PUB [/steady_system/complete_pose] /steady_state_checker_node http://aneesh-Swift:44995/
[rosmaster.master][INFO] 2023-04-05 12:44:33,982: -PUB [/steady_system/complete_state] /steady_state_checker_node http://aneesh-Swift:44995/
[rosmaster.master][INFO] 2023-04-05 12:44:33,982: -PUB [/actual_system/force] /steady_state_checker_node http://aneesh-Swift:44995/
[rosmaster.master][INFO] 2023-04-05 12:44:33,982: -PUB [/steady_system/velocity] /steady_state_checker_node http://aneesh-Swift:44995/
[rosmaster.master][INFO] 2023-04-05 12:44:33,982: -SERVICE [/steady_state_checker_node/get_loggers] /steady_state_checker_node rosrpc://aneesh-Swift:43347
[rosmaster.master][INFO] 2023-04-05 12:44:33,982: -SERVICE [/steady_state_checker_node/set_logger_level] /steady_state_checker_node rosrpc://aneesh-Swift:43347
[rosmaster.master][INFO] 2023-04-05 12:44:34,060: publisherUpdate[/rosout] -> http://aneesh-Swift:37645/ ['http://aneesh-Swift:41233/', 'http://aneesh-Swift:44995/']
[rosmaster.master][INFO] 2023-04-05 12:44:34,060: publisherUpdate[/steady_system/force] -> http://aneesh-Swift:44995/ []
[rosmaster.master][INFO] 2023-04-05 12:44:34,060: publisherUpdate[/actual_system/reset] -> http://aneesh-Swift:41233/ ['http://aneesh-Swift:41233/']
[rosmaster.master][INFO] 2023-04-05 12:44:34,061: -PUB [/rosout] /actual_system/simluator http://aneesh-Swift:41233/
[rosmaster.master][INFO] 2023-04-05 12:44:34,062: publisherUpdate[/rosout] -> http://aneesh-Swift:37645/ ['http://aneesh-Swift:41233/', 'http://aneesh-Swift:44995/']: sec=0.00, result=[1, '', 0]
[rosmaster.master][INFO] 2023-04-05 12:44:34,062: publisherUpdate[/rosout] -> http://aneesh-Swift:37645/ ['http://aneesh-Swift:41233/']
[rosmaster.master][INFO] 2023-04-05 12:44:34,062: publisherUpdate[/steady_system/force] -> http://aneesh-Swift:44995/ []: sec=0.00, result=[1, '', 0]
[rosmaster.master][INFO] 2023-04-05 12:44:34,063: publisherUpdate[/rosout] -> http://aneesh-Swift:37645/ ['http://aneesh-Swift:41233/']: sec=0.00, result=[1, '', 0]
[rosmaster.master][INFO] 2023-04-05 12:44:34,063: publisherUpdate[/rosout] -> http://aneesh-Swift:37645/ []
[rosmaster.master][INFO] 2023-04-05 12:44:34,062: -PUB [/actual_system/reset] /actual_system/simluator http://aneesh-Swift:41233/
[rosmaster.master][INFO] 2023-04-05 12:44:34,064: publisherUpdate[/rosout] -> http://aneesh-Swift:37645/ []: sec=0.00, result=[1, '', 0]
[rosmaster.master][INFO] 2023-04-05 12:44:34,065: -PUB [/actual_system/slopes] /actual_system/simluator http://aneesh-Swift:41233/
[rosmaster.master][INFO] 2023-04-05 12:44:34,065: -PUB [/actual_system/state] /actual_system/simluator http://aneesh-Swift:41233/
[rosmaster.master][INFO] 2023-04-05 12:44:34,066: -PUB [/actual_system/complete_state] /actual_system/simluator http://aneesh-Swift:41233/
[rosmaster.master][INFO] 2023-04-05 12:44:34,067: -PUB [/actual_system/velocity] /actual_system/simluator http://aneesh-Swift:41233/
[rosmaster.master][INFO] 2023-04-05 12:44:34,067: -PUB [/actual_system/complete_pose] /actual_system/simluator http://aneesh-Swift:41233/
[rosmaster.master][INFO] 2023-04-05 12:44:34,068: -SUB [/actual_system/force] /actual_system/simluator http://aneesh-Swift:41233/
[rosmaster.master][INFO] 2023-04-05 12:44:34,068: -SUB [/actual_system/reset] /actual_system/simluator http://aneesh-Swift:41233/
[rosmaster.master][INFO] 2023-04-05 12:44:34,069: -SERVICE [/actual_system/simluator/get_loggers] /actual_system/simluator rosrpc://aneesh-Swift:45641
[rosmaster.master][INFO] 2023-04-05 12:44:34,070: -SERVICE [/actual_system/simluator/set_logger_level] /actual_system/simluator rosrpc://aneesh-Swift:45641
[rosmaster.master][INFO] 2023-04-05 12:44:34,071: publisherUpdate[/actual_system/reset] -> http://aneesh-Swift:41233/ ['http://aneesh-Swift:41233/']: sec=0.01, exception=[Errno 111] Connection refused
[rosmaster.threadpool][ERROR] 2023-04-05 12:44:34,073: Traceback (most recent call last):
  File "/opt/ros/noetic/lib/python3/dist-packages/rosmaster/threadpool.py", line 218, in run
    result = cmd(*args)
  File "/opt/ros/noetic/lib/python3/dist-packages/rosmaster/master_api.py", line 210, in publisher_update_task
    ret = xmlrpcapi(api).publisherUpdate('/master', topic, pub_uris)
  File "/usr/lib/python3.8/xmlrpc/client.py", line 1109, in __call__
    return self.__send(self.__name, args)
  File "/usr/lib/python3.8/xmlrpc/client.py", line 1450, in __request
    response = self.__transport.request(
  File "/usr/lib/python3.8/xmlrpc/client.py", line 1153, in request
    return self.single_request(host, handler, request_body, verbose)
  File "/usr/lib/python3.8/xmlrpc/client.py", line 1165, in single_request
    http_conn = self.send_request(host, handler, request_body, verbose)
  File "/usr/lib/python3.8/xmlrpc/client.py", line 1278, in send_request
    self.send_content(connection, request_body)
  File "/usr/lib/python3.8/xmlrpc/client.py", line 1308, in send_content
    connection.endheaders(request_body)
  File "/usr/lib/python3.8/http/client.py", line 1251, in endheaders
    self._send_output(message_body, encode_chunked=encode_chunked)
  File "/usr/lib/python3.8/http/client.py", line 1011, in _send_output
    self.send(msg)
  File "/usr/lib/python3.8/http/client.py", line 951, in send
    self.connect()
  File "/usr/lib/python3.8/http/client.py", line 922, in connect
    self.sock = self._create_connection(
  File "/usr/lib/python3.8/socket.py", line 808, in create_connection
    raise err
  File "/usr/lib/python3.8/socket.py", line 796, in create_connection
    sock.connect(sa)
ConnectionRefusedError: [Errno 111] Connection refused

[rosmaster.master][INFO] 2023-04-05 12:44:34,073: publisherUpdate[/actual_system/force] -> http://aneesh-Swift:41233/ []
[rosmaster.master][INFO] 2023-04-05 12:44:34,073: publisherUpdate[/actual_system/force] -> http://aneesh-Swift:41233/ []: sec=0.00, exception=[Errno 111] Connection refused
[rosmaster.threadpool][ERROR] 2023-04-05 12:44:34,073: Traceback (most recent call last):
  File "/opt/ros/noetic/lib/python3/dist-packages/rosmaster/threadpool.py", line 218, in run
    result = cmd(*args)
  File "/opt/ros/noetic/lib/python3/dist-packages/rosmaster/master_api.py", line 210, in publisher_update_task
    ret = xmlrpcapi(api).publisherUpdate('/master', topic, pub_uris)
  File "/usr/lib/python3.8/xmlrpc/client.py", line 1109, in __call__
    return self.__send(self.__name, args)
  File "/usr/lib/python3.8/xmlrpc/client.py", line 1450, in __request
    response = self.__transport.request(
  File "/usr/lib/python3.8/xmlrpc/client.py", line 1153, in request
    return self.single_request(host, handler, request_body, verbose)
  File "/usr/lib/python3.8/xmlrpc/client.py", line 1165, in single_request
    http_conn = self.send_request(host, handler, request_body, verbose)
  File "/usr/lib/python3.8/xmlrpc/client.py", line 1278, in send_request
    self.send_content(connection, request_body)
  File "/usr/lib/python3.8/xmlrpc/client.py", line 1308, in send_content
    connection.endheaders(request_body)
  File "/usr/lib/python3.8/http/client.py", line 1251, in endheaders
    self._send_output(message_body, encode_chunked=encode_chunked)
  File "/usr/lib/python3.8/http/client.py", line 1011, in _send_output
    self.send(msg)
  File "/usr/lib/python3.8/http/client.py", line 951, in send
    self.connect()
  File "/usr/lib/python3.8/http/client.py", line 922, in connect
    self.sock = self._create_connection(
  File "/usr/lib/python3.8/socket.py", line 808, in create_connection
    raise err
  File "/usr/lib/python3.8/socket.py", line 796, in create_connection
    sock.connect(sa)
ConnectionRefusedError: [Errno 111] Connection refused

[rosmaster.master][INFO] 2023-04-05 12:44:34,073: publisherUpdate[/actual_system/reset] -> http://aneesh-Swift:41233/ []
[rosmaster.master][INFO] 2023-04-05 12:44:34,074: publisherUpdate[/actual_system/reset] -> http://aneesh-Swift:41233/ []: sec=0.00, exception=[Errno 111] Connection refused
[rosmaster.threadpool][ERROR] 2023-04-05 12:44:34,074: Traceback (most recent call last):
  File "/opt/ros/noetic/lib/python3/dist-packages/rosmaster/threadpool.py", line 218, in run
    result = cmd(*args)
  File "/opt/ros/noetic/lib/python3/dist-packages/rosmaster/master_api.py", line 210, in publisher_update_task
    ret = xmlrpcapi(api).publisherUpdate('/master', topic, pub_uris)
  File "/usr/lib/python3.8/xmlrpc/client.py", line 1109, in __call__
    return self.__send(self.__name, args)
  File "/usr/lib/python3.8/xmlrpc/client.py", line 1450, in __request
    response = self.__transport.request(
  File "/usr/lib/python3.8/xmlrpc/client.py", line 1153, in request
    return self.single_request(host, handler, request_body, verbose)
  File "/usr/lib/python3.8/xmlrpc/client.py", line 1165, in single_request
    http_conn = self.send_request(host, handler, request_body, verbose)
  File "/usr/lib/python3.8/xmlrpc/client.py", line 1278, in send_request
    self.send_content(connection, request_body)
  File "/usr/lib/python3.8/xmlrpc/client.py", line 1308, in send_content
    connection.endheaders(request_body)
  File "/usr/lib/python3.8/http/client.py", line 1251, in endheaders
    self._send_output(message_body, encode_chunked=encode_chunked)
  File "/usr/lib/python3.8/http/client.py", line 1011, in _send_output
    self.send(msg)
  File "/usr/lib/python3.8/http/client.py", line 951, in send
    self.connect()
  File "/usr/lib/python3.8/http/client.py", line 922, in connect
    self.sock = self._create_connection(
  File "/usr/lib/python3.8/socket.py", line 808, in create_connection
    raise err
  File "/usr/lib/python3.8/socket.py", line 796, in create_connection
    sock.connect(sa)
ConnectionRefusedError: [Errno 111] Connection refused

[rosmaster.master][INFO] 2023-04-05 12:44:51,188: -PUB [/rosout_agg] /rosout http://aneesh-Swift:37645/
[rosmaster.master][INFO] 2023-04-05 12:44:51,188: -SUB [/rosout] /rosout http://aneesh-Swift:37645/
[rosmaster.master][INFO] 2023-04-05 12:44:51,189: -SERVICE [/rosout/get_loggers] /rosout rosrpc://aneesh-Swift:52615
[rosmaster.master][INFO] 2023-04-05 12:44:51,189: -SERVICE [/rosout/set_logger_level] /rosout rosrpc://aneesh-Swift:52615
[rosmaster.main][INFO] 2023-04-05 12:44:51,206: keyboard interrupt, will exit
[rosmaster.main][INFO] 2023-04-05 12:44:51,206: stopping master...
[rospy.core][INFO] 2023-04-05 12:44:51,206: signal_shutdown [atexit]
