[rospy.client][INFO] 2023-04-05 12:43:56,149: init_node, name[/steady_state_checker_node], pid[32571]
[xmlrpc][INFO] 2023-04-05 12:43:56,150: XML-RPC server binding to 0.0.0.0:0
[xmlrpc][INFO] 2023-04-05 12:43:56,150: Started XML-RPC server [http://aneesh-Swift:44995/]
[rospy.init][INFO] 2023-04-05 12:43:56,150: ROS Slave URI: [http://aneesh-Swift:44995/]
[rospy.impl.masterslave][INFO] 2023-04-05 12:43:56,150: _ready: http://aneesh-Swift:44995/
[rospy.registration][INFO] 2023-04-05 12:43:56,151: Registering with master node http://localhost:11311
[xmlrpc][INFO] 2023-04-05 12:43:56,151: xml rpc node: starting XML-RPC server
[rospy.init][INFO] 2023-04-05 12:43:56,251: registered with master
[rospy.rosout][INFO] 2023-04-05 12:43:56,251: initializing /rosout core topic
[rospy.rosout][INFO] 2023-04-05 12:43:56,254: connected to core topic /rosout
[rospy.simtime][INFO] 2023-04-05 12:43:56,255: /use_sim_time is not set, will not subscribe to simulated time [/clock] topic
[rospy.internal][INFO] 2023-04-05 12:43:56,266: topic[/actual_system/state] adding connection to [http://aneesh-Swift:41233/], count 0
[rospy.internal][INFO] 2023-04-05 12:43:56,270: topic[/actual_system/complete_pose] adding connection to [http://aneesh-Swift:41233/], count 0
[rospy.internal][INFO] 2023-04-05 12:43:56,273: topic[/actual_system/complete_state] adding connection to [http://aneesh-Swift:41233/], count 0
[rospy.internal][INFO] 2023-04-05 12:43:56,499: topic[/rosout] adding connection to [/rosout], count 0
[rospy.internal][INFO] 2023-04-05 12:43:56,500: topic[/actual_system/force] adding connection to [/actual_system/simluator], count 0
[rospy.internal][INFO] 2023-04-05 12:43:57,807: topic[/steady_system/complete_pose] adding connection to [/controller], count 0
[rospy.internal][INFO] 2023-04-05 12:43:57,810: topic[/steady_system/velocity] adding connection to [/controller], count 0
[rospy.internal][INFO] 2023-04-05 12:43:57,811: topic[/steady_system/force] adding connection to [http://aneesh-Swift:41787/], count 0
[rospy.core][INFO] 2023-04-05 12:44:33,977: signal_shutdown [signal-2]
[rospy.internal][INFO] 2023-04-05 12:44:33,984: topic[/steady_system/force] removing connection to http://aneesh-Swift:41787/
[rospy.internal][INFO] 2023-04-05 12:44:33,985: topic[/rosout] removing connection to /rosout
[rospy.internal][INFO] 2023-04-05 12:44:33,985: topic[/steady_system/complete_pose] removing connection to /controller
[rospy.internal][INFO] 2023-04-05 12:44:33,986: topic[/actual_system/force] removing connection to /actual_system/simluator
[rospy.internal][INFO] 2023-04-05 12:44:33,986: topic[/steady_system/velocity] removing connection to /controller
[rospy.internal][INFO] 2023-04-05 12:44:33,986: topic[/actual_system/state] removing connection to http://aneesh-Swift:41233/
[rospy.internal][INFO] 2023-04-05 12:44:33,986: topic[/actual_system/complete_pose] removing connection to http://aneesh-Swift:41233/
[rospy.internal][INFO] 2023-04-05 12:44:33,987: topic[/actual_system/complete_state] removing connection to http://aneesh-Swift:41233/
[rospy.impl.masterslave][INFO] 2023-04-05 12:44:33,987: signal-2
[rospy.core][INFO] 2023-04-05 12:44:34,578: signal_shutdown [atexit]
