[rospy.client][INFO] 2023-03-31 02:39:58,993: init_node, name[/controller], pid[13473]
[xmlrpc][INFO] 2023-03-31 02:39:58,993: XML-RPC server binding to 0.0.0.0:0
[xmlrpc][INFO] 2023-03-31 02:39:58,994: Started XML-RPC server [http://aneesh-Swift:44387/]
[rospy.impl.masterslave][INFO] 2023-03-31 02:39:58,994: _ready: http://aneesh-Swift:44387/
[rospy.init][INFO] 2023-03-31 02:39:58,994: ROS Slave URI: [http://aneesh-Swift:44387/]
[rospy.registration][INFO] 2023-03-31 02:39:58,995: Registering with master node http://localhost:11311
[xmlrpc][INFO] 2023-03-31 02:39:58,995: xml rpc node: starting XML-RPC server
[rospy.init][INFO] 2023-03-31 02:39:59,096: registered with master
[rospy.rosout][INFO] 2023-03-31 02:39:59,097: initializing /rosout core topic
[rospy.rosout][INFO] 2023-03-31 02:39:59,102: connected to core topic /rosout
[rospy.simtime][INFO] 2023-03-31 02:39:59,104: /use_sim_time is not set, will not subscribe to simulated time [/clock] topic
[rospy.internal][INFO] 2023-03-31 02:39:59,126: topic[/steady_system/complete_pose] adding connection to [http://aneesh-Swift:42727/], count 0
[rospy.internal][INFO] 2023-03-31 02:39:59,128: topic[/steady_system/velocity] adding connection to [http://aneesh-Swift:42727/], count 0
[rospy.internal][INFO] 2023-03-31 02:39:59,209: topic[/steady_system/force] adding connection to [/steady_state_checker_node], count 0
[rospy.internal][INFO] 2023-03-31 02:39:59,402: topic[/rosout] adding connection to [/rosout], count 0
[rospy.internal][INFO] 2023-03-31 02:39:59,405: topic[/actual_system/reset] adding connection to [/actual_system/simluator], count 0
[rospy.core][INFO] 2023-03-31 02:41:18,156: signal_shutdown [signal-2]
[rospy.internal][INFO] 2023-03-31 02:41:18,160: topic[/rosout] removing connection to /rosout
[rospy.internal][INFO] 2023-03-31 02:41:18,160: topic[/steady_system/force] removing connection to /steady_state_checker_node
[rospy.internal][INFO] 2023-03-31 02:41:18,162: topic[/actual_system/reset] removing connection to /actual_system/simluator
[rospy.internal][INFO] 2023-03-31 02:41:18,162: topic[/steady_system/complete_pose] removing connection to http://aneesh-Swift:42727/
[rospy.internal][INFO] 2023-03-31 02:41:18,166: topic[/steady_system/velocity] removing connection to http://aneesh-Swift:42727/
[rospy.impl.masterslave][INFO] 2023-03-31 02:41:18,166: signal-2
[rospy.core][INFO] 2023-03-31 02:41:18,757: signal_shutdown [atexit]
