[rosmaster.main][INFO] 2023-03-31 02:39:56,585: initialization complete, waiting for shutdown
[rosmaster.main][INFO] 2023-03-31 02:39:56,585: Starting ROS Master Node
[xmlrpc][INFO] 2023-03-31 02:39:56,586: XML-RPC server binding to 0.0.0.0:11311
[xmlrpc][INFO] 2023-03-31 02:39:56,586: Started XML-RPC server [http://aneesh-Swift:11311/]
[xmlrpc][INFO] 2023-03-31 02:39:56,587: xml rpc node: starting XML-RPC server
[rosmaster.master][INFO] 2023-03-31 02:39:56,587: Master initialized: port[11311], uri[http://aneesh-Swift:11311/]
[rosmaster.master][INFO] 2023-03-31 02:39:56,597: +PARAM [/run_id] by /roslaunch
[rosmaster.master][INFO] 2023-03-31 02:39:56,599: +PARAM [/roslaunch/uris/host_aneesh_swift__39849] by /roslaunch
[rosmaster.master][INFO] 2023-03-31 02:39:56,651: +PARAM [/rosversion] by /roslaunch
[rosmaster.master][INFO] 2023-03-31 02:39:56,651: +PARAM [/rosdistro] by /roslaunch
[rosmaster.master][INFO] 2023-03-31 02:39:56,670: +SERVICE [/rosout/get_loggers] /rosout http://aneesh-Swift:32853/
[rosmaster.master][INFO] 2023-03-31 02:39:56,671: +SERVICE [/rosout/set_logger_level] /rosout http://aneesh-Swift:32853/
[rosmaster.master][INFO] 2023-03-31 02:39:56,673: +PUB [/rosout_agg] /rosout http://aneesh-Swift:32853/
[rosmaster.master][INFO] 2023-03-31 02:39:56,675: +SUB [/rosout] /rosout http://aneesh-Swift:32853/
[rosmaster.master][INFO] 2023-03-31 02:39:56,693: +PUB [/rosout] /actual_system/simluator http://aneesh-Swift:34719/
[rosmaster.master][INFO] 2023-03-31 02:39:56,693: +SERVICE [/actual_system/simluator/get_loggers] /actual_system/simluator http://aneesh-Swift:34719/
[rosmaster.master][INFO] 2023-03-31 02:39:56,694: +SERVICE [/actual_system/simluator/set_logger_level] /actual_system/simluator http://aneesh-Swift:34719/
[rosmaster.master][INFO] 2023-03-31 02:39:56,700: +SUB [/actual_system/force] /actual_system/simluator http://aneesh-Swift:34719/
[rosmaster.master][INFO] 2023-03-31 02:39:56,704: +SUB [/actual_system/reset] /actual_system/simluator http://aneesh-Swift:34719/
[rosmaster.master][INFO] 2023-03-31 02:39:56,705: +PUB [/actual_system/reset] /actual_system/simluator http://aneesh-Swift:34719/
[rosmaster.master][INFO] 2023-03-31 02:39:56,705: +PUB [/actual_system/slopes] /actual_system/simluator http://aneesh-Swift:34719/
[rosmaster.master][INFO] 2023-03-31 02:39:56,706: +PUB [/actual_system/state] /actual_system/simluator http://aneesh-Swift:34719/
[rosmaster.master][INFO] 2023-03-31 02:39:56,707: +PUB [/actual_system/complete_state] /actual_system/simluator http://aneesh-Swift:34719/
[rosmaster.master][INFO] 2023-03-31 02:39:56,708: +PUB [/actual_system/velocity] /actual_system/simluator http://aneesh-Swift:34719/
[rosmaster.master][INFO] 2023-03-31 02:39:56,709: +PUB [/actual_system/complete_pose] /actual_system/simluator http://aneesh-Swift:34719/
[rosmaster.master][INFO] 2023-03-31 02:39:56,786: publisherUpdate[/rosout] -> http://aneesh-Swift:32853/ ['http://aneesh-Swift:34719/']
[rosmaster.master][INFO] 2023-03-31 02:39:56,789: publisherUpdate[/actual_system/reset] -> http://aneesh-Swift:34719/ ['http://aneesh-Swift:34719/']
[rosmaster.master][INFO] 2023-03-31 02:39:56,791: publisherUpdate[/actual_system/reset] -> http://aneesh-Swift:34719/ ['http://aneesh-Swift:34719/']: sec=0.00, result=[1, '', 0]
[rosmaster.master][INFO] 2023-03-31 02:39:56,791: publisherUpdate[/rosout] -> http://aneesh-Swift:32853/ ['http://aneesh-Swift:34719/']: sec=0.01, result=[1, '', 0]
[rosmaster.master][INFO] 2023-03-31 02:39:57,320: +PUB [/rosout] /steady_state_checker_node http://aneesh-Swift:42727/
[rosmaster.master][INFO] 2023-03-31 02:39:57,322: +SERVICE [/steady_state_checker_node/get_loggers] /steady_state_checker_node http://aneesh-Swift:42727/
[rosmaster.master][INFO] 2023-03-31 02:39:57,324: +SERVICE [/steady_state_checker_node/set_logger_level] /steady_state_checker_node http://aneesh-Swift:42727/
[rosmaster.master][INFO] 2023-03-31 02:39:57,324: +PUB [/steady_system/state] /steady_state_checker_node http://aneesh-Swift:42727/
[rosmaster.master][INFO] 2023-03-31 02:39:57,325: +PUB [/steady_system/complete_pose] /steady_state_checker_node http://aneesh-Swift:42727/
[rosmaster.master][INFO] 2023-03-31 02:39:57,326: +PUB [/steady_system/complete_state] /steady_state_checker_node http://aneesh-Swift:42727/
[rosmaster.master][INFO] 2023-03-31 02:39:57,327: +PUB [/actual_system/force] /steady_state_checker_node http://aneesh-Swift:42727/
[rosmaster.master][INFO] 2023-03-31 02:39:57,329: +PUB [/steady_system/velocity] /steady_state_checker_node http://aneesh-Swift:42727/
[rosmaster.master][INFO] 2023-03-31 02:39:57,331: +SUB [/actual_system/state] /steady_state_checker_node http://aneesh-Swift:42727/
[rosmaster.master][INFO] 2023-03-31 02:39:57,334: +SUB [/actual_system/complete_pose] /steady_state_checker_node http://aneesh-Swift:42727/
[rosmaster.master][INFO] 2023-03-31 02:39:57,336: +SUB [/actual_system/complete_state] /steady_state_checker_node http://aneesh-Swift:42727/
[rosmaster.master][INFO] 2023-03-31 02:39:57,340: +SUB [/steady_system/force] /steady_state_checker_node http://aneesh-Swift:42727/
[rosmaster.master][INFO] 2023-03-31 02:39:57,390: publisherUpdate[/rosout] -> http://aneesh-Swift:32853/ ['http://aneesh-Swift:34719/', 'http://aneesh-Swift:42727/']
[rosmaster.master][INFO] 2023-03-31 02:39:57,391: publisherUpdate[/rosout] -> http://aneesh-Swift:32853/ ['http://aneesh-Swift:34719/', 'http://aneesh-Swift:42727/']: sec=0.00, result=[1, '', 0]
[rosmaster.master][INFO] 2023-03-31 02:39:57,392: publisherUpdate[/actual_system/force] -> http://aneesh-Swift:34719/ ['http://aneesh-Swift:42727/']
[rosmaster.master][INFO] 2023-03-31 02:39:57,392: publisherUpdate[/actual_system/force] -> http://aneesh-Swift:34719/ ['http://aneesh-Swift:42727/']: sec=0.00, result=[1, '', 0]
[rosmaster.master][INFO] 2023-03-31 02:39:59,101: +PUB [/rosout] /controller http://aneesh-Swift:44387/
[rosmaster.master][INFO] 2023-03-31 02:39:59,106: +SERVICE [/controller/get_loggers] /controller http://aneesh-Swift:44387/
[rosmaster.master][INFO] 2023-03-31 02:39:59,108: +SERVICE [/controller/set_logger_level] /controller http://aneesh-Swift:44387/
[rosmaster.master][INFO] 2023-03-31 02:39:59,110: +PUB [/steady_system/force] /controller http://aneesh-Swift:44387/
[rosmaster.master][INFO] 2023-03-31 02:39:59,112: +PUB [/actual_system/reset] /controller http://aneesh-Swift:44387/
[rosmaster.master][INFO] 2023-03-31 02:39:59,115: +PUB [/actual_system/target] /controller http://aneesh-Swift:44387/
[rosmaster.master][INFO] 2023-03-31 02:39:59,117: +PUB [/actual_system/radius] /controller http://aneesh-Swift:44387/
[rosmaster.master][INFO] 2023-03-31 02:39:59,120: +SUB [/steady_system/complete_pose] /controller http://aneesh-Swift:44387/
[rosmaster.master][INFO] 2023-03-31 02:39:59,123: +SUB [/steady_system/velocity] /controller http://aneesh-Swift:44387/
[rosmaster.master][INFO] 2023-03-31 02:39:59,195: publisherUpdate[/rosout] -> http://aneesh-Swift:32853/ ['http://aneesh-Swift:34719/', 'http://aneesh-Swift:42727/', 'http://aneesh-Swift:44387/']
[rosmaster.master][INFO] 2023-03-31 02:39:59,196: publisherUpdate[/steady_system/force] -> http://aneesh-Swift:42727/ ['http://aneesh-Swift:44387/']
[rosmaster.master][INFO] 2023-03-31 02:39:59,196: publisherUpdate[/actual_system/reset] -> http://aneesh-Swift:34719/ ['http://aneesh-Swift:34719/', 'http://aneesh-Swift:44387/']
[rosmaster.master][INFO] 2023-03-31 02:39:59,200: publisherUpdate[/rosout] -> http://aneesh-Swift:32853/ ['http://aneesh-Swift:34719/', 'http://aneesh-Swift:42727/', 'http://aneesh-Swift:44387/']: sec=0.00, result=[1, '', 0]
[rosmaster.master][INFO] 2023-03-31 02:39:59,206: publisherUpdate[/actual_system/reset] -> http://aneesh-Swift:34719/ ['http://aneesh-Swift:34719/', 'http://aneesh-Swift:44387/']: sec=0.01, result=[1, '', 0]
[rosmaster.master][INFO] 2023-03-31 02:39:59,208: publisherUpdate[/steady_system/force] -> http://aneesh-Swift:42727/ ['http://aneesh-Swift:44387/']: sec=0.01, result=[1, '', 0]
[rosmaster.master][INFO] 2023-03-31 02:41:18,157: -SUB [/steady_system/complete_pose] /controller http://aneesh-Swift:44387/
[rosmaster.master][INFO] 2023-03-31 02:41:18,157: -SUB [/steady_system/velocity] /controller http://aneesh-Swift:44387/
[rosmaster.master][INFO] 2023-03-31 02:41:18,158: -PUB [/rosout] /controller http://aneesh-Swift:44387/
[rosmaster.master][INFO] 2023-03-31 02:41:18,158: -PUB [/steady_system/force] /controller http://aneesh-Swift:44387/
[rosmaster.master][INFO] 2023-03-31 02:41:18,158: -PUB [/actual_system/reset] /controller http://aneesh-Swift:44387/
[rosmaster.master][INFO] 2023-03-31 02:41:18,158: -PUB [/actual_system/target] /controller http://aneesh-Swift:44387/
[rosmaster.master][INFO] 2023-03-31 02:41:18,158: -PUB [/actual_system/radius] /controller http://aneesh-Swift:44387/
[rosmaster.master][INFO] 2023-03-31 02:41:18,158: -SERVICE [/controller/get_loggers] /controller rosrpc://aneesh-Swift:40895
[rosmaster.master][INFO] 2023-03-31 02:41:18,158: -SERVICE [/controller/set_logger_level] /controller rosrpc://aneesh-Swift:40895
[rosmaster.master][INFO] 2023-03-31 02:41:18,160: -SUB [/actual_system/state] /steady_state_checker_node http://aneesh-Swift:42727/
[rosmaster.master][INFO] 2023-03-31 02:41:18,160: -SUB [/actual_system/complete_pose] /steady_state_checker_node http://aneesh-Swift:42727/
[rosmaster.master][INFO] 2023-03-31 02:41:18,160: -SUB [/actual_system/complete_state] /steady_state_checker_node http://aneesh-Swift:42727/
[rosmaster.master][INFO] 2023-03-31 02:41:18,160: -SUB [/steady_system/force] /steady_state_checker_node http://aneesh-Swift:42727/
[rosmaster.master][INFO] 2023-03-31 02:41:18,161: -PUB [/rosout] /steady_state_checker_node http://aneesh-Swift:42727/
[rosmaster.master][INFO] 2023-03-31 02:41:18,161: -PUB [/steady_system/state] /steady_state_checker_node http://aneesh-Swift:42727/
[rosmaster.master][INFO] 2023-03-31 02:41:18,161: -PUB [/steady_system/complete_pose] /steady_state_checker_node http://aneesh-Swift:42727/
[rosmaster.master][INFO] 2023-03-31 02:41:18,161: -PUB [/steady_system/complete_state] /steady_state_checker_node http://aneesh-Swift:42727/
[rosmaster.master][INFO] 2023-03-31 02:41:18,161: -PUB [/actual_system/force] /steady_state_checker_node http://aneesh-Swift:42727/
[rosmaster.master][INFO] 2023-03-31 02:41:18,161: -PUB [/steady_system/velocity] /steady_state_checker_node http://aneesh-Swift:42727/
[rosmaster.master][INFO] 2023-03-31 02:41:18,161: -SERVICE [/steady_state_checker_node/get_loggers] /steady_state_checker_node rosrpc://aneesh-Swift:35355
[rosmaster.master][INFO] 2023-03-31 02:41:18,162: -SERVICE [/steady_state_checker_node/set_logger_level] /steady_state_checker_node rosrpc://aneesh-Swift:35355
[rosmaster.master][INFO] 2023-03-31 02:41:18,212: -PUB [/rosout] /actual_system/simluator http://aneesh-Swift:34719/
[rosmaster.master][INFO] 2023-03-31 02:41:18,213: -PUB [/actual_system/reset] /actual_system/simluator http://aneesh-Swift:34719/
[rosmaster.master][INFO] 2023-03-31 02:41:18,214: -PUB [/actual_system/slopes] /actual_system/simluator http://aneesh-Swift:34719/
[rosmaster.master][INFO] 2023-03-31 02:41:18,215: -PUB [/actual_system/state] /actual_system/simluator http://aneesh-Swift:34719/
[rosmaster.master][INFO] 2023-03-31 02:41:18,216: -PUB [/actual_system/complete_state] /actual_system/simluator http://aneesh-Swift:34719/
[rosmaster.master][INFO] 2023-03-31 02:41:18,216: -PUB [/actual_system/velocity] /actual_system/simluator http://aneesh-Swift:34719/
[rosmaster.master][INFO] 2023-03-31 02:41:18,217: -PUB [/actual_system/complete_pose] /actual_system/simluator http://aneesh-Swift:34719/
[rosmaster.master][INFO] 2023-03-31 02:41:18,217: publisherUpdate[/rosout] -> http://aneesh-Swift:32853/ ['http://aneesh-Swift:34719/', 'http://aneesh-Swift:42727/']
[rosmaster.master][INFO] 2023-03-31 02:41:18,218: -SUB [/actual_system/force] /actual_system/simluator http://aneesh-Swift:34719/
[rosmaster.master][INFO] 2023-03-31 02:41:18,219: -SUB [/actual_system/reset] /actual_system/simluator http://aneesh-Swift:34719/
[rosmaster.master][INFO] 2023-03-31 02:41:18,220: publisherUpdate[/rosout] -> http://aneesh-Swift:32853/ ['http://aneesh-Swift:34719/', 'http://aneesh-Swift:42727/']: sec=0.00, result=[1, '', 0]
[rosmaster.master][INFO] 2023-03-31 02:41:18,221: publisherUpdate[/steady_system/force] -> http://aneesh-Swift:42727/ []
[rosmaster.master][INFO] 2023-03-31 02:41:18,221: -SERVICE [/actual_system/simluator/get_loggers] /actual_system/simluator rosrpc://aneesh-Swift:40333
[rosmaster.master][INFO] 2023-03-31 02:41:18,222: publisherUpdate[/actual_system/reset] -> http://aneesh-Swift:34719/ ['http://aneesh-Swift:34719/']
[rosmaster.master][INFO] 2023-03-31 02:41:18,223: -SERVICE [/actual_system/simluator/set_logger_level] /actual_system/simluator rosrpc://aneesh-Swift:40333
[rosmaster.master][INFO] 2023-03-31 02:41:18,224: publisherUpdate[/rosout] -> http://aneesh-Swift:32853/ ['http://aneesh-Swift:34719/']
[rosmaster.master][INFO] 2023-03-31 02:41:18,227: publisherUpdate[/actual_system/reset] -> http://aneesh-Swift:34719/ ['http://aneesh-Swift:34719/']: sec=0.01, exception=[Errno 111] Connection refused
[rosmaster.threadpool][ERROR] 2023-03-31 02:41:18,229: Traceback (most recent call last):
  File "/opt/ros/noetic/lib/python3/dist-packages/rosmaster/threadpool.py", line 218, in run
    result = cmd(*args)
  File "/opt/ros/noetic/lib/python3/dist-packages/rosmaster/master_api.py", line 210, in publisher_update_task
    ret = xmlrpcapi(api).publisherUpdate('/master', topic, pub_uris)
  File "/usr/lib/python3.8/xmlrpc/client.py", line 1109, in __call__
    return self.__send(self.__name, args)
  File "/usr/lib/python3.8/xmlrpc/client.py", line 1450, in __request
    response = self.__transport.request(
  File "/usr/lib/python3.8/xmlrpc/client.py", line 1153, in request
    return self.single_request(host, handler, request_body, verbose)
  File "/usr/lib/python3.8/xmlrpc/client.py", line 1165, in single_request
    http_conn = self.send_request(host, handler, request_body, verbose)
  File "/usr/lib/python3.8/xmlrpc/client.py", line 1278, in send_request
    self.send_content(connection, request_body)
  File "/usr/lib/python3.8/xmlrpc/client.py", line 1308, in send_content
    connection.endheaders(request_body)
  File "/usr/lib/python3.8/http/client.py", line 1251, in endheaders
    self._send_output(message_body, encode_chunked=encode_chunked)
  File "/usr/lib/python3.8/http/client.py", line 1011, in _send_output
    self.send(msg)
  File "/usr/lib/python3.8/http/client.py", line 951, in send
    self.connect()
  File "/usr/lib/python3.8/http/client.py", line 922, in connect
    self.sock = self._create_connection(
  File "/usr/lib/python3.8/socket.py", line 808, in create_connection
    raise err
  File "/usr/lib/python3.8/socket.py", line 796, in create_connection
    sock.connect(sa)
ConnectionRefusedError: [Errno 111] Connection refused

[rosmaster.master][INFO] 2023-03-31 02:41:18,229: publisherUpdate[/actual_system/force] -> http://aneesh-Swift:34719/ []
[rosmaster.master][INFO] 2023-03-31 02:41:18,230: publisherUpdate[/actual_system/force] -> http://aneesh-Swift:34719/ []: sec=0.00, exception=[Errno 111] Connection refused
[rosmaster.threadpool][ERROR] 2023-03-31 02:41:18,230: Traceback (most recent call last):
  File "/opt/ros/noetic/lib/python3/dist-packages/rosmaster/threadpool.py", line 218, in run
    result = cmd(*args)
  File "/opt/ros/noetic/lib/python3/dist-packages/rosmaster/master_api.py", line 210, in publisher_update_task
    ret = xmlrpcapi(api).publisherUpdate('/master', topic, pub_uris)
  File "/usr/lib/python3.8/xmlrpc/client.py", line 1109, in __call__
    return self.__send(self.__name, args)
  File "/usr/lib/python3.8/xmlrpc/client.py", line 1450, in __request
    response = self.__transport.request(
  File "/usr/lib/python3.8/xmlrpc/client.py", line 1153, in request
    return self.single_request(host, handler, request_body, verbose)
  File "/usr/lib/python3.8/xmlrpc/client.py", line 1165, in single_request
    http_conn = self.send_request(host, handler, request_body, verbose)
  File "/usr/lib/python3.8/xmlrpc/client.py", line 1278, in send_request
    self.send_content(connection, request_body)
  File "/usr/lib/python3.8/xmlrpc/client.py", line 1308, in send_content
    connection.endheaders(request_body)
  File "/usr/lib/python3.8/http/client.py", line 1251, in endheaders
    self._send_output(message_body, encode_chunked=encode_chunked)
  File "/usr/lib/python3.8/http/client.py", line 1011, in _send_output
    self.send(msg)
  File "/usr/lib/python3.8/http/client.py", line 951, in send
    self.connect()
  File "/usr/lib/python3.8/http/client.py", line 922, in connect
    self.sock = self._create_connection(
  File "/usr/lib/python3.8/socket.py", line 808, in create_connection
    raise err
  File "/usr/lib/python3.8/socket.py", line 796, in create_connection
    sock.connect(sa)
ConnectionRefusedError: [Errno 111] Connection refused

[rosmaster.master][INFO] 2023-03-31 02:41:18,230: publisherUpdate[/actual_system/reset] -> http://aneesh-Swift:34719/ []
[rosmaster.master][INFO] 2023-03-31 02:41:18,231: publisherUpdate[/rosout] -> http://aneesh-Swift:32853/ ['http://aneesh-Swift:34719/']: sec=0.01, result=[1, '', 0]
[rosmaster.master][INFO] 2023-03-31 02:41:18,232: publisherUpdate[/rosout] -> http://aneesh-Swift:32853/ []
[rosmaster.master][INFO] 2023-03-31 02:41:18,231: publisherUpdate[/steady_system/force] -> http://aneesh-Swift:42727/ []: sec=0.01, exception=[Errno 111] Connection refused
[rosmaster.master][INFO] 2023-03-31 02:41:18,232: publisherUpdate[/actual_system/reset] -> http://aneesh-Swift:34719/ []: sec=0.00, exception=[Errno 111] Connection refused
[rosmaster.master][INFO] 2023-03-31 02:41:18,232: publisherUpdate[/rosout] -> http://aneesh-Swift:32853/ []: sec=0.00, result=[1, '', 0]
[rosmaster.threadpool][ERROR] 2023-03-31 02:41:18,233: Traceback (most recent call last):
  File "/opt/ros/noetic/lib/python3/dist-packages/rosmaster/threadpool.py", line 218, in run
    result = cmd(*args)
  File "/opt/ros/noetic/lib/python3/dist-packages/rosmaster/master_api.py", line 210, in publisher_update_task
    ret = xmlrpcapi(api).publisherUpdate('/master', topic, pub_uris)
  File "/usr/lib/python3.8/xmlrpc/client.py", line 1109, in __call__
    return self.__send(self.__name, args)
  File "/usr/lib/python3.8/xmlrpc/client.py", line 1450, in __request
    response = self.__transport.request(
  File "/usr/lib/python3.8/xmlrpc/client.py", line 1153, in request
    return self.single_request(host, handler, request_body, verbose)
  File "/usr/lib/python3.8/xmlrpc/client.py", line 1165, in single_request
    http_conn = self.send_request(host, handler, request_body, verbose)
  File "/usr/lib/python3.8/xmlrpc/client.py", line 1278, in send_request
    self.send_content(connection, request_body)
  File "/usr/lib/python3.8/xmlrpc/client.py", line 1308, in send_content
    connection.endheaders(request_body)
  File "/usr/lib/python3.8/http/client.py", line 1251, in endheaders
    self._send_output(message_body, encode_chunked=encode_chunked)
  File "/usr/lib/python3.8/http/client.py", line 1011, in _send_output
    self.send(msg)
  File "/usr/lib/python3.8/http/client.py", line 951, in send
    self.connect()
  File "/usr/lib/python3.8/http/client.py", line 922, in connect
    self.sock = self._create_connection(
  File "/usr/lib/python3.8/socket.py", line 808, in create_connection
    raise err
  File "/usr/lib/python3.8/socket.py", line 796, in create_connection
    sock.connect(sa)
ConnectionRefusedError: [Errno 111] Connection refused

[rosmaster.threadpool][ERROR] 2023-03-31 02:41:18,233: Traceback (most recent call last):
  File "/opt/ros/noetic/lib/python3/dist-packages/rosmaster/threadpool.py", line 218, in run
    result = cmd(*args)
  File "/opt/ros/noetic/lib/python3/dist-packages/rosmaster/master_api.py", line 210, in publisher_update_task
    ret = xmlrpcapi(api).publisherUpdate('/master', topic, pub_uris)
  File "/usr/lib/python3.8/xmlrpc/client.py", line 1109, in __call__
    return self.__send(self.__name, args)
  File "/usr/lib/python3.8/xmlrpc/client.py", line 1450, in __request
    response = self.__transport.request(
  File "/usr/lib/python3.8/xmlrpc/client.py", line 1153, in request
    return self.single_request(host, handler, request_body, verbose)
  File "/usr/lib/python3.8/xmlrpc/client.py", line 1165, in single_request
    http_conn = self.send_request(host, handler, request_body, verbose)
  File "/usr/lib/python3.8/xmlrpc/client.py", line 1278, in send_request
    self.send_content(connection, request_body)
  File "/usr/lib/python3.8/xmlrpc/client.py", line 1308, in send_content
    connection.endheaders(request_body)
  File "/usr/lib/python3.8/http/client.py", line 1251, in endheaders
    self._send_output(message_body, encode_chunked=encode_chunked)
  File "/usr/lib/python3.8/http/client.py", line 1011, in _send_output
    self.send(msg)
  File "/usr/lib/python3.8/http/client.py", line 951, in send
    self.connect()
  File "/usr/lib/python3.8/http/client.py", line 922, in connect
    self.sock = self._create_connection(
  File "/usr/lib/python3.8/socket.py", line 808, in create_connection
    raise err
  File "/usr/lib/python3.8/socket.py", line 796, in create_connection
    sock.connect(sa)
ConnectionRefusedError: [Errno 111] Connection refused

[rosmaster.master][INFO] 2023-03-31 02:41:19,334: -PUB [/rosout_agg] /rosout http://aneesh-Swift:32853/
[rosmaster.master][INFO] 2023-03-31 02:41:19,335: -SUB [/rosout] /rosout http://aneesh-Swift:32853/
[rosmaster.master][INFO] 2023-03-31 02:41:19,335: -SERVICE [/rosout/get_loggers] /rosout rosrpc://aneesh-Swift:55457
[rosmaster.master][INFO] 2023-03-31 02:41:19,336: -SERVICE [/rosout/set_logger_level] /rosout rosrpc://aneesh-Swift:55457
[rosmaster.main][INFO] 2023-03-31 02:41:19,360: keyboard interrupt, will exit
[rosmaster.main][INFO] 2023-03-31 02:41:19,360: stopping master...
[rospy.core][INFO] 2023-03-31 02:41:19,360: signal_shutdown [atexit]
