[rospy.client][INFO] 2023-03-31 03:17:10,641: init_node, name[/controller], pid[20462]
[xmlrpc][INFO] 2023-03-31 03:17:10,642: XML-RPC server binding to 0.0.0.0:0
[xmlrpc][INFO] 2023-03-31 03:17:10,642: Started XML-RPC server [http://aneesh-Swift:41985/]
[rospy.init][INFO] 2023-03-31 03:17:10,642: ROS Slave URI: [http://aneesh-Swift:41985/]
[rospy.impl.masterslave][INFO] 2023-03-31 03:17:10,642: _ready: http://aneesh-Swift:41985/
[rospy.registration][INFO] 2023-03-31 03:17:10,643: Registering with master node http://localhost:11311
[xmlrpc][INFO] 2023-03-31 03:17:10,643: xml rpc node: starting XML-RPC server
[rospy.init][INFO] 2023-03-31 03:17:10,743: registered with master
[rospy.rosout][INFO] 2023-03-31 03:17:10,743: initializing /rosout core topic
[rospy.rosout][INFO] 2023-03-31 03:17:10,749: connected to core topic /rosout
[rospy.simtime][INFO] 2023-03-31 03:17:10,751: /use_sim_time is not set, will not subscribe to simulated time [/clock] topic
[rospy.internal][INFO] 2023-03-31 03:17:10,781: topic[/steady_system/complete_pose] adding connection to [http://aneesh-Swift:40487/], count 0
[rospy.internal][INFO] 2023-03-31 03:17:10,783: topic[/steady_system/velocity] adding connection to [http://aneesh-Swift:40487/], count 0
[rospy.internal][INFO] 2023-03-31 03:17:10,833: topic[/steady_system/force] adding connection to [/steady_state_checker_node], count 0
[rospy.internal][INFO] 2023-03-31 03:17:11,028: topic[/rosout] adding connection to [/rosout], count 0
[rospy.internal][INFO] 2023-03-31 03:17:11,030: topic[/actual_system/reset] adding connection to [/actual_system/simluator], count 0
[rospy.core][INFO] 2023-03-31 03:20:45,083: signal_shutdown [signal-2]
[rospy.internal][INFO] 2023-03-31 03:20:45,088: topic[/rosout] removing connection to /rosout
[rospy.internal][INFO] 2023-03-31 03:20:45,088: topic[/steady_system/complete_pose] removing connection to http://aneesh-Swift:40487/
[rospy.internal][INFO] 2023-03-31 03:20:45,089: topic[/steady_system/force] removing connection to /steady_state_checker_node
[rospy.internal][INFO] 2023-03-31 03:20:45,089: topic[/actual_system/reset] removing connection to /actual_system/simluator
[rospy.internal][INFO] 2023-03-31 03:20:45,090: topic[/steady_system/velocity] removing connection to http://aneesh-Swift:40487/
[rospy.internal][INFO] 2023-03-31 03:20:45,090: topic[/steady_system/velocity] removing connection to http://aneesh-Swift:40487/
[rospy.topics][ERROR] 2023-03-31 03:20:45,090: Traceback (most recent call last):
  File "/opt/ros/noetic/lib/python3/dist-packages/rospy/topics.py", line 326, in close
    c.close()
  File "/opt/ros/noetic/lib/python3/dist-packages/rospy/impl/tcpros_base.py", line 858, in close
    self.socket.close()
AttributeError: 'NoneType' object has no attribute 'close'

[rospy.impl.masterslave][INFO] 2023-03-31 03:20:45,093: signal-2
[rospy.core][INFO] 2023-03-31 03:20:45,830: signal_shutdown [atexit]
